Log file open, 06/02/17 13:14:11
LogInit:Display: Running engine for game: SkaGame3
LogPlatformFile: Not using cached read wrapper
LogInit:Display: RandInit(-1926966048) SRandInit(-1926966048).
LogTaskGraph: Started task graph with 5 named threads and 8 total threads with 1 sets of task threads.
LogStats: Stats thread started at 0.077924
LogInit: Using libcurl 7.47.1
LogInit:  - built for x86_64-pc-win32
LogInit:  - supports SSL with OpenSSL/1.0.2g
LogInit:  - supports HTTP deflate (compression) using libz 1.2.8
LogInit:  - other features:
LogInit:      CURL_VERSION_SSL
LogInit:      CURL_VERSION_LIBZ
LogInit:      CURL_VERSION_IPV6
LogInit:      CURL_VERSION_ASYNCHDNS
LogInit:      CURL_VERSION_LARGEFILE
LogInit:      CURL_VERSION_IDN
LogInit:  CurlRequestOptions (configurable via config and command line):
LogInit:  - bVerifyPeer = false  - Libcurl will NOT verify peer certificate
LogInit:  - bUseHttpProxy = false  - Libcurl will NOT use HTTP proxy
LogInit:  - bDontReuseConnections = false  - Libcurl will reuse connections
LogInit:  - CertBundlePath = nullptr  - Libcurl will use whatever was configured at build time.
LogInit: Build: ++UE4+Release-4.15-CL-3450819
LogInit: Engine Version: 4.15.3-3450819+++UE4+Release-4.15
LogInit: Compatible Engine Version: 4.15.0-3299760+++UE4+Release-4.15
LogInit: Net CL: 3299760
LogDevObjectVersion: Number of dev versions registered: 14
LogDevObjectVersion:   Dev-Blueprints (B0D832E4-1F89-4F0D-ACCF-7EB736FD4AA2): 8
LogDevObjectVersion:   Dev-Build (E1C64328-A22C-4D53-A36C-8E866417BD8C): 0
LogDevObjectVersion:   Dev-Core (375EC13C-06E4-48FB-B500-84F0262A717E): 2
LogDevObjectVersion:   Dev-Editor (E4B068ED-F494-42E9-A231-DA0B2E46BB41): 14
LogDevObjectVersion:   Dev-Framework (CFFC743F-43B0-4480-9391-14DF171D2073): 22
LogDevObjectVersion:   Dev-Mobile (B02B49B5-BB20-44E9-A304-32B752E40360): 0
LogDevObjectVersion:   Dev-Networking (A4E4105C-59A1-49B5-A7C5-40C4547EDFEE): 0
LogDevObjectVersion:   Dev-Online (39C831C9-5AE6-47DC-9A44-9C173E1C8E7C): 0
LogDevObjectVersion:   Dev-Physics (78F01B33-EBEA-4F98-B9B4-84EACCB95AA2): 0
LogDevObjectVersion:   Dev-Platform (6631380F-2D4D-43E0-8009-CF276956A95A): 0
LogDevObjectVersion:   Dev-Rendering (12F88B9F-8875-4AFC-A67C-D90C383ABD29): 12
LogDevObjectVersion:   Dev-Sequencer (7B5AE74C-D270-4C10-A958-57980B212A5A): 3
LogDevObjectVersion:   Dev-VR (D7296918-1DD6-4BDD-9DE2-64A83CC13884): 0
LogDevObjectVersion:   Dev-LoadTimes (C2A15278-BFE7-4AFE-6C17-90FF531DF755): 1
LogInit: Compiled (64-bit): May 21 2017 11:02:34
LogInit: Compiled with Visual C++: 19.00.23026.00
LogInit: Build Configuration: Development
LogInit: Branch Name: ++UE4+Release-4.15
LogInit: Command line: -EpicPortal 
LogInit: Base directory: C:/Program Files/Epic Games/UE_4.15/Engine/Binaries/Win64/
LogInit: Installed Engine Build: 1
LogInit: Presizing for max 8388607 objects, including 0 objects not considered by GC, pre-allocating 0 bytes for permanent pool.
LogInit: Object subsystem initialized
[2017.06.02-17.14.12:211][  0]LogInit: Selected Device Profile: [Windows]
[2017.06.02-17.14.12:211][  0]LogInit: Applying CVar settings loaded from the selected device profile: [Windows]
[2017.06.02-17.14.12:223][  0]LogInit: Computer: DESKTOP-58CNULQ
[2017.06.02-17.14.12:223][  0]LogInit: User: Ethan
[2017.06.02-17.14.12:223][  0]LogInit: CPU Page size=65536, Cores=4
[2017.06.02-17.14.12:223][  0]LogInit: High frequency timer resolution =3.312789 MHz
[2017.06.02-17.14.12:223][  0]LogMemory: Memory total: Physical=15.9GB (16GB approx)
[2017.06.02-17.14.12:223][  0]LogMemory: Platform Memory Stats for Windows
[2017.06.02-17.14.12:223][  0]LogMemory: Process Physical Memory: 263.69 MB used, 263.69 MB peak
[2017.06.02-17.14.12:223][  0]LogMemory: Process Virtual Memory: 262.83 MB used, 262.83 MB peak
[2017.06.02-17.14.12:223][  0]LogMemory: Physical Memory: 5347.54 MB used,  10931.65 MB free, 16279.18 MB total
[2017.06.02-17.14.12:223][  0]LogMemory: Virtual Memory: 645.44 MB used,  10931.65 MB free, 134217728.00 MB total
[2017.06.02-17.14.12:304][  0]LogTextLocalizationManager: No specific translations for ('en-US') exist, so ('en') translations will be used.
[2017.06.02-17.14.12:922][  0]LogD3D11RHI: D3D11 adapters:
[2017.06.02-17.14.13:438][  0]LogD3D11RHI:    0. 'NVIDIA GeForce GTX 660' (Feature Level 11_0)
[2017.06.02-17.14.13:438][  0]LogD3D11RHI:       1505/0/8139 MB DedicatedVideo/DedicatedSystem/SharedSystem, Outputs:1, VendorId:0x10de
[2017.06.02-17.14.13:441][  0]LogD3D11RHI:    1. 'Intel(R) HD Graphics 4000' (Feature Level 11_0)
[2017.06.02-17.14.13:441][  0]LogD3D11RHI:       32/0/1760 MB DedicatedVideo/DedicatedSystem/SharedSystem, Outputs:1, VendorId:0x8086
[2017.06.02-17.14.13:442][  0]LogD3D11RHI:    2. 'Microsoft Basic Render Driver' (Feature Level 11_0)
[2017.06.02-17.14.13:442][  0]LogD3D11RHI:       0/0/8139 MB DedicatedVideo/DedicatedSystem/SharedSystem, Outputs:0, VendorId:0x1414
[2017.06.02-17.14.13:442][  0]LogD3D11RHI: Chosen D3D11 Adapter: 0
[2017.06.02-17.14.13:445][  0]LogD3D11RHI: Creating new Direct3DDevice
[2017.06.02-17.14.13:445][  0]LogD3D11RHI:     GPU DeviceId: 0x1185 (for the marketing name, search the web for "GPU Device Id")
[2017.06.02-17.14.13:445][  0]LogWindows: EnumDisplayDevices:
[2017.06.02-17.14.13:445][  0]LogWindows:    0. 'NVIDIA GeForce GTX 660' (P:1 D:1)
[2017.06.02-17.14.13:446][  0]LogWindows:    1. 'NVIDIA GeForce GTX 660' (P:0 D:0)
[2017.06.02-17.14.13:446][  0]LogWindows:    2. 'NVIDIA GeForce GTX 660' (P:0 D:0)
[2017.06.02-17.14.13:446][  0]LogWindows:    3. 'NVIDIA GeForce GTX 660' (P:0 D:0)
[2017.06.02-17.14.13:446][  0]LogWindows:    4. 'Intel(R) HD Graphics 4000' (P:0 D:1)
[2017.06.02-17.14.13:446][  0]LogWindows:    5. 'Intel(R) HD Graphics 4000' (P:0 D:0)
[2017.06.02-17.14.13:446][  0]LogWindows: DebugString: PrimaryIsNotTheChoosenAdapter PrimaryIsNotTheChoosenAdapter FoundDriverCount:4 
[2017.06.02-17.14.13:446][  0]LogD3D11RHI:     Adapter Name: NVIDIA GeForce GTX 660
[2017.06.02-17.14.13:446][  0]LogD3D11RHI:   Driver Version: 376.53 (internal:21.21.13.7653, unified:376.53)
[2017.06.02-17.14.13:446][  0]LogD3D11RHI:      Driver Date: 12-29-2016
[2017.06.02-17.14.13:446][  0]LogRHI: Texture pool is 1053 MB (70% of 1505 MB)
[2017.06.02-17.14.13:908][  0]LogD3D11RHI:Warning: Timestamp queries are currently disabled on this hardware due to instability. Realtime GPU stats will not be available. You can override this behaviour by setting r.NVIDIATimestampWorkaround to 0
[2017.06.02-17.14.13:909][  0]LogD3D11RHI: Async texture creation enabled
[2017.06.02-17.14.13:944][  0]LogD3D11RHI: GPU Timing Frequency: 1000.000000 (Debug: 2 2)
[2017.06.02-17.14.13:992][  0]LogShaderCompilers: Guid format shader working directory is 8 characters bigger than the processId version (../../../../../../SVN/SkaGame2/SkaGame/Intermediate/Shaders/WorkingDirectory/5540/).
[2017.06.02-17.14.13:992][  0]LogShaderCompilers: Cleaned the shader compiler working directory 'C:/Users/Ethan/AppData/Local/Temp/UnrealShaderWorkingDir/1A03112145E2D8B7F211E4A91017DB9F/'.
[2017.06.02-17.14.13:992][  0]LogShaderCompilers:Display: Using Local Shader Compiler.
[2017.06.02-17.14.15:058][  0]LogTemp:Display: Loaded TP AllDesktopTargetPlatform
[2017.06.02-17.14.15:114][  0]LogTemp:Display: Loaded TP MacClientTargetPlatform
[2017.06.02-17.14.15:173][  0]LogTemp:Display: Loaded TP MacNoEditorTargetPlatform
[2017.06.02-17.14.15:230][  0]LogTemp:Display: Loaded TP MacServerTargetPlatform
[2017.06.02-17.14.15:288][  0]LogTemp:Display: Loaded TP MacTargetPlatform
[2017.06.02-17.14.15:349][  0]LogTemp:Display: Loaded TP WindowsClientTargetPlatform
[2017.06.02-17.14.15:407][  0]LogTemp:Display: Loaded TP WindowsNoEditorTargetPlatform
[2017.06.02-17.14.15:471][  0]LogTemp:Display: Loaded TP WindowsServerTargetPlatform
[2017.06.02-17.14.15:517][  0]LogTemp:Display: Loaded TP WindowsTargetPlatform
[2017.06.02-17.14.15:580][  0]LogTemp:Display: Loaded TP AndroidTargetPlatform
[2017.06.02-17.14.15:638][  0]LogTemp:Display: Loaded TP Android_ASTCTargetPlatform
[2017.06.02-17.14.15:694][  0]LogTemp:Display: Loaded TP Android_ATCTargetPlatform
[2017.06.02-17.14.15:750][  0]LogTemp:Display: Loaded TP Android_DXTTargetPlatform
[2017.06.02-17.14.15:806][  0]LogTemp:Display: Loaded TP Android_ETC1TargetPlatform
[2017.06.02-17.14.15:862][  0]LogTemp:Display: Loaded TP Android_ETC2TargetPlatform
[2017.06.02-17.14.15:974][  0]LogTemp:Display: Loaded TP Android_MultiTargetPlatform
[2017.06.02-17.14.15:974][  0]LogTemp:Display: Loaded TP Android_PVRTCTargetPlatform
[2017.06.02-17.14.16:016][  0]LogTemp:Display: Loaded TP HTML5TargetPlatform
[2017.06.02-17.14.16:116][  0]LogTemp:Display: Loaded TP IOSTargetPlatform
[2017.06.02-17.14.16:153][  0]LogTemp:Display: Loaded TP TVOSTargetPlatform
[2017.06.02-17.14.16:209][  0]LogTemp:Display: Loaded TP LinuxClientTargetPlatform
[2017.06.02-17.14.16:265][  0]LogTemp:Display: Loaded TP LinuxNoEditorTargetPlatform
[2017.06.02-17.14.16:326][  0]LogTemp:Display: Loaded TP LinuxServerTargetPlatform
[2017.06.02-17.14.16:382][  0]LogTemp:Display: Loaded TP LinuxTargetPlatform
[2017.06.02-17.14.16:382][  0]LogTargetPlatformManager:Display: Building Assets For Windows
[2017.06.02-17.14.16:837][  0]LogDerivedDataCache:Display: Max Cache Size: 512 MB
[2017.06.02-17.14.16:883][  0]LogDerivedDataCache: Loaded boot cache 0.05s 50MB C:/Users/Ethan/AppData/Local/UnrealEngine/4.15/DerivedDataCache/Boot.ddc.
[2017.06.02-17.14.16:883][  0]LogDerivedDataCache:Display: Loaded Boot cache: C:/Users/Ethan/AppData/Local/UnrealEngine/4.15/DerivedDataCache/Boot.ddc
[2017.06.02-17.14.16:883][  0]LogDerivedDataCache: FDerivedDataBackendGraph:  Pak pak cache file ../../../../../../SVN/SkaGame2/SkaGame/DerivedDataCache/DDC.ddp not found, will not use a pak cache.
[2017.06.02-17.14.16:883][  0]LogDerivedDataCache: Unable to find inner node Pak for hierarchical cache Hierarchy.
[2017.06.02-17.14.16:883][  0]LogDerivedDataCache: FDerivedDataBackendGraph:  CompressedPak pak cache file ../../../../../../SVN/SkaGame2/SkaGame/DerivedDataCache/Compressed.ddp not found, will not use a pak cache.
[2017.06.02-17.14.16:883][  0]LogDerivedDataCache: Unable to find inner node CompressedPak for hierarchical cache Hierarchy.
[2017.06.02-17.14.16:900][  0]LogDerivedDataCache:Display: Pak cache opened for reading ../../../Engine/DerivedDataCache/Compressed.ddp.
[2017.06.02-17.14.16:912][  0]LogDerivedDataCache: Using Local data cache path C:/Users/Ethan/AppData/Local/UnrealEngine/Common/DerivedDataCache: Writable
[2017.06.02-17.14.16:921][  0]LogSlate: Using Freetype 2.6.0
[2017.06.02-17.14.16:922][  0]LogSlate: SlateFontCache - WITH_FREETYPE: 1, WITH_HARFBUZZ: 1
[2017.06.02-17.14.16:922][  0]LogSlate: SlateFontCache - WITH_FREETYPE: 1, WITH_HARFBUZZ: 1
[2017.06.02-17.14.17:235][  0]LogInit: Selected Device Profile: [Windows]
[2017.06.02-17.14.17:237][  0]LogContentStreaming: Texture pool size is 0.00 MB
[2017.06.02-17.14.17:443][  0]LogMeshUtilities: Using QuadricMeshReduction for automatic static mesh reduction
[2017.06.02-17.14.17:490][  0]LogSimplygon: Simplygon DLL not present - disabling.
[2017.06.02-17.14.17:540][  0]LogMeshUtilities: Using SimplygonSwarm for distributed automatic mesh merging
[2017.06.02-17.14.17:540][  0]LogMeshUtilities: No automatic skeletal mesh reduction module available
[2017.06.02-17.14.17:540][  0]LogMeshUtilities: No automatic mesh merging module available
[2017.06.02-17.14.18:047][  0]LogNetVersion: GetLocalNetworkVersion: CL: 3299760, ProjectName: skagame3, ProjectVersion: , EngineNetworkVersion: 2, GameNetworkVersion: 0, NetworkChecksum: 2118841436
[2017.06.02-17.14.18:093][  0]LogAssetRegistry: FAssetRegistry took 0.0216 seconds to start up
[2017.06.02-17.14.18:136][  0]LogPackageLocalizationCache: Processed 3 localized package path(s) for 2 prioritized culture(s) in 0.020277 seconds
[2017.06.02-17.14.18:141][  0]LogUObjectArray: 32493 objects as part of root set at end of initial load.
[2017.06.02-17.14.18:141][  0]LogUObjectAllocator: 7077024 out of 0 bytes used by permanent object pool.
[2017.06.02-17.14.18:141][  0]LogUObjectArray: CloseDisregardForGC: 0/0 objects in disregard for GC pool
[2017.06.02-17.14.18:205][  0]LogInit: WinSock: version 1.1 (2.2), MaxSocks=32767, MaxUdp=65467
[2017.06.02-17.14.19:762][  0]LogTcpMessaging: Initializing TcpMessaging bridge
[2017.06.02-17.14.19:801][  0]LogUdpMessaging: Initializing bridge on interface 0.0.0.0:0 to multicast group 230.0.0.1:6666.
[2017.06.02-17.14.20:256][  0]LogMaterial: Uniform references updated for custom material expression Custom.
[2017.06.02-17.14.20:630][  0]SourceControl: Info Source control is disabled
[2017.06.02-17.14.20:631][  0]SourceControl: Info Source control is disabled
[2017.06.02-17.14.20:677][  0]SourceControl: Info Source control is disabled
[2017.06.02-17.14.20:721][  0]SourceControl: Info Source control is disabled
[2017.06.02-17.14.21:956][  0]LogEngine: Initializing Engine...
[2017.06.02-17.14.21:956][  0]LogHMD: Failed to initialize OpenVR with code 110
[2017.06.02-17.14.22:060][  0]LogStats: UGameplayTagsManager::ConstructGameplayTagTree: Construct from data asset -  0.000 s
[2017.06.02-17.14.22:060][  0]LogStats: UGameplayTagsManager::ConstructGameplayTagTree: GameplayTagTreeChangedEvent.Broadcast -  0.000 s
[2017.06.02-17.14.22:186][  0]LogAIModule: Creating AISystem for world Untitled
[2017.06.02-17.14.22:205][  0]LogInit: XAudio2 using 'Speakers (5- Logitech G930 Gaming Headset)' : 8 channels at 48 kHz using 16 bits per sample (channel mask 0x63f)
[2017.06.02-17.14.22:224][  0]LogInit: FAudioDevice initialized.
[2017.06.02-17.14.22:248][  0]LogDerivedDataCache: Saved boot cache 0.02s 50MB C:/Users/Ethan/AppData/Local/UnrealEngine/4.15/DerivedDataCache/Boot.ddc.
[2017.06.02-17.14.22:270][  0]LogInit: Texture streaming: Enabled
[2017.06.02-17.14.22:366][  0]LogEngineSessionManager: EngineSessionManager initialized
[2017.06.02-17.14.22:453][  0]LogInit: Transaction tracking system initialized
[2017.06.02-17.14.22:810][  0]BlueprintLog: New page: Editor Load
[2017.06.02-17.14.23:713][  0]LocalizationService: Info Localization service is disabled
[2017.06.02-17.14.24:394][  0]LogConsoleResponse:Display: 
[2017.06.02-17.14.24:517][  0]LogCook:Display: Max memory allowance for cook 16384mb min free memory 0mb
[2017.06.02-17.14.24:517][  0]LogCook:Display: Mobile HDR setting 1
[2017.06.02-17.14.24:939][  0]LogFileCache: Scanning file cache for directory 'C:/SVN/SkaGame2/SkaGame/Content/' took 0.01s
[2017.06.02-17.14.25:560][  0]SourceControl: Info Source control is disabled
[2017.06.02-17.14.25:560][  0]Cmd: MAP LOAD FILE="../../../../../../SVN/SkaGame2/SkaGame/Content/SideScrollerBP/Maps/SideScrollerExampleMap.umap" TEMPLATE=0 SHOWPROGRESS=1 FEATURELEVEL=3
[2017.06.02-17.14.25:560][  0]LogEditorServer:Warning: Can't find file '../../../../../../SVN/SkaGame2/SkaGame/Content/SideScrollerBP/Maps/SideScrollerExampleMap.umap'
[2017.06.02-17.14.25:560][  0]Cmd: MAP CHECKDEP NOCLEARLOG
[2017.06.02-17.14.25:597][  0]MapCheck: Info Map check complete: 0 Error(s), 0 Warning(s), took 36.893ms to complete.
[2017.06.02-17.14.25:597][  0]LogFileHelpers: Loading map 'SideScrollerExampleMap' took 0.037
[2017.06.02-17.14.25:667][  0]LogWindowsTextInputMethodSystem:Display: IME system now deactivated.
[2017.06.02-17.14.25:786][  0]LogCollectionManager: Loaded 0 collections in 0.001479 seconds
[2017.06.02-17.14.25:865][  0]LogFileCache: Scanning file cache for directory 'C:/SVN/SkaGame2/SkaGame/Saved/Collections/' took 0.01s
[2017.06.02-17.14.25:865][  0]LogFileCache: Scanning file cache for directory 'C:/SVN/SkaGame2/SkaGame/Content/Developers/Ethan/Collections/' took 0.01s
[2017.06.02-17.14.25:865][  0]LogFileCache: Scanning file cache for directory 'C:/SVN/SkaGame2/SkaGame/Content/Collections/' took 0.01s
[2017.06.02-17.14.25:865][  0]LogCollectionManager: Rebuilt the GUID cache for 0 collections in 0.000002 seconds
[2017.06.02-17.14.25:875][  0]LogContentBrowser: Native class hierarchy populated in 0.0095 seconds. Added 2245 classes and 453 folders.
[2017.06.02-17.14.25:942][  0]LogContentBrowser: Native class hierarchy updated for 'WidgetCarousel' in 0.0005 seconds. Added 0 classes and 0 folders.
[2017.06.02-17.14.25:977][  0]LogContentBrowser: Native class hierarchy updated for 'AddContentDialog' in 0.0005 seconds. Added 0 classes and 0 folders.
[2017.06.02-17.14.26:020][  0]LogContentBrowser: Native class hierarchy updated for 'SceneOutliner' in 0.0005 seconds. Added 1 classes and 2 folders.
[2017.06.02-17.14.26:070][  0]LogCrashTracker: Crashtracker disabled due to settings.
[2017.06.02-17.14.26:078][  0]LogUObjectGlobals:Warning: Failed to find object 'Class None.'
[2017.06.02-17.14.26:146][  0]LogContentBrowser: Native class hierarchy updated for 'HierarchicalLODOutliner' in 0.0006 seconds. Added 1 classes and 2 folders.
[2017.06.02-17.14.26:146][  0]LogLoad: (Engine Initialization) Total time: 15.83 seconds
[2017.06.02-17.14.26:147][  0]LogLoad: (Engine Initialization) Total Blueprint compile time: 0.04 seconds
[2017.06.02-17.14.26:147][  0]LogExternalProfiler: Found external profiler: VSPerf
[2017.06.02-17.14.26:147][  0]LogExternalProfiler: Using external profiler: VSPerf
[2017.06.02-17.14.26:156][  0]LogOcInput: OculusInput pre-init called
[2017.06.02-17.14.26:174][  0]LogContentStreaming: Texture pool size now 1000 MB
[2017.06.02-17.14.26:175][  0]LogSlate: Took 0.000200 seconds to synchronously load lazily loaded font '../../../Engine/Content/Slate/Fonts/Roboto-Regular.ttf' (155K)
[2017.06.02-17.14.26:179][  0]LogSlate: Took 0.000233 seconds to synchronously load lazily loaded font '../../../Engine/Content/Slate/Fonts/Roboto-Bold.ttf' (160K)
[2017.06.02-17.14.26:185][  0]LogSlate: Took 0.000172 seconds to synchronously load lazily loaded font '../../../Engine/Content/Editor/Slate/Fonts/FontAwesome.ttf' (139K)
[2017.06.02-17.14.26:318][  0]LogRenderer: Reallocating scene render targets to support 1208x556 NumSamples 1 (Frame:2).
[2017.06.02-17.14.26:350][  0]LogSlate: Took 0.000228 seconds to synchronously load lazily loaded font '../../../Engine/Content/Slate/Fonts/Roboto-Light.ttf' (159K)
[2017.06.02-17.14.26:451][  1]LogAssetRegistry: Asset discovery search completed in 8.3796 seconds
[2017.06.02-17.14.26:451][  1]LogCollectionManager: Rebuilt the object cache for 0 collections in 0.000005 seconds (found 0 objects)
[2017.06.02-17.14.26:451][  1]LogCollectionManager: Fixed up redirectors for 0 collections in 0.000021 seconds (updated 0 objects)
[2017.06.02-17.14.30:702][485]LogSlate: Took 0.000174 seconds to synchronously load lazily loaded font '../../../Engine/Content/Slate/Fonts/Roboto-Light.ttf' (159K)
[2017.06.02-17.14.31:228][485]LogAIModule: Creating AISystem for world Graveyard_Test
[2017.06.02-17.14.31:261][485]Cmd: MAP LOAD FILE="../../../../../../SVN/SkaGame2/SkaGame/Content/Levels/Graveyard_Test.umap" TEMPLATE=0 SHOWPROGRESS=1 FEATURELEVEL=3
[2017.06.02-17.14.31:262][485]LightingResults: New page: Lighting Build
[2017.06.02-17.14.31:302][485]LogContentBrowser: Native class hierarchy updated for 'StatsViewer' in 0.0005 seconds. Added 5 classes and 0 folders.
[2017.06.02-17.14.31:303][485]LoadErrors: New page: Loading map: Graveyard_Test.umap
[2017.06.02-17.14.31:304][485]MapCheck: New page: Map Check
[2017.06.02-17.14.31:304][485]LightingResults: New page: Lighting Build
[2017.06.02-17.14.31:322][485]LogEditorServer: Finished looking for orphan Actors (0.000 secs)
[2017.06.02-17.14.31:366][485]Cmd: MAP CHECKDEP NOCLEARLOG
[2017.06.02-17.14.31:413][485]MapCheck: Info Map check complete: 0 Error(s), 0 Warning(s), took 46.82ms to complete.
[2017.06.02-17.14.31:413][485]LogFileHelpers: Loading map 'Graveyard_Test' took 0.152
[2017.06.02-17.14.32:409][594]LogTemp: Repeting last play command: Selected Viewport
[2017.06.02-17.14.32:437][594]LogBlueprintUserMessages: Early PlayInEditor Detection: Level '/Game/Levels/Graveyard_Test.Graveyard_Test:PersistentLevel' has LevelScriptBlueprint '/Game/Levels/Graveyard_Test.Graveyard_Test:PersistentLevel.Graveyard_Test' with GeneratedClass '/Game/Levels/Graveyard_Test.Graveyard_Test_C' with ClassGeneratedBy '/Game/Levels/Graveyard_Test.Graveyard_Test:PersistentLevel.Graveyard_Test'
[2017.06.02-17.14.32:437][594]LogPlayLevel: PlayLevel: No blueprints needed recompiling
[2017.06.02-17.14.32:437][594]PIE: New page: PIE session: Graveyard_Test (Jun 2, 2017, 9:14:32 AM)
[2017.06.02-17.14.32:438][594]LogPlayLevel: Creating play world package: /Game/Levels/UEDPIE_0_Graveyard_Test
[2017.06.02-17.14.32:466][594]LogPlayLevel: PIE: StaticDuplicateObject took: (0.027995s)
[2017.06.02-17.14.32:466][594]LogAIModule: Creating AISystem for world Graveyard_Test
[2017.06.02-17.14.32:467][594]LogPlayLevel: PIE: World Init took: (0.000959s)
[2017.06.02-17.14.32:467][594]LogPlayLevel: PIE: Created PIE world by copying editor world from /Game/Levels/Graveyard_Test.Graveyard_Test to /Game/Levels/UEDPIE_0_Graveyard_Test.Graveyard_Test (0.029255s)
[2017.06.02-17.14.32:492][594]LogInit: XAudio2 using 'Speakers (5- Logitech G930 Gaming Headset)' : 8 channels at 48 kHz using 16 bits per sample (channel mask 0x63f)
[2017.06.02-17.14.32:509][594]LogInit: FAudioDevice initialized.
[2017.06.02-17.14.32:559][594]LogLoad: Game class is 'SideScrollerGameMode_C'
[2017.06.02-17.14.32:562][594]LogWorld: Bringing World /Game/Levels/UEDPIE_0_Graveyard_Test.Graveyard_Test up for play (max tick rate 0) at 2017.06.02-13.14.32
[2017.06.02-17.14.32:562][594]LogWorld: Bringing up level for play took: 0.002396
[2017.06.02-17.14.32:604][594]LogContentBrowser: Native class hierarchy updated for 'MovieSceneCapture' in 0.0006 seconds. Added 11 classes and 0 folders.
[2017.06.02-17.14.32:606][594]PIE: Info Play in editor start time for /Game/Levels/UEDPIE_0_Graveyard_Test -0.204
[2017.06.02-17.14.32:606][594]LogBlueprintUserMessages: Late PlayInEditor Detection: Level '/Game/Levels/Graveyard_Test.Graveyard_Test:PersistentLevel' has LevelScriptBlueprint '/Game/Levels/Graveyard_Test.Graveyard_Test:PersistentLevel.Graveyard_Test' with GeneratedClass '/Game/Levels/Graveyard_Test.Graveyard_Test_C' with ClassGeneratedBy '/Game/Levels/Graveyard_Test.Graveyard_Test:PersistentLevel.Graveyard_Test'
[2017.06.02-17.14.55:723][351]LogBlueprintUserMessages: Early EndPlayMap Detection: Level '/Game/Levels/Graveyard_Test.Graveyard_Test:PersistentLevel' has LevelScriptBlueprint '/Game/Levels/Graveyard_Test.Graveyard_Test:PersistentLevel.Graveyard_Test' with GeneratedClass '/Game/Levels/Graveyard_Test.Graveyard_Test_C' with ClassGeneratedBy '/Game/Levels/Graveyard_Test.Graveyard_Test:PersistentLevel.Graveyard_Test'
[2017.06.02-17.14.55:760][351]LogBlueprintUserMessages: Late EndPlayMap Detection: Level '/Game/Levels/Graveyard_Test.Graveyard_Test:PersistentLevel' has LevelScriptBlueprint '/Game/Levels/Graveyard_Test.Graveyard_Test:PersistentLevel.Graveyard_Test' with GeneratedClass '/Game/Levels/Graveyard_Test.Graveyard_Test_C' with ClassGeneratedBy '/Game/Levels/Graveyard_Test.Graveyard_Test:PersistentLevel.Graveyard_Test'
[2017.06.02-17.14.59:635][729]LogEditorViewport: Clicking on Actor (LMB): LightmassImportanceVolume (LightmassImportanceVolume)
[2017.06.02-17.15.56:732][ 69]LogTemp: Repeting last play command: Selected Viewport
[2017.06.02-17.15.56:754][ 69]LogBlueprintUserMessages: Early PlayInEditor Detection: Level '/Game/Levels/Graveyard_Test.Graveyard_Test:PersistentLevel' has LevelScriptBlueprint '/Game/Levels/Graveyard_Test.Graveyard_Test:PersistentLevel.Graveyard_Test' with GeneratedClass '/Game/Levels/Graveyard_Test.Graveyard_Test_C' with ClassGeneratedBy '/Game/Levels/Graveyard_Test.Graveyard_Test:PersistentLevel.Graveyard_Test'
[2017.06.02-17.15.56:754][ 69]LogPlayLevel: PlayLevel: No blueprints needed recompiling
[2017.06.02-17.15.56:755][ 69]PIE: New page: PIE session: Graveyard_Test (Jun 2, 2017, 9:15:56 AM)
[2017.06.02-17.15.56:755][ 69]LogPlayLevel: Creating play world package: /Game/Levels/UEDPIE_0_Graveyard_Test
[2017.06.02-17.15.56:778][ 69]LogPlayLevel: PIE: StaticDuplicateObject took: (0.023723s)
[2017.06.02-17.15.56:779][ 69]LogAIModule: Creating AISystem for world Graveyard_Test
[2017.06.02-17.15.56:780][ 69]LogPlayLevel: PIE: World Init took: (0.001172s)
[2017.06.02-17.15.56:780][ 69]LogPlayLevel: PIE: Created PIE world by copying editor world from /Game/Levels/Graveyard_Test.Graveyard_Test to /Game/Levels/UEDPIE_0_Graveyard_Test.Graveyard_Test (0.025168s)
[2017.06.02-17.15.56:808][ 69]LogInit: XAudio2 using 'Speakers (5- Logitech G930 Gaming Headset)' : 8 channels at 48 kHz using 16 bits per sample (channel mask 0x63f)
[2017.06.02-17.15.56:823][ 69]LogInit: FAudioDevice initialized.
[2017.06.02-17.15.56:858][ 69]LogLoad: Game class is 'SideScrollerGameMode_C'
[2017.06.02-17.15.56:860][ 69]LogWorld: Bringing World /Game/Levels/UEDPIE_0_Graveyard_Test.Graveyard_Test up for play (max tick rate 0) at 2017.06.02-13.15.56
[2017.06.02-17.15.56:861][ 69]LogWorld: Bringing up level for play took: 0.002247
[2017.06.02-17.15.56:863][ 69]PIE: Info Play in editor start time for /Game/Levels/UEDPIE_0_Graveyard_Test 0.053
[2017.06.02-17.15.56:882][ 69]LogBlueprintUserMessages: Late PlayInEditor Detection: Level '/Game/Levels/Graveyard_Test.Graveyard_Test:PersistentLevel' has LevelScriptBlueprint '/Game/Levels/Graveyard_Test.Graveyard_Test:PersistentLevel.Graveyard_Test' with GeneratedClass '/Game/Levels/Graveyard_Test.Graveyard_Test_C' with ClassGeneratedBy '/Game/Levels/Graveyard_Test.Graveyard_Test:PersistentLevel.Graveyard_Test'
[2017.06.02-17.16.03:802][872]LogBlueprintUserMessages: Early EndPlayMap Detection: Level '/Game/Levels/Graveyard_Test.Graveyard_Test:PersistentLevel' has LevelScriptBlueprint '/Game/Levels/Graveyard_Test.Graveyard_Test:PersistentLevel.Graveyard_Test' with GeneratedClass '/Game/Levels/Graveyard_Test.Graveyard_Test_C' with ClassGeneratedBy '/Game/Levels/Graveyard_Test.Graveyard_Test:PersistentLevel.Graveyard_Test'
[2017.06.02-17.16.03:857][872]LogBlueprintUserMessages: Late EndPlayMap Detection: Level '/Game/Levels/Graveyard_Test.Graveyard_Test:PersistentLevel' has LevelScriptBlueprint '/Game/Levels/Graveyard_Test.Graveyard_Test:PersistentLevel.Graveyard_Test' with GeneratedClass '/Game/Levels/Graveyard_Test.Graveyard_Test_C' with ClassGeneratedBy '/Game/Levels/Graveyard_Test.Graveyard_Test:PersistentLevel.Graveyard_Test'
[2017.06.02-17.16.06:993][218]Cmd: SELECT NONE
[2017.06.02-17.16.32:334][588]LogContentBrowser: Native class hierarchy updated for 'SkeletonEditor' in 0.0006 seconds. Added 1 classes and 2 folders.
[2017.06.02-17.16.32:465][588]LogActorComponent: RegisterComponentWithWorld: (/Engine/Transient.World_4:PersistentLevel.Actor_0.DebugSkelMeshComponent_0) Already registered. Aborting.
[2017.06.02-17.16.46:547][270]LogActorComponent: RegisterComponentWithWorld: (/Engine/Transient.World_8:PersistentLevel.Actor_1.DebugSkelMeshComponent_3) Already registered. Aborting.
[2017.06.02-17.17.17:075][781]LogActorComponent: RegisterComponentWithWorld: (/Engine/Transient.World_11:PersistentLevel.Actor_2.DebugSkelMeshComponent_6) Already registered. Aborting.
[2017.06.02-17.17.26:049][176]LogActorComponent: RegisterComponentWithWorld: (/Engine/Transient.World_14:PersistentLevel.Actor_3.DebugSkelMeshComponent_9) Already registered. Aborting.
[2017.06.02-17.18.02:231][169]LogActorComponent: RegisterComponentWithWorld: (/Engine/Transient.World_17:PersistentLevel.Actor_4.DebugSkelMeshComponent_12) Already registered. Aborting.
[2017.06.02-17.18.07:393][355]LogActorComponent: RegisterComponentWithWorld: (/Engine/Transient.World_20:PersistentLevel.Actor_5.DebugSkelMeshComponent_15) Already registered. Aborting.
[2017.06.02-17.18.30:638][782]LogActorComponent: RegisterComponentWithWorld: (/Engine/Transient.World_23:PersistentLevel.Actor_6.DebugSkelMeshComponent_18) Already registered. Aborting.
[2017.06.02-17.18.32:421][833]LogActorComponent: RegisterComponentWithWorld: (/Engine/Transient.World_26:PersistentLevel.Actor_7.DebugSkelMeshComponent_21) Already registered. Aborting.
[2017.06.02-17.18.49:107][880]LogEditorViewport: Clicking on Actor (LMB): SideScrollerCharacter_C (SideScrollerCharacter)
[2017.06.02-17.18.51:082][  3]LogEditorViewport: Clicking on Actor (LMB): BP_Sky_Sphere_C (SkySphereBlueprint)
[2017.06.02-17.18.52:802][194]LogEditorViewport: Clicking on Actor (LMB): SideScrollerCharacter_C (SideScrollerCharacter)
[2017.06.02-17.18.56:515][570]LogSlate: Took 0.000207 seconds to synchronously load lazily loaded font '../../../Engine/Content/Editor/Slate/Fonts/Roboto-Italic.ttf' (157K)
[2017.06.02-17.18.59:332][810]LogContentBrowser: Native class hierarchy updated for 'BlueprintGraph' in 0.0010 seconds. Added 112 classes and 0 folders.
[2017.06.02-17.19.00:131][810]LogSlate: Took 0.000286 seconds to synchronously load lazily loaded font '../../../Engine/Content/Editor/Slate/Fonts/Roboto-BoldCondensed.ttf' (158K)
[2017.06.02-17.19.01:788][879]LogRenderer: Reallocating scene render targets to support 1208x696 NumSamples 1 (Frame:26274).
[2017.06.02-17.19.43:126][960]LogActorComponent: RegisterComponentWithWorld: (/Engine/Transient.World_30:PersistentLevel.Actor_8.DebugSkelMeshComponent_24) Already registered. Aborting.
[2017.06.02-17.19.44:301][986]LogActorComponent: RegisterComponentWithWorld: (/Engine/Transient.World_32:PersistentLevel.Actor_9.DebugSkelMeshComponent_26) Already registered. Aborting.
[2017.06.02-17.20.30:532][944]LogTemp: Repeting last play command: Selected Viewport
[2017.06.02-17.20.30:557][944]LogBlueprintUserMessages: Early PlayInEditor Detection: Level '/Game/Levels/Graveyard_Test.Graveyard_Test:PersistentLevel' has LevelScriptBlueprint '/Game/Levels/Graveyard_Test.Graveyard_Test:PersistentLevel.Graveyard_Test' with GeneratedClass '/Game/Levels/Graveyard_Test.Graveyard_Test_C' with ClassGeneratedBy '/Game/Levels/Graveyard_Test.Graveyard_Test:PersistentLevel.Graveyard_Test'
[2017.06.02-17.20.30:557][944]LogPlayLevel: PlayLevel: No blueprints needed recompiling
[2017.06.02-17.20.30:557][944]PIE: New page: PIE session: Graveyard_Test (Jun 2, 2017, 9:20:30 AM)
[2017.06.02-17.20.30:557][944]LogPlayLevel: Creating play world package: /Game/Levels/UEDPIE_0_Graveyard_Test
[2017.06.02-17.20.30:581][944]LogPlayLevel: PIE: StaticDuplicateObject took: (0.023646s)
[2017.06.02-17.20.30:582][944]LogAIModule: Creating AISystem for world Graveyard_Test
[2017.06.02-17.20.30:582][944]LogPlayLevel: PIE: World Init took: (0.001073s)
[2017.06.02-17.20.30:582][944]LogPlayLevel: PIE: Created PIE world by copying editor world from /Game/Levels/Graveyard_Test.Graveyard_Test to /Game/Levels/UEDPIE_0_Graveyard_Test.Graveyard_Test (0.025073s)
[2017.06.02-17.20.30:661][944]LogInit: XAudio2 using 'Speakers (5- Logitech G930 Gaming Headset)' : 8 channels at 48 kHz using 16 bits per sample (channel mask 0x63f)
[2017.06.02-17.20.30:677][944]LogInit: FAudioDevice initialized.
[2017.06.02-17.20.30:710][944]LogLoad: Game class is 'SideScrollerGameMode_C'
[2017.06.02-17.20.30:713][944]LogWorld: Bringing World /Game/Levels/UEDPIE_0_Graveyard_Test.Graveyard_Test up for play (max tick rate 0) at 2017.06.02-13.20.30
[2017.06.02-17.20.30:714][944]LogWorld: Bringing up level for play took: 0.002706
[2017.06.02-17.20.30:716][944]PIE: Info Play in editor start time for /Game/Levels/UEDPIE_0_Graveyard_Test -0.094
[2017.06.02-17.20.30:716][944]LogBlueprintUserMessages: Late PlayInEditor Detection: Level '/Game/Levels/Graveyard_Test.Graveyard_Test:PersistentLevel' has LevelScriptBlueprint '/Game/Levels/Graveyard_Test.Graveyard_Test:PersistentLevel.Graveyard_Test' with GeneratedClass '/Game/Levels/Graveyard_Test.Graveyard_Test_C' with ClassGeneratedBy '/Game/Levels/Graveyard_Test.Graveyard_Test:PersistentLevel.Graveyard_Test'
[2017.06.02-17.21.10:927][764]LogBlueprintUserMessages: Early EndPlayMap Detection: Level '/Game/Levels/Graveyard_Test.Graveyard_Test:PersistentLevel' has LevelScriptBlueprint '/Game/Levels/Graveyard_Test.Graveyard_Test:PersistentLevel.Graveyard_Test' with GeneratedClass '/Game/Levels/Graveyard_Test.Graveyard_Test_C' with ClassGeneratedBy '/Game/Levels/Graveyard_Test.Graveyard_Test:PersistentLevel.Graveyard_Test'
[2017.06.02-17.21.11:034][764]LogBlueprintUserMessages: Late EndPlayMap Detection: Level '/Game/Levels/Graveyard_Test.Graveyard_Test:PersistentLevel' has LevelScriptBlueprint '/Game/Levels/Graveyard_Test.Graveyard_Test:PersistentLevel.Graveyard_Test' with GeneratedClass '/Game/Levels/Graveyard_Test.Graveyard_Test_C' with ClassGeneratedBy '/Game/Levels/Graveyard_Test.Graveyard_Test:PersistentLevel.Graveyard_Test'
[2017.06.02-17.21.28:508][521]LogTemp: Repeting last play command: Selected Viewport
[2017.06.02-17.21.28:532][521]LogBlueprintUserMessages: Early PlayInEditor Detection: Level '/Game/Levels/Graveyard_Test.Graveyard_Test:PersistentLevel' has LevelScriptBlueprint '/Game/Levels/Graveyard_Test.Graveyard_Test:PersistentLevel.Graveyard_Test' with GeneratedClass '/Game/Levels/Graveyard_Test.Graveyard_Test_C' with ClassGeneratedBy '/Game/Levels/Graveyard_Test.Graveyard_Test:PersistentLevel.Graveyard_Test'
[2017.06.02-17.21.28:532][521]LogPlayLevel: PlayLevel: No blueprints needed recompiling
[2017.06.02-17.21.28:532][521]PIE: New page: PIE session: Graveyard_Test (Jun 2, 2017, 9:21:28 AM)
[2017.06.02-17.21.28:532][521]LogPlayLevel: Creating play world package: /Game/Levels/UEDPIE_0_Graveyard_Test
[2017.06.02-17.21.28:554][521]LogPlayLevel: PIE: StaticDuplicateObject took: (0.022114s)
[2017.06.02-17.21.28:555][521]LogAIModule: Creating AISystem for world Graveyard_Test
[2017.06.02-17.21.28:555][521]LogPlayLevel: PIE: World Init took: (0.000935s)
[2017.06.02-17.21.28:555][521]LogPlayLevel: PIE: Created PIE world by copying editor world from /Game/Levels/Graveyard_Test.Graveyard_Test to /Game/Levels/UEDPIE_0_Graveyard_Test.Graveyard_Test (0.023362s)
[2017.06.02-17.21.28:586][521]LogInit: XAudio2 using 'Speakers (5- Logitech G930 Gaming Headset)' : 8 channels at 48 kHz using 16 bits per sample (channel mask 0x63f)
[2017.06.02-17.21.28:601][521]LogInit: FAudioDevice initialized.
[2017.06.02-17.21.28:632][521]LogLoad: Game class is 'SideScrollerGameMode_C'
[2017.06.02-17.21.28:635][521]LogWorld: Bringing World /Game/Levels/UEDPIE_0_Graveyard_Test.Graveyard_Test up for play (max tick rate 0) at 2017.06.02-13.21.28
[2017.06.02-17.21.28:635][521]LogWorld: Bringing up level for play took: 0.002521
[2017.06.02-17.21.28:637][521]PIE: Info Play in editor start time for /Game/Levels/UEDPIE_0_Graveyard_Test -0.173
[2017.06.02-17.21.28:637][521]LogBlueprintUserMessages: Late PlayInEditor Detection: Level '/Game/Levels/Graveyard_Test.Graveyard_Test:PersistentLevel' has LevelScriptBlueprint '/Game/Levels/Graveyard_Test.Graveyard_Test:PersistentLevel.Graveyard_Test' with GeneratedClass '/Game/Levels/Graveyard_Test.Graveyard_Test_C' with ClassGeneratedBy '/Game/Levels/Graveyard_Test.Graveyard_Test:PersistentLevel.Graveyard_Test'
[2017.06.02-17.21.38:189][993]LogBlueprintUserMessages: Early EndPlayMap Detection: Level '/Game/Levels/Graveyard_Test.Graveyard_Test:PersistentLevel' has LevelScriptBlueprint '/Game/Levels/Graveyard_Test.Graveyard_Test:PersistentLevel.Graveyard_Test' with GeneratedClass '/Game/Levels/Graveyard_Test.Graveyard_Test_C' with ClassGeneratedBy '/Game/Levels/Graveyard_Test.Graveyard_Test:PersistentLevel.Graveyard_Test'
[2017.06.02-17.21.38:291][993]LogBlueprintUserMessages: Late EndPlayMap Detection: Level '/Game/Levels/Graveyard_Test.Graveyard_Test:PersistentLevel' has LevelScriptBlueprint '/Game/Levels/Graveyard_Test.Graveyard_Test:PersistentLevel.Graveyard_Test' with GeneratedClass '/Game/Levels/Graveyard_Test.Graveyard_Test_C' with ClassGeneratedBy '/Game/Levels/Graveyard_Test.Graveyard_Test:PersistentLevel.Graveyard_Test'
[2017.06.02-17.25.42:427][342]LogSlate: Took 0.000235 seconds to synchronously load lazily loaded font '../../../Engine/Content/Slate/Fonts/Roboto-Light.ttf' (159K)
[2017.06.02-17.25.51:496][847]Cmd: OBJ SAVEPACKAGE PACKAGE="/Game/Levels/Graveyard_Test" FILE="../../../../../../SVN/SkaGame2/SkaGame/Saved/Autosaves/Game/Levels/Graveyard_Test_Auto1.umap" SILENT=true AUTOSAVING=true KEEPDIRTY=false
[2017.06.02-17.25.51:670][847]LogSavePackage: Save=158.47ms
[2017.06.02-17.25.51:670][847]LogSavePackage: Moving '../../../../../../SVN/SkaGame2/SkaGame/Saved/Graveyard_Test_Auto1CAE66E134E16FDF4C9C842B33A9B89EB.tmp' to '../../../../../../SVN/SkaGame2/SkaGame/Saved/Autosaves/Game/Levels/Graveyard_Test_Auto1.umap'
[2017.06.02-17.25.51:672][847]LogSavePackage:Display: Finished SavePackage ../../../../../../SVN/SkaGame2/SkaGame/Saved/Autosaves/Game/Levels/Graveyard_Test_Auto1.umap
[2017.06.02-17.25.51:673][847]LogFileHelpers: Editor autosave (incl. sublevels) for '/Game/Levels/Graveyard_Test' took 0.196
[2017.06.02-17.25.51:673][847]LogFileHelpers: Editor autosave (incl. sublevels) for all levels took 0.196
[2017.06.02-22.40.10:877][932]LogTemp: Repeting last play command: Selected Viewport
[2017.06.02-22.40.10:898][932]LogBlueprintUserMessages: Early PlayInEditor Detection: Level '/Game/Levels/Graveyard_Test.Graveyard_Test:PersistentLevel' has LevelScriptBlueprint '/Game/Levels/Graveyard_Test.Graveyard_Test:PersistentLevel.Graveyard_Test' with GeneratedClass '/Game/Levels/Graveyard_Test.Graveyard_Test_C' with ClassGeneratedBy '/Game/Levels/Graveyard_Test.Graveyard_Test:PersistentLevel.Graveyard_Test'
[2017.06.02-22.40.10:898][932]LogPlayLevel: PlayLevel: No blueprints needed recompiling
[2017.06.02-22.40.10:899][932]PIE: New page: PIE session: Graveyard_Test (Jun 2, 2017, 2:40:10 PM)
[2017.06.02-22.40.10:899][932]LogPlayLevel: Creating play world package: /Game/Levels/UEDPIE_0_Graveyard_Test
[2017.06.02-22.40.10:923][932]LogPlayLevel: PIE: StaticDuplicateObject took: (0.023747s)
[2017.06.02-22.40.10:923][932]LogAIModule: Creating AISystem for world Graveyard_Test
[2017.06.02-22.40.10:924][932]LogPlayLevel: PIE: World Init took: (0.001181s)
[2017.06.02-22.40.10:924][932]LogPlayLevel: PIE: Created PIE world by copying editor world from /Game/Levels/Graveyard_Test.Graveyard_Test to /Game/Levels/UEDPIE_0_Graveyard_Test.Graveyard_Test (0.025246s)
[2017.06.02-22.40.10:960][932]LogInit: XAudio2 using 'Speakers (5- Logitech G930 Gaming Headset)' : 8 channels at 48 kHz using 16 bits per sample (channel mask 0x63f)
[2017.06.02-22.40.10:977][932]LogInit: FAudioDevice initialized.
[2017.06.02-22.40.11:011][932]LogLoad: Game class is 'SideScrollerGameMode_C'
[2017.06.02-22.40.11:013][932]LogWorld: Bringing World /Game/Levels/UEDPIE_0_Graveyard_Test.Graveyard_Test up for play (max tick rate 0) at 2017.06.02-18.40.11
[2017.06.02-22.40.11:014][932]LogWorld: Bringing up level for play took: 0.002374
[2017.06.02-22.40.11:016][932]PIE: Info Play in editor start time for /Game/Levels/UEDPIE_0_Graveyard_Test 0.206
[2017.06.02-22.40.11:016][932]LogBlueprintUserMessages: Late PlayInEditor Detection: Level '/Game/Levels/Graveyard_Test.Graveyard_Test:PersistentLevel' has LevelScriptBlueprint '/Game/Levels/Graveyard_Test.Graveyard_Test:PersistentLevel.Graveyard_Test' with GeneratedClass '/Game/Levels/Graveyard_Test.Graveyard_Test_C' with ClassGeneratedBy '/Game/Levels/Graveyard_Test.Graveyard_Test:PersistentLevel.Graveyard_Test'
[2017.06.02-22.40.18:295][421]LogBlueprintUserMessages: Early EndPlayMap Detection: Level '/Game/Levels/Graveyard_Test.Graveyard_Test:PersistentLevel' has LevelScriptBlueprint '/Game/Levels/Graveyard_Test.Graveyard_Test:PersistentLevel.Graveyard_Test' with GeneratedClass '/Game/Levels/Graveyard_Test.Graveyard_Test_C' with ClassGeneratedBy '/Game/Levels/Graveyard_Test.Graveyard_Test:PersistentLevel.Graveyard_Test'
[2017.06.02-22.40.18:405][421]LogBlueprintUserMessages: Late EndPlayMap Detection: Level '/Game/Levels/Graveyard_Test.Graveyard_Test:PersistentLevel' has LevelScriptBlueprint '/Game/Levels/Graveyard_Test.Graveyard_Test:PersistentLevel.Graveyard_Test' with GeneratedClass '/Game/Levels/Graveyard_Test.Graveyard_Test_C' with ClassGeneratedBy '/Game/Levels/Graveyard_Test.Graveyard_Test:PersistentLevel.Graveyard_Test'
[2017.06.02-22.43.32:731][301]LogSavePackage: Save=13.33ms
[2017.06.02-22.43.32:731][301]LogSavePackage: Moving '../../../../../../SVN/SkaGame2/SkaGame/Saved/BradWalkAnimation_Anim_Brad_Armature_Brad_Punch56DB72FC4411C27AA08ECA82C39FC9B5.tmp' to '../../../../../../SVN/SkaGame2/SkaGame/Content/SkaGameAssets/Brad/Animations/old_animations/BradWalkAnimation_Anim_Brad_Armature_Brad_Punch.uasset'
[2017.06.02-22.43.32:735][301]LogSavePackage:Display: Finished SavePackage ../../../../../../SVN/SkaGame2/SkaGame/Content/SkaGameAssets/Brad/Animations/old_animations/BradWalkAnimation_Anim_Brad_Armature_Brad_Punch.uasset
[2017.06.02-22.43.32:771][301]LogSavePackage: Save=13.46ms
[2017.06.02-22.43.32:771][301]LogSavePackage: Moving '../../../../../../SVN/SkaGame2/SkaGame/Saved/BradWalkAnimation_Anim_Brad_Armature_Brad_ArmatureAction7E3B22BE472A5F52EDB0B0BD4CB047E4.tmp' to '../../../../../../SVN/SkaGame2/SkaGame/Content/SkaGameAssets/Brad/Animations/old_animations/BradWalkAnimation_Anim_Brad_Armature_Brad_ArmatureAction.uasset'
[2017.06.02-22.43.32:773][301]LogSavePackage:Display: Finished SavePackage ../../../../../../SVN/SkaGame2/SkaGame/Content/SkaGameAssets/Brad/Animations/old_animations/BradWalkAnimation_Anim_Brad_Armature_Brad_ArmatureAction.uasset
[2017.06.02-22.43.32:811][301]LogSavePackage: Save=13.30ms
[2017.06.02-22.43.32:811][301]LogSavePackage: Moving '../../../../../../SVN/SkaGame2/SkaGame/Saved/BradWalkAnimation_Anim_Brad_Armature_Brad_Idle72406C484100A523FD14CFB952E53027.tmp' to '../../../../../../SVN/SkaGame2/SkaGame/Content/SkaGameAssets/Brad/Animations/old_animations/BradWalkAnimation_Anim_Brad_Armature_Brad_Idle.uasset'
[2017.06.02-22.43.32:813][301]LogSavePackage:Display: Finished SavePackage ../../../../../../SVN/SkaGame2/SkaGame/Content/SkaGameAssets/Brad/Animations/old_animations/BradWalkAnimation_Anim_Brad_Armature_Brad_Idle.uasset
[2017.06.02-22.43.32:851][301]LogSavePackage: Save=13.91ms
[2017.06.02-22.43.32:851][301]LogSavePackage: Moving '../../../../../../SVN/SkaGame2/SkaGame/Saved/Brad_Punch_MontageF6E20A6A4D45E45F7952F889BA7DADEE.tmp' to '../../../../../../SVN/SkaGame2/SkaGame/Content/SkaGameAssets/Brad/Animations/old_animations/Brad_Punch_Montage.uasset'
[2017.06.02-22.43.32:853][301]LogSavePackage:Display: Finished SavePackage ../../../../../../SVN/SkaGame2/SkaGame/Content/SkaGameAssets/Brad/Animations/old_animations/Brad_Punch_Montage.uasset
[2017.06.02-22.43.32:893][301]LogSavePackage: Save=12.48ms
[2017.06.02-22.43.32:893][301]LogSavePackage: Moving '../../../../../../SVN/SkaGame2/SkaGame/Saved/Brad_Idle_Walk481CB8814D155B27B9E39CB7E5B9724C.tmp' to '../../../../../../SVN/SkaGame2/SkaGame/Content/SkaGameAssets/Brad/Animations/old_animations/Brad_Idle_Walk.uasset'
[2017.06.02-22.43.32:895][301]LogSavePackage:Display: Finished SavePackage ../../../../../../SVN/SkaGame2/SkaGame/Content/SkaGameAssets/Brad/Animations/old_animations/Brad_Idle_Walk.uasset
[2017.06.02-22.43.33:350][301]Cmd: OBJ SAVEPACKAGE PACKAGE="/Game/SkaGameAssets/Brad/Animations/Brad01_Anim_BP" FILE="../../../../../../SVN/SkaGame2/SkaGame/Content/SkaGameAssets/Brad/Animations/Brad01_Anim_BP.uasset" SILENT=true
[2017.06.02-22.43.33:403][301]LogSavePackage: Save=38.47ms
[2017.06.02-22.43.33:403][301]LogSavePackage: Moving '../../../../../../SVN/SkaGame2/SkaGame/Saved/Brad01_Anim_BP6270A92E40DDAE4493AA7AA7D57A6440.tmp' to '../../../../../../SVN/SkaGame2/SkaGame/Content/SkaGameAssets/Brad/Animations/Brad01_Anim_BP.uasset'
[2017.06.02-22.43.33:404][301]LogSavePackage:Display: Finished SavePackage ../../../../../../SVN/SkaGame2/SkaGame/Content/SkaGameAssets/Brad/Animations/Brad01_Anim_BP.uasset
[2017.06.02-22.43.33:433][301]Cmd: OBJ SAVEPACKAGE PACKAGE="/Game/SkaGameAssets/Brad/Animations/Brad_Anim_BP" FILE="../../../../../../SVN/SkaGame2/SkaGame/Content/SkaGameAssets/Brad/Animations/Brad_Anim_BP.uasset" SILENT=true
[2017.06.02-22.43.33:485][301]LogSavePackage: Save=36.61ms
[2017.06.02-22.43.33:485][301]LogSavePackage: Moving '../../../../../../SVN/SkaGame2/SkaGame/Saved/Brad_Anim_BPB3F44A544FA3AE043DC899B5E48C26F5.tmp' to '../../../../../../SVN/SkaGame2/SkaGame/Content/SkaGameAssets/Brad/Animations/Brad_Anim_BP.uasset'
[2017.06.02-22.43.33:486][301]LogSavePackage:Display: Finished SavePackage ../../../../../../SVN/SkaGame2/SkaGame/Content/SkaGameAssets/Brad/Animations/Brad_Anim_BP.uasset
[2017.06.02-22.43.33:488][301]Cmd: OBJ SAVEPACKAGE PACKAGE="/Game/SkaGameAssets/Brad/Animations/Brad_Anim_BP" FILE="../../../../../../SVN/SkaGame2/SkaGame/Content/SkaGameAssets/Brad/Animations/Brad_Anim_BP.uasset" SILENT=true
[2017.06.02-22.43.33:524][301]LogSavePackage: Save=30.68ms
[2017.06.02-22.43.33:524][301]LogSavePackage: Moving '../../../../../../SVN/SkaGame2/SkaGame/Saved/Brad_Anim_BP461B34EB49DCDAC7874372B033DFF3B0.tmp' to '../../../../../../SVN/SkaGame2/SkaGame/Content/SkaGameAssets/Brad/Animations/Brad_Anim_BP.uasset'
[2017.06.02-22.43.33:525][301]LogSavePackage:Display: Finished SavePackage ../../../../../../SVN/SkaGame2/SkaGame/Content/SkaGameAssets/Brad/Animations/Brad_Anim_BP.uasset
[2017.06.02-22.43.39:167][787]LogMetaData: Removing '/Game/SkaGameAssets/Brad/Animations/old_animations/Brad_Anim_BP.Brad_Anim_BP_C' ref from Metadata '/Game/SkaGameAssets/Brad/Animations/Brad_Anim_BP.PackageMetaData'
[2017.06.02-22.43.39:167][787]LogMetaData: Removing '/Game/SkaGameAssets/Brad/Animations/old_animations/Brad_Anim_BP.Brad_Anim_BP:AnimGraph.AnimGraphNode_StateMachine_0.Locamotion.AnimStateEntryNode_0' ref from Metadata '/Game/SkaGameAssets/Brad/Animations/Brad_Anim_BP.PackageMetaData'
[2017.06.02-22.43.39:167][787]LogMetaData: Removing '/Game/SkaGameAssets/Brad/Animations/old_animations/Brad_Anim_BP.Brad_Anim_BP:EventGraph.K2Node_Event_0' ref from Metadata '/Game/SkaGameAssets/Brad/Animations/Brad_Anim_BP.PackageMetaData'
[2017.06.02-22.43.39:167][787]LogMetaData: Removing '/Game/SkaGameAssets/Brad/Animations/old_animations/Brad_Anim_BP.Brad_Anim_BP:AnimGraph.AnimGraphNode_Root_0' ref from Metadata '/Game/SkaGameAssets/Brad/Animations/Brad_Anim_BP.PackageMetaData'
[2017.06.02-22.43.39:167][787]LogMetaData: Removing '/Game/SkaGameAssets/Brad/Animations/old_animations/Brad_Anim_BP.Brad_Anim_BP:AnimGraph.AnimGraphNode_StateMachine_0.Locamotion.AnimStateNode_0.Idle_Walk.AnimGraphNode_StateResult_0' ref from Metadata '/Game/SkaGameAssets/Brad/Animations/Brad_Anim_BP.PackageMetaData'
[2017.06.02-22.43.39:167][787]LogMetaData: Removing '/Game/SkaGameAssets/Brad/Animations/old_animations/Brad_Anim_BP.Brad_Anim_BP_C:ExecuteUbergraph_Brad_Anim_BP' ref from Metadata '/Game/SkaGameAssets/Brad/Animations/Brad_Anim_BP.PackageMetaData'
[2017.06.02-22.43.39:167][787]LogMetaData: Removing '/Game/SkaGameAssets/Brad/Animations/old_animations/Brad_Anim_BP.Brad_Anim_BP_C:BlueprintUpdateAnimation' ref from Metadata '/Game/SkaGameAssets/Brad/Animations/Brad_Anim_BP.PackageMetaData'
[2017.06.02-22.43.39:167][787]LogMetaData: Removing '/Game/SkaGameAssets/Brad/Animations/old_animations/Brad_Anim_BP.Brad_Anim_BP_C:Speed' ref from Metadata '/Game/SkaGameAssets/Brad/Animations/Brad_Anim_BP.PackageMetaData'
[2017.06.02-22.43.39:167][787]LogMetaData: Removing '/Game/SkaGameAssets/Brad/Animations/old_animations/Brad_Anim_BP.Brad_Anim_BP_C:IsPunching?' ref from Metadata '/Game/SkaGameAssets/Brad/Animations/Brad_Anim_BP.PackageMetaData'
[2017.06.02-22.43.39:167][787]LogMetaData: Removing '/Game/SkaGameAssets/Brad/Animations/old_animations/Brad_Anim_BP.SKEL_Brad_Anim_BP_C:IsPunching?' ref from Metadata '/Game/SkaGameAssets/Brad/Animations/Brad_Anim_BP.PackageMetaData'
[2017.06.02-22.43.39:167][787]LogMetaData: Removing '/Game/SkaGameAssets/Brad/Animations/old_animations/Brad_Anim_BP.SKEL_Brad_Anim_BP_C:Speed' ref from Metadata '/Game/SkaGameAssets/Brad/Animations/Brad_Anim_BP.PackageMetaData'
[2017.06.02-22.43.39:167][787]LogMetaData: Removing '/Game/SkaGameAssets/Brad/Animations/old_animations/Brad_Anim_BP.SKEL_Brad_Anim_BP_C:BlueprintUpdateAnimation' ref from Metadata '/Game/SkaGameAssets/Brad/Animations/Brad_Anim_BP.PackageMetaData'
[2017.06.02-22.43.39:167][787]LogMetaData: Removing '/Game/SkaGameAssets/Brad/Animations/old_animations/Brad_Anim_BP.SKEL_Brad_Anim_BP_C:ExecuteUbergraph_Brad_Anim_BP' ref from Metadata '/Game/SkaGameAssets/Brad/Animations/Brad_Anim_BP.PackageMetaData'
[2017.06.02-22.43.39:167][787]LogMetaData: Removing '/Game/SkaGameAssets/Brad/Animations/old_animations/Brad_Anim_BP.SKEL_Brad_Anim_BP_C' ref from Metadata '/Game/SkaGameAssets/Brad/Animations/Brad_Anim_BP.PackageMetaData'
[2017.06.02-22.43.39:252][787]LogSavePackage: Save=43.26ms
[2017.06.02-22.43.39:252][787]LogSavePackage: Moving '../../../../../../SVN/SkaGame2/SkaGame/Saved/Brad_Anim_BP2C5E6FCA49008FD2830F55A1E13BED40.tmp' to '../../../../../../SVN/SkaGame2/SkaGame/Content/SkaGameAssets/Brad/Animations/old_animations/Brad_Anim_BP.uasset'
[2017.06.02-22.43.39:255][787]LogSavePackage:Display: Finished SavePackage ../../../../../../SVN/SkaGame2/SkaGame/Content/SkaGameAssets/Brad/Animations/old_animations/Brad_Anim_BP.uasset
[2017.06.02-22.45.04:778][651]LogActorComponent: RegisterComponentWithWorld: (/Engine/Transient.World_37:PersistentLevel.Actor_10.DebugSkelMeshComponent_28) Already registered. Aborting.
[2017.06.02-22.45.32:859][895]LogFileHelpers: Editor autosave (incl. sublevels) for '/Game/Levels/Graveyard_Test' took 0.018
[2017.06.02-22.45.32:860][895]OBJ SavePackage: Generating thumbnails for [1] asset(s) in package [/Game/SkaGameAssets/Brad/Animations/Brad01_Punch_Montage] ([1] browsable assets)...
[2017.06.02-22.45.32:877][895]OBJ SavePackage:     Rendered thumbnail for [AnimMontage /Game/SkaGameAssets/Brad/Animations/Brad01_Punch_Montage.Brad01_Punch_Montage]
[2017.06.02-22.45.32:877][895]OBJ SavePackage: Finished generating thumbnails for package [/Game/SkaGameAssets/Brad/Animations/Brad01_Punch_Montage]
[2017.06.02-22.45.32:893][895]LogSavePackage: Save=14.38ms
[2017.06.02-22.45.32:893][895]LogSavePackage: Moving '../../../../../../SVN/SkaGame2/SkaGame/Saved/Brad01_Punch_Montage_Auto2CA1D28D84609B7947F3D3584723DA432.tmp' to '../../../../../../SVN/SkaGame2/SkaGame/Saved/Autosaves/Game/SkaGameAssets/Brad/Animations/Brad01_Punch_Montage_Auto2.uasset'
[2017.06.02-22.45.32:894][895]LogSavePackage:Display: Finished SavePackage ../../../../../../SVN/SkaGame2/SkaGame/Saved/Autosaves/Game/SkaGameAssets/Brad/Animations/Brad01_Punch_Montage_Auto2.uasset
[2017.06.02-22.45.32:894][895]LogFileHelpers: Auto-saving content packages took 0.034
[2017.06.02-22.59.16:842][244]LogEditorViewport: Clicking on Actor (LMB): SideScrollerCharacter_C (SideScrollerCharacter)
[2017.06.02-23.01.28:988][294]Cmd: OBJ SAVEPACKAGE PACKAGE="/Game/Levels/Graveyard_Test" FILE="../../../../../../SVN/SkaGame2/SkaGame/Saved/Autosaves/Game/Levels/Graveyard_Test_Auto3.umap" SILENT=true AUTOSAVING=true KEEPDIRTY=false
[2017.06.02-23.01.29:175][294]LogSavePackage: Save=170.30ms
[2017.06.02-23.01.29:175][294]LogSavePackage: Moving '../../../../../../SVN/SkaGame2/SkaGame/Saved/Graveyard_Test_Auto3E85DBDE24F123A4A114714A2E29B1228.tmp' to '../../../../../../SVN/SkaGame2/SkaGame/Saved/Autosaves/Game/Levels/Graveyard_Test_Auto3.umap'
[2017.06.02-23.01.29:175][294]LogSavePackage:Display: Finished SavePackage ../../../../../../SVN/SkaGame2/SkaGame/Saved/Autosaves/Game/Levels/Graveyard_Test_Auto3.umap
[2017.06.02-23.01.29:179][294]LogFileHelpers: Editor autosave (incl. sublevels) for '/Game/Levels/Graveyard_Test' took 0.212
[2017.06.02-23.01.29:179][294]LogFileHelpers: Editor autosave (incl. sublevels) for all levels took 0.212
[2017.06.02-23.01.29:182][294]OBJ SavePackage: Generating thumbnails for [1] asset(s) in package [/Game/SkaGameAssets/Brad/Blueprints/SideScrollerCharacter] ([1] browsable assets)...
[2017.06.02-23.01.29:212][294]OBJ SavePackage:     Rendered thumbnail for [Blueprint /Game/SkaGameAssets/Brad/Blueprints/SideScrollerCharacter.SideScrollerCharacter]
[2017.06.02-23.01.29:212][294]OBJ SavePackage: Finished generating thumbnails for package [/Game/SkaGameAssets/Brad/Blueprints/SideScrollerCharacter]
[2017.06.02-23.01.29:278][294]LogSavePackage: Save=56.61ms
[2017.06.02-23.01.29:278][294]LogSavePackage: Moving '../../../../../../SVN/SkaGame2/SkaGame/Saved/SideScrollerCharacter_Auto33D32AE5E40173B73543DC0B49EABF201.tmp' to '../../../../../../SVN/SkaGame2/SkaGame/Saved/Autosaves/Game/SkaGameAssets/Brad/Blueprints/SideScrollerCharacter_Auto3.uasset'
[2017.06.02-23.01.29:279][294]LogSavePackage:Display: Finished SavePackage ../../../../../../SVN/SkaGame2/SkaGame/Saved/Autosaves/Game/SkaGameAssets/Brad/Blueprints/SideScrollerCharacter_Auto3.uasset
[2017.06.02-23.01.29:279][294]LogFileHelpers: Auto-saving content packages took 0.098
[2017.06.02-23.05.08:292][928]BlueprintLog: New page: Compile SideScrollerCharacter
[2017.06.02-23.11.29:952][272]Cmd: OBJ SAVEPACKAGE PACKAGE="/Game/Levels/Graveyard_Test" FILE="../../../../../../SVN/SkaGame2/SkaGame/Saved/Autosaves/Game/Levels/Graveyard_Test_Auto4.umap" SILENT=true AUTOSAVING=true KEEPDIRTY=false
[2017.06.02-23.11.30:136][272]LogSavePackage: Save=169.13ms
[2017.06.02-23.11.30:136][272]LogSavePackage: Moving '../../../../../../SVN/SkaGame2/SkaGame/Saved/Graveyard_Test_Auto457A88C904E9A3006AB245DA77CE96C21.tmp' to '../../../../../../SVN/SkaGame2/SkaGame/Saved/Autosaves/Game/Levels/Graveyard_Test_Auto4.umap'
[2017.06.02-23.11.30:153][272]LogSavePackage:Display: Finished SavePackage ../../../../../../SVN/SkaGame2/SkaGame/Saved/Autosaves/Game/Levels/Graveyard_Test_Auto4.umap
[2017.06.02-23.11.30:154][272]LogFileHelpers: Editor autosave (incl. sublevels) for '/Game/Levels/Graveyard_Test' took 0.222
[2017.06.02-23.11.30:154][272]LogFileHelpers: Editor autosave (incl. sublevels) for all levels took 0.222
[2017.06.02-23.11.30:156][272]OBJ SavePackage: Generating thumbnails for [1] asset(s) in package [/Game/SkaGameAssets/Brad/Blueprints/SideScrollerCharacter] ([1] browsable assets)...
[2017.06.02-23.11.30:179][272]OBJ SavePackage:     Rendered thumbnail for [Blueprint /Game/SkaGameAssets/Brad/Blueprints/SideScrollerCharacter.SideScrollerCharacter]
[2017.06.02-23.11.30:179][272]OBJ SavePackage: Finished generating thumbnails for package [/Game/SkaGameAssets/Brad/Blueprints/SideScrollerCharacter]
[2017.06.02-23.11.30:243][272]LogSavePackage: Save=54.98ms
[2017.06.02-23.11.30:243][272]LogSavePackage: Moving '../../../../../../SVN/SkaGame2/SkaGame/Saved/SideScrollerCharacter_Auto49268049F47BEAC8EE6B9A08CE67AF9CA.tmp' to '../../../../../../SVN/SkaGame2/SkaGame/Saved/Autosaves/Game/SkaGameAssets/Brad/Blueprints/SideScrollerCharacter_Auto4.uasset'
[2017.06.02-23.11.30:244][272]LogSavePackage:Display: Finished SavePackage ../../../../../../SVN/SkaGame2/SkaGame/Saved/Autosaves/Game/SkaGameAssets/Brad/Blueprints/SideScrollerCharacter_Auto4.uasset
[2017.06.02-23.11.30:244][272]LogFileHelpers: Auto-saving content packages took 0.089
[2017.06.02-23.22.16:792][586]LogSlate: Took 0.003041 seconds to synchronously load lazily loaded font '../../../Engine/Content/Editor/Slate/Fonts/Roboto-BoldCondensedItalic.ttf' (160K)
[2017.06.02-23.24.58:843][332]Cmd: OBJ SAVEPACKAGE PACKAGE="/Game/Levels/Graveyard_Test" FILE="../../../../../../SVN/SkaGame2/SkaGame/Saved/Autosaves/Game/Levels/Graveyard_Test_Auto5.umap" SILENT=true AUTOSAVING=true KEEPDIRTY=false
[2017.06.02-23.24.59:050][332]LogSavePackage: Save=183.29ms
[2017.06.02-23.24.59:051][332]LogSavePackage: Moving '../../../../../../SVN/SkaGame2/SkaGame/Saved/Graveyard_Test_Auto51E67C9E74E997FE916E02DAC0B54C2F1.tmp' to '../../../../../../SVN/SkaGame2/SkaGame/Saved/Autosaves/Game/Levels/Graveyard_Test_Auto5.umap'
[2017.06.02-23.24.59:051][332]LogSavePackage:Display: Finished SavePackage ../../../../../../SVN/SkaGame2/SkaGame/Saved/Autosaves/Game/Levels/Graveyard_Test_Auto5.umap
[2017.06.02-23.24.59:057][332]LogFileHelpers: Editor autosave (incl. sublevels) for '/Game/Levels/Graveyard_Test' took 0.234
[2017.06.02-23.24.59:057][332]LogFileHelpers: Editor autosave (incl. sublevels) for all levels took 0.234
[2017.06.02-23.24.59:059][332]OBJ SavePackage: Generating thumbnails for [1] asset(s) in package [/Game/SkaGameAssets/Brad/Blueprints/SideScrollerCharacter] ([1] browsable assets)...
[2017.06.02-23.24.59:078][332]OBJ SavePackage:     Rendered thumbnail for [Blueprint /Game/SkaGameAssets/Brad/Blueprints/SideScrollerCharacter.SideScrollerCharacter]
[2017.06.02-23.24.59:079][332]OBJ SavePackage: Finished generating thumbnails for package [/Game/SkaGameAssets/Brad/Blueprints/SideScrollerCharacter]
[2017.06.02-23.24.59:175][332]LogSavePackage: Save=65.12ms
[2017.06.02-23.24.59:175][332]LogSavePackage: Moving '../../../../../../SVN/SkaGame2/SkaGame/Saved/SideScrollerCharacter_Auto5DB51FBEA46B53076225C73AF8CED5E28.tmp' to '../../../../../../SVN/SkaGame2/SkaGame/Saved/Autosaves/Game/SkaGameAssets/Brad/Blueprints/SideScrollerCharacter_Auto5.uasset'
[2017.06.02-23.24.59:176][332]LogSavePackage:Display: Finished SavePackage ../../../../../../SVN/SkaGame2/SkaGame/Saved/Autosaves/Game/SkaGameAssets/Brad/Blueprints/SideScrollerCharacter_Auto5.uasset
[2017.06.02-23.24.59:176][332]LogFileHelpers: Auto-saving content packages took 0.118
[2017.06.02-23.25.41:029][342]BlueprintLog: New page: Compile SideScrollerCharacter
[2017.06.02-23.25.46:682][631]LogSavePackage: Save=12.42ms
[2017.06.02-23.25.46:682][631]LogSavePackage: Moving '../../../../../../SVN/SkaGame2/SkaGame/Saved/Brad01_Punch_Montage22B7C48644024BDB2BABF9A735B37BE2.tmp' to '../../../../../../SVN/SkaGame2/SkaGame/Content/SkaGameAssets/Brad/Animations/Brad01_Punch_Montage.uasset'
[2017.06.02-23.25.46:686][631]LogSavePackage:Display: Finished SavePackage ../../../../../../SVN/SkaGame2/SkaGame/Content/SkaGameAssets/Brad/Animations/Brad01_Punch_Montage.uasset
[2017.06.02-23.36.17:818][454]Cmd: OBJ SAVEPACKAGE PACKAGE="/Game/Levels/Graveyard_Test" FILE="../../../../../../SVN/SkaGame2/SkaGame/Saved/Autosaves/Game/Levels/Graveyard_Test_Auto6.umap" SILENT=true AUTOSAVING=true KEEPDIRTY=false
[2017.06.02-23.36.18:040][454]LogSavePackage: Save=201.56ms
[2017.06.02-23.36.18:040][454]LogSavePackage: Moving '../../../../../../SVN/SkaGame2/SkaGame/Saved/Graveyard_Test_Auto6B823FF94463A1FC92E05BDA54B687B15.tmp' to '../../../../../../SVN/SkaGame2/SkaGame/Saved/Autosaves/Game/Levels/Graveyard_Test_Auto6.umap'
[2017.06.02-23.36.18:040][454]LogSavePackage:Display: Finished SavePackage ../../../../../../SVN/SkaGame2/SkaGame/Saved/Autosaves/Game/Levels/Graveyard_Test_Auto6.umap
[2017.06.02-23.36.18:042][454]LogFileHelpers: Editor autosave (incl. sublevels) for '/Game/Levels/Graveyard_Test' took 0.248
[2017.06.02-23.36.18:042][454]LogFileHelpers: Editor autosave (incl. sublevels) for all levels took 0.248
[2017.06.02-23.36.18:044][454]OBJ SavePackage: Generating thumbnails for [1] asset(s) in package [/Game/SkaGameAssets/Brad/Blueprints/SideScrollerCharacter] ([1] browsable assets)...
[2017.06.02-23.36.18:070][454]OBJ SavePackage:     Rendered thumbnail for [Blueprint /Game/SkaGameAssets/Brad/Blueprints/SideScrollerCharacter.SideScrollerCharacter]
[2017.06.02-23.36.18:070][454]OBJ SavePackage: Finished generating thumbnails for package [/Game/SkaGameAssets/Brad/Blueprints/SideScrollerCharacter]
[2017.06.02-23.36.18:159][454]LogSavePackage: Save=77.42ms
[2017.06.02-23.36.18:159][454]LogSavePackage: Moving '../../../../../../SVN/SkaGame2/SkaGame/Saved/SideScrollerCharacter_Auto6C57F4432464B87D5DB5984A6409755C5.tmp' to '../../../../../../SVN/SkaGame2/SkaGame/Saved/Autosaves/Game/SkaGameAssets/Brad/Blueprints/SideScrollerCharacter_Auto6.uasset'
[2017.06.02-23.36.18:160][454]LogSavePackage:Display: Finished SavePackage ../../../../../../SVN/SkaGame2/SkaGame/Saved/Autosaves/Game/SkaGameAssets/Brad/Blueprints/SideScrollerCharacter_Auto6.uasset
[2017.06.02-23.36.18:160][454]LogFileHelpers: Auto-saving content packages took 0.118
[2017.06.02-23.46.18:704][971]LogFileHelpers: Editor autosave (incl. sublevels) for '/Game/Levels/Graveyard_Test' took 0.022
[2017.06.02-23.46.18:705][971]OBJ SavePackage: Generating thumbnails for [1] asset(s) in package [/Game/SkaGameAssets/Brad/Blueprints/SideScrollerCharacter] ([1] browsable assets)...
[2017.06.02-23.46.18:727][971]OBJ SavePackage:     Rendered thumbnail for [Blueprint /Game/SkaGameAssets/Brad/Blueprints/SideScrollerCharacter.SideScrollerCharacter]
[2017.06.02-23.46.18:727][971]OBJ SavePackage: Finished generating thumbnails for package [/Game/SkaGameAssets/Brad/Blueprints/SideScrollerCharacter]
[2017.06.02-23.46.18:808][971]LogSavePackage: Save=70.16ms
[2017.06.02-23.46.18:808][971]LogSavePackage: Moving '../../../../../../SVN/SkaGame2/SkaGame/Saved/SideScrollerCharacter_Auto7A34D7F084015139228BEAE823631F3F8.tmp' to '../../../../../../SVN/SkaGame2/SkaGame/Saved/Autosaves/Game/SkaGameAssets/Brad/Blueprints/SideScrollerCharacter_Auto7.uasset'
[2017.06.02-23.46.18:809][971]LogSavePackage:Display: Finished SavePackage ../../../../../../SVN/SkaGame2/SkaGame/Saved/Autosaves/Game/SkaGameAssets/Brad/Blueprints/SideScrollerCharacter_Auto7.uasset
[2017.06.02-23.46.18:809][971]LogFileHelpers: Auto-saving content packages took 0.104
[2017.06.03-00.06.01:026][678]Cmd: OBJ SAVEPACKAGE PACKAGE="/Game/Levels/Graveyard_Test" FILE="../../../../../../SVN/SkaGame2/SkaGame/Saved/Autosaves/Game/Levels/Graveyard_Test_Auto8.umap" SILENT=true AUTOSAVING=true KEEPDIRTY=false
[2017.06.03-00.06.01:224][678]LogSavePackage: Save=178.74ms
[2017.06.03-00.06.01:224][678]LogSavePackage: Moving '../../../../../../SVN/SkaGame2/SkaGame/Saved/Graveyard_Test_Auto83F91DBF34F4040D4ED0607A775BB9E81.tmp' to '../../../../../../SVN/SkaGame2/SkaGame/Saved/Autosaves/Game/Levels/Graveyard_Test_Auto8.umap'
[2017.06.03-00.06.01:225][678]LogSavePackage:Display: Finished SavePackage ../../../../../../SVN/SkaGame2/SkaGame/Saved/Autosaves/Game/Levels/Graveyard_Test_Auto8.umap
[2017.06.03-00.06.01:227][678]LogFileHelpers: Editor autosave (incl. sublevels) for '/Game/Levels/Graveyard_Test' took 0.218
[2017.06.03-00.06.01:227][678]LogFileHelpers: Editor autosave (incl. sublevels) for all levels took 0.218
[2017.06.03-00.06.01:229][678]OBJ SavePackage: Generating thumbnails for [1] asset(s) in package [/Game/SkaGameAssets/Brad/Blueprints/SideScrollerCharacter] ([1] browsable assets)...
[2017.06.03-00.06.01:251][678]OBJ SavePackage:     Rendered thumbnail for [Blueprint /Game/SkaGameAssets/Brad/Blueprints/SideScrollerCharacter.SideScrollerCharacter]
[2017.06.03-00.06.01:251][678]OBJ SavePackage: Finished generating thumbnails for package [/Game/SkaGameAssets/Brad/Blueprints/SideScrollerCharacter]
[2017.06.03-00.06.01:325][678]LogSavePackage: Save=64.04ms
[2017.06.03-00.06.01:325][678]LogSavePackage: Moving '../../../../../../SVN/SkaGame2/SkaGame/Saved/SideScrollerCharacter_Auto8A1B163714CCBC891BE4544957B66FF9F.tmp' to '../../../../../../SVN/SkaGame2/SkaGame/Saved/Autosaves/Game/SkaGameAssets/Brad/Blueprints/SideScrollerCharacter_Auto8.uasset'
[2017.06.03-00.06.01:325][678]LogSavePackage:Display: Finished SavePackage ../../../../../../SVN/SkaGame2/SkaGame/Saved/Autosaves/Game/SkaGameAssets/Brad/Blueprints/SideScrollerCharacter_Auto8.uasset
[2017.06.03-00.06.01:325][678]LogFileHelpers: Auto-saving content packages took 0.097
[2017.06.03-00.23.37:190][758]LogFileHelpers: Editor autosave (incl. sublevels) for '/Game/Levels/Graveyard_Test' took 0.018
[2017.06.03-00.23.37:192][758]OBJ SavePackage: Generating thumbnails for [1] asset(s) in package [/Game/SkaGameAssets/Brad/Blueprints/SideScrollerCharacter] ([1] browsable assets)...
[2017.06.03-00.23.37:223][758]OBJ SavePackage:     Rendered thumbnail for [Blueprint /Game/SkaGameAssets/Brad/Blueprints/SideScrollerCharacter.SideScrollerCharacter]
[2017.06.03-00.23.37:223][758]OBJ SavePackage: Finished generating thumbnails for package [/Game/SkaGameAssets/Brad/Blueprints/SideScrollerCharacter]
[2017.06.03-00.23.37:309][758]LogSavePackage: Save=74.21ms
[2017.06.03-00.23.37:309][758]LogSavePackage: Moving '../../../../../../SVN/SkaGame2/SkaGame/Saved/SideScrollerCharacter_Auto9D695CFB84B6632A8ACF5C0B1754FFF06.tmp' to '../../../../../../SVN/SkaGame2/SkaGame/Saved/Autosaves/Game/SkaGameAssets/Brad/Blueprints/SideScrollerCharacter_Auto9.uasset'
[2017.06.03-00.23.37:310][758]LogSavePackage:Display: Finished SavePackage ../../../../../../SVN/SkaGame2/SkaGame/Saved/Autosaves/Game/SkaGameAssets/Brad/Blueprints/SideScrollerCharacter_Auto9.uasset
[2017.06.03-00.23.37:310][758]LogFileHelpers: Auto-saving content packages took 0.119
[2017.06.03-00.35.27:364][727]LogFileHelpers: Editor autosave (incl. sublevels) for '/Game/Levels/Graveyard_Test' took 0.020
[2017.06.03-00.35.27:365][727]OBJ SavePackage: Generating thumbnails for [1] asset(s) in package [/Game/SkaGameAssets/Brad/Blueprints/SideScrollerCharacter] ([1] browsable assets)...
[2017.06.03-00.35.27:409][727]OBJ SavePackage:     Rendered thumbnail for [Blueprint /Game/SkaGameAssets/Brad/Blueprints/SideScrollerCharacter.SideScrollerCharacter]
[2017.06.03-00.35.27:409][727]OBJ SavePackage: Finished generating thumbnails for package [/Game/SkaGameAssets/Brad/Blueprints/SideScrollerCharacter]
[2017.06.03-00.35.27:491][727]LogSavePackage: Save=70.33ms
[2017.06.03-00.35.27:491][727]LogSavePackage: Moving '../../../../../../SVN/SkaGame2/SkaGame/Saved/SideScrollerCharacter_Auto08C91A1F04CE118FD4F4867AB872335F5.tmp' to '../../../../../../SVN/SkaGame2/SkaGame/Saved/Autosaves/Game/SkaGameAssets/Brad/Blueprints/SideScrollerCharacter_Auto0.uasset'
[2017.06.03-00.35.27:492][727]LogSavePackage:Display: Finished SavePackage ../../../../../../SVN/SkaGame2/SkaGame/Saved/Autosaves/Game/SkaGameAssets/Brad/Blueprints/SideScrollerCharacter_Auto0.uasset
[2017.06.03-00.35.27:492][727]LogFileHelpers: Auto-saving content packages took 0.128
[2017.06.03-00.45.27:699][698]LogFileHelpers: Editor autosave (incl. sublevels) for '/Game/Levels/Graveyard_Test' took 0.021
[2017.06.03-00.45.27:701][698]OBJ SavePackage: Generating thumbnails for [0] asset(s) in package [/Game/SkaGameAssets/Brad/Blueprints/SideScrollerCharacter] ([1] browsable assets)...
[2017.06.03-00.45.27:701][698]OBJ SavePackage: Finished generating thumbnails for package [/Game/SkaGameAssets/Brad/Blueprints/SideScrollerCharacter]
[2017.06.03-00.45.27:807][698]LogSavePackage: Save=93.60ms
[2017.06.03-00.45.27:807][698]LogSavePackage: Moving '../../../../../../SVN/SkaGame2/SkaGame/Saved/SideScrollerCharacter_Auto1B950218748F6FF45044552A3D99EBC2F.tmp' to '../../../../../../SVN/SkaGame2/SkaGame/Saved/Autosaves/Game/SkaGameAssets/Brad/Blueprints/SideScrollerCharacter_Auto1.uasset'
[2017.06.03-00.45.27:808][698]LogSavePackage:Display: Finished SavePackage ../../../../../../SVN/SkaGame2/SkaGame/Saved/Autosaves/Game/SkaGameAssets/Brad/Blueprints/SideScrollerCharacter_Auto1.uasset
[2017.06.03-00.45.27:809][698]OBJ SavePackage: Generating thumbnails for [1] asset(s) in package [/Game/SkaGameAssets/Brad/Animations/Brad01_Punch_Montage] ([1] browsable assets)...
[2017.06.03-00.45.27:833][698]OBJ SavePackage:     Rendered thumbnail for [AnimMontage /Game/SkaGameAssets/Brad/Animations/Brad01_Punch_Montage.Brad01_Punch_Montage]
[2017.06.03-00.45.27:833][698]OBJ SavePackage: Finished generating thumbnails for package [/Game/SkaGameAssets/Brad/Animations/Brad01_Punch_Montage]
[2017.06.03-00.45.27:863][698]LogSavePackage: Save=14.94ms
[2017.06.03-00.45.27:863][698]LogSavePackage: Moving '../../../../../../SVN/SkaGame2/SkaGame/Saved/Brad01_Punch_Montage_Auto138B3232E4B3C22F4CA48B1BE05A411BC.tmp' to '../../../../../../SVN/SkaGame2/SkaGame/Saved/Autosaves/Game/SkaGameAssets/Brad/Animations/Brad01_Punch_Montage_Auto1.uasset'
[2017.06.03-00.45.27:864][698]LogSavePackage:Display: Finished SavePackage ../../../../../../SVN/SkaGame2/SkaGame/Saved/Autosaves/Game/SkaGameAssets/Brad/Animations/Brad01_Punch_Montage_Auto1.uasset
[2017.06.03-00.45.27:864][698]LogFileHelpers: Auto-saving content packages took 0.164
[2017.06.03-01.12.06:777][995]BlueprintLog: New page: Compile SideScrollerCharacter
[2017.06.03-01.12.08:338][ 30]LogSavePackage: Save=70.26ms
[2017.06.03-01.12.08:338][ 30]LogSavePackage: Moving '../../../../../../SVN/SkaGame2/SkaGame/Saved/SideScrollerCharacter9FA5B8A4423D78CC4B2086B040C8F4F8.tmp' to '../../../../../../SVN/SkaGame2/SkaGame/Content/SkaGameAssets/Brad/Blueprints/SideScrollerCharacter.uasset'
[2017.06.03-01.12.08:342][ 30]LogSavePackage:Display: Finished SavePackage ../../../../../../SVN/SkaGame2/SkaGame/Content/SkaGameAssets/Brad/Blueprints/SideScrollerCharacter.uasset
[2017.06.03-01.12.44:310][739]Cmd: OBJ SAVEPACKAGE PACKAGE="/Game/Levels/Graveyard_Test" FILE="../../../../../../SVN/SkaGame2/SkaGame/Saved/Autosaves/Game/Levels/Graveyard_Test_Auto2.umap" SILENT=true AUTOSAVING=true KEEPDIRTY=false
[2017.06.03-01.12.44:510][739]LogSavePackage: Save=183.02ms
[2017.06.03-01.12.44:511][739]LogSavePackage: Moving '../../../../../../SVN/SkaGame2/SkaGame/Saved/Graveyard_Test_Auto274AE78B44213B37749D196B99BE61FC6.tmp' to '../../../../../../SVN/SkaGame2/SkaGame/Saved/Autosaves/Game/Levels/Graveyard_Test_Auto2.umap'
[2017.06.03-01.12.44:511][739]LogSavePackage:Display: Finished SavePackage ../../../../../../SVN/SkaGame2/SkaGame/Saved/Autosaves/Game/Levels/Graveyard_Test_Auto2.umap
[2017.06.03-01.12.44:513][739]LogFileHelpers: Editor autosave (incl. sublevels) for '/Game/Levels/Graveyard_Test' took 0.221
[2017.06.03-01.12.44:513][739]LogFileHelpers: Editor autosave (incl. sublevels) for all levels took 0.221
[2017.06.03-01.14.23:023][317]LogActorComponent: RegisterComponentWithWorld: (/Engine/Transient.World_41:PersistentLevel.Actor_11.DebugSkelMeshComponent_31) Already registered. Aborting.
[2017.06.03-01.22.45:008][935]LogFileHelpers: Editor autosave (incl. sublevels) for '/Game/Levels/Graveyard_Test' took 0.024
[2017.06.03-01.22.45:009][935]OBJ SavePackage: Generating thumbnails for [1] asset(s) in package [/Game/SkaGameAssets/Brad/Animations/Combo01_Montage] ([1] browsable assets)...
[2017.06.03-01.22.45:028][935]OBJ SavePackage:     Rendered thumbnail for [AnimMontage /Game/SkaGameAssets/Brad/Animations/Combo01_Montage.Combo01_Montage]
[2017.06.03-01.22.45:028][935]OBJ SavePackage: Finished generating thumbnails for package [/Game/SkaGameAssets/Brad/Animations/Combo01_Montage]
[2017.06.03-01.22.45:043][935]LogSavePackage: Save=13.44ms
[2017.06.03-01.22.45:043][935]LogSavePackage: Moving '../../../../../../SVN/SkaGame2/SkaGame/Saved/Combo01_Montage_Auto3DD6F3CD64A1FF8D6B7862F86C4A42862.tmp' to '../../../../../../SVN/SkaGame2/SkaGame/Saved/Autosaves/Game/SkaGameAssets/Brad/Animations/Combo01_Montage_Auto3.uasset'
[2017.06.03-01.22.45:043][935]LogSavePackage:Display: Finished SavePackage ../../../../../../SVN/SkaGame2/SkaGame/Saved/Autosaves/Game/SkaGameAssets/Brad/Animations/Combo01_Montage_Auto3.uasset
[2017.06.03-01.22.45:044][935]OBJ SavePackage: Generating thumbnails for [1] asset(s) in package [/Game/SkaGameAssets/Brad/Animations/Brad_Animation1_Anim_Brad_Armature_Brad_Punch1] ([1] browsable assets)...
[2017.06.03-01.22.45:062][935]OBJ SavePackage:     Rendered thumbnail for [AnimSequence /Game/SkaGameAssets/Brad/Animations/Brad_Animation1_Anim_Brad_Armature_Brad_Punch1.Brad_Animation1_Anim_Brad_Armature_Brad_Punch1]
[2017.06.03-01.22.45:062][935]OBJ SavePackage: Finished generating thumbnails for package [/Game/SkaGameAssets/Brad/Animations/Brad_Animation1_Anim_Brad_Armature_Brad_Punch1]
[2017.06.03-01.22.45:084][935]LogSavePackage: Save=13.35ms
[2017.06.03-01.22.45:084][935]LogSavePackage: Moving '../../../../../../SVN/SkaGame2/SkaGame/Saved/Brad_Animation1_Anim_Brad_Armature_Brad_Punch1_Auto3A091AFA7499D691CDF28C3A7A93B6BAE.tmp' to '../../../../../../SVN/SkaGame2/SkaGame/Saved/Autosaves/Game/SkaGameAssets/Brad/Animations/Brad_Animation1_Anim_Brad_Armature_Brad_Punch1_Auto3.uasset'
[2017.06.03-01.22.45:085][935]LogSavePackage:Display: Finished SavePackage ../../../../../../SVN/SkaGame2/SkaGame/Saved/Autosaves/Game/SkaGameAssets/Brad/Animations/Brad_Animation1_Anim_Brad_Armature_Brad_Punch1_Auto3.uasset
[2017.06.03-01.22.45:085][935]LogFileHelpers: Auto-saving content packages took 0.077
[2017.06.03-01.24.57:438][805]Cmd: POLY TEXMULT UU=0.707107 VV=0.707107 UV=-0.707107 VU=0.707107
[2017.06.03-01.25.10:086][ 59]Cmd: POLY TEXSCALE  UU=0.062500 VV=0.062500
[2017.06.03-01.25.13:914][458]Cmd: POLY TEXSCALE  UU=0.500000 VV=0.500000
[2017.06.03-01.25.18:157][787]LogTemp: Repeting last play command: Selected Viewport
[2017.06.03-01.25.18:180][787]LogBlueprintUserMessages: Early PlayInEditor Detection: Level '/Game/Levels/Graveyard_Test.Graveyard_Test:PersistentLevel' has LevelScriptBlueprint '/Game/Levels/Graveyard_Test.Graveyard_Test:PersistentLevel.Graveyard_Test' with GeneratedClass '/Game/Levels/Graveyard_Test.Graveyard_Test_C' with ClassGeneratedBy '/Game/Levels/Graveyard_Test.Graveyard_Test:PersistentLevel.Graveyard_Test'
[2017.06.03-01.25.18:180][787]LogPlayLevel: PlayLevel: No blueprints needed recompiling
[2017.06.03-01.25.18:180][787]PIE: New page: PIE session: Graveyard_Test (Jun 2, 2017, 5:25:18 PM)
[2017.06.03-01.25.18:180][787]LogPlayLevel: Creating play world package: /Game/Levels/UEDPIE_0_Graveyard_Test
[2017.06.03-01.25.18:225][787]LogPlayLevel: PIE: StaticDuplicateObject took: (0.044870s)
[2017.06.03-01.25.18:226][787]LogAIModule: Creating AISystem for world Graveyard_Test
[2017.06.03-01.25.18:227][787]LogPlayLevel: PIE: World Init took: (0.001861s)
[2017.06.03-01.25.18:227][787]LogPlayLevel: PIE: Created PIE world by copying editor world from /Game/Levels/Graveyard_Test.Graveyard_Test to /Game/Levels/UEDPIE_0_Graveyard_Test.Graveyard_Test (0.047279s)
[2017.06.03-01.25.18:265][787]LogInit: XAudio2 using 'Speakers (5- Logitech G930 Gaming Headset)' : 8 channels at 48 kHz using 16 bits per sample (channel mask 0x63f)
[2017.06.03-01.25.18:283][787]LogInit: FAudioDevice initialized.
[2017.06.03-01.25.18:318][787]LogLoad: Game class is 'SideScrollerGameMode_C'
[2017.06.03-01.25.18:321][787]LogWorld: Bringing World /Game/Levels/UEDPIE_0_Graveyard_Test.Graveyard_Test up for play (max tick rate 0) at 2017.06.02-21.25.18
[2017.06.03-01.25.18:322][787]LogWorld: Bringing up level for play took: 0.003107
[2017.06.03-01.25.18:324][787]PIE: Info Play in editor start time for /Game/Levels/UEDPIE_0_Graveyard_Test 0.839
[2017.06.03-01.25.18:345][787]LogBlueprintUserMessages: Late PlayInEditor Detection: Level '/Game/Levels/Graveyard_Test.Graveyard_Test:PersistentLevel' has LevelScriptBlueprint '/Game/Levels/Graveyard_Test.Graveyard_Test:PersistentLevel.Graveyard_Test' with GeneratedClass '/Game/Levels/Graveyard_Test.Graveyard_Test_C' with ClassGeneratedBy '/Game/Levels/Graveyard_Test.Graveyard_Test:PersistentLevel.Graveyard_Test'
[2017.06.03-01.25.24:023][367]LogBlueprintUserMessages: Early EndPlayMap Detection: Level '/Game/Levels/Graveyard_Test.Graveyard_Test:PersistentLevel' has LevelScriptBlueprint '/Game/Levels/Graveyard_Test.Graveyard_Test:PersistentLevel.Graveyard_Test' with GeneratedClass '/Game/Levels/Graveyard_Test.Graveyard_Test_C' with ClassGeneratedBy '/Game/Levels/Graveyard_Test.Graveyard_Test:PersistentLevel.Graveyard_Test'
[2017.06.03-01.25.24:098][367]LogBlueprintUserMessages: Late EndPlayMap Detection: Level '/Game/Levels/Graveyard_Test.Graveyard_Test:PersistentLevel' has LevelScriptBlueprint '/Game/Levels/Graveyard_Test.Graveyard_Test:PersistentLevel.Graveyard_Test' with GeneratedClass '/Game/Levels/Graveyard_Test.Graveyard_Test_C' with ClassGeneratedBy '/Game/Levels/Graveyard_Test.Graveyard_Test:PersistentLevel.Graveyard_Test'
[2017.06.03-01.25.52:065][605]LogSavePackage: Save=58.96ms
[2017.06.03-01.25.52:065][605]LogSavePackage: Moving '../../../../../../SVN/SkaGame2/SkaGame/Saved/SideScrollerCharacter5367EC6F41DCCCECB0FEBBAF1300776B.tmp' to '../../../../../../SVN/SkaGame2/SkaGame/Content/SkaGameAssets/Brad/Blueprints/SideScrollerCharacter.uasset'
[2017.06.03-01.25.52:066][605]LogSavePackage:Display: Finished SavePackage ../../../../../../SVN/SkaGame2/SkaGame/Content/SkaGameAssets/Brad/Blueprints/SideScrollerCharacter.uasset
[2017.06.03-01.26.19:975][ 50]LogActorComponent: RegisterComponentWithWorld: (/Engine/Transient.World_44:PersistentLevel.Actor_12.DebugSkelMeshComponent_34) Already registered. Aborting.
[2017.06.03-01.26.32:380][247]LogSavePackage: Save=14.87ms
[2017.06.03-01.26.32:380][247]LogSavePackage: Moving '../../../../../../SVN/SkaGame2/SkaGame/Saved/Brad_Animation1_Anim_Brad_Armature_Brad_Punch2C003E8274319BB222DB337902527F69C.tmp' to '../../../../../../SVN/SkaGame2/SkaGame/Content/SkaGameAssets/Brad/Animations/Brad_Animation1_Anim_Brad_Armature_Brad_Punch2.uasset'
[2017.06.03-01.26.32:382][247]LogSavePackage:Display: Finished SavePackage ../../../../../../SVN/SkaGame2/SkaGame/Content/SkaGameAssets/Brad/Animations/Brad_Animation1_Anim_Brad_Armature_Brad_Punch2.uasset
[2017.06.03-01.27.43:017][ 49]LogSavePackage: Save=12.52ms
[2017.06.03-01.27.43:017][ 49]LogSavePackage: Moving '../../../../../../SVN/SkaGame2/SkaGame/Saved/Brad01_Punch1_Montage4DC1CD86486141F1904F6BAEB4B8E962.tmp' to '../../../../../../SVN/SkaGame2/SkaGame/Content/SkaGameAssets/Brad/Animations/Brad01_Punch1_Montage.uasset'
[2017.06.03-01.27.43:019][ 49]LogSavePackage:Display: Finished SavePackage ../../../../../../SVN/SkaGame2/SkaGame/Content/SkaGameAssets/Brad/Animations/Brad01_Punch1_Montage.uasset
[2017.06.03-01.28.06:036][196]LogActorComponent: RegisterComponentWithWorld: (/Engine/Transient.World_47:PersistentLevel.Actor_13.DebugSkelMeshComponent_37) Already registered. Aborting.
[2017.06.03-01.28.11:538][583]LogSavePackage: Save=13.20ms
[2017.06.03-01.28.11:538][583]LogSavePackage: Moving '../../../../../../SVN/SkaGame2/SkaGame/Saved/Brad_Animation1_Anim_Brad_Armature_Brad_Punch3DD79163248B000C9FD1DFDADBA78539F.tmp' to '../../../../../../SVN/SkaGame2/SkaGame/Content/SkaGameAssets/Brad/Animations/Brad_Animation1_Anim_Brad_Armature_Brad_Punch3.uasset'
[2017.06.03-01.28.11:540][583]LogSavePackage:Display: Finished SavePackage ../../../../../../SVN/SkaGame2/SkaGame/Content/SkaGameAssets/Brad/Animations/Brad_Animation1_Anim_Brad_Armature_Brad_Punch3.uasset
[2017.06.03-01.28.35:270][933]LogSavePackage: Save=11.87ms
[2017.06.03-01.28.35:271][933]LogSavePackage: Moving '../../../../../../SVN/SkaGame2/SkaGame/Saved/C01_Punch2_Montage04D32EBF47192E698D5CA7B94DC1A752.tmp' to '../../../../../../SVN/SkaGame2/SkaGame/Content/SkaGameAssets/Brad/Animations/C01_Punch2_Montage.uasset'
[2017.06.03-01.28.35:272][933]LogSavePackage:Display: Finished SavePackage ../../../../../../SVN/SkaGame2/SkaGame/Content/SkaGameAssets/Brad/Animations/C01_Punch2_Montage.uasset
[2017.06.03-01.28.38:768][177]LogActorComponent: RegisterComponentWithWorld: (/Engine/Transient.World_50:PersistentLevel.Actor_14.DebugSkelMeshComponent_40) Already registered. Aborting.
[2017.06.03-01.29.12:128][313]Cmd: OBJ SAVEPACKAGE PACKAGE="/Game/SkaGameAssets/Brad/Animations/Combo02_Montage" FILE="../../../../../../SVN/SkaGame2/SkaGame/Content/SkaGameAssets/Brad/Animations/Combo02_Montage.uasset" SILENT=true
[2017.06.03-01.29.12:142][313]LogSavePackage: Save=12.59ms
[2017.06.03-01.29.12:142][313]LogSavePackage: Moving '../../../../../../SVN/SkaGame2/SkaGame/Saved/Combo02_Montage3E820E9349080E67B30C79AEB2C93561.tmp' to '../../../../../../SVN/SkaGame2/SkaGame/Content/SkaGameAssets/Brad/Animations/Combo02_Montage.uasset'
[2017.06.03-01.29.12:144][313]LogSavePackage:Display: Finished SavePackage ../../../../../../SVN/SkaGame2/SkaGame/Content/SkaGameAssets/Brad/Animations/Combo02_Montage.uasset
[2017.06.03-01.29.22:717][161]LogActorComponent: RegisterComponentWithWorld: (/Engine/Transient.World_52:PersistentLevel.Actor_15.DebugSkelMeshComponent_42) Already registered. Aborting.
[2017.06.03-01.30.21:226][474]BlueprintLog: New page: Compile SideScrollerCharacter
[2017.06.03-01.30.34:016][533]LogTemp: Repeting last play command: Selected Viewport
[2017.06.03-01.30.34:039][533]LogBlueprintUserMessages: Early PlayInEditor Detection: Level '/Game/Levels/Graveyard_Test.Graveyard_Test:PersistentLevel' has LevelScriptBlueprint '/Game/Levels/Graveyard_Test.Graveyard_Test:PersistentLevel.Graveyard_Test' with GeneratedClass '/Game/Levels/Graveyard_Test.Graveyard_Test_C' with ClassGeneratedBy '/Game/Levels/Graveyard_Test.Graveyard_Test:PersistentLevel.Graveyard_Test'
[2017.06.03-01.30.34:039][533]LogPlayLevel: PlayLevel: No blueprints needed recompiling
[2017.06.03-01.30.34:039][533]PIE: New page: PIE session: Graveyard_Test (Jun 2, 2017, 5:30:34 PM)
[2017.06.03-01.30.34:039][533]LogPlayLevel: Creating play world package: /Game/Levels/UEDPIE_0_Graveyard_Test
[2017.06.03-01.30.34:066][533]LogPlayLevel: PIE: StaticDuplicateObject took: (0.026737s)
[2017.06.03-01.30.34:067][533]LogAIModule: Creating AISystem for world Graveyard_Test
[2017.06.03-01.30.34:067][533]LogPlayLevel: PIE: World Init took: (0.000994s)
[2017.06.03-01.30.34:067][533]LogPlayLevel: PIE: Created PIE world by copying editor world from /Game/Levels/Graveyard_Test.Graveyard_Test to /Game/Levels/UEDPIE_0_Graveyard_Test.Graveyard_Test (0.028066s)
[2017.06.03-01.30.34:101][533]LogInit: XAudio2 using 'Speakers (5- Logitech G930 Gaming Headset)' : 8 channels at 48 kHz using 16 bits per sample (channel mask 0x63f)
[2017.06.03-01.30.34:117][533]LogInit: FAudioDevice initialized.
[2017.06.03-01.30.34:150][533]LogLoad: Game class is 'SideScrollerGameMode_C'
[2017.06.03-01.30.34:153][533]LogWorld: Bringing World /Game/Levels/UEDPIE_0_Graveyard_Test.Graveyard_Test up for play (max tick rate 0) at 2017.06.02-21.30.34
[2017.06.03-01.30.34:154][533]LogWorld: Bringing up level for play took: 0.002748
[2017.06.03-01.30.34:156][533]PIE: Info Play in editor start time for /Game/Levels/UEDPIE_0_Graveyard_Test 0.757
[2017.06.03-01.30.34:156][533]LogBlueprintUserMessages: Late PlayInEditor Detection: Level '/Game/Levels/Graveyard_Test.Graveyard_Test:PersistentLevel' has LevelScriptBlueprint '/Game/Levels/Graveyard_Test.Graveyard_Test:PersistentLevel.Graveyard_Test' with GeneratedClass '/Game/Levels/Graveyard_Test.Graveyard_Test_C' with ClassGeneratedBy '/Game/Levels/Graveyard_Test.Graveyard_Test:PersistentLevel.Graveyard_Test'
[2017.06.03-01.30.45:415][634]LogBlueprintUserMessages: Early EndPlayMap Detection: Level '/Game/Levels/Graveyard_Test.Graveyard_Test:PersistentLevel' has LevelScriptBlueprint '/Game/Levels/Graveyard_Test.Graveyard_Test:PersistentLevel.Graveyard_Test' with GeneratedClass '/Game/Levels/Graveyard_Test.Graveyard_Test_C' with ClassGeneratedBy '/Game/Levels/Graveyard_Test.Graveyard_Test:PersistentLevel.Graveyard_Test'
[2017.06.03-01.30.45:488][634]LogBlueprintUserMessages: Late EndPlayMap Detection: Level '/Game/Levels/Graveyard_Test.Graveyard_Test:PersistentLevel' has LevelScriptBlueprint '/Game/Levels/Graveyard_Test.Graveyard_Test:PersistentLevel.Graveyard_Test' with GeneratedClass '/Game/Levels/Graveyard_Test.Graveyard_Test_C' with ClassGeneratedBy '/Game/Levels/Graveyard_Test.Graveyard_Test:PersistentLevel.Graveyard_Test'
[2017.06.03-01.30.57:997][259]LogSlate: Took 0.005919 seconds to synchronously load lazily loaded font '../../../Engine/Content/Slate/Fonts/Roboto-Regular.ttf' (155K)
[2017.06.03-01.30.58:023][259]LogActorComponent: RegisterComponentWithWorld: (/Engine/Transient.World_56:PersistentLevel.Actor_16.DebugSkelMeshComponent_45) Already registered. Aborting.
[2017.06.03-01.33.03:569][464]Cmd: OBJ SAVEPACKAGE PACKAGE="/Game/Levels/Graveyard_Test" FILE="../../../../../../SVN/SkaGame2/SkaGame/Saved/Autosaves/Game/Levels/Graveyard_Test_Auto4.umap" SILENT=true AUTOSAVING=true KEEPDIRTY=false
[2017.06.03-01.33.03:772][464]LogSavePackage: Save=187.51ms
[2017.06.03-01.33.03:772][464]LogSavePackage: Moving '../../../../../../SVN/SkaGame2/SkaGame/Saved/Graveyard_Test_Auto4BFD82F4E48F728EFFED3D3A14E4892A6.tmp' to '../../../../../../SVN/SkaGame2/SkaGame/Saved/Autosaves/Game/Levels/Graveyard_Test_Auto4.umap'
[2017.06.03-01.33.03:774][464]LogSavePackage:Display: Finished SavePackage ../../../../../../SVN/SkaGame2/SkaGame/Saved/Autosaves/Game/Levels/Graveyard_Test_Auto4.umap
[2017.06.03-01.33.03:775][464]LogFileHelpers: Editor autosave (incl. sublevels) for '/Game/Levels/Graveyard_Test' took 0.224
[2017.06.03-01.33.03:776][464]LogFileHelpers: Editor autosave (incl. sublevels) for all levels took 0.224
[2017.06.03-01.33.03:778][464]OBJ SavePackage: Generating thumbnails for [1] asset(s) in package [/Game/SkaGameAssets/Brad/Blueprints/SideScrollerCharacter] ([1] browsable assets)...
[2017.06.03-01.33.03:798][464]OBJ SavePackage:     Rendered thumbnail for [Blueprint /Game/SkaGameAssets/Brad/Blueprints/SideScrollerCharacter.SideScrollerCharacter]
[2017.06.03-01.33.03:798][464]OBJ SavePackage: Finished generating thumbnails for package [/Game/SkaGameAssets/Brad/Blueprints/SideScrollerCharacter]
[2017.06.03-01.33.03:880][464]LogSavePackage: Save=71.86ms
[2017.06.03-01.33.03:880][464]LogSavePackage: Moving '../../../../../../SVN/SkaGame2/SkaGame/Saved/SideScrollerCharacter_Auto4076408534F2B444F12568A9F05DE8DDF.tmp' to '../../../../../../SVN/SkaGame2/SkaGame/Saved/Autosaves/Game/SkaGameAssets/Brad/Blueprints/SideScrollerCharacter_Auto4.uasset'
[2017.06.03-01.33.03:881][464]LogSavePackage:Display: Finished SavePackage ../../../../../../SVN/SkaGame2/SkaGame/Saved/Autosaves/Game/SkaGameAssets/Brad/Blueprints/SideScrollerCharacter_Auto4.uasset
[2017.06.03-01.33.03:882][464]OBJ SavePackage: Generating thumbnails for [1] asset(s) in package [/Game/SkaGameAssets/Brad/Animations/Brad01_Anim_BP] ([1] browsable assets)...
[2017.06.03-01.33.03:900][464]OBJ SavePackage:     Rendered thumbnail for [AnimBlueprint /Game/SkaGameAssets/Brad/Animations/Brad01_Anim_BP.Brad01_Anim_BP]
[2017.06.03-01.33.03:900][464]OBJ SavePackage: Finished generating thumbnails for package [/Game/SkaGameAssets/Brad/Animations/Brad01_Anim_BP]
[2017.06.03-01.33.03:955][464]LogSavePackage: Save=33.85ms
[2017.06.03-01.33.03:955][464]LogSavePackage: Moving '../../../../../../SVN/SkaGame2/SkaGame/Saved/Brad01_Anim_BP_Auto48D63B2824391375C876C5489784CC747.tmp' to '../../../../../../SVN/SkaGame2/SkaGame/Saved/Autosaves/Game/SkaGameAssets/Brad/Animations/Brad01_Anim_BP_Auto4.uasset'
[2017.06.03-01.33.03:956][464]LogSavePackage:Display: Finished SavePackage ../../../../../../SVN/SkaGame2/SkaGame/Saved/Autosaves/Game/SkaGameAssets/Brad/Animations/Brad01_Anim_BP_Auto4.uasset
[2017.06.03-01.33.03:961][464]LogSavePackage: Save=3.42ms
[2017.06.03-01.33.03:961][464]LogSavePackage: Moving '../../../../../../SVN/SkaGame2/SkaGame/Saved/Brad01_Punch2_Montage_Auto48FBAE5054549D145BAB80DAFD5E3FB9E.tmp' to '../../../../../../SVN/SkaGame2/SkaGame/Saved/Autosaves/Game/SkaGameAssets/Brad/Animations/Brad01_Punch2_Montage_Auto4.uasset'
[2017.06.03-01.33.03:962][464]LogSavePackage:Display: Finished SavePackage ../../../../../../SVN/SkaGame2/SkaGame/Saved/Autosaves/Game/SkaGameAssets/Brad/Animations/Brad01_Punch2_Montage_Auto4.uasset
[2017.06.03-01.33.03:962][464]OBJ SavePackage: Generating thumbnails for [1] asset(s) in package [/Game/SkaGameAssets/Brad/Animations/Combo03_Montage] ([1] browsable assets)...
[2017.06.03-01.33.03:981][464]OBJ SavePackage:     Rendered thumbnail for [AnimMontage /Game/SkaGameAssets/Brad/Animations/Combo03_Montage.Combo03_Montage]
[2017.06.03-01.33.03:981][464]OBJ SavePackage: Finished generating thumbnails for package [/Game/SkaGameAssets/Brad/Animations/Combo03_Montage]
[2017.06.03-01.33.03:997][464]LogSavePackage: Save=13.40ms
[2017.06.03-01.33.03:997][464]LogSavePackage: Moving '../../../../../../SVN/SkaGame2/SkaGame/Saved/Combo03_Montage_Auto445DEF588463BCE4E134A938F8D7E89EC.tmp' to '../../../../../../SVN/SkaGame2/SkaGame/Saved/Autosaves/Game/SkaGameAssets/Brad/Animations/Combo03_Montage_Auto4.uasset'
[2017.06.03-01.33.03:998][464]LogSavePackage:Display: Finished SavePackage ../../../../../../SVN/SkaGame2/SkaGame/Saved/Autosaves/Game/SkaGameAssets/Brad/Animations/Combo03_Montage_Auto4.uasset
[2017.06.03-01.33.03:998][464]LogFileHelpers: Auto-saving content packages took 0.222
[2017.06.03-01.35.06:540][180]LogUObjectBase:Warning: NULL object
[2017.06.03-01.35.06:672][180]LogStats: FPlatformStackWalk::StackWalkAndDump -  0.132 s
[2017.06.03-01.35.06:672][180]LogOutputDevice:Error: === Handled ensure: ===
[2017.06.03-01.35.06:672][180]LogOutputDevice:Error: 
[2017.06.03-01.35.06:672][180]LogOutputDevice:Error: Ensure condition failed: false [File:D:\Build\++UE4+Release-4.15+Compile\Sync\Engine\Source\Editor\Kismet\Private\SKismetInspector.cpp] [Line: 540]
[2017.06.03-01.35.06:672][180]LogOutputDevice:Error: Object in KismetInspector is invalid, see TTP 281915
[2017.06.03-01.35.06:672][180]LogOutputDevice:Error: Stack: 
[2017.06.03-01.35.06:672][180]LogOutputDevice:Error: UE4Editor-Core.dll!0x00000000409C95E6
[2017.06.03-01.35.06:672][180]LogOutputDevice:Error: UE4Editor-Core.dll!0x0000000040779B82
[2017.06.03-01.35.06:672][180]LogOutputDevice:Error: UE4Editor-Core.dll!0x000000004078B666
[2017.06.03-01.35.06:672][180]LogOutputDevice:Error: UE4Editor-Kismet.dll!0x000000003BAB8AD1
[2017.06.03-01.35.06:672][180]LogOutputDevice:Error: UE4Editor-Kismet.dll!0x000000003BAB54F6
[2017.06.03-01.35.06:672][180]LogOutputDevice:Error: UE4Editor-SlateCore.dll!0x000000004D748C02
[2017.06.03-01.35.06:672][180]LogOutputDevice:Error: UE4Editor-SlateCore.dll!0x000000004D74778E
[2017.06.03-01.35.06:672][180]LogOutputDevice:Error: UE4Editor-Slate.dll!0x000000003EE2CECC
[2017.06.03-01.35.06:672][180]LogOutputDevice:Error: UE4Editor-SlateCore.dll!0x000000004D748C55
[2017.06.03-01.35.06:672][180]LogOutputDevice:Error: UE4Editor-SlateCore.dll!0x000000004D747ABE
[2017.06.03-01.35.06:672][180]LogOutputDevice:Error: UE4Editor-SlateCore.dll!0x000000004D748C55
[2017.06.03-01.35.06:672][180]LogOutputDevice:Error: UE4Editor-SlateCore.dll!0x000000004D749060
[2017.06.03-01.35.06:672][180]LogOutputDevice:Error: UE4Editor-SlateCore.dll!0x000000004D747C08
[2017.06.03-01.35.06:672][180]LogOutputDevice:Error: UE4Editor-SlateCore.dll!0x000000004D748C55
[2017.06.03-01.35.06:672][180]LogOutputDevice:Error: UE4Editor-SlateCore.dll!0x000000004D74778E
[2017.06.03-01.35.06:672][180]LogOutputDevice:Error: UE4Editor-SlateCore.dll!0x000000004D748C55
[2017.06.03-01.35.06:672][180]LogOutputDevice:Error: UE4Editor-SlateCore.dll!0x000000004D749060
[2017.06.03-01.35.06:672][180]LogOutputDevice:Error: UE4Editor-Slate.dll!0x000000003EEA91BD
[2017.06.03-01.35.06:672][180]LogOutputDevice:Error: UE4Editor-SlateCore.dll!0x000000004D748C55
[2017.06.03-01.35.06:672][180]LogOutputDevice:Error: UE4Editor-SlateCore.dll!0x000000004D74778E
[2017.06.03-01.35.06:672][180]LogOutputDevice:Error: UE4Editor-SlateCore.dll!0x000000004D748C55
[2017.06.03-01.35.06:672][180]LogOutputDevice:Error: UE4Editor-SlateCore.dll!0x000000004D749060
[2017.06.03-01.35.06:672][180]LogOutputDevice:Error: UE4Editor-Slate.dll!0x000000003EEA91BD
[2017.06.03-01.35.06:672][180]LogOutputDevice:Error: UE4Editor-SlateCore.dll!0x000000004D748C55
[2017.06.03-01.35.06:672][180]LogOutputDevice:Error: UE4Editor-SlateCore.dll!0x000000004D74778E
[2017.06.03-01.35.06:672][180]LogOutputDevice:Error: UE4Editor-SlateCore.dll!0x000000004D748C55
[2017.06.03-01.35.06:672][180]LogOutputDevice:Error: UE4Editor-SlateCore.dll!0x000000004D749060
[2017.06.03-01.35.06:672][180]LogOutputDevice:Error: UE4Editor-Slate.dll!0x000000003EEA91BD
[2017.06.03-01.35.06:672][180]LogOutputDevice:Error: UE4Editor-SlateCore.dll!0x000000004D748C55
[2017.06.03-01.35.06:672][180]LogOutputDevice:Error: UE4Editor-SlateCore.dll!0x000000004D747ABE
[2017.06.03-01.35.06:672][180]LogOutputDevice:Error: UE4Editor-SlateCore.dll!0x000000004D748C55
[2017.06.03-01.35.06:672][180]LogOutputDevice:Error: UE4Editor-SlateCore.dll!0x000000004D74778E
[2017.06.03-01.35.06:672][180]LogOutputDevice:Error: UE4Editor-SlateCore.dll!0x000000004D748C55
[2017.06.03-01.35.06:672][180]LogOutputDevice:Error: UE4Editor-SlateCore.dll!0x000000004D749060
[2017.06.03-01.35.06:672][180]LogOutputDevice:Error: UE4Editor-SlateCore.dll!0x000000004D747C08
[2017.06.03-01.35.06:672][180]LogOutputDevice:Error: UE4Editor-SlateCore.dll!0x000000004D748C55
[2017.06.03-01.35.06:672][180]LogOutputDevice:Error: UE4Editor-SlateCore.dll!0x000000004D74778E
[2017.06.03-01.35.06:672][180]LogOutputDevice:Error: UE4Editor-SlateCore.dll!0x000000004D748C55
[2017.06.03-01.35.06:672][180]LogOutputDevice:Error: UE4Editor-SlateCore.dll!0x000000004D74778E
[2017.06.03-01.35.06:672][180]LogOutputDevice:Error: UE4Editor-Slate.dll!0x000000003EE2CECC
[2017.06.03-01.35.06:672][180]LogOutputDevice:Error: UE4Editor-SlateCore.dll!0x000000004D748C55
[2017.06.03-01.35.06:672][180]LogOutputDevice:Error: UE4Editor-SlateCore.dll!0x000000004D747ABE
[2017.06.03-01.35.06:672][180]LogOutputDevice:Error: UE4Editor-SlateCore.dll!0x000000004D748C55
[2017.06.03-01.35.06:672][180]LogOutputDevice:Error: UE4Editor-SlateCore.dll!0x000000004D749060
[2017.06.03-01.35.06:672][180]LogOutputDevice:Error: UE4Editor-SlateCore.dll!0x000000004D747C08
[2017.06.03-01.35.06:672][180]LogOutputDevice:Error: UE4Editor-SlateCore.dll!0x000000004D748C55
[2017.06.03-01.35.06:672][180]LogOutputDevice:Error: UE4Editor-SlateCore.dll!0x000000004D74778E
[2017.06.03-01.35.06:672][180]LogOutputDevice:Error: UE4Editor-SlateCore.dll!0x000000004D748C55
[2017.06.03-01.35.06:672][180]LogOutputDevice:Error: UE4Editor-SlateCore.dll!0x000000004D749060
[2017.06.03-01.35.06:672][180]LogOutputDevice:Error: UE4Editor-Slate.dll!0x000000003EEA91BD
[2017.06.03-01.35.06:672][180]LogOutputDevice:Error: UE4Editor-SlateCore.dll!0x000000004D748C55
[2017.06.03-01.35.06:672][180]LogOutputDevice:Error: UE4Editor-SlateCore.dll!0x000000004D747ABE
[2017.06.03-01.35.06:672][180]LogOutputDevice:Error: UE4Editor-SlateCore.dll!0x000000004D748C55
[2017.06.03-01.35.06:672][180]LogOutputDevice:Error: UE4Editor-SlateCore.dll!0x000000004D74778E
[2017.06.03-01.35.06:672][180]LogOutputDevice:Error: UE4Editor-SlateCore.dll!0x000000004D748C55
[2017.06.03-01.35.06:672][180]LogOutputDevice:Error: UE4Editor-SlateCore.dll!0x000000004D749060
[2017.06.03-01.35.06:672][180]LogOutputDevice:Error: UE4Editor-SlateCore.dll!0x000000004D747C08
[2017.06.03-01.35.06:672][180]LogOutputDevice:Error: UE4Editor-SlateCore.dll!0x000000004D748C55
[2017.06.03-01.35.06:672][180]LogOutputDevice:Error: UE4Editor-SlateCore.dll!0x000000004D749060
[2017.06.03-01.35.06:672][180]LogOutputDevice:Error: UE4Editor-SlateCore.dll!0x000000004D747C08
[2017.06.03-01.35.06:672][180]LogOutputDevice:Error: UE4Editor-SlateCore.dll!0x000000004D748C55
[2017.06.03-01.35.06:672][180]LogOutputDevice:Error: UE4Editor-SlateCore.dll!0x000000004D747ABE
[2017.06.03-01.35.06:672][180]LogOutputDevice:Error: UE4Editor-SlateCore.dll!0x000000004D748C55
[2017.06.03-01.35.06:672][180]LogOutputDevice:Error: UE4Editor-SlateCore.dll!0x000000004D74778E
[2017.06.03-01.35.06:672][180]LogOutputDevice:Error: UE4Editor-SlateCore.dll!0x000000004D747CAA
[2017.06.03-01.35.06:672][180]LogOutputDevice:Error: UE4Editor-SlateCore.dll!0x000000004D748C55
[2017.06.03-01.35.06:672][180]LogOutputDevice:Error: UE4Editor-Slate.dll!0x000000003EC730FD
[2017.06.03-01.35.06:672][180]LogOutputDevice:Error: UE4Editor-Slate.dll!0x000000003EC7411C
[2017.06.03-01.35.06:672][180]LogOutputDevice:Error: UE4Editor-Slate.dll!0x000000003ECACF94
[2017.06.03-01.35.06:672][180]LogOutputDevice:Error: UE4Editor-Slate.dll!0x000000003EC741C0
[2017.06.03-01.35.06:672][180]LogOutputDevice:Error: UE4Editor-Slate.dll!0x000000003ECD2674
[2017.06.03-01.35.06:672][180]LogOutputDevice:Error: UE4Editor-Slate.dll!0x000000003ECD15C0
[2017.06.03-01.35.06:672][180]LogOutputDevice:Error: UE4Editor.exe!0x000000000CECEA1D
[2017.06.03-01.35.06:672][180]LogOutputDevice:Error: UE4Editor.exe!0x000000000CEBEB40
[2017.06.03-01.35.06:672][180]LogOutputDevice:Error: UE4Editor.exe!0x000000000CEBEBBA
[2017.06.03-01.35.06:672][180]LogOutputDevice:Error: UE4Editor.exe!0x000000000CED0A29
[2017.06.03-01.35.06:672][180]LogOutputDevice:Error: UE4Editor.exe!0x000000000CED22B6
[2017.06.03-01.35.06:672][180]LogOutputDevice:Error: KERNEL32.DLL!0x0000000074FF8364
[2017.06.03-01.35.06:672][180]LogOutputDevice:Error: ntdll.dll!0x00000000755470D1
[2017.06.03-01.35.06:672][180]LogOutputDevice:Error: 
[2017.06.03-01.35.06:678][180]LogStats:                SubmitErrorReport -  0.000 s
