Log file open, 05/20/17 19:11:56
LogInit:Display: Running engine for game: SkaGame
LogPlatformFile: Not using cached read wrapper
LogInit:Display: RandInit(-1048668590) SRandInit(-1048668590).
LogTaskGraph: Started task graph with 5 named threads and 8 total threads with 1 sets of task threads.
LogStats: Stats thread started at 0.077390
LogInit: Using libcurl 7.47.1
LogInit:  - built for x86_64-pc-win32
LogInit:  - supports SSL with OpenSSL/1.0.2g
LogInit:  - supports HTTP deflate (compression) using libz 1.2.8
LogInit:  - other features:
LogInit:      CURL_VERSION_SSL
LogInit:      CURL_VERSION_LIBZ
LogInit:      CURL_VERSION_IPV6
LogInit:      CURL_VERSION_ASYNCHDNS
LogInit:      CURL_VERSION_LARGEFILE
LogInit:      CURL_VERSION_IDN
LogInit:  CurlRequestOptions (configurable via config and command line):
LogInit:  - bVerifyPeer = false  - Libcurl will NOT verify peer certificate
LogInit:  - bUseHttpProxy = false  - Libcurl will NOT use HTTP proxy
LogInit:  - bDontReuseConnections = false  - Libcurl will reuse connections
LogInit:  - CertBundlePath = nullptr  - Libcurl will use whatever was configured at build time.
LogInit: Build: ++UE4+Release-4.15-CL-3416026
LogInit: Engine Version: 4.15.2-3416026+++UE4+Release-4.15
LogInit: Compatible Engine Version: 4.15.0-3299760+++UE4+Release-4.15
LogInit: Net CL: 3299760
LogDevObjectVersion: Number of dev versions registered: 14
LogDevObjectVersion:   Dev-Blueprints (B0D832E4-1F89-4F0D-ACCF-7EB736FD4AA2): 8
LogDevObjectVersion:   Dev-Build (E1C64328-A22C-4D53-A36C-8E866417BD8C): 0
LogDevObjectVersion:   Dev-Core (375EC13C-06E4-48FB-B500-84F0262A717E): 2
LogDevObjectVersion:   Dev-Editor (E4B068ED-F494-42E9-A231-DA0B2E46BB41): 14
LogDevObjectVersion:   Dev-Framework (CFFC743F-43B0-4480-9391-14DF171D2073): 22
LogDevObjectVersion:   Dev-Mobile (B02B49B5-BB20-44E9-A304-32B752E40360): 0
LogDevObjectVersion:   Dev-Networking (A4E4105C-59A1-49B5-A7C5-40C4547EDFEE): 0
LogDevObjectVersion:   Dev-Online (39C831C9-5AE6-47DC-9A44-9C173E1C8E7C): 0
LogDevObjectVersion:   Dev-Physics (78F01B33-EBEA-4F98-B9B4-84EACCB95AA2): 0
LogDevObjectVersion:   Dev-Platform (6631380F-2D4D-43E0-8009-CF276956A95A): 0
LogDevObjectVersion:   Dev-Rendering (12F88B9F-8875-4AFC-A67C-D90C383ABD29): 12
LogDevObjectVersion:   Dev-Sequencer (7B5AE74C-D270-4C10-A958-57980B212A5A): 3
LogDevObjectVersion:   Dev-VR (D7296918-1DD6-4BDD-9DE2-64A83CC13884): 0
LogDevObjectVersion:   Dev-LoadTimes (C2A15278-BFE7-4AFE-6C17-90FF531DF755): 1
LogInit: Compiled (64-bit): May  1 2017 13:11:28
LogInit: Compiled with Visual C++: 19.00.23026.00
LogInit: Build Configuration: Development
LogInit: Branch Name: ++UE4+Release-4.15
LogInit: Command line: -EpicPortal 
LogInit: Base directory: C:/Program Files/Epic Games/UE_4.15/Engine/Binaries/Win64/
LogInit: Installed Engine Build: 1
LogInit: Presizing for max 8388607 objects, including 0 objects not considered by GC, pre-allocating 0 bytes for permanent pool.
LogInit: Object subsystem initialized
[2017.05.20-23.11.56:970][  0]LogInit: Selected Device Profile: [Windows]
[2017.05.20-23.11.56:970][  0]LogInit: Applying CVar settings loaded from the selected device profile: [Windows]
[2017.05.20-23.11.56:980][  0]LogInit: Computer: DESKTOP-58CNULQ
[2017.05.20-23.11.56:980][  0]LogInit: User: Ethan
[2017.05.20-23.11.56:980][  0]LogInit: CPU Page size=65536, Cores=4
[2017.05.20-23.11.56:980][  0]LogInit: High frequency timer resolution =3.312789 MHz
[2017.05.20-23.11.56:981][  0]LogMemory: Memory total: Physical=15.9GB (16GB approx)
[2017.05.20-23.11.56:981][  0]LogMemory: Platform Memory Stats for Windows
[2017.05.20-23.11.56:981][  0]LogMemory: Process Physical Memory: 262.78 MB used, 262.78 MB peak
[2017.05.20-23.11.56:981][  0]LogMemory: Process Virtual Memory: 262.80 MB used, 262.80 MB peak
[2017.05.20-23.11.56:981][  0]LogMemory: Physical Memory: 6510.67 MB used,  9768.51 MB free, 16279.18 MB total
[2017.05.20-23.11.56:981][  0]LogMemory: Virtual Memory: 645.45 MB used,  9768.51 MB free, 134217728.00 MB total
[2017.05.20-23.11.57:075][  0]LogTextLocalizationManager: No specific translations for ('en-US') exist, so ('en') translations will be used.
[2017.05.20-23.11.57:661][  0]LogD3D11RHI: D3D11 adapters:
[2017.05.20-23.11.57:694][  0]LogD3D11RHI:    0. 'NVIDIA GeForce GTX 660' (Feature Level 11_0)
[2017.05.20-23.11.57:694][  0]LogD3D11RHI:       1505/0/8139 MB DedicatedVideo/DedicatedSystem/SharedSystem, Outputs:1, VendorId:0x10de
[2017.05.20-23.11.57:697][  0]LogD3D11RHI:    1. 'Intel(R) HD Graphics 4000' (Feature Level 11_0)
[2017.05.20-23.11.57:697][  0]LogD3D11RHI:       32/0/1760 MB DedicatedVideo/DedicatedSystem/SharedSystem, Outputs:1, VendorId:0x8086
[2017.05.20-23.11.57:698][  0]LogD3D11RHI:    2. 'Microsoft Basic Render Driver' (Feature Level 11_0)
[2017.05.20-23.11.57:698][  0]LogD3D11RHI:       0/0/8139 MB DedicatedVideo/DedicatedSystem/SharedSystem, Outputs:0, VendorId:0x1414
[2017.05.20-23.11.57:698][  0]LogD3D11RHI: Chosen D3D11 Adapter: 0
[2017.05.20-23.11.57:702][  0]LogD3D11RHI: Creating new Direct3DDevice
[2017.05.20-23.11.57:702][  0]LogD3D11RHI:     GPU DeviceId: 0x1185 (for the marketing name, search the web for "GPU Device Id")
[2017.05.20-23.11.57:702][  0]LogWindows: EnumDisplayDevices:
[2017.05.20-23.11.57:702][  0]LogWindows:    0. 'NVIDIA GeForce GTX 660' (P:1 D:1)
[2017.05.20-23.11.57:703][  0]LogWindows:    1. 'NVIDIA GeForce GTX 660' (P:0 D:0)
[2017.05.20-23.11.57:703][  0]LogWindows:    2. 'NVIDIA GeForce GTX 660' (P:0 D:0)
[2017.05.20-23.11.57:703][  0]LogWindows:    3. 'NVIDIA GeForce GTX 660' (P:0 D:0)
[2017.05.20-23.11.57:703][  0]LogWindows:    4. 'Intel(R) HD Graphics 4000' (P:0 D:1)
[2017.05.20-23.11.57:703][  0]LogWindows:    5. 'Intel(R) HD Graphics 4000' (P:0 D:0)
[2017.05.20-23.11.57:703][  0]LogWindows: DebugString: PrimaryIsNotTheChoosenAdapter PrimaryIsNotTheChoosenAdapter FoundDriverCount:4 
[2017.05.20-23.11.57:703][  0]LogD3D11RHI:     Adapter Name: NVIDIA GeForce GTX 660
[2017.05.20-23.11.57:703][  0]LogD3D11RHI:   Driver Version: 376.53 (internal:21.21.13.7653, unified:376.53)
[2017.05.20-23.11.57:703][  0]LogD3D11RHI:      Driver Date: 12-29-2016
[2017.05.20-23.11.57:703][  0]LogRHI: Texture pool is 1053 MB (70% of 1505 MB)
[2017.05.20-23.11.57:715][  0]LogD3D11RHI:Warning: Timestamp queries are currently disabled on this hardware due to instability. Realtime GPU stats will not be available. You can override this behaviour by setting r.NVIDIATimestampWorkaround to 0
[2017.05.20-23.11.57:716][  0]LogD3D11RHI: [Aftermath] Aftermath enabled but failed to initialize due to reason: DriverVersionNotSupported
[2017.05.20-23.11.57:716][  0]LogD3D11RHI: Async texture creation enabled
[2017.05.20-23.11.57:732][  0]LogD3D11RHI: GPU Timing Frequency: 1000.000000 (Debug: 2 2)
[2017.05.20-23.11.57:782][  0]LogShaderCompilers: Guid format shader working directory is 8 characters bigger than the processId version (../../../../../../SVN/SkaGame2/SkaGame/Intermediate/Shaders/WorkingDirectory/3356/).
[2017.05.20-23.11.57:782][  0]LogShaderCompilers: Cleaned the shader compiler working directory 'C:/Users/Ethan/AppData/Local/Temp/UnrealShaderWorkingDir/CD5E9B214A180668DE1547AE5AF35653/'.
[2017.05.20-23.11.57:782][  0]LogShaderCompilers:Display: Using Local Shader Compiler.
[2017.05.20-23.11.58:840][  0]LogTemp:Display: Loaded TP AllDesktopTargetPlatform
[2017.05.20-23.11.58:896][  0]LogTemp:Display: Loaded TP MacClientTargetPlatform
[2017.05.20-23.11.58:952][  0]LogTemp:Display: Loaded TP MacNoEditorTargetPlatform
[2017.05.20-23.11.59:009][  0]LogTemp:Display: Loaded TP MacServerTargetPlatform
[2017.05.20-23.11.59:065][  0]LogTemp:Display: Loaded TP MacTargetPlatform
[2017.05.20-23.11.59:122][  0]LogTemp:Display: Loaded TP WindowsClientTargetPlatform
[2017.05.20-23.11.59:178][  0]LogTemp:Display: Loaded TP WindowsNoEditorTargetPlatform
[2017.05.20-23.11.59:234][  0]LogTemp:Display: Loaded TP WindowsServerTargetPlatform
[2017.05.20-23.11.59:280][  0]LogTemp:Display: Loaded TP WindowsTargetPlatform
[2017.05.20-23.11.59:335][  0]LogTemp:Display: Loaded TP AndroidTargetPlatform
[2017.05.20-23.11.59:389][  0]LogTemp:Display: Loaded TP Android_ASTCTargetPlatform
[2017.05.20-23.11.59:444][  0]LogTemp:Display: Loaded TP Android_ATCTargetPlatform
[2017.05.20-23.11.59:500][  0]LogTemp:Display: Loaded TP Android_DXTTargetPlatform
[2017.05.20-23.11.59:555][  0]LogTemp:Display: Loaded TP Android_ETC1TargetPlatform
[2017.05.20-23.11.59:611][  0]LogTemp:Display: Loaded TP Android_ETC2TargetPlatform
[2017.05.20-23.11.59:721][  0]LogTemp:Display: Loaded TP Android_MultiTargetPlatform
[2017.05.20-23.11.59:721][  0]LogTemp:Display: Loaded TP Android_PVRTCTargetPlatform
[2017.05.20-23.11.59:760][  0]LogTemp:Display: Loaded TP HTML5TargetPlatform
[2017.05.20-23.11.59:859][  0]LogTemp:Display: Loaded TP IOSTargetPlatform
[2017.05.20-23.11.59:897][  0]LogTemp:Display: Loaded TP TVOSTargetPlatform
[2017.05.20-23.11.59:954][  0]LogTemp:Display: Loaded TP LinuxClientTargetPlatform
[2017.05.20-23.12.00:010][  0]LogTemp:Display: Loaded TP LinuxNoEditorTargetPlatform
[2017.05.20-23.12.00:065][  0]LogTemp:Display: Loaded TP LinuxServerTargetPlatform
[2017.05.20-23.12.00:120][  0]LogTemp:Display: Loaded TP LinuxTargetPlatform
[2017.05.20-23.12.00:120][  0]LogTargetPlatformManager:Display: Building Assets For Windows
[2017.05.20-23.12.00:575][  0]LogDerivedDataCache:Display: Max Cache Size: 512 MB
[2017.05.20-23.12.00:623][  0]LogDerivedDataCache: Loaded boot cache 0.05s 50MB C:/Users/Ethan/AppData/Local/UnrealEngine/4.15/DerivedDataCache/Boot.ddc.
[2017.05.20-23.12.00:623][  0]LogDerivedDataCache:Display: Loaded Boot cache: C:/Users/Ethan/AppData/Local/UnrealEngine/4.15/DerivedDataCache/Boot.ddc
[2017.05.20-23.12.00:623][  0]LogDerivedDataCache: FDerivedDataBackendGraph:  Pak pak cache file ../../../../../../SVN/SkaGame2/SkaGame/DerivedDataCache/DDC.ddp not found, will not use a pak cache.
[2017.05.20-23.12.00:623][  0]LogDerivedDataCache: Unable to find inner node Pak for hierarchical cache Hierarchy.
[2017.05.20-23.12.00:623][  0]LogDerivedDataCache: FDerivedDataBackendGraph:  CompressedPak pak cache file ../../../../../../SVN/SkaGame2/SkaGame/DerivedDataCache/Compressed.ddp not found, will not use a pak cache.
[2017.05.20-23.12.00:623][  0]LogDerivedDataCache: Unable to find inner node CompressedPak for hierarchical cache Hierarchy.
[2017.05.20-23.12.00:640][  0]LogDerivedDataCache:Display: Pak cache opened for reading ../../../Engine/DerivedDataCache/Compressed.ddp.
[2017.05.20-23.12.00:652][  0]LogDerivedDataCache: Using Local data cache path C:/Users/Ethan/AppData/Local/UnrealEngine/Common/DerivedDataCache: Writable
[2017.05.20-23.12.00:661][  0]LogSlate: Using Freetype 2.6.0
[2017.05.20-23.12.00:663][  0]LogSlate: SlateFontCache - WITH_FREETYPE: 1, WITH_HARFBUZZ: 1
[2017.05.20-23.12.00:663][  0]LogSlate: SlateFontCache - WITH_FREETYPE: 1, WITH_HARFBUZZ: 1
[2017.05.20-23.12.00:955][  0]LogInit: Selected Device Profile: [Windows]
[2017.05.20-23.12.00:958][  0]LogContentStreaming: Texture pool size is 0.00 MB
[2017.05.20-23.12.01:163][  0]LogMeshUtilities: Using QuadricMeshReduction for automatic static mesh reduction
[2017.05.20-23.12.01:207][  0]LogSimplygon: Simplygon DLL not present - disabling.
[2017.05.20-23.12.01:255][  0]LogMeshUtilities: Using SimplygonSwarm for distributed automatic mesh merging
[2017.05.20-23.12.01:255][  0]LogMeshUtilities: No automatic skeletal mesh reduction module available
[2017.05.20-23.12.01:255][  0]LogMeshUtilities: No automatic mesh merging module available
[2017.05.20-23.12.01:762][  0]LogNetVersion: GetLocalNetworkVersion: CL: 3299760, ProjectName: skagame, ProjectVersion: , EngineNetworkVersion: 2, GameNetworkVersion: 0, NetworkChecksum: 2367570535
[2017.05.20-23.12.01:808][  0]LogAssetRegistry: FAssetRegistry took 0.0215 seconds to start up
[2017.05.20-23.12.01:851][  0]LogPackageLocalizationCache: Processed 3 localized package path(s) for 2 prioritized culture(s) in 0.020554 seconds
[2017.05.20-23.12.01:856][  0]LogUObjectArray: 32493 objects as part of root set at end of initial load.
[2017.05.20-23.12.01:856][  0]LogUObjectAllocator: 7077032 out of 0 bytes used by permanent object pool.
[2017.05.20-23.12.01:856][  0]LogUObjectArray: CloseDisregardForGC: 0/0 objects in disregard for GC pool
[2017.05.20-23.12.01:920][  0]LogInit: WinSock: version 1.1 (2.2), MaxSocks=32767, MaxUdp=65467
[2017.05.20-23.12.03:502][  0]LogTcpMessaging: Initializing TcpMessaging bridge
[2017.05.20-23.12.03:544][  0]LogUdpMessaging: Initializing bridge on interface 0.0.0.0:0 to multicast group 230.0.0.1:6666.
[2017.05.20-23.12.04:061][  0]LogMaterial: Uniform references updated for custom material expression Custom.
[2017.05.20-23.12.04:464][  0]SourceControl: Info Source control is disabled
[2017.05.20-23.12.04:464][  0]SourceControl: Info Source control is disabled
[2017.05.20-23.12.04:517][  0]SourceControl: Info Source control is disabled
[2017.05.20-23.12.04:570][  0]SourceControl: Info Source control is disabled
[2017.05.20-23.12.05:898][  0]LogEngine: Initializing Engine...
[2017.05.20-23.12.05:898][  0]LogHMD: Failed to initialize OpenVR with code 110
[2017.05.20-23.12.06:004][  0]LogStats: UGameplayTagsManager::ConstructGameplayTagTree: Construct from data asset -  0.000 s
[2017.05.20-23.12.06:004][  0]LogStats: UGameplayTagsManager::ConstructGameplayTagTree: GameplayTagTreeChangedEvent.Broadcast -  0.000 s
[2017.05.20-23.12.06:126][  0]LogAIModule: Creating AISystem for world Untitled
[2017.05.20-23.12.06:146][  0]LogInit: XAudio2 using 'Speakers (5- Logitech G930 Gaming Headset)' : 8 channels at 48 kHz using 16 bits per sample (channel mask 0x63f)
[2017.05.20-23.12.06:164][  0]LogInit: FAudioDevice initialized.
[2017.05.20-23.12.06:188][  0]LogDerivedDataCache: Saved boot cache 0.02s 50MB C:/Users/Ethan/AppData/Local/UnrealEngine/4.15/DerivedDataCache/Boot.ddc.
[2017.05.20-23.12.06:195][  0]LogInit: Texture streaming: Enabled
[2017.05.20-23.12.06:293][  0]LogEngineSessionManager: EngineSessionManager initialized
[2017.05.20-23.12.06:383][  0]LogInit: Transaction tracking system initialized
[2017.05.20-23.12.06:800][  0]BlueprintLog: New page: Editor Load
[2017.05.20-23.12.07:742][  0]LocalizationService: Info Localization service is disabled
[2017.05.20-23.12.08:478][  0]LogConsoleResponse:Display: 
[2017.05.20-23.12.08:616][  0]LogCook:Display: Max memory allowance for cook 16384mb min free memory 0mb
[2017.05.20-23.12.08:616][  0]LogCook:Display: Mobile HDR setting 1
[2017.05.20-23.12.09:024][  0]LogFileCache: Scanning file cache for directory 'C:/SVN/SkaGame2/SkaGame/Content/' took 0.01s
[2017.05.20-23.12.09:729][  0]SourceControl: Info Source control is disabled
[2017.05.20-23.12.09:729][  0]Cmd: MAP LOAD FILE="../../../../../../SVN/SkaGame2/SkaGame/Content/SideScrollerBP/Maps/SideScrollerExampleMap.umap" TEMPLATE=0 SHOWPROGRESS=1 FEATURELEVEL=3
[2017.05.20-23.12.09:729][  0]LightingResults: New page: Lighting Build
[2017.05.20-23.12.09:773][  0]MapCheck: New page: Map Check
[2017.05.20-23.12.09:773][  0]LightingResults: New page: Lighting Build
[2017.05.20-23.12.10:179][  0]LogAIModule: Creating AISystem for world SideScrollerExampleMap
[2017.05.20-23.12.10:203][  0]LogEditorServer: Finished looking for orphan Actors (0.000 secs)
[2017.05.20-23.12.10:204][  0]Cmd: MAP CHECKDEP NOCLEARLOG
[2017.05.20-23.12.10:251][  0]MapCheck: Info Map check complete: 0 Error(s), 0 Warning(s), took 46.531ms to complete.
[2017.05.20-23.12.10:251][  0]LogFileHelpers: Loading map 'SideScrollerExampleMap' took 0.522
[2017.05.20-23.12.10:317][  0]LogWindowsTextInputMethodSystem:Display: IME system now deactivated.
[2017.05.20-23.12.10:446][  0]LogCollectionManager: Loaded 0 collections in 0.001492 seconds
[2017.05.20-23.12.10:531][  0]LogFileCache: Scanning file cache for directory 'C:/SVN/SkaGame2/SkaGame/Saved/Collections/' took 0.01s
[2017.05.20-23.12.10:531][  0]LogFileCache: Scanning file cache for directory 'C:/SVN/SkaGame2/SkaGame/Content/Developers/Ethan/Collections/' took 0.01s
[2017.05.20-23.12.10:531][  0]LogFileCache: Scanning file cache for directory 'C:/SVN/SkaGame2/SkaGame/Content/Collections/' took 0.01s
[2017.05.20-23.12.10:531][  0]LogCollectionManager: Rebuilt the GUID cache for 0 collections in 0.000002 seconds
[2017.05.20-23.12.10:541][  0]LogContentBrowser: Native class hierarchy populated in 0.0098 seconds. Added 2245 classes and 453 folders.
[2017.05.20-23.12.10:613][  0]LogContentBrowser: Native class hierarchy updated for 'WidgetCarousel' in 0.0005 seconds. Added 0 classes and 0 folders.
[2017.05.20-23.12.10:648][  0]LogContentBrowser: Native class hierarchy updated for 'AddContentDialog' in 0.0008 seconds. Added 0 classes and 0 folders.
[2017.05.20-23.12.10:696][  0]LogContentBrowser: Native class hierarchy updated for 'SceneOutliner' in 0.0005 seconds. Added 1 classes and 2 folders.
[2017.05.20-23.12.10:748][  0]LogCrashTracker: Crashtracker disabled due to settings.
[2017.05.20-23.12.10:757][  0]LogUObjectGlobals:Warning: Failed to find object 'Class None.'
[2017.05.20-23.12.10:828][  0]LogContentBrowser: Native class hierarchy updated for 'HierarchicalLODOutliner' in 0.0005 seconds. Added 1 classes and 2 folders.
[2017.05.20-23.12.10:828][  0]LogLoad: (Engine Initialization) Total time: 15.60 seconds
[2017.05.20-23.12.10:828][  0]LogLoad: (Engine Initialization) Total Blueprint compile time: 0.15 seconds
[2017.05.20-23.12.10:828][  0]LogExternalProfiler: Found external profiler: VSPerf
[2017.05.20-23.12.10:828][  0]LogExternalProfiler: Using external profiler: VSPerf
[2017.05.20-23.12.10:837][  0]LogOcInput: OculusInput pre-init called
[2017.05.20-23.12.10:858][  0]LogContentStreaming: Texture pool size now 1000 MB
[2017.05.20-23.12.10:860][  0]LogSlate: Took 0.000204 seconds to synchronously load lazily loaded font '../../../Engine/Content/Slate/Fonts/Roboto-Regular.ttf' (155K)
[2017.05.20-23.12.10:863][  0]LogSlate: Took 0.000173 seconds to synchronously load lazily loaded font '../../../Engine/Content/Slate/Fonts/Roboto-Bold.ttf' (160K)
[2017.05.20-23.12.10:869][  0]LogSlate: Took 0.000342 seconds to synchronously load lazily loaded font '../../../Engine/Content/Editor/Slate/Fonts/FontAwesome.ttf' (139K)
[2017.05.20-23.12.10:986][  0]LogSlate: Took 0.000161 seconds to synchronously load lazily loaded font '../../../Engine/Content/Slate/Fonts/Roboto-Light.ttf' (159K)
[2017.05.20-23.12.11:030][  0]LogRenderer: Reallocating scene render targets to support 1208x556 NumSamples 1 (Frame:2).
[2017.05.20-23.12.11:091][  1]LogMaterial: Missing cached shader map for material Material_0, compiling. 
[2017.05.20-23.12.11:093][  1]LogTemp:Display: Added material ShaderMap 0x000001E372AC4800 with Material 0x000001E372AA1C00 to ShaderMapsBeingCompiled
[2017.05.20-23.12.11:144][  1]LogTemp:Display: Kicking off shader compilation for Material_0, GameThreadShaderMap 0x000001E372AC4800
[2017.05.20-23.12.11:151][  1]LogAssetRegistry: Asset discovery search completed in 9.3647 seconds
[2017.05.20-23.12.11:151][  1]LogCollectionManager: Rebuilt the object cache for 0 collections in 0.000006 seconds (found 0 objects)
[2017.05.20-23.12.11:151][  1]LogCollectionManager: Fixed up redirectors for 0 collections in 0.000021 seconds (updated 0 objects)
[2017.05.20-23.12.11:200][  2]LogMaterial: Missing cached shader map for material Material_1, compiling. 
[2017.05.20-23.12.11:201][  2]LogTemp:Display: Added material ShaderMap 0x000001E30A7C3200 with Material 0x000001E30A814580 to ShaderMapsBeingCompiled
[2017.05.20-23.12.11:231][  2]LogTemp:Display: Kicking off shader compilation for Material_1, GameThreadShaderMap 0x000001E30A7C3200
[2017.05.20-23.12.11:275][  3]LogMaterial: Missing cached shader map for material Material_2, compiling. 
[2017.05.20-23.12.11:276][  3]LogTemp:Display: Added material ShaderMap 0x000001E30A271D00 with Material 0x000001E30A236080 to ShaderMapsBeingCompiled
[2017.05.20-23.12.11:311][  3]LogTemp:Display: Kicking off shader compilation for Material_2, GameThreadShaderMap 0x000001E30A271D00
[2017.05.20-23.12.11:363][  4]LogMaterial: Missing cached shader map for material Material_3, compiling. 
[2017.05.20-23.12.11:365][  4]LogTemp:Display: Added material ShaderMap 0x000001E37F730F00 with Material 0x000001E30A234A00 to ShaderMapsBeingCompiled
[2017.05.20-23.12.11:404][  4]LogTemp:Display: Kicking off shader compilation for Material_3, GameThreadShaderMap 0x000001E37F730F00
[2017.05.20-23.12.14:276][245]LogTemp:Display: Finished compile of shader map 0x000001E372AC4800
[2017.05.20-23.12.14:276][245]LogTemp:Display: Shader map Material_0 complete, GameThreadShaderMap 0x000001E372AC4800, marking material Material_0 as finished
[2017.05.20-23.12.14:276][245]LogTemp:Display: Marking material as finished 0x000001E372AA1C00
[2017.05.20-23.12.16:360][441]LogTemp:Display: Finished compile of shader map 0x000001E30A7C3200
[2017.05.20-23.12.16:360][441]LogTemp:Display: Shader map Material_1 complete, GameThreadShaderMap 0x000001E30A7C3200, marking material Material_1 as finished
[2017.05.20-23.12.16:360][441]LogTemp:Display: Marking material as finished 0x000001E30A814580
[2017.05.20-23.12.17:988][600]LogTemp:Display: Finished compile of shader map 0x000001E30A271D00
[2017.05.20-23.12.17:988][600]LogTemp:Display: Shader map Material_2 complete, GameThreadShaderMap 0x000001E30A271D00, marking material Material_2 as finished
[2017.05.20-23.12.17:988][600]LogTemp:Display: Marking material as finished 0x000001E30A236080
[2017.05.20-23.12.18:976][711]LogTemp:Display: Finished compile of shader map 0x000001E37F730F00
[2017.05.20-23.12.18:976][711]LogTemp:Display: Shader map Material_3 complete, GameThreadShaderMap 0x000001E37F730F00, marking material Material_3 as finished
[2017.05.20-23.12.18:976][711]LogTemp:Display: Marking material as finished 0x000001E30A234A00
[2017.05.20-23.13.01:730][682]LogTemp: Repeting last play command: Selected Viewport
[2017.05.20-23.13.01:744][682]LogBlueprintUserMessages: Early PlayInEditor Detection: Level '/Game/SideScrollerBP/Maps/SideScrollerExampleMap.SideScrollerExampleMap:PersistentLevel' has LevelScriptBlueprint '/Game/SideScrollerBP/Maps/SideScrollerExampleMap.SideScrollerExampleMap:PersistentLevel.SideScrollerExampleMap' with GeneratedClass '/Game/SideScrollerBP/Maps/SideScrollerExampleMap.SideScrollerExampleMap_C' with ClassGeneratedBy '/Game/SideScrollerBP/Maps/SideScrollerExampleMap.SideScrollerExampleMap:PersistentLevel.SideScrollerExampleMap'
[2017.05.20-23.13.01:744][682]LogPlayLevel: PlayLevel: No blueprints needed recompiling
[2017.05.20-23.13.01:744][682]PIE: New page: PIE session: SideScrollerExampleMap (May 20, 2017, 3:13:01 PM)
[2017.05.20-23.13.01:745][682]LogPlayLevel: Creating play world package: /Game/SideScrollerBP/Maps/UEDPIE_0_SideScrollerExampleMap
[2017.05.20-23.13.01:767][682]LogPlayLevel: PIE: StaticDuplicateObject took: (0.022538s)
[2017.05.20-23.13.01:768][682]LogAIModule: Creating AISystem for world SideScrollerExampleMap
[2017.05.20-23.13.01:768][682]LogPlayLevel: PIE: World Init took: (0.000839s)
[2017.05.20-23.13.01:768][682]LogPlayLevel: PIE: Created PIE world by copying editor world from /Game/SideScrollerBP/Maps/SideScrollerExampleMap.SideScrollerExampleMap to /Game/SideScrollerBP/Maps/UEDPIE_0_SideScrollerExampleMap.SideScrollerExampleMap (0.023631s)
[2017.05.20-23.13.01:795][682]LogInit: XAudio2 using 'Speakers (5- Logitech G930 Gaming Headset)' : 8 channels at 48 kHz using 16 bits per sample (channel mask 0x63f)
[2017.05.20-23.13.01:809][682]LogInit: FAudioDevice initialized.
[2017.05.20-23.13.01:858][682]LogLoad: Game class is 'SideScrollerGameMode_C'
[2017.05.20-23.13.01:861][682]LogWorld: Bringing World /Game/SideScrollerBP/Maps/UEDPIE_0_SideScrollerExampleMap.SideScrollerExampleMap up for play (max tick rate 0) at 2017.05.20-19.13.01
[2017.05.20-23.13.01:861][682]LogWorld: Bringing up level for play took: 0.002565
[2017.05.20-23.13.01:919][682]LogContentBrowser: Native class hierarchy updated for 'MovieSceneCapture' in 0.0006 seconds. Added 11 classes and 0 folders.
[2017.05.20-23.13.01:920][682]PIE: Info Play in editor start time for /Game/SideScrollerBP/Maps/UEDPIE_0_SideScrollerExampleMap 0.657
[2017.05.20-23.13.01:920][682]LogBlueprintUserMessages: Late PlayInEditor Detection: Level '/Game/SideScrollerBP/Maps/SideScrollerExampleMap.SideScrollerExampleMap:PersistentLevel' has LevelScriptBlueprint '/Game/SideScrollerBP/Maps/SideScrollerExampleMap.SideScrollerExampleMap:PersistentLevel.SideScrollerExampleMap' with GeneratedClass '/Game/SideScrollerBP/Maps/SideScrollerExampleMap.SideScrollerExampleMap_C' with ClassGeneratedBy '/Game/SideScrollerBP/Maps/SideScrollerExampleMap.SideScrollerExampleMap:PersistentLevel.SideScrollerExampleMap'
[2017.05.20-23.13.46:709][ 46]LogBlueprintUserMessages: Early EndPlayMap Detection: Level '/Game/SideScrollerBP/Maps/SideScrollerExampleMap.SideScrollerExampleMap:PersistentLevel' has LevelScriptBlueprint '/Game/SideScrollerBP/Maps/SideScrollerExampleMap.SideScrollerExampleMap:PersistentLevel.SideScrollerExampleMap' with GeneratedClass '/Game/SideScrollerBP/Maps/SideScrollerExampleMap.SideScrollerExampleMap_C' with ClassGeneratedBy '/Game/SideScrollerBP/Maps/SideScrollerExampleMap.SideScrollerExampleMap:PersistentLevel.SideScrollerExampleMap'
[2017.05.20-23.13.46:742][ 46]LogBlueprintUserMessages: Late EndPlayMap Detection: Level '/Game/SideScrollerBP/Maps/SideScrollerExampleMap.SideScrollerExampleMap:PersistentLevel' has LevelScriptBlueprint '/Game/SideScrollerBP/Maps/SideScrollerExampleMap.SideScrollerExampleMap:PersistentLevel.SideScrollerExampleMap' with GeneratedClass '/Game/SideScrollerBP/Maps/SideScrollerExampleMap.SideScrollerExampleMap_C' with ClassGeneratedBy '/Game/SideScrollerBP/Maps/SideScrollerExampleMap.SideScrollerExampleMap:PersistentLevel.SideScrollerExampleMap'
[2017.05.20-23.14.14:691][183]LogTemp: Repeting last play command: Selected Viewport
[2017.05.20-23.14.14:704][183]LogBlueprintUserMessages: Early PlayInEditor Detection: Level '/Game/SideScrollerBP/Maps/SideScrollerExampleMap.SideScrollerExampleMap:PersistentLevel' has LevelScriptBlueprint '/Game/SideScrollerBP/Maps/SideScrollerExampleMap.SideScrollerExampleMap:PersistentLevel.SideScrollerExampleMap' with GeneratedClass '/Game/SideScrollerBP/Maps/SideScrollerExampleMap.SideScrollerExampleMap_C' with ClassGeneratedBy '/Game/SideScrollerBP/Maps/SideScrollerExampleMap.SideScrollerExampleMap:PersistentLevel.SideScrollerExampleMap'
[2017.05.20-23.14.14:705][183]LogPlayLevel: PlayLevel: No blueprints needed recompiling
[2017.05.20-23.14.14:705][183]PIE: New page: PIE session: SideScrollerExampleMap (May 20, 2017, 3:14:14 PM)
[2017.05.20-23.14.14:705][183]LogPlayLevel: Creating play world package: /Game/SideScrollerBP/Maps/UEDPIE_0_SideScrollerExampleMap
[2017.05.20-23.14.14:722][183]LogPlayLevel: PIE: StaticDuplicateObject took: (0.017614s)
[2017.05.20-23.14.14:723][183]LogAIModule: Creating AISystem for world SideScrollerExampleMap
[2017.05.20-23.14.14:723][183]LogPlayLevel: PIE: World Init took: (0.001049s)
[2017.05.20-23.14.14:724][183]LogPlayLevel: PIE: Created PIE world by copying editor world from /Game/SideScrollerBP/Maps/SideScrollerExampleMap.SideScrollerExampleMap to /Game/SideScrollerBP/Maps/UEDPIE_0_SideScrollerExampleMap.SideScrollerExampleMap (0.018922s)
[2017.05.20-23.14.14:748][183]LogInit: XAudio2 using 'Speakers (5- Logitech G930 Gaming Headset)' : 8 channels at 48 kHz using 16 bits per sample (channel mask 0x63f)
[2017.05.20-23.14.14:763][183]LogInit: FAudioDevice initialized.
[2017.05.20-23.14.14:791][183]LogLoad: Game class is 'SideScrollerGameMode_C'
[2017.05.20-23.14.14:794][183]LogWorld: Bringing World /Game/SideScrollerBP/Maps/UEDPIE_0_SideScrollerExampleMap.SideScrollerExampleMap up for play (max tick rate 0) at 2017.05.20-19.14.14
[2017.05.20-23.14.14:794][183]LogWorld: Bringing up level for play took: 0.002058
[2017.05.20-23.14.14:795][183]PIE: Info Play in editor start time for /Game/SideScrollerBP/Maps/UEDPIE_0_SideScrollerExampleMap -0.468
[2017.05.20-23.14.14:795][183]LogBlueprintUserMessages: Late PlayInEditor Detection: Level '/Game/SideScrollerBP/Maps/SideScrollerExampleMap.SideScrollerExampleMap:PersistentLevel' has LevelScriptBlueprint '/Game/SideScrollerBP/Maps/SideScrollerExampleMap.SideScrollerExampleMap:PersistentLevel.SideScrollerExampleMap' with GeneratedClass '/Game/SideScrollerBP/Maps/SideScrollerExampleMap.SideScrollerExampleMap_C' with ClassGeneratedBy '/Game/SideScrollerBP/Maps/SideScrollerExampleMap.SideScrollerExampleMap:PersistentLevel.SideScrollerExampleMap'
[2017.05.20-23.15.00:096][614]LogBlueprintUserMessages: Early EndPlayMap Detection: Level '/Game/SideScrollerBP/Maps/SideScrollerExampleMap.SideScrollerExampleMap:PersistentLevel' has LevelScriptBlueprint '/Game/SideScrollerBP/Maps/SideScrollerExampleMap.SideScrollerExampleMap:PersistentLevel.SideScrollerExampleMap' with GeneratedClass '/Game/SideScrollerBP/Maps/SideScrollerExampleMap.SideScrollerExampleMap_C' with ClassGeneratedBy '/Game/SideScrollerBP/Maps/SideScrollerExampleMap.SideScrollerExampleMap:PersistentLevel.SideScrollerExampleMap'
[2017.05.20-23.15.00:229][614]LogBlueprintUserMessages: Late EndPlayMap Detection: Level '/Game/SideScrollerBP/Maps/SideScrollerExampleMap.SideScrollerExampleMap:PersistentLevel' has LevelScriptBlueprint '/Game/SideScrollerBP/Maps/SideScrollerExampleMap.SideScrollerExampleMap:PersistentLevel.SideScrollerExampleMap' with GeneratedClass '/Game/SideScrollerBP/Maps/SideScrollerExampleMap.SideScrollerExampleMap_C' with ClassGeneratedBy '/Game/SideScrollerBP/Maps/SideScrollerExampleMap.SideScrollerExampleMap:PersistentLevel.SideScrollerExampleMap'
[2017.05.20-23.15.16:814][749]LogSlate: Took 0.000146 seconds to synchronously load lazily loaded font '../../../Engine/Content/Slate/Fonts/Roboto-Light.ttf' (159K)
[2017.05.20-23.15.59:708][977]LogEditorViewport: Clicking on Actor (LMB): StaticMeshActor (Floor)
[2017.05.20-23.16.00:083][ 10]LogEditorViewport: Clicking on Actor (LMB): StaticMeshActor (Floor)
[2017.05.20-23.16.01:617][189]LogEditorViewport: Clicking on Actor (LMB): SideScrollerCharacter_C (SideScrollerCharacter)
[2017.05.20-23.16.04:116][410]LogEditorViewport: Clicking on Actor (LMB): StaticMeshActor (Floor)
[2017.05.20-23.16.04:554][446]LogEditorViewport: Clicking on Actor (LMB): StaticMeshActor (Floor)
[2017.05.20-23.16.04:795][471]LogEditorViewport: Clicking on Component (LMB): StaticMeshComponent (StaticMeshComponent0)
[2017.05.20-23.16.05:978][605]LogEditorViewport: Clicking on Actor (LMB): SideScrollerCharacter_C (SideScrollerCharacter)
[2017.05.20-23.16.26:187][256]LogContentBrowser: Native class hierarchy updated for 'SkeletonEditor' in 0.0006 seconds. Added 1 classes and 2 folders.
[2017.05.20-23.16.26:306][256]LogActorComponent: RegisterComponentWithWorld: (/Engine/Transient.World_8:PersistentLevel.Actor_0.DebugSkelMeshComponent_0) Already registered. Aborting.
[2017.05.20-23.16.26:693][256]LogSlate: Took 0.000130 seconds to synchronously load lazily loaded font '../../../Engine/Content/Slate/Fonts/Roboto-Regular.ttf' (155K)
[2017.05.20-23.16.26:809][256]LogContentBrowser: Native class hierarchy updated for 'BlueprintGraph' in 0.0009 seconds. Added 112 classes and 0 folders.
[2017.05.20-23.16.27:233][256]LogSkeletalMesh: USkeletalMeshComponent::InitArticulated : Bodies already created (/Engine/Transient.World_8:PersistentLevel.Actor_0.DebugSkelMeshComponent_0) - call TermArticulated first.
[2017.05.20-23.16.27:357][256]LogSlate: Took 0.000249 seconds to synchronously load lazily loaded font '../../../Engine/Content/Editor/Slate/Fonts/Roboto-BoldCondensed.ttf' (158K)
[2017.05.20-23.16.31:401][451]LogSlate: Took 0.000260 seconds to synchronously load lazily loaded font '../../../Engine/Content/Editor/Slate/Fonts/Roboto-Italic.ttf' (157K)
[2017.05.20-23.16.35:176][646]LogTemp: Repeting last play command: Selected Viewport
[2017.05.20-23.16.35:190][646]LogBlueprintUserMessages: Early PlayInEditor Detection: Level '/Game/SideScrollerBP/Maps/SideScrollerExampleMap.SideScrollerExampleMap:PersistentLevel' has LevelScriptBlueprint '/Game/SideScrollerBP/Maps/SideScrollerExampleMap.SideScrollerExampleMap:PersistentLevel.SideScrollerExampleMap' with GeneratedClass '/Game/SideScrollerBP/Maps/SideScrollerExampleMap.SideScrollerExampleMap_C' with ClassGeneratedBy '/Game/SideScrollerBP/Maps/SideScrollerExampleMap.SideScrollerExampleMap:PersistentLevel.SideScrollerExampleMap'
[2017.05.20-23.16.35:190][646]LogPlayLevel: PlayLevel: No blueprints needed recompiling
[2017.05.20-23.16.35:190][646]PIE: New page: PIE session: SideScrollerExampleMap (May 20, 2017, 3:16:35 PM)
[2017.05.20-23.16.35:190][646]LogPlayLevel: Creating play world package: /Game/SideScrollerBP/Maps/UEDPIE_0_SideScrollerExampleMap
[2017.05.20-23.16.35:209][646]LogPlayLevel: PIE: StaticDuplicateObject took: (0.018637s)
[2017.05.20-23.16.35:211][646]LogAIModule: Creating AISystem for world SideScrollerExampleMap
[2017.05.20-23.16.35:211][646]LogPlayLevel: PIE: World Init took: (0.001614s)
[2017.05.20-23.16.35:211][646]LogPlayLevel: PIE: Created PIE world by copying editor world from /Game/SideScrollerBP/Maps/SideScrollerExampleMap.SideScrollerExampleMap to /Game/SideScrollerBP/Maps/UEDPIE_0_SideScrollerExampleMap.SideScrollerExampleMap (0.020565s)
[2017.05.20-23.16.35:275][646]LogInit: XAudio2 using 'Speakers (5- Logitech G930 Gaming Headset)' : 8 channels at 48 kHz using 16 bits per sample (channel mask 0x63f)
[2017.05.20-23.16.35:290][646]LogInit: FAudioDevice initialized.
[2017.05.20-23.16.35:326][646]LogLoad: Game class is 'SideScrollerGameMode_C'
[2017.05.20-23.16.35:328][646]LogWorld: Bringing World /Game/SideScrollerBP/Maps/UEDPIE_0_SideScrollerExampleMap.SideScrollerExampleMap up for play (max tick rate 0) at 2017.05.20-19.16.35
[2017.05.20-23.16.35:329][646]LogWorld: Bringing up level for play took: 0.002040
[2017.05.20-23.16.35:330][646]PIE: Info Play in editor start time for /Game/SideScrollerBP/Maps/UEDPIE_0_SideScrollerExampleMap 0.067
[2017.05.20-23.16.35:330][646]LogBlueprintUserMessages: Late PlayInEditor Detection: Level '/Game/SideScrollerBP/Maps/SideScrollerExampleMap.SideScrollerExampleMap:PersistentLevel' has LevelScriptBlueprint '/Game/SideScrollerBP/Maps/SideScrollerExampleMap.SideScrollerExampleMap:PersistentLevel.SideScrollerExampleMap' with GeneratedClass '/Game/SideScrollerBP/Maps/SideScrollerExampleMap.SideScrollerExampleMap_C' with ClassGeneratedBy '/Game/SideScrollerBP/Maps/SideScrollerExampleMap.SideScrollerExampleMap:PersistentLevel.SideScrollerExampleMap'
[2017.05.20-23.16.45:644][294]LogBlueprintUserMessages: Early EndPlayMap Detection: Level '/Game/SideScrollerBP/Maps/SideScrollerExampleMap.SideScrollerExampleMap:PersistentLevel' has LevelScriptBlueprint '/Game/SideScrollerBP/Maps/SideScrollerExampleMap.SideScrollerExampleMap:PersistentLevel.SideScrollerExampleMap' with GeneratedClass '/Game/SideScrollerBP/Maps/SideScrollerExampleMap.SideScrollerExampleMap_C' with ClassGeneratedBy '/Game/SideScrollerBP/Maps/SideScrollerExampleMap.SideScrollerExampleMap:PersistentLevel.SideScrollerExampleMap'
[2017.05.20-23.16.45:742][294]LogBlueprintUserMessages: Late EndPlayMap Detection: Level '/Game/SideScrollerBP/Maps/SideScrollerExampleMap.SideScrollerExampleMap:PersistentLevel' has LevelScriptBlueprint '/Game/SideScrollerBP/Maps/SideScrollerExampleMap.SideScrollerExampleMap:PersistentLevel.SideScrollerExampleMap' with GeneratedClass '/Game/SideScrollerBP/Maps/SideScrollerExampleMap.SideScrollerExampleMap_C' with ClassGeneratedBy '/Game/SideScrollerBP/Maps/SideScrollerExampleMap.SideScrollerExampleMap:PersistentLevel.SideScrollerExampleMap'
[2017.05.20-23.16.56:556][839]LogTemp: Repeting last play command: Selected Viewport
[2017.05.20-23.16.56:570][839]LogBlueprintUserMessages: Early PlayInEditor Detection: Level '/Game/SideScrollerBP/Maps/SideScrollerExampleMap.SideScrollerExampleMap:PersistentLevel' has LevelScriptBlueprint '/Game/SideScrollerBP/Maps/SideScrollerExampleMap.SideScrollerExampleMap:PersistentLevel.SideScrollerExampleMap' with GeneratedClass '/Game/SideScrollerBP/Maps/SideScrollerExampleMap.SideScrollerExampleMap_C' with ClassGeneratedBy '/Game/SideScrollerBP/Maps/SideScrollerExampleMap.SideScrollerExampleMap:PersistentLevel.SideScrollerExampleMap'
[2017.05.20-23.16.56:570][839]LogPlayLevel: PlayLevel: No blueprints needed recompiling
[2017.05.20-23.16.56:570][839]PIE: New page: PIE session: SideScrollerExampleMap (May 20, 2017, 3:16:56 PM)
[2017.05.20-23.16.56:570][839]LogPlayLevel: Creating play world package: /Game/SideScrollerBP/Maps/UEDPIE_0_SideScrollerExampleMap
[2017.05.20-23.16.56:587][839]LogPlayLevel: PIE: StaticDuplicateObject took: (0.016847s)
[2017.05.20-23.16.56:588][839]LogAIModule: Creating AISystem for world SideScrollerExampleMap
[2017.05.20-23.16.56:588][839]LogPlayLevel: PIE: World Init took: (0.000990s)
[2017.05.20-23.16.56:588][839]LogPlayLevel: PIE: Created PIE world by copying editor world from /Game/SideScrollerBP/Maps/SideScrollerExampleMap.SideScrollerExampleMap to /Game/SideScrollerBP/Maps/UEDPIE_0_SideScrollerExampleMap.SideScrollerExampleMap (0.018085s)
[2017.05.20-23.16.56:644][839]LogInit: XAudio2 using 'Speakers (5- Logitech G930 Gaming Headset)' : 8 channels at 48 kHz using 16 bits per sample (channel mask 0x63f)
[2017.05.20-23.16.56:659][839]LogInit: FAudioDevice initialized.
[2017.05.20-23.16.56:689][839]LogLoad: Game class is 'SideScrollerGameMode_C'
[2017.05.20-23.16.56:692][839]LogWorld: Bringing World /Game/SideScrollerBP/Maps/UEDPIE_0_SideScrollerExampleMap.SideScrollerExampleMap up for play (max tick rate 0) at 2017.05.20-19.16.56
[2017.05.20-23.16.56:692][839]LogWorld: Bringing up level for play took: 0.002219
[2017.05.20-23.16.56:693][839]PIE: Info Play in editor start time for /Game/SideScrollerBP/Maps/UEDPIE_0_SideScrollerExampleMap -0.569
[2017.05.20-23.16.56:694][839]LogBlueprintUserMessages: Late PlayInEditor Detection: Level '/Game/SideScrollerBP/Maps/SideScrollerExampleMap.SideScrollerExampleMap:PersistentLevel' has LevelScriptBlueprint '/Game/SideScrollerBP/Maps/SideScrollerExampleMap.SideScrollerExampleMap:PersistentLevel.SideScrollerExampleMap' with GeneratedClass '/Game/SideScrollerBP/Maps/SideScrollerExampleMap.SideScrollerExampleMap_C' with ClassGeneratedBy '/Game/SideScrollerBP/Maps/SideScrollerExampleMap.SideScrollerExampleMap:PersistentLevel.SideScrollerExampleMap'
[2017.05.20-23.17.02:997][231]LogBlueprintUserMessages: Early EndPlayMap Detection: Level '/Game/SideScrollerBP/Maps/SideScrollerExampleMap.SideScrollerExampleMap:PersistentLevel' has LevelScriptBlueprint '/Game/SideScrollerBP/Maps/SideScrollerExampleMap.SideScrollerExampleMap:PersistentLevel.SideScrollerExampleMap' with GeneratedClass '/Game/SideScrollerBP/Maps/SideScrollerExampleMap.SideScrollerExampleMap_C' with ClassGeneratedBy '/Game/SideScrollerBP/Maps/SideScrollerExampleMap.SideScrollerExampleMap:PersistentLevel.SideScrollerExampleMap'
[2017.05.20-23.17.03:091][231]LogBlueprintUserMessages: Late EndPlayMap Detection: Level '/Game/SideScrollerBP/Maps/SideScrollerExampleMap.SideScrollerExampleMap:PersistentLevel' has LevelScriptBlueprint '/Game/SideScrollerBP/Maps/SideScrollerExampleMap.SideScrollerExampleMap:PersistentLevel.SideScrollerExampleMap' with GeneratedClass '/Game/SideScrollerBP/Maps/SideScrollerExampleMap.SideScrollerExampleMap_C' with ClassGeneratedBy '/Game/SideScrollerBP/Maps/SideScrollerExampleMap.SideScrollerExampleMap:PersistentLevel.SideScrollerExampleMap'
[2017.05.20-23.17.24:444][330]LogActorComponent: RegisterComponentWithWorld: (/Engine/Transient.World_10:PersistentLevel.Actor_1.DebugSkelMeshComponent_2) Already registered. Aborting.
[2017.05.20-23.17.24:489][330]LogSkeletalMesh: USkeletalMeshComponent::InitArticulated : Bodies already created (/Engine/Transient.World_10:PersistentLevel.Actor_1.DebugSkelMeshComponent_2) - call TermArticulated first.
[2017.05.20-23.17.36:870][849]LogActorComponent: RegisterComponentWithWorld: (/Engine/Transient.World_14:PersistentLevel.Actor_2.DebugSkelMeshComponent_5) Already registered. Aborting.
[2017.05.20-23.17.36:990][849]LogSkeletalMesh: USkeletalMeshComponent::InitArticulated : Bodies already created (/Engine/Transient.World_14:PersistentLevel.Actor_2.DebugSkelMeshComponent_5) - call TermArticulated first.
[2017.05.20-23.18.14:746][593]LogUObjectBase:Warning: NULL object
[2017.05.20-23.18.14:868][593]LogStats: FPlatformStackWalk::StackWalkAndDump -  0.105 s
[2017.05.20-23.18.14:868][593]LogOutputDevice:Error: === Handled ensure: ===
[2017.05.20-23.18.14:868][593]LogOutputDevice:Error: 
[2017.05.20-23.18.14:868][593]LogOutputDevice:Error: Ensure condition failed: false [File:D:\Build\++UE4+Release-4.15+Compile\Sync\Engine\Source\Editor\Kismet\Private\SKismetInspector.cpp] [Line: 540]
[2017.05.20-23.18.14:868][593]LogOutputDevice:Error: Object in KismetInspector is invalid, see TTP 281915
[2017.05.20-23.18.14:868][593]LogOutputDevice:Error: Stack: 
[2017.05.20-23.18.14:868][593]LogOutputDevice:Error: UE4Editor-Core.dll!0x0000000048A795E6
[2017.05.20-23.18.14:868][593]LogOutputDevice:Error: UE4Editor-Core.dll!0x0000000048829B82
[2017.05.20-23.18.14:868][593]LogOutputDevice:Error: UE4Editor-Core.dll!0x000000004883B666
[2017.05.20-23.18.14:868][593]LogOutputDevice:Error: UE4Editor-Kismet.dll!0x0000000033C68AB1
[2017.05.20-23.18.14:868][593]LogOutputDevice:Error: UE4Editor-Kismet.dll!0x0000000033C654D6
[2017.05.20-23.18.14:868][593]LogOutputDevice:Error: UE4Editor-SlateCore.dll!0x00000000499B8C02
[2017.05.20-23.18.14:868][593]LogOutputDevice:Error: UE4Editor-SlateCore.dll!0x00000000499B778E
[2017.05.20-23.18.14:868][593]LogOutputDevice:Error: UE4Editor-Slate.dll!0x000000004830CECC
[2017.05.20-23.18.14:868][593]LogOutputDevice:Error: UE4Editor-SlateCore.dll!0x00000000499B8C55
[2017.05.20-23.18.14:868][593]LogOutputDevice:Error: UE4Editor-SlateCore.dll!0x00000000499B7ABE
[2017.05.20-23.18.14:868][593]LogOutputDevice:Error: UE4Editor-SlateCore.dll!0x00000000499B8C55
[2017.05.20-23.18.14:868][593]LogOutputDevice:Error: UE4Editor-SlateCore.dll!0x00000000499B9060
[2017.05.20-23.18.14:868][593]LogOutputDevice:Error: UE4Editor-SlateCore.dll!0x00000000499B7C08
[2017.05.20-23.18.14:868][593]LogOutputDevice:Error: UE4Editor-SlateCore.dll!0x00000000499B8C55
[2017.05.20-23.18.14:868][593]LogOutputDevice:Error: UE4Editor-SlateCore.dll!0x00000000499B778E
[2017.05.20-23.18.14:868][593]LogOutputDevice:Error: UE4Editor-SlateCore.dll!0x00000000499B8C55
[2017.05.20-23.18.14:868][593]LogOutputDevice:Error: UE4Editor-SlateCore.dll!0x00000000499B9060
[2017.05.20-23.18.14:868][593]LogOutputDevice:Error: UE4Editor-Slate.dll!0x00000000483891BD
[2017.05.20-23.18.14:868][593]LogOutputDevice:Error: UE4Editor-SlateCore.dll!0x00000000499B8C55
[2017.05.20-23.18.14:868][593]LogOutputDevice:Error: UE4Editor-SlateCore.dll!0x00000000499B778E
[2017.05.20-23.18.14:868][593]LogOutputDevice:Error: UE4Editor-SlateCore.dll!0x00000000499B8C55
[2017.05.20-23.18.14:868][593]LogOutputDevice:Error: UE4Editor-SlateCore.dll!0x00000000499B9060
[2017.05.20-23.18.14:868][593]LogOutputDevice:Error: UE4Editor-Slate.dll!0x00000000483891BD
[2017.05.20-23.18.14:868][593]LogOutputDevice:Error: UE4Editor-SlateCore.dll!0x00000000499B8C55
[2017.05.20-23.18.14:868][593]LogOutputDevice:Error: UE4Editor-SlateCore.dll!0x00000000499B778E
[2017.05.20-23.18.14:868][593]LogOutputDevice:Error: UE4Editor-SlateCore.dll!0x00000000499B8C55
[2017.05.20-23.18.14:868][593]LogOutputDevice:Error: UE4Editor-SlateCore.dll!0x00000000499B9060
[2017.05.20-23.18.14:868][593]LogOutputDevice:Error: UE4Editor-Slate.dll!0x00000000483891BD
[2017.05.20-23.18.14:868][593]LogOutputDevice:Error: UE4Editor-SlateCore.dll!0x00000000499B8C55
[2017.05.20-23.18.14:868][593]LogOutputDevice:Error: UE4Editor-SlateCore.dll!0x00000000499B7ABE
[2017.05.20-23.18.14:868][593]LogOutputDevice:Error: UE4Editor-SlateCore.dll!0x00000000499B8C55
[2017.05.20-23.18.14:868][593]LogOutputDevice:Error: UE4Editor-SlateCore.dll!0x00000000499B778E
[2017.05.20-23.18.14:868][593]LogOutputDevice:Error: UE4Editor-SlateCore.dll!0x00000000499B8C55
[2017.05.20-23.18.14:868][593]LogOutputDevice:Error: UE4Editor-SlateCore.dll!0x00000000499B9060
[2017.05.20-23.18.14:868][593]LogOutputDevice:Error: UE4Editor-SlateCore.dll!0x00000000499B7C08
[2017.05.20-23.18.14:868][593]LogOutputDevice:Error: UE4Editor-SlateCore.dll!0x00000000499B8C55
[2017.05.20-23.18.14:868][593]LogOutputDevice:Error: UE4Editor-SlateCore.dll!0x00000000499B778E
[2017.05.20-23.18.14:868][593]LogOutputDevice:Error: UE4Editor-SlateCore.dll!0x00000000499B8C55
[2017.05.20-23.18.14:868][593]LogOutputDevice:Error: UE4Editor-SlateCore.dll!0x00000000499B778E
[2017.05.20-23.18.14:868][593]LogOutputDevice:Error: UE4Editor-Slate.dll!0x000000004830CECC
[2017.05.20-23.18.14:868][593]LogOutputDevice:Error: UE4Editor-SlateCore.dll!0x00000000499B8C55
[2017.05.20-23.18.14:868][593]LogOutputDevice:Error: UE4Editor-SlateCore.dll!0x00000000499B7ABE
[2017.05.20-23.18.14:868][593]LogOutputDevice:Error: UE4Editor-SlateCore.dll!0x00000000499B8C55
[2017.05.20-23.18.14:868][593]LogOutputDevice:Error: UE4Editor-SlateCore.dll!0x00000000499B9060
[2017.05.20-23.18.14:868][593]LogOutputDevice:Error: UE4Editor-SlateCore.dll!0x00000000499B7C08
[2017.05.20-23.18.14:868][593]LogOutputDevice:Error: UE4Editor-SlateCore.dll!0x00000000499B8C55
[2017.05.20-23.18.14:868][593]LogOutputDevice:Error: UE4Editor-SlateCore.dll!0x00000000499B778E
[2017.05.20-23.18.14:868][593]LogOutputDevice:Error: UE4Editor-SlateCore.dll!0x00000000499B8C55
[2017.05.20-23.18.14:868][593]LogOutputDevice:Error: UE4Editor-SlateCore.dll!0x00000000499B9060
[2017.05.20-23.18.14:868][593]LogOutputDevice:Error: UE4Editor-Slate.dll!0x00000000483891BD
[2017.05.20-23.18.14:868][593]LogOutputDevice:Error: UE4Editor-SlateCore.dll!0x00000000499B8C55
[2017.05.20-23.18.14:868][593]LogOutputDevice:Error: UE4Editor-SlateCore.dll!0x00000000499B7ABE
[2017.05.20-23.18.14:868][593]LogOutputDevice:Error: UE4Editor-SlateCore.dll!0x00000000499B8C55
[2017.05.20-23.18.14:868][593]LogOutputDevice:Error: UE4Editor-SlateCore.dll!0x00000000499B778E
[2017.05.20-23.18.14:868][593]LogOutputDevice:Error: UE4Editor-SlateCore.dll!0x00000000499B8C55
[2017.05.20-23.18.14:868][593]LogOutputDevice:Error: UE4Editor-SlateCore.dll!0x00000000499B9060
[2017.05.20-23.18.14:868][593]LogOutputDevice:Error: UE4Editor-SlateCore.dll!0x00000000499B7C08
[2017.05.20-23.18.14:868][593]LogOutputDevice:Error: UE4Editor-SlateCore.dll!0x00000000499B8C55
[2017.05.20-23.18.14:868][593]LogOutputDevice:Error: UE4Editor-SlateCore.dll!0x00000000499B9060
[2017.05.20-23.18.14:868][593]LogOutputDevice:Error: UE4Editor-SlateCore.dll!0x00000000499B7C08
[2017.05.20-23.18.14:868][593]LogOutputDevice:Error: UE4Editor-SlateCore.dll!0x00000000499B8C55
[2017.05.20-23.18.14:868][593]LogOutputDevice:Error: UE4Editor-SlateCore.dll!0x00000000499B7ABE
[2017.05.20-23.18.14:868][593]LogOutputDevice:Error: UE4Editor-SlateCore.dll!0x00000000499B8C55
[2017.05.20-23.18.14:868][593]LogOutputDevice:Error: UE4Editor-SlateCore.dll!0x00000000499B778E
[2017.05.20-23.18.14:868][593]LogOutputDevice:Error: UE4Editor-SlateCore.dll!0x00000000499B7CAA
[2017.05.20-23.18.14:868][593]LogOutputDevice:Error: UE4Editor-SlateCore.dll!0x00000000499B8C55
[2017.05.20-23.18.14:868][593]LogOutputDevice:Error: UE4Editor-Slate.dll!0x00000000481530FD
[2017.05.20-23.18.14:868][593]LogOutputDevice:Error: UE4Editor-Slate.dll!0x000000004815411C
[2017.05.20-23.18.14:868][593]LogOutputDevice:Error: UE4Editor-Slate.dll!0x000000004818CF94
[2017.05.20-23.18.14:868][593]LogOutputDevice:Error: UE4Editor-Slate.dll!0x00000000481541C0
[2017.05.20-23.18.14:868][593]LogOutputDevice:Error: UE4Editor-Slate.dll!0x00000000481B2674
[2017.05.20-23.18.14:868][593]LogOutputDevice:Error: UE4Editor-Slate.dll!0x00000000481B15C0
[2017.05.20-23.18.14:868][593]LogOutputDevice:Error: UE4Editor.exe!0x00000000B8B2EA1D
[2017.05.20-23.18.14:868][593]LogOutputDevice:Error: UE4Editor.exe!0x00000000B8B1EB40
[2017.05.20-23.18.14:868][593]LogOutputDevice:Error: UE4Editor.exe!0x00000000B8B1EBBA
[2017.05.20-23.18.14:868][593]LogOutputDevice:Error: UE4Editor.exe!0x00000000B8B30A29
[2017.05.20-23.18.14:868][593]LogOutputDevice:Error: UE4Editor.exe!0x00000000B8B322B6
[2017.05.20-23.18.14:868][593]LogOutputDevice:Error: KERNEL32.DLL!0x0000000074FF8364
[2017.05.20-23.18.14:868][593]LogOutputDevice:Error: ntdll.dll!0x00000000755470D1
[2017.05.20-23.18.14:868][593]LogOutputDevice:Error: 
[2017.05.20-23.18.14:875][593]LogStats:                SubmitErrorReport -  0.000 s
