Log file open, 06/12/17 11:49:40
LogInit:Display: Running engine for game: SkaGame3
LogPlatformFile: Not using cached read wrapper
LogInit:Display: RandInit(-1162482620) SRandInit(-1162482620).
LogTaskGraph: Started task graph with 5 named threads and 8 total threads with 1 sets of task threads.
LogStats: Stats thread started at 0.086722
LogInit: Using libcurl 7.47.1
LogInit:  - built for x86_64-pc-win32
LogInit:  - supports SSL with OpenSSL/1.0.2g
LogInit:  - supports HTTP deflate (compression) using libz 1.2.8
LogInit:  - other features:
LogInit:      CURL_VERSION_SSL
LogInit:      CURL_VERSION_LIBZ
LogInit:      CURL_VERSION_IPV6
LogInit:      CURL_VERSION_ASYNCHDNS
LogInit:      CURL_VERSION_LARGEFILE
LogInit:      CURL_VERSION_IDN
LogInit:  CurlRequestOptions (configurable via config and command line):
LogInit:  - bVerifyPeer = false  - Libcurl will NOT verify peer certificate
LogInit:  - bUseHttpProxy = false  - Libcurl will NOT use HTTP proxy
LogInit:  - bDontReuseConnections = false  - Libcurl will reuse connections
LogInit:  - CertBundlePath = nullptr  - Libcurl will use whatever was configured at build time.
OCULUS: Info: [CAPI] LibOVR module is located at C:\Program Files\Oculus\Support\oculus-runtime\LibOVRRT64_1.dll
OCULUS: Debug: Connected to the server running version (prod = 1).1.14.0(build = 378771) feature version = 0. Client runs version (prod = 1).1.14.0(build = 378771) feature version = 0
LogHMD: GearVR: Emulating GearVR using Oculus Rift!
LogInit: Build: ++UE4+Release-4.15-CL-3450819
LogInit: Engine Version: 4.15.3-3450819+++UE4+Release-4.15
LogInit: Compatible Engine Version: 4.15.0-3299760+++UE4+Release-4.15
LogInit: Net CL: 3299760
LogDevObjectVersion: Number of dev versions registered: 14
LogDevObjectVersion:   Dev-Blueprints (B0D832E4-1F89-4F0D-ACCF-7EB736FD4AA2): 8
LogDevObjectVersion:   Dev-Build (E1C64328-A22C-4D53-A36C-8E866417BD8C): 0
LogDevObjectVersion:   Dev-Core (375EC13C-06E4-48FB-B500-84F0262A717E): 2
LogDevObjectVersion:   Dev-Editor (E4B068ED-F494-42E9-A231-DA0B2E46BB41): 14
LogDevObjectVersion:   Dev-Framework (CFFC743F-43B0-4480-9391-14DF171D2073): 22
LogDevObjectVersion:   Dev-Mobile (B02B49B5-BB20-44E9-A304-32B752E40360): 0
LogDevObjectVersion:   Dev-Networking (A4E4105C-59A1-49B5-A7C5-40C4547EDFEE): 0
LogDevObjectVersion:   Dev-Online (39C831C9-5AE6-47DC-9A44-9C173E1C8E7C): 0
LogDevObjectVersion:   Dev-Physics (78F01B33-EBEA-4F98-B9B4-84EACCB95AA2): 0
LogDevObjectVersion:   Dev-Platform (6631380F-2D4D-43E0-8009-CF276956A95A): 0
LogDevObjectVersion:   Dev-Rendering (12F88B9F-8875-4AFC-A67C-D90C383ABD29): 12
LogDevObjectVersion:   Dev-Sequencer (7B5AE74C-D270-4C10-A958-57980B212A5A): 3
LogDevObjectVersion:   Dev-VR (D7296918-1DD6-4BDD-9DE2-64A83CC13884): 0
LogDevObjectVersion:   Dev-LoadTimes (C2A15278-BFE7-4AFE-6C17-90FF531DF755): 1
LogInit: Compiled (64-bit): May 21 2017 11:02:34
LogInit: Compiled with Visual C++: 19.00.23026.00
LogInit: Build Configuration: Development
LogInit: Branch Name: ++UE4+Release-4.15
LogInit: Command line: -EpicPortal 
LogInit: Base directory: C:/Program Files/Epic Games/UE_4.15/Engine/Binaries/Win64/
LogInit: Installed Engine Build: 1
LogInit: Presizing for max 8388607 objects, including 0 objects not considered by GC, pre-allocating 0 bytes for permanent pool.
LogInit: Object subsystem initialized
[2017.06.12-15.49.41:769][  0]LogInit: Selected Device Profile: [Windows]
[2017.06.12-15.49.41:769][  0]LogInit: Applying CVar settings loaded from the selected device profile: [Windows]
[2017.06.12-15.49.41:782][  0]LogInit: Computer: ETB118-003
[2017.06.12-15.49.41:782][  0]LogInit: User: LabUser
[2017.06.12-15.49.41:782][  0]LogInit: CPU Page size=65536, Cores=4
[2017.06.12-15.49.41:782][  0]LogInit: High frequency timer resolution =3.410086 MHz
[2017.06.12-15.49.41:782][  0]LogMemory: Memory total: Physical=31.9GB (32GB approx)
[2017.06.12-15.49.41:782][  0]LogMemory: Platform Memory Stats for Windows
[2017.06.12-15.49.41:782][  0]LogMemory: Process Physical Memory: 268.46 MB used, 268.46 MB peak
[2017.06.12-15.49.41:782][  0]LogMemory: Process Virtual Memory: 265.75 MB used, 265.75 MB peak
[2017.06.12-15.49.41:782][  0]LogMemory: Physical Memory: 5927.16 MB used,  26782.87 MB free, 32710.02 MB total
[2017.06.12-15.49.41:782][  0]LogMemory: Virtual Memory: 686.41 MB used,  26782.87 MB free, 134217728.00 MB total
[2017.06.12-15.49.41:865][  0]LogTextLocalizationManager: No specific translations for ('en-US') exist, so ('en') translations will be used.
[2017.06.12-15.49.42:633][  0]LogD3D11RHI: D3D11 adapters:
[2017.06.12-15.49.42:661][  0]LogD3D11RHI:    0. 'NVIDIA Quadro K4200' (Feature Level 11_0)
[2017.06.12-15.49.42:661][  0]LogD3D11RHI:       4063/0/16355 MB DedicatedVideo/DedicatedSystem/SharedSystem, Outputs:2, VendorId:0x10de
[2017.06.12-15.49.42:664][  0]LogD3D11RHI:    1. 'Microsoft Basic Render Driver' (Feature Level 11_0)
[2017.06.12-15.49.42:664][  0]LogD3D11RHI:       0/0/16355 MB DedicatedVideo/DedicatedSystem/SharedSystem, Outputs:0, VendorId:0x1414
[2017.06.12-15.49.42:664][  0]LogD3D11RHI: Chosen D3D11 Adapter: 0
[2017.06.12-15.49.42:667][  0]LogD3D11RHI: Creating new Direct3DDevice
[2017.06.12-15.49.42:668][  0]LogD3D11RHI:     GPU DeviceId: 0x11b4 (for the marketing name, search the web for "GPU Device Id")
[2017.06.12-15.49.42:668][  0]LogWindows: EnumDisplayDevices:
[2017.06.12-15.49.42:668][  0]LogWindows:    0. 'NVIDIA Quadro K4200' (P:0 D:1)
[2017.06.12-15.49.42:668][  0]LogWindows:    1. 'NVIDIA Quadro K4200' (P:1 D:1)
[2017.06.12-15.49.42:668][  0]LogWindows:    2. 'NVIDIA Quadro K4200' (P:0 D:0)
[2017.06.12-15.49.42:669][  0]LogWindows:    3. 'NVIDIA Quadro K4200' (P:0 D:0)
[2017.06.12-15.49.42:669][  0]LogWindows:    4. 'DameWare Development Mirror Driver 64-bit' (P:0 D:0)
[2017.06.12-15.49.42:669][  0]LogWindows: DebugString: GetVideoDriverDetailsInvalid PrimaryIsNotTheChoosenAdapter FoundDriverCount:4 
[2017.06.12-15.49.42:669][  0]LogD3D11RHI:     Adapter Name: NVIDIA Quadro K4200
[2017.06.12-15.49.42:669][  0]LogD3D11RHI:   Driver Version: 377.35 (internal:21.21.13.7735, unified:377.35)
[2017.06.12-15.49.42:669][  0]LogD3D11RHI:      Driver Date: 5-1-2017
[2017.06.12-15.49.42:669][  0]LogRHI: Texture pool is 1361 MB (70% of 1945 MB)
[2017.06.12-15.49.42:681][  0]LogD3D11RHI:Warning: Timestamp queries are currently disabled on this hardware due to instability. Realtime GPU stats will not be available. You can override this behaviour by setting r.NVIDIATimestampWorkaround to 0
[2017.06.12-15.49.42:682][  0]LogD3D11RHI: Async texture creation enabled
[2017.06.12-15.49.42:698][  0]LogD3D11RHI: GPU Timing Frequency: 1000.000000 (Debug: 2 2)
[2017.06.12-15.49.42:701][  0]LogShaderCompilers: Guid format shader working directory is -16 characters bigger than the processId version (../../../../../../Users/LabUser/Documents/GitHub/skagame/SkaGame/Intermediate/Shaders/WorkingDirectory/7952/).
[2017.06.12-15.49.42:701][  0]LogShaderCompilers: Cleaned the shader compiler working directory 'C:/Users/LabUser/AppData/Local/Temp/UnrealShaderWorkingDir/FB75E361408FF9EDCBFD0EB28ACCA859/'.
[2017.06.12-15.49.42:701][  0]LogShaderCompilers:Display: Using Local Shader Compiler.
[2017.06.12-15.49.44:078][  0]LogTemp:Display: Loaded TP AllDesktopTargetPlatform
[2017.06.12-15.49.44:156][  0]LogTemp:Display: Loaded TP MacClientTargetPlatform
[2017.06.12-15.49.44:225][  0]LogTemp:Display: Loaded TP MacNoEditorTargetPlatform
[2017.06.12-15.49.44:294][  0]LogTemp:Display: Loaded TP MacServerTargetPlatform
[2017.06.12-15.49.44:356][  0]LogTemp:Display: Loaded TP MacTargetPlatform
[2017.06.12-15.49.44:417][  0]LogTemp:Display: Loaded TP WindowsClientTargetPlatform
[2017.06.12-15.49.44:478][  0]LogTemp:Display: Loaded TP WindowsNoEditorTargetPlatform
[2017.06.12-15.49.44:541][  0]LogTemp:Display: Loaded TP WindowsServerTargetPlatform
[2017.06.12-15.49.44:594][  0]LogTemp:Display: Loaded TP WindowsTargetPlatform
[2017.06.12-15.49.44:656][  0]LogTemp:Display: Loaded TP AndroidTargetPlatform
[2017.06.12-15.49.44:717][  0]LogTemp:Display: Loaded TP Android_ASTCTargetPlatform
[2017.06.12-15.49.44:781][  0]LogTemp:Display: Loaded TP Android_ATCTargetPlatform
[2017.06.12-15.49.44:840][  0]LogTemp:Display: Loaded TP Android_DXTTargetPlatform
[2017.06.12-15.49.44:901][  0]LogTemp:Display: Loaded TP Android_ETC1TargetPlatform
[2017.06.12-15.49.44:961][  0]LogTemp:Display: Loaded TP Android_ETC2TargetPlatform
[2017.06.12-15.49.45:097][  0]LogTemp:Display: Loaded TP Android_MultiTargetPlatform
[2017.06.12-15.49.45:097][  0]LogTemp:Display: Loaded TP Android_PVRTCTargetPlatform
[2017.06.12-15.49.45:143][  0]LogTemp:Display: Loaded TP HTML5TargetPlatform
[2017.06.12-15.49.45:249][  0]LogTemp:Display: Loaded TP IOSTargetPlatform
[2017.06.12-15.49.45:285][  0]LogTemp:Display: Loaded TP TVOSTargetPlatform
[2017.06.12-15.49.45:350][  0]LogTemp:Display: Loaded TP LinuxClientTargetPlatform
[2017.06.12-15.49.45:417][  0]LogTemp:Display: Loaded TP LinuxNoEditorTargetPlatform
[2017.06.12-15.49.45:479][  0]LogTemp:Display: Loaded TP LinuxServerTargetPlatform
[2017.06.12-15.49.45:543][  0]LogTemp:Display: Loaded TP LinuxTargetPlatform
[2017.06.12-15.49.45:543][  0]LogTargetPlatformManager:Display: Building Assets For Windows
[2017.06.12-15.49.46:034][  0]LogDerivedDataCache:Display: Max Cache Size: 512 MB
[2017.06.12-15.49.46:082][  0]LogDerivedDataCache: Loaded boot cache 0.05s 50MB C:/Users/LabUser/AppData/Local/UnrealEngine/4.15/DerivedDataCache/Boot.ddc.
[2017.06.12-15.49.46:082][  0]LogDerivedDataCache:Display: Loaded Boot cache: C:/Users/LabUser/AppData/Local/UnrealEngine/4.15/DerivedDataCache/Boot.ddc
[2017.06.12-15.49.46:082][  0]LogDerivedDataCache: FDerivedDataBackendGraph:  Pak pak cache file ../../../../../../Users/LabUser/Documents/GitHub/skagame/SkaGame/DerivedDataCache/DDC.ddp not found, will not use a pak cache.
[2017.06.12-15.49.46:082][  0]LogDerivedDataCache: Unable to find inner node Pak for hierarchical cache Hierarchy.
[2017.06.12-15.49.46:082][  0]LogDerivedDataCache: FDerivedDataBackendGraph:  CompressedPak pak cache file ../../../../../../Users/LabUser/Documents/GitHub/skagame/SkaGame/DerivedDataCache/Compressed.ddp not found, will not use a pak cache.
[2017.06.12-15.49.46:082][  0]LogDerivedDataCache: Unable to find inner node CompressedPak for hierarchical cache Hierarchy.
[2017.06.12-15.49.46:101][  0]LogDerivedDataCache:Display: Pak cache opened for reading ../../../Engine/DerivedDataCache/Compressed.ddp.
[2017.06.12-15.49.46:113][  0]LogDerivedDataCache: Using Local data cache path C:/Users/LabUser/AppData/Local/UnrealEngine/Common/DerivedDataCache: Writable
[2017.06.12-15.49.46:123][  0]LogSlate: Using Freetype 2.6.0
[2017.06.12-15.49.46:124][  0]LogSlate: SlateFontCache - WITH_FREETYPE: 1, WITH_HARFBUZZ: 1
[2017.06.12-15.49.46:124][  0]LogSlate: SlateFontCache - WITH_FREETYPE: 1, WITH_HARFBUZZ: 1
[2017.06.12-15.49.46:479][  0]LogInit: Selected Device Profile: [Windows]
[2017.06.12-15.49.46:482][  0]LogContentStreaming: Texture pool size is 0.00 MB
[2017.06.12-15.49.46:708][  0]LogMeshUtilities: Using QuadricMeshReduction for automatic static mesh reduction
[2017.06.12-15.49.46:762][  0]LogSimplygon: Simplygon DLL not present - disabling.
[2017.06.12-15.49.46:829][  0]LogMeshUtilities: Using SimplygonSwarm for distributed automatic mesh merging
[2017.06.12-15.49.46:829][  0]LogMeshUtilities: No automatic skeletal mesh reduction module available
[2017.06.12-15.49.46:829][  0]LogMeshUtilities: No automatic mesh merging module available
[2017.06.12-15.49.47:357][  0]LogNetVersion: GetLocalNetworkVersion: CL: 3299760, ProjectName: skagame3, ProjectVersion: , EngineNetworkVersion: 2, GameNetworkVersion: 0, NetworkChecksum: 2118841436
[2017.06.12-15.49.47:400][  0]LogAssetRegistry: FAssetRegistry took 0.0213 seconds to start up
[2017.06.12-15.49.47:467][  0]LogPackageLocalizationCache: Processed 3 localized package path(s) for 2 prioritized culture(s) in 0.044267 seconds
[2017.06.12-15.49.47:472][  0]LogUObjectArray: 32493 objects as part of root set at end of initial load.
[2017.06.12-15.49.47:472][  0]LogUObjectAllocator: 7077024 out of 0 bytes used by permanent object pool.
[2017.06.12-15.49.47:472][  0]LogUObjectArray: CloseDisregardForGC: 0/0 objects in disregard for GC pool
[2017.06.12-15.49.47:536][  0]LogInit: WinSock: version 1.1 (2.2), MaxSocks=32767, MaxUdp=65467
[2017.06.12-15.49.49:423][  0]LogTcpMessaging: Initializing TcpMessaging bridge
[2017.06.12-15.49.49:485][  0]LogUdpMessaging: Initializing bridge on interface 0.0.0.0:0 to multicast group 230.0.0.1:6666.
[2017.06.12-15.49.49:998][  0]LogMaterial: Uniform references updated for custom material expression Custom.
[2017.06.12-15.49.50:424][  0]SourceControl: Info Source control is disabled
[2017.06.12-15.49.50:425][  0]SourceControl: Info Source control is disabled
[2017.06.12-15.49.50:481][  0]SourceControl: Info Source control is disabled
[2017.06.12-15.49.50:537][  0]SourceControl: Info Source control is disabled
[2017.06.12-15.49.51:972][  0]LogEngine: Initializing Engine...
[2017.06.12-15.49.51:973][  0]LogHMD: Oculus plugin initialized. Version: 4.15.3-3450819+++UE4+Release-4.15, LibOVR: 1.14.0, SDK: 1.10.0, built May 21 2017, 11:08:57
[2017.06.12-15.49.52:071][  0]LogStats: UGameplayTagsManager::ConstructGameplayTagTree: Construct from data asset -  0.000 s
[2017.06.12-15.49.52:071][  0]LogStats: UGameplayTagsManager::ConstructGameplayTagTree: GameplayTagTreeChangedEvent.Broadcast -  0.000 s
[2017.06.12-15.49.52:210][  0]LogAIModule: Creating AISystem for world Untitled
[2017.06.12-15.49.52:218][  0]LogInit: XAudio2 using 'Speakers (Dell AC511 USB SoundBar)' : 2 channels at 44.1 kHz using 16 bits per sample (channel mask 0x3)
[2017.06.12-15.49.52:228][  0]LogInit: FAudioDevice initialized.
[2017.06.12-15.49.52:251][  0]LogDerivedDataCache: Saved boot cache 0.02s 50MB C:/Users/LabUser/AppData/Local/UnrealEngine/4.15/DerivedDataCache/Boot.ddc.
[2017.06.12-15.49.52:254][  0]LogInit: Texture streaming: Enabled
[2017.06.12-15.49.52:343][  0]LogEngineSessionManager: EngineSessionManager initialized
[2017.06.12-15.49.52:441][  0]LogInit: Transaction tracking system initialized
[2017.06.12-15.49.52:827][  0]BlueprintLog: New page: Editor Load
[2017.06.12-15.49.53:800][  0]LocalizationService: Info Localization service is disabled
[2017.06.12-15.49.54:576][  0]LogConsoleResponse:Display: 
[2017.06.12-15.49.54:696][  0]LogCook:Display: Max memory allowance for cook 16384mb min free memory 0mb
[2017.06.12-15.49.54:696][  0]LogCook:Display: Mobile HDR setting 1
[2017.06.12-15.49.55:138][  0]LogFileCache: Scanning file cache for directory 'C:/Users/LabUser/Documents/GitHub/skagame/SkaGame/Content/' took 0.01s
[2017.06.12-15.49.55:868][  0]SourceControl: Info Source control is disabled
[2017.06.12-15.49.55:868][  0]Cmd: MAP LOAD FILE="../../../../../../Users/LabUser/Documents/GitHub/skagame/SkaGame/Content/Levels/MainMenu.umap" TEMPLATE=0 SHOWPROGRESS=1 FEATURELEVEL=3
[2017.06.12-15.49.55:869][  0]LightingResults: New page: Lighting Build
[2017.06.12-15.49.55:915][  0]MapCheck: New page: Map Check
[2017.06.12-15.49.55:915][  0]LightingResults: New page: Lighting Build
[2017.06.12-15.49.55:969][  0]LogAIModule: Creating AISystem for world MainMenu
[2017.06.12-15.49.55:985][  0]LogEditorServer: Finished looking for orphan Actors (0.000 secs)
[2017.06.12-15.49.55:985][  0]Cmd: MAP CHECKDEP NOCLEARLOG
[2017.06.12-15.49.56:056][  0]MapCheck: Info Map check complete: 0 Error(s), 0 Warning(s), took 70.077ms to complete.
[2017.06.12-15.49.56:056][  0]LogFileHelpers: Loading map 'MainMenu' took 0.188
[2017.06.12-15.49.56:120][  0]LogWindowsTextInputMethodSystem:Display: IME system now deactivated.
[2017.06.12-15.49.56:228][  0]LogCollectionManager: Loaded 0 collections in 0.001650 seconds
[2017.06.12-15.49.56:316][  0]LogFileCache: Scanning file cache for directory 'C:/Users/LabUser/Documents/GitHub/skagame/SkaGame/Saved/Collections/' took 0.01s
[2017.06.12-15.49.56:316][  0]LogFileCache: Scanning file cache for directory 'C:/Users/LabUser/Documents/GitHub/skagame/SkaGame/Content/Developers/LabUser/Collections/' took 0.01s
[2017.06.12-15.49.56:316][  0]LogFileCache: Scanning file cache for directory 'C:/Users/LabUser/Documents/GitHub/skagame/SkaGame/Content/Collections/' took 0.01s
[2017.06.12-15.49.56:316][  0]LogCollectionManager: Rebuilt the GUID cache for 0 collections in 0.000002 seconds
[2017.06.12-15.49.56:324][  0]LogContentBrowser: Native class hierarchy populated in 0.0079 seconds. Added 2245 classes and 453 folders.
[2017.06.12-15.49.56:392][  0]LogContentBrowser: Native class hierarchy updated for 'WidgetCarousel' in 0.0005 seconds. Added 0 classes and 0 folders.
[2017.06.12-15.49.56:466][  0]LogContentBrowser: Native class hierarchy updated for 'AddContentDialog' in 0.0005 seconds. Added 0 classes and 0 folders.
[2017.06.12-15.49.56:514][  0]LogContentBrowser: Native class hierarchy updated for 'SceneOutliner' in 0.0005 seconds. Added 1 classes and 2 folders.
[2017.06.12-15.49.56:560][  0]LogCrashTracker: Crashtracker disabled due to settings.
[2017.06.12-15.49.56:657][  0]LogContentBrowser: Native class hierarchy updated for 'HierarchicalLODOutliner' in 0.0005 seconds. Added 1 classes and 2 folders.
[2017.06.12-15.49.56:657][  0]LogLoad: (Engine Initialization) Total time: 17.81 seconds
[2017.06.12-15.49.56:657][  0]LogLoad: (Engine Initialization) Total Blueprint compile time: 0.07 seconds
[2017.06.12-15.49.56:657][  0]LogExternalProfiler: Found external profiler: VSPerf
[2017.06.12-15.49.56:657][  0]LogExternalProfiler: Using external profiler: VSPerf
[2017.06.12-15.49.56:666][  0]LogOcInput: OculusInput pre-init called
[2017.06.12-15.49.56:679][  0]LogOcInput: OculusInput is initialized. Init status 0. Runtime version: 1.14.0
[2017.06.12-15.49.56:699][  0]LogContentStreaming: Texture pool size now 1000 MB
[2017.06.12-15.49.56:700][  0]LogSlate: Took 0.000364 seconds to synchronously load lazily loaded font '../../../Engine/Content/Slate/Fonts/Roboto-Regular.ttf' (155K)
[2017.06.12-15.49.56:703][  0]LogSlate: Took 0.000301 seconds to synchronously load lazily loaded font '../../../Engine/Content/Slate/Fonts/Roboto-Bold.ttf' (160K)
[2017.06.12-15.49.56:708][  0]LogSlate: Took 0.000313 seconds to synchronously load lazily loaded font '../../../Engine/Content/Editor/Slate/Fonts/FontAwesome.ttf' (139K)
[2017.06.12-15.49.56:810][  0]LogSlate: Took 0.000376 seconds to synchronously load lazily loaded font '../../../Engine/Content/Slate/Fonts/Roboto-Light.ttf' (159K)
[2017.06.12-15.49.56:860][  0]LogRenderer: Reallocating scene render targets to support 1208x576 NumSamples 1 (Frame:2).
[2017.06.12-15.49.56:910][  1]LogAssetRegistry: Asset discovery search completed in 9.5307 seconds
[2017.06.12-15.49.56:910][  1]LogCollectionManager: Rebuilt the object cache for 0 collections in 0.000007 seconds (found 0 objects)
[2017.06.12-15.49.56:910][  1]LogCollectionManager: Fixed up redirectors for 0 collections in 0.000020 seconds (updated 0 objects)
[2017.06.12-15.50.19:517][705]LogTemp: Repeting last play command: Selected Viewport
[2017.06.12-15.50.19:522][705]LogBlueprintUserMessages: Early PlayInEditor Detection: Level '/Game/Levels/MainMenu.MainMenu:PersistentLevel' has LevelScriptBlueprint '/Game/Levels/MainMenu.MainMenu:PersistentLevel.MainMenu' with GeneratedClass '/Game/Levels/MainMenu.MainMenu_C' with ClassGeneratedBy '/Game/Levels/MainMenu.MainMenu:PersistentLevel.MainMenu'
[2017.06.12-15.50.19:522][705]LogPlayLevel: PlayLevel: No blueprints needed recompiling
[2017.06.12-15.50.19:522][705]PIE: New page: PIE session: MainMenu (Jun 12, 2017, 7:50:19 AM)
[2017.06.12-15.50.19:522][705]LogPlayLevel: Creating play world package: /Game/Levels/UEDPIE_0_MainMenu
[2017.06.12-15.50.19:523][705]LogPlayLevel: PIE: StaticDuplicateObject took: (0.000949s)
[2017.06.12-15.50.19:524][705]LogAIModule: Creating AISystem for world MainMenu
[2017.06.12-15.50.19:524][705]LogPlayLevel: PIE: World Init took: (0.000588s)
[2017.06.12-15.50.19:524][705]LogPlayLevel: PIE: Created PIE world by copying editor world from /Game/Levels/MainMenu.MainMenu to /Game/Levels/UEDPIE_0_MainMenu.MainMenu (0.001718s)
[2017.06.12-15.50.19:538][705]LogInit: XAudio2 using 'Speakers (Dell AC511 USB SoundBar)' : 2 channels at 44.1 kHz using 16 bits per sample (channel mask 0x3)
[2017.06.12-15.50.19:544][705]LogInit: FAudioDevice initialized.
[2017.06.12-15.50.19:806][705]LogAnimationCompression: Building Anim DDC data for AnimSequence /Game/SkaGameAssets/Brad/Animations/Brad_Anim_Brad_Armature_Brad_Jump_Falling.Brad_Anim_Brad_Armature_Brad_Jump_Falling
[2017.06.12-15.50.19:808][705]LogAnimationCompression: Building Anim DDC data for AnimSequence /Game/SkaGameAssets/Brad/Animations/old_animations/Brad_Animation1_Anim_Brad_Armature_Brad_Walk.Brad_Animation1_Anim_Brad_Armature_Brad_Walk
[2017.06.12-15.50.19:809][705]LogAnimationCompression: Building Anim DDC data for AnimSequence /Game/SkaGameAssets/Brad/Animations/old_animations/Brad_Animation1_Anim_Brad_Armature_Brad_Idle.Brad_Animation1_Anim_Brad_Armature_Brad_Idle
[2017.06.12-15.50.19:812][705]LogAnimationCompression: Building Anim DDC data for AnimSequence /Game/SkaGameAssets/Brad/Animations/Brad_Anim_Brad_Armature_Brad_Jump_Intro2Falling.Brad_Anim_Brad_Armature_Brad_Jump_Intro2Falling
[2017.06.12-15.50.19:813][705]LogAnimationCompression: Building Anim DDC data for AnimSequence /Game/SkaGameAssets/Brad/Animations/Brad_Anim_Brad_Armature_Brad_Jump_Landing.Brad_Anim_Brad_Armature_Brad_Jump_Landing
[2017.06.12-15.50.19:842][705]LogAnimationCompression: Building Anim DDC data for AnimSequence /Game/SkaGameAssets/Brad/Animations/Brad_Anim_Brad_Armature_Brad_Punch3.Brad_Anim_Brad_Armature_Brad_Punch3
[2017.06.12-15.50.19:843][705]LogAnimationCompression: Building Anim DDC data for AnimSequence /Game/SkaGameAssets/Brad/Animations/Brad_Anim_Brad_Armature_Brad_Punch2.Brad_Anim_Brad_Armature_Brad_Punch2
[2017.06.12-15.50.19:848][705]LogAnimationCompression: Building Anim DDC data for AnimSequence /Game/SkaGameAssets/Brad/Animations/Brad_Anim_Brad_Armature_Brad_Punch1.Brad_Anim_Brad_Armature_Brad_Punch1
[2017.06.12-15.50.19:851][705]LogAnimationCompression: Building Anim DDC data for AnimSequence /Game/SkaGameAssets/Brad/Animations/Brad_Anim_Brad_Armature_Brad_Jump_Intro.Brad_Anim_Brad_Armature_Brad_Jump_Intro
[2017.06.12-15.50.19:879][705]LogLoad: Game class is 'SideScrollerGameMode_C'
[2017.06.12-15.50.19:880][705]LogWorld: Bringing World /Game/Levels/UEDPIE_0_MainMenu.MainMenu up for play (max tick rate 0) at 2017.06.12-11.50.19
[2017.06.12-15.50.19:880][705]LogWorld: Bringing up level for play took: 0.000574
[2017.06.12-15.50.19:929][705]LogContentBrowser: Native class hierarchy updated for 'MovieSceneCapture' in 0.0006 seconds. Added 11 classes and 0 folders.
[2017.06.12-15.50.19:930][705]AnimBlueprint:Warning: Warning SLOTNODE: 'RootMotion' in animation instance class Brad01_Anim_BP_C already exists. Remove duplicates from the animation graph for this class.
[2017.06.12-15.50.19:933][705]PIE: Info Play in editor start time for /Game/Levels/UEDPIE_0_MainMenu 1.36
[2017.06.12-15.50.19:933][705]LogBlueprintUserMessages: Late PlayInEditor Detection: Level '/Game/Levels/MainMenu.MainMenu:PersistentLevel' has LevelScriptBlueprint '/Game/Levels/MainMenu.MainMenu:PersistentLevel.MainMenu' with GeneratedClass '/Game/Levels/MainMenu.MainMenu_C' with ClassGeneratedBy '/Game/Levels/MainMenu.MainMenu:PersistentLevel.MainMenu'
[2017.06.12-15.50.20:629][785]LogNet: Browse: /Game/Levels/Graveyard_Test
[2017.06.12-15.50.20:629][785]LogLoadingSplash: Loading begins
[2017.06.12-15.50.20:629][785]LogHMD: FOculusRiftSplash::PushBlackFrame
[2017.06.12-15.50.20:629][785]LogHMD: FOculusRiftSplash::Show
[2017.06.12-15.50.20:629][785]LogLoad: LoadMap: /Game/Levels/Graveyard_Test
[2017.06.12-15.50.20:642][785]Cmd: MEM
[2017.06.12-15.50.20:652][785]LogMemory: Platform Memory Stats for Windows
[2017.06.12-15.50.20:652][785]LogMemory: Process Physical Memory: 915.05 MB used, 968.02 MB peak
[2017.06.12-15.50.20:652][785]LogMemory: Process Virtual Memory: 1190.04 MB used, 1256.60 MB peak
[2017.06.12-15.50.20:652][785]LogMemory: Physical Memory: 6203.97 MB used,  26506.05 MB free, 32710.02 MB total
[2017.06.12-15.50.20:652][785]LogMemory: Virtual Memory: 1968.58 MB used,  26506.05 MB free, 134217728.00 MB total
[2017.06.12-15.50.20:652][785]LogMemory: 
[2017.06.12-15.50.20:652][785]Allocator Stats for TBB: (not implemented)
[2017.06.12-15.50.20:976][785]LogStaticMesh: Building static mesh hillump03...
[2017.06.12-15.50.20:978][785]LogMeshUtilities: Invalid vertex normals found for mesh. Forcing recomputation of vertex normals for MikkTSpace. Fix mesh or disable "Use MikkTSpace Tangent Space" to avoid forced recomputation of normals.
[2017.06.12-15.50.20:997][785]LogStaticMesh: Built static mesh [0.02s] /Game/SkaGameAssets/Props/Meshes/hillump03.hillump03
[2017.06.12-15.50.20:999][785]LogStaticMesh: Building static mesh hillump02...
[2017.06.12-15.50.21:001][785]LogMeshUtilities: Invalid vertex normals found for mesh. Forcing recomputation of vertex normals for MikkTSpace. Fix mesh or disable "Use MikkTSpace Tangent Space" to avoid forced recomputation of normals.
[2017.06.12-15.50.21:019][785]LogStaticMesh: Built static mesh [0.02s] /Game/SkaGameAssets/Props/Meshes/hillump02.hillump02
[2017.06.12-15.50.21:021][785]LogStaticMesh: Building static mesh hillump01...
[2017.06.12-15.50.21:023][785]LogMeshUtilities: Invalid vertex normals found for mesh. Forcing recomputation of vertex normals for MikkTSpace. Fix mesh or disable "Use MikkTSpace Tangent Space" to avoid forced recomputation of normals.
[2017.06.12-15.50.21:041][785]LogStaticMesh: Built static mesh [0.02s] /Game/SkaGameAssets/Props/Meshes/hillump01.hillump01
[2017.06.12-15.50.21:045][785]LogMaterial: Missing cached shader map for material Tombstone_Mat, compiling. 
[2017.06.12-15.50.21:046][785]LogTemp:Display: Added material ShaderMap 0x0000020441E37C80 with Material 0x000002044152BD00 to ShaderMapsBeingCompiled
[2017.06.12-15.50.21:096][785]LogTemp:Display: Kicking off shader compilation for Tombstone_Mat, GameThreadShaderMap 0x0000020441E37C80
[2017.06.12-15.50.21:098][785]LogMaterial: Missing cached shader map for material BatEye, compiling. 
[2017.06.12-15.50.21:099][785]LogTemp:Display: Added material ShaderMap 0x000002045CC26400 with Material 0x0000020441526F80 to ShaderMapsBeingCompiled
[2017.06.12-15.50.21:134][785]LogTemp:Display: Kicking off shader compilation for BatEye, GameThreadShaderMap 0x000002045CC26400
[2017.06.12-15.50.21:156][785]LogTexture:Display: Building textures: HQ_Lightmap1_1 (AutoDXT, 1024X1024) - 70 MB total VRAM
[2017.06.12-15.50.21:232][785]LogTexture:Display: Building textures: HQ_Lightmap1_2 (AutoDXT, 512X512) - 70 MB total VRAM
[2017.06.12-15.50.21:321][785]LogTexture:Display: Building textures: HQ_Lightmap1_3 (AutoDXT, 128X128) - 70 MB total VRAM
[2017.06.12-15.50.21:335][785]LogTexture:Display: Building textures: HQ_Lightmap1_4 (AutoDXT, 64X64) - 70 MB total VRAM
[2017.06.12-15.50.21:347][785]LogTexture:Display: Building textures: LQ_Lightmap_1_1 (DXT1, 1024X1024) - 70 MB total VRAM
[2017.06.12-15.50.21:403][785]LogTexture:Display: Building textures: LQ_Lightmap_1_2 (DXT1, 512X512) - 70 MB total VRAM
[2017.06.12-15.50.21:475][785]LogTexture:Display: Building textures: LQ_Lightmap_1_3 (DXT1, 128X128) - 70 MB total VRAM
[2017.06.12-15.50.21:479][785]LogTexture:Display: Building textures: LQ_Lightmap_1_4 (DXT1, 64X64) - 70 MB total VRAM
[2017.06.12-15.50.21:491][785]LogTexture:Display: Building textures: SkyOcclusion1_1 (AutoDXT, 1024X512) - 70 MB total VRAM
[2017.06.12-15.50.21:534][785]LogTexture:Display: Building textures: SkyOcclusion1_2 (AutoDXT, 512X256) - 70 MB total VRAM
[2017.06.12-15.50.21:580][785]LogTexture:Display: Building textures: SkyOcclusion1_3 (AutoDXT, 128X64) - 70 MB total VRAM
[2017.06.12-15.50.21:586][785]LogTexture:Display: Building textures: SkyOcclusion1_4 (AutoDXT, 64X32) - 70 MB total VRAM
[2017.06.12-15.50.21:591][785]LogTexture:Display: Building textures: ShadowMapTexture2D_5 (BGRA8, 256X512) - 70 MB total VRAM
[2017.06.12-15.50.21:598][785]LogTexture:Display: Building textures: ShadowMapTexture2D_6 (BGRA8, 256X64) - 70 MB total VRAM
[2017.06.12-15.50.21:640][785]LogTexture:Display: Building textures: grassground1normal (BC5, 512X512) - 70 MB total VRAM
[2017.06.12-15.50.21:701][785]LogTexture:Display: Building textures: grassground1 (AutoDXT, 512X512) - 70 MB total VRAM
[2017.06.12-15.50.21:765][785]LogMaterial: Missing cached shader map for material Grass_Mat, compiling. 
[2017.06.12-15.50.21:767][785]LogTemp:Display: Added material ShaderMap 0x000002045C395980 with Material 0x0000020441561780 to ShaderMapsBeingCompiled
[2017.06.12-15.50.21:791][785]LogTemp:Display: Kicking off shader compilation for Grass_Mat, GameThreadShaderMap 0x000002045C395980
[2017.06.12-15.50.21:818][785]LogStaticMesh: Building static mesh Tree...
[2017.06.12-15.50.21:852][785]LogStaticMesh: Built static mesh [0.03s] /Game/SkaGameAssets/Props/Meshes/Tree.Tree
[2017.06.12-15.50.21:856][785]LogStaticMesh: Building static mesh Tombstone1...
[2017.06.12-15.50.21:861][785]LogStaticMesh: Built static mesh [0.00s] /Game/SkaGameAssets/Props/Meshes/Tombstone1.Tombstone1
[2017.06.12-15.50.21:862][785]LogStaticMesh: Building static mesh skatree...
[2017.06.12-15.50.21:864][785]LogMeshUtilities: Invalid vertex normals found for mesh. Forcing recomputation of vertex normals for MikkTSpace. Fix mesh or disable "Use MikkTSpace Tangent Space" to avoid forced recomputation of normals.
[2017.06.12-15.50.21:889][785]LogStaticMesh: Built static mesh [0.03s] /Game/SkaGameAssets/Props/Meshes/skatree.skatree
[2017.06.12-15.50.22:187][785]LogAIModule: Creating AISystem for world Graveyard_Test
[2017.06.12-15.50.22:187][785]LogLoad: Game class is 'SideScrollerGameMode_C'
[2017.06.12-15.50.22:192][785]AnimBlueprint:Warning: Warning SLOTNODE: 'RootMotion' in animation instance class Brad01_Anim_BP_C already exists. Remove duplicates from the animation graph for this class.
[2017.06.12-15.50.22:198][785]LogWorld: Bringing World /Game/Levels/UEDPIE_0_Graveyard_Test.Graveyard_Test up for play (max tick rate 0) at 2017.06.12-11.50.22
[2017.06.12-15.50.22:200][785]LogWorld: Bringing up level for play took: 0.011560
[2017.06.12-15.50.22:202][785]LogLoadingSplash: Loading ends
[2017.06.12-15.50.22:202][785]LogHMD: FOculusRiftSplash::Hide
[2017.06.12-15.50.22:202][785]LogHMD: FOculusRiftSplash::PushBlackFrame
[2017.06.12-15.50.22:202][785]LogLoad: Took 1.572510 seconds to LoadMap(/Game/Levels/Graveyard_Test)
[2017.06.12-15.50.26:186][162]LogTemp:Display: Finished compile of shader map 0x0000020441E37C80
[2017.06.12-15.50.26:186][162]LogTemp:Display: Shader map Tombstone_Mat complete, GameThreadShaderMap 0x0000020441E37C80, marking material Tombstone_Mat as finished
[2017.06.12-15.50.26:186][162]LogTemp:Display: Marking material as finished 0x000002044152BD00
[2017.06.12-15.50.29:003][436]LogTemp:Display: Finished compile of shader map 0x000002045CC26400
[2017.06.12-15.50.29:003][436]LogTemp:Display: Shader map BatEye complete, GameThreadShaderMap 0x000002045CC26400, marking material BatEye as finished
[2017.06.12-15.50.29:003][436]LogTemp:Display: Marking material as finished 0x0000020441526F80
[2017.06.12-15.50.30:232][576]LogTemp:Display: Finished compile of shader map 0x000002045C395980
[2017.06.12-15.50.30:232][576]LogTemp:Display: Shader map Grass_Mat complete, GameThreadShaderMap 0x000002045C395980, marking material Grass_Mat as finished
[2017.06.12-15.50.30:232][576]LogTemp:Display: Marking material as finished 0x0000020441561780
[2017.06.12-15.50.51:106][ 72]LogNet: Browse: /Game/Levels/MainMenu
[2017.06.12-15.50.51:106][ 72]LogLoadingSplash: Loading begins
[2017.06.12-15.50.51:106][ 72]LogHMD: FOculusRiftSplash::PushBlackFrame
[2017.06.12-15.50.51:106][ 72]LogHMD: FOculusRiftSplash::Show
[2017.06.12-15.50.51:106][ 72]LogLoad: LoadMap: /Game/Levels/MainMenu
[2017.06.12-15.50.51:124][ 72]Cmd: MEM
[2017.06.12-15.50.51:134][ 72]LogMemory: Platform Memory Stats for Windows
[2017.06.12-15.50.51:134][ 72]LogMemory: Process Physical Memory: 1076.00 MB used, 1099.47 MB peak
[2017.06.12-15.50.51:134][ 72]LogMemory: Process Virtual Memory: 1430.31 MB used, 1474.02 MB peak
[2017.06.12-15.50.51:134][ 72]LogMemory: Physical Memory: 6349.18 MB used,  26360.84 MB free, 32710.02 MB total
[2017.06.12-15.50.51:134][ 72]LogMemory: Virtual Memory: 2201.77 MB used,  26360.84 MB free, 134217728.00 MB total
[2017.06.12-15.50.51:134][ 72]LogMemory: 
[2017.06.12-15.50.51:134][ 72]Allocator Stats for TBB: (not implemented)
[2017.06.12-15.50.51:134][ 72]LogPlayLevel: Creating play world package: /Game/Levels/UEDPIE_0_MainMenu
[2017.06.12-15.50.51:135][ 72]LogPlayLevel: PIE: StaticDuplicateObject took: (0.000949s)
[2017.06.12-15.50.51:135][ 72]LogAIModule: Creating AISystem for world MainMenu
[2017.06.12-15.50.51:135][ 72]LogPlayLevel: PIE: World Init took: (0.000545s)
[2017.06.12-15.50.51:136][ 72]LogPlayLevel: PIE: Created PIE world by copying editor world from /Game/Levels/MainMenu.MainMenu to /Game/Levels/UEDPIE_0_MainMenu.MainMenu (0.001677s)
[2017.06.12-15.50.51:136][ 72]LogLoad: Game class is 'SideScrollerGameMode_C'
[2017.06.12-15.50.51:137][ 72]LogWorld: Bringing World /Game/Levels/UEDPIE_0_MainMenu.MainMenu up for play (max tick rate 0) at 2017.06.12-11.50.51
[2017.06.12-15.50.51:137][ 72]LogWorld: Bringing up level for play took: 0.000767
[2017.06.12-15.50.51:137][ 72]LogGameMode: FindPlayerStart: PATHS NOT DEFINED or NO PLAYERSTART with positive rating
[2017.06.12-15.50.51:138][ 72]AnimBlueprint:Warning: Warning SLOTNODE: 'RootMotion' in animation instance class Brad01_Anim_BP_C already exists. Remove duplicates from the animation graph for this class.
[2017.06.12-15.50.51:140][ 72]LogLoadingSplash: Loading ends
[2017.06.12-15.50.51:140][ 72]LogHMD: FOculusRiftSplash::Hide
[2017.06.12-15.50.51:140][ 72]LogHMD: FOculusRiftSplash::PushBlackFrame
[2017.06.12-15.50.51:140][ 72]LogLoad: Took 0.033953 seconds to LoadMap(/Game/Levels/UEDPIE_0_MainMenu)
[2017.06.12-15.52.39:158][368]LogNet: Browse: /Game/Levels/Graveyard_Test
[2017.06.12-15.52.39:158][368]LogLoadingSplash: Loading begins
[2017.06.12-15.52.39:158][368]LogHMD: FOculusRiftSplash::PushBlackFrame
[2017.06.12-15.52.39:158][368]LogHMD: FOculusRiftSplash::Show
[2017.06.12-15.52.39:158][368]LogLoad: LoadMap: /Game/Levels/Graveyard_Test
[2017.06.12-15.52.39:168][368]Cmd: MEM
[2017.06.12-15.52.39:178][368]LogMemory: Platform Memory Stats for Windows
[2017.06.12-15.52.39:178][368]LogMemory: Process Physical Memory: 1071.51 MB used, 1099.47 MB peak
[2017.06.12-15.52.39:178][368]LogMemory: Process Virtual Memory: 1415.09 MB used, 1488.44 MB peak
[2017.06.12-15.52.39:178][368]LogMemory: Physical Memory: 6441.57 MB used,  26268.45 MB free, 32710.02 MB total
[2017.06.12-15.52.39:178][368]LogMemory: Virtual Memory: 2183.76 MB used,  26268.45 MB free, 134217728.00 MB total
[2017.06.12-15.52.39:178][368]LogMemory: 
[2017.06.12-15.52.39:178][368]Allocator Stats for TBB: (not implemented)
[2017.06.12-15.52.39:328][368]LogAIModule: Creating AISystem for world Graveyard_Test
[2017.06.12-15.52.39:328][368]LogLoad: Game class is 'SideScrollerGameMode_C'
[2017.06.12-15.52.39:331][368]AnimBlueprint:Warning: Warning SLOTNODE: 'RootMotion' in animation instance class Brad01_Anim_BP_C already exists. Remove duplicates from the animation graph for this class.
[2017.06.12-15.52.39:335][368]LogWorld: Bringing World /Game/Levels/UEDPIE_0_Graveyard_Test.Graveyard_Test up for play (max tick rate 0) at 2017.06.12-11.52.39
[2017.06.12-15.52.39:335][368]LogWorld: Bringing up level for play took: 0.006766
[2017.06.12-15.52.39:336][368]LogLoadingSplash: Loading ends
[2017.06.12-15.52.39:337][368]LogHMD: FOculusRiftSplash::Hide
[2017.06.12-15.52.39:337][368]LogHMD: FOculusRiftSplash::PushBlackFrame
[2017.06.12-15.52.39:337][368]LogLoad: Took 0.178982 seconds to LoadMap(/Game/Levels/Graveyard_Test)
[2017.06.12-15.52.51:694][847]LogBlueprintUserMessages: [Ghost_BP3] Brad Got Slammed!!!!
[2017.06.12-15.53.24:896][831]LogBlueprintUserMessages: Early EndPlayMap Detection: Level '/Game/Levels/MainMenu.MainMenu:PersistentLevel' has LevelScriptBlueprint '/Game/Levels/MainMenu.MainMenu:PersistentLevel.MainMenu' with GeneratedClass '/Game/Levels/MainMenu.MainMenu_C' with ClassGeneratedBy '/Game/Levels/MainMenu.MainMenu:PersistentLevel.MainMenu'
[2017.06.12-15.53.24:929][831]LogBlueprintUserMessages: Late EndPlayMap Detection: Level '/Game/Levels/MainMenu.MainMenu:PersistentLevel' has LevelScriptBlueprint '/Game/Levels/MainMenu.MainMenu:PersistentLevel.MainMenu' with GeneratedClass '/Game/Levels/MainMenu.MainMenu_C' with ClassGeneratedBy '/Game/Levels/MainMenu.MainMenu:PersistentLevel.MainMenu'
[2017.06.12-15.54.09:565][817]LogSlate: Took 0.000305 seconds to synchronously load lazily loaded font '../../../Engine/Content/Slate/Fonts/Roboto-Light.ttf' (159K)
[2017.06.12-15.54.09:726][817]LogAIModule: Creating AISystem for world Graveyard_Test
[2017.06.12-15.54.09:732][817]AnimBlueprint:Warning: Warning SLOTNODE: 'RootMotion' in animation instance class Brad01_Anim_BP_C already exists. Remove duplicates from the animation graph for this class.
[2017.06.12-15.54.09:753][817]Cmd: MAP LOAD FILE="../../../../../../Users/LabUser/Documents/GitHub/skagame/SkaGame/Content/Levels/Graveyard_Test.umap" TEMPLATE=0 SHOWPROGRESS=1 FEATURELEVEL=3
[2017.06.12-15.54.09:753][817]LightingResults: New page: Lighting Build
[2017.06.12-15.54.09:754][817]LoadErrors: New page: Loading map: Graveyard_Test.umap
[2017.06.12-15.54.09:755][817]MapCheck: New page: Map Check
[2017.06.12-15.54.09:755][817]LightingResults: New page: Lighting Build
[2017.06.12-15.54.09:769][817]AnimBlueprint:Warning: Warning SLOTNODE: 'RootMotion' in animation instance class Brad01_Anim_BP_C already exists. Remove duplicates from the animation graph for this class.
[2017.06.12-15.54.09:774][817]LogEditorServer: Finished looking for orphan Actors (0.000 secs)
[2017.06.12-15.54.09:780][817]Cmd: MAP CHECKDEP NOCLEARLOG
[2017.06.12-15.54.09:887][817]MapCheck: Info Map check complete: 0 Error(s), 0 Warning(s), took 106.395ms to complete.
[2017.06.12-15.54.09:887][817]LogFileHelpers: Loading map 'Graveyard_Test' took 0.135
[2017.06.12-15.55.41:119][704]LogWindowsTextInputMethodSystem:Display: IME system now deactivated.
[2017.06.12-15.55.41:275][705]Cmd: QUIT_EDITOR
[2017.06.12-15.55.42:055][705]LogExit: Preparing to exit.
[2017.06.12-15.55.42:605][705]LogDirectoryWatcher: A directory notification for 'C:/Users/LabUser/Documents/GitHub/skagame/SkaGame/Content/' was aborted.
[2017.06.12-15.55.42:625][705]LogExit: Editor shut down
[2017.06.12-15.55.42:625][705]LogExit: Transaction tracking system shut down
[2017.06.12-15.55.42:686][705]LogObj: Freed 0b from 0 cluster array pools.
[2017.06.12-15.55.42:686][705]LogExit: Object subsystem successfully closed.
[2017.06.12-15.55.42:695][705]LogD3D11RHI: Shutdown
[2017.06.12-15.55.42:695][705]LogD3D11RHI: CleanupD3DDevice
[2017.06.12-15.55.42:756][705]LogD3D11RHI: ~FD3D11DynamicRHI
[2017.06.12-15.55.42:780][705]LogModuleManager: Shutting down and abandoning module MovieSceneCapture (500)
[2017.06.12-15.55.42:780][705]LogModuleManager: Shutting down and abandoning module HierarchicalLODOutliner (498)
[2017.06.12-15.55.42:780][705]LogModuleManager: Shutting down and abandoning module CrashTracker (496)
[2017.06.12-15.55.42:780][705]LogModuleManager: Shutting down and abandoning module SceneOutliner (494)
[2017.06.12-15.55.42:780][705]LogModuleManager: Shutting down and abandoning module AddContentDialog (492)
[2017.06.12-15.55.42:780][705]LogDirectoryWatcher: A directory notification for 'C:/Program Files/Epic Games/UE_4.15/FeaturePacks/' was aborted.
[2017.06.12-15.55.42:781][705]LogModuleManager: Shutting down and abandoning module WidgetCarousel (491)
[2017.06.12-15.55.42:781][705]LogModuleManager: Shutting down and abandoning module EditorWidgets (488)
[2017.06.12-15.55.42:781][705]LogModuleManager: Shutting down and abandoning module CollectionManager (486)
[2017.06.12-15.55.42:781][705]LogDirectoryWatcher: A directory notification for 'C:/Users/LabUser/Documents/GitHub/skagame/SkaGame/Content/Collections/' was aborted.
[2017.06.12-15.55.42:781][705]LogDirectoryWatcher: A directory notification for 'C:/Users/LabUser/Documents/GitHub/skagame/SkaGame/Content/Developers/LabUser/Collections/' was aborted.
[2017.06.12-15.55.42:781][705]LogDirectoryWatcher: A directory notification for 'C:/Users/LabUser/Documents/GitHub/skagame/SkaGame/Saved/Collections/' was aborted.
[2017.06.12-15.55.42:781][705]LogModuleManager: Shutting down and abandoning module StatsViewer (484)
[2017.06.12-15.55.42:781][705]LogModuleManager: Shutting down and abandoning module FoliageEdit (482)
[2017.06.12-15.55.42:781][705]LogModuleManager: Shutting down and abandoning module LandscapeEditor (480)
[2017.06.12-15.55.42:781][705]LogModuleManager: Shutting down and abandoning module SceneDepthPickerMode (478)
[2017.06.12-15.55.42:781][705]LogModuleManager: Shutting down and abandoning module ActorPickerMode (476)
[2017.06.12-15.55.42:781][705]LogModuleManager: Shutting down and abandoning module GeometryMode (474)
[2017.06.12-15.55.42:781][705]LogModuleManager: Shutting down and abandoning module TextureAlignMode (472)
[2017.06.12-15.55.42:781][705]LogModuleManager: Shutting down and abandoning module BspMode (470)
[2017.06.12-15.55.42:781][705]LogModuleManager: Shutting down and abandoning module HardwareSurvey (468)
[2017.06.12-15.55.42:781][705]LogModuleManager: Shutting down and abandoning module SequenceRecorderSections (466)
[2017.06.12-15.55.42:781][705]LogModuleManager: Shutting down and abandoning module AutomationWorker (464)
[2017.06.12-15.55.42:781][705]LogModuleManager: Shutting down and abandoning module MatineeToLevelSequence (462)
[2017.06.12-15.55.42:781][705]LogModuleManager: Shutting down and abandoning module LevelSequenceEditor (460)
[2017.06.12-15.55.42:781][705]LogModuleManager: Shutting down and abandoning module PlacementMode (459)
[2017.06.12-15.55.42:781][705]LogModuleManager: Shutting down and abandoning module WmfMediaFactory (456)
[2017.06.12-15.55.42:781][705]LogModuleManager: Shutting down and abandoning module WmfMediaEditor (454)
[2017.06.12-15.55.42:781][705]LogModuleManager: Shutting down and abandoning module MfMediaFactory (452)
[2017.06.12-15.55.42:781][705]LogModuleManager: Shutting down and abandoning module MfMediaEditor (450)
[2017.06.12-15.55.42:781][705]LogModuleManager: Shutting down and abandoning module AvfMediaFactory (448)
[2017.06.12-15.55.42:781][705]LogModuleManager: Shutting down and abandoning module AvfMediaEditor (446)
[2017.06.12-15.55.42:781][705]LogModuleManager: Shutting down and abandoning module AndroidMediaFactory (444)
[2017.06.12-15.55.42:781][705]LogModuleManager: Shutting down and abandoning module Media (443)
[2017.06.12-15.55.42:781][705]LogModuleManager: Shutting down and abandoning module AndroidMediaEditor (440)
[2017.06.12-15.55.42:781][705]LogModuleManager: Shutting down and abandoning module CharacterAI (438)
[2017.06.12-15.55.42:781][705]LogModuleManager: Shutting down and abandoning module AudioCapture (436)
[2017.06.12-15.55.42:781][705]LogModuleManager: Shutting down and abandoning module SequenceRecorder (435)
[2017.06.12-15.55.42:781][705]LogModuleManager: Shutting down and abandoning module SmartSnapping (432)
[2017.06.12-15.55.42:781][705]LogModuleManager: Shutting down and abandoning module SessionServices (430)
[2017.06.12-15.55.42:781][705]LogModuleManager: Shutting down and abandoning module ViewportSnapping (428)
[2017.06.12-15.55.42:781][705]LogModuleManager: Shutting down and abandoning module ViewportInteraction (426)
[2017.06.12-15.55.42:781][705]LogModuleManager: Shutting down and abandoning module LogVisualizer (424)
[2017.06.12-15.55.42:781][705]LogModuleManager: Shutting down and abandoning module IntroTutorials (422)
[2017.06.12-15.55.42:781][705]LogModuleManager: Shutting down and abandoning module GameProjectGeneration (421)
[2017.06.12-15.55.42:781][705]LogModuleManager: Shutting down and abandoning module EditorLiveStreaming (418)
[2017.06.12-15.55.42:781][705]LogModuleManager: Shutting down and abandoning module IOSPlatformEditor (416)
[2017.06.12-15.55.42:781][705]LogModuleManager: Shutting down and abandoning module HTML5PlatformEditor (414)
[2017.06.12-15.55.42:781][705]LogModuleManager: Shutting down and abandoning module AndroidPlatformEditor (412)
[2017.06.12-15.55.42:781][705]LogModuleManager: Shutting down and abandoning module AndroidDeviceDetection (411)
[2017.06.12-15.55.43:296][705]LogModuleManager: Shutting down and abandoning module IOSRuntimeSettings (408)
[2017.06.12-15.55.43:296][705]LogModuleManager: Shutting down and abandoning module AndroidRuntimeSettings (406)
[2017.06.12-15.55.43:296][705]LogModuleManager: Shutting down and abandoning module InputBindingEditor (404)
[2017.06.12-15.55.43:296][705]LogModuleManager: Shutting down and abandoning module NiagaraEditor (402)
[2017.06.12-15.55.43:296][705]LogModuleManager: Shutting down and abandoning module MergeActors (400)
[2017.06.12-15.55.43:296][705]LogModuleManager: Shutting down and abandoning module SizeMap (398)
[2017.06.12-15.55.43:296][705]LogModuleManager: Shutting down and abandoning module TreeMap (396)
[2017.06.12-15.55.43:296][705]LogModuleManager: Shutting down and abandoning module ReferenceViewer (394)
[2017.06.12-15.55.43:296][705]LogModuleManager: Shutting down and abandoning module LocalizationDashboard (392)
[2017.06.12-15.55.43:296][705]LogModuleManager: Shutting down and abandoning module LocalizationService (391)
[2017.06.12-15.55.43:296][705]LogModuleManager: Shutting down and abandoning module HardwareTargeting (388)
[2017.06.12-15.55.43:296][705]LogModuleManager: Shutting down and abandoning module DeviceProfileEditor (386)
[2017.06.12-15.55.43:296][705]LogModuleManager: Shutting down and abandoning module UndoHistory (384)
[2017.06.12-15.55.43:296][705]LogModuleManager: Shutting down and abandoning module UserFeedback (382)
[2017.06.12-15.55.43:296][705]LogModuleManager: Shutting down and abandoning module XmlParser (380)
[2017.06.12-15.55.43:296][705]LogModuleManager: Shutting down and abandoning module Blutility (378)
[2017.06.12-15.55.43:296][705]LogModuleManager: Shutting down and abandoning module ProjectSettingsViewer (376)
[2017.06.12-15.55.43:296][705]LogModuleManager: Shutting down and abandoning module ProjectTargetPlatformEditor (375)
[2017.06.12-15.55.43:296][705]LogModuleManager: Shutting down and abandoning module EditorSettingsViewer (372)
[2017.06.12-15.55.43:296][705]LogModuleManager: Shutting down and abandoning module SettingsEditor (370)
[2017.06.12-15.55.43:296][705]LogModuleManager: Shutting down and abandoning module ProjectLauncher (368)
[2017.06.12-15.55.43:297][705]LogModuleManager: Shutting down and abandoning module SessionFrontend (366)
[2017.06.12-15.55.43:297][705]LogModuleManager: Shutting down and abandoning module ProfilerClient (364)
[2017.06.12-15.55.43:297][705]LogModuleManager: Shutting down and abandoning module DeviceManager (362)
[2017.06.12-15.55.43:297][705]LogModuleManager: Shutting down and abandoning module TargetDeviceServices (361)
[2017.06.12-15.55.43:349][705]LogModuleManager: Shutting down and abandoning module AutomationController (358)
[2017.06.12-15.55.43:349][705]LogModuleManager: Shutting down and abandoning module AutomationWindow (356)
[2017.06.12-15.55.43:349][705]LogModuleManager: Shutting down and abandoning module Layers (354)
[2017.06.12-15.55.43:349][705]LogModuleManager: Shutting down and abandoning module ComponentVisualizers (352)
[2017.06.12-15.55.43:349][705]LogModuleManager: Shutting down and abandoning module DetailCustomizations (350)
[2017.06.12-15.55.43:349][705]LogModuleManager: Shutting down and abandoning module PackagesDialog (348)
[2017.06.12-15.55.43:349][705]LogModuleManager: Shutting down and abandoning module Persona (346)
[2017.06.12-15.55.43:349][705]LogModuleManager: Shutting down and abandoning module AnimGraph (345)
[2017.06.12-15.55.43:349][705]LogModuleManager: Shutting down and abandoning module Kismet (342)
[2017.06.12-15.55.43:350][705]LogModuleManager: Shutting down and abandoning module GraphEditor (340)
[2017.06.12-15.55.43:350][705]LogModuleManager: Shutting down and abandoning module ClassViewer (338)
[2017.06.12-15.55.43:350][705]LogModuleManager: Shutting down and abandoning module Toolbox (336)
[2017.06.12-15.55.43:350][705]LogModuleManager: Shutting down and abandoning module ModuleUI (334)
[2017.06.12-15.55.43:350][705]LogModuleManager: Shutting down and abandoning module MovieSceneTools (332)
[2017.06.12-15.55.43:350][705]LogModuleManager: Shutting down and abandoning module OutputLog (330)
[2017.06.12-15.55.43:350][705]LogModuleManager: Shutting down and abandoning module GammaUI (328)
[2017.06.12-15.55.43:350][705]LogModuleManager: Shutting down and abandoning module Documentation (326)
[2017.06.12-15.55.43:350][705]LogModuleManager: Shutting down and abandoning module Niagara (324)
[2017.06.12-15.55.43:350][705]LogModuleManager: Shutting down and abandoning module StreamingPauseRendering (322)
[2017.06.12-15.55.43:350][705]LogModuleManager: Shutting down and abandoning module AnalyticsET (320)
[2017.06.12-15.55.43:350][705]LogModuleManager: Shutting down and abandoning module PortalServices (318)
[2017.06.12-15.55.43:350][705]LogModuleManager: Shutting down and abandoning module PortalRpc (316)
[2017.06.12-15.55.43:350][705]LogModuleManager: Shutting down and abandoning module MessagingRpc (314)
[2017.06.12-15.55.43:350][705]LogModuleManager: Shutting down and abandoning module AIModule (312)
[2017.06.12-15.55.43:350][705]LogModuleManager: Shutting down and abandoning module GameplayDebugger (311)
[2017.06.12-15.55.43:350][705]LogModuleManager: Shutting down and abandoning module AITestSuite (309)
[2017.06.12-15.55.43:350][705]LogModuleManager: Shutting down and abandoning module ProfilerService (306)
[2017.06.12-15.55.43:478][705]LogModuleManager: Shutting down and abandoning module TaskGraph (304)
[2017.06.12-15.55.43:478][705]LogModuleManager: Shutting down and abandoning module SteamVRController (302)
[2017.06.12-15.55.43:478][705]LogModuleManager: Shutting down and abandoning module SteamVR (300)
[2017.06.12-15.55.43:478][705]LogModuleManager: Shutting down and abandoning module ProceduralMeshComponentEditor (298)
[2017.06.12-15.55.43:478][705]LogModuleManager: Shutting down and abandoning module ProceduralMeshComponent (296)
[2017.06.12-15.55.43:478][705]LogModuleManager: Shutting down and abandoning module OculusLibrary (294)
[2017.06.12-15.55.43:478][705]LogModuleManager: Shutting down and abandoning module OculusInput (292)
[2017.06.12-15.55.43:478][705]LogModuleManager: Shutting down and abandoning module MobilePatchingUtils (290)
[2017.06.12-15.55.43:478][705]LogModuleManager: Shutting down and abandoning module CustomMeshComponent (288)
[2017.06.12-15.55.43:478][705]LogModuleManager: Shutting down and abandoning module CableComponent (286)
[2017.06.12-15.55.43:478][705]LogModuleManager: Shutting down and abandoning module ArchVisCharacter (284)
[2017.06.12-15.55.43:478][705]LogModuleManager: Shutting down and abandoning module MediaPlayerEditor (280)
[2017.06.12-15.55.43:478][705]LogModuleManager: Shutting down and abandoning module HTML5Networking (278)
[2017.06.12-15.55.43:478][705]LogModuleManager: Shutting down and abandoning module AlembicImporter (276)
[2017.06.12-15.55.43:478][705]LogModuleManager: Shutting down and abandoning module AlembicLibrary (275)
[2017.06.12-15.55.43:478][705]LogModuleManager: Shutting down and abandoning module GeometryCache (274)
[2017.06.12-15.55.43:478][705]LogModuleManager: Shutting down and abandoning module GeometryCacheEd (273)
[2017.06.12-15.55.43:478][705]LogModuleManager: Shutting down and abandoning module SuperSearchEditor (268)
[2017.06.12-15.55.43:478][705]LogModuleManager: Shutting down and abandoning module SuperSearch (267)
[2017.06.12-15.55.43:478][705]LogModuleManager: Shutting down and abandoning module SpeedTreeImporter (264)
[2017.06.12-15.55.43:478][705]LogModuleManager: Shutting down and abandoning module PluginBrowser (262)
[2017.06.12-15.55.43:478][705]LogModuleManager: Shutting down and abandoning module MobileLauncherProfileWizard (260)
[2017.06.12-15.55.43:478][705]LogModuleManager: Shutting down and abandoning module EpicSurvey (258)
[2017.06.12-15.55.43:478][705]LogModuleManager: Shutting down and abandoning module VisualStudioSourceCodeAccess (256)
[2017.06.12-15.55.43:478][705]LogModuleManager: Shutting down and abandoning module DesktopPlatform (255)
[2017.06.12-15.55.43:478][705]LogModuleManager: Shutting down and abandoning module UObjectPlugin (252)
[2017.06.12-15.55.43:478][705]LogModuleManager: Shutting down and abandoning module SubversionSourceControl (250)
[2017.06.12-15.55.43:478][705]LogModuleManager: Shutting down and abandoning module PerforceSourceControl (248)
[2017.06.12-15.55.43:478][705]LogModuleManager: Shutting down and abandoning module GitSourceControl (246)
[2017.06.12-15.55.43:478][705]LogModuleManager: Shutting down and abandoning module SourceControl (245)
[2017.06.12-15.55.43:478][705]LogModuleManager: Shutting down and abandoning module LightPropagationVolumeEditor (242)
[2017.06.12-15.55.43:478][705]LogModuleManager: Shutting down and abandoning module PaperTiledImporter (240)
[2017.06.12-15.55.43:478][705]LogModuleManager: Shutting down and abandoning module PaperSpriteSheetImporter (238)
[2017.06.12-15.55.43:478][705]LogModuleManager: Shutting down and abandoning module Paper2DEditor (236)
[2017.06.12-15.55.43:478][705]LogModuleManager: Shutting down and abandoning module MeshPaint (235)
[2017.06.12-15.55.43:478][705]LogModuleManager: Shutting down and abandoning module LevelEditor (233)
[2017.06.12-15.55.43:479][705]LogModuleManager: Shutting down and abandoning module PixelInspectorModule (232)
[2017.06.12-15.55.43:479][705]LogModuleManager: Shutting down and abandoning module MainFrame (230)
[2017.06.12-15.55.43:479][705]LogModuleManager: Shutting down and abandoning module HotReload (229)
[2017.06.12-15.55.43:479][705]LogModuleManager: Shutting down and abandoning module ContentBrowser (225)
[2017.06.12-15.55.43:480][705]LogModuleManager: Shutting down and abandoning module PhysXVehiclesEditor (222)
[2017.06.12-15.55.43:480][705]LogModuleManager: Shutting down and abandoning module PhysXVehicles (220)
[2017.06.12-15.55.43:480][705]LogModuleManager: Shutting down and abandoning module LocationServicesBPLibrary (218)
[2017.06.12-15.55.43:480][705]LogModuleManager: Shutting down and abandoning module UdpMessaging (216)
[2017.06.12-15.55.43:581][705]LogModuleManager: Shutting down and abandoning module TcpMessaging (214)
[2017.06.12-15.55.43:681][705]LogModuleManager: Shutting down and abandoning module GameplayTagsEditor (212)
[2017.06.12-15.55.43:681][705]LogModuleManager: Shutting down and abandoning module FacialAnimationEditor (210)
[2017.06.12-15.55.43:681][705]LogModuleManager: Shutting down and abandoning module FacialAnimation (208)
[2017.06.12-15.55.43:681][705]LogModuleManager: Shutting down and abandoning module LightPropagationVolumeRuntime (206)
[2017.06.12-15.55.43:681][705]LogModuleManager: Shutting down and abandoning module Paper2D (204)
[2017.06.12-15.55.43:681][705]LogModuleManager: Shutting down and abandoning module WindowsMoviePlayer (202)
[2017.06.12-15.55.43:681][705]LogModuleManager: Shutting down and abandoning module WmfMedia (200)
[2017.06.12-15.55.43:681][705]LogModuleManager: Shutting down and abandoning module MfMedia (198)
[2017.06.12-15.55.43:681][705]LogModuleManager: Shutting down and abandoning module MediaAssets (196)
[2017.06.12-15.55.43:681][705]LogModuleManager: Shutting down and abandoning module GameLiveStreaming (194)
[2017.06.12-15.55.43:681][705]LogModuleManager: Shutting down and abandoning module VREditor (192)
[2017.06.12-15.55.43:681][705]LogModuleManager: Shutting down and abandoning module GameplayTasksEditor (190)
[2017.06.12-15.55.43:681][705]LogModuleManager: Shutting down and abandoning module BehaviorTreeEditor (188)
[2017.06.12-15.55.43:681][705]LogModuleManager: Shutting down and abandoning module FunctionalTesting (186)
[2017.06.12-15.55.43:681][705]LogModuleManager: Shutting down and abandoning module CollisionAnalyzer (184)
[2017.06.12-15.55.43:681][705]LogModuleManager: Shutting down and abandoning module UMG (182)
[2017.06.12-15.55.43:681][705]LogModuleManager: Shutting down and abandoning module UMGEditor (181)
[2017.06.12-15.55.43:681][705]LogModuleManager: Shutting down and abandoning module Sequencer (180)
[2017.06.12-15.55.43:681][705]LogModuleManager: Shutting down and abandoning module AssetTools (178)
[2017.06.12-15.55.43:681][705]LogModuleManager: Shutting down and abandoning module MessageLog (177)
[2017.06.12-15.55.43:681][705]LogModuleManager: Shutting down and abandoning module WorkspaceMenuStructure (176)
[2017.06.12-15.55.43:681][705]LogModuleManager: Shutting down and abandoning module SlateReflector (170)
[2017.06.12-15.55.43:681][705]LogModuleManager: Shutting down and abandoning module Slate (168)
[2017.06.12-15.55.43:681][705]LogModuleManager: Shutting down and abandoning module EditorStyle (166)
[2017.06.12-15.55.43:684][705]LogModuleManager: Shutting down and abandoning module SourceCodeAccess (164)
[2017.06.12-15.55.43:684][705]LogModuleManager: Shutting down and abandoning module HeadMountedDisplay (162)
[2017.06.12-15.55.43:684][705]LogModuleManager: Shutting down and abandoning module XAudio2 (160)
[2017.06.12-15.55.43:684][705]LogModuleManager: Shutting down and abandoning module Networking (158)
[2017.06.12-15.55.43:684][705]LogModuleManager: Shutting down and abandoning module Core (154)
[2017.06.12-15.55.43:684][705]LogModuleManager: Shutting down and abandoning module AssetRegistry (152)
[2017.06.12-15.55.43:737][705]LogDirectoryWatcher: A directory notification for '../../../Engine/Content/' was aborted.
[2017.06.12-15.55.43:738][705]LogDirectoryWatcher: A directory notification for '../../../../../../Users/LabUser/Documents/GitHub/skagame/SkaGame/Content/' was aborted.
[2017.06.12-15.55.43:738][705]LogDirectoryWatcher: A directory notification for '../../../Engine/Plugins/2D/Paper2D/Content/' was aborted.
[2017.06.12-15.55.43:738][705]LogModuleManager: Shutting down and abandoning module DirectoryWatcher (151)
[2017.06.12-15.55.43:738][705]LogModuleManager: Shutting down and abandoning module KismetCompiler (148)
[2017.06.12-15.55.43:738][705]LogModuleManager: Shutting down and abandoning module PhysXFormats (146)
[2017.06.12-15.55.43:738][705]LogModuleManager: Shutting down and abandoning module MeshUtilities (144)
[2017.06.12-15.55.43:738][705]LogModuleManager: Shutting down and abandoning module SimplygonSwarm (143)
[2017.06.12-15.55.43:738][705]LogModuleManager: Shutting down and abandoning module SimplygonMeshReduction (141)
[2017.06.12-15.55.43:738][705]LogModuleManager: Shutting down and abandoning module QuadricMeshReduction (139)
[2017.06.12-15.55.43:738][705]LogModuleManager: Shutting down and abandoning module PropertyEditor (137)
[2017.06.12-15.55.43:738][705]LogModuleManager: Shutting down and abandoning module DerivedDataCache (134)
[2017.06.12-15.55.43:778][705]LogDerivedDataCache: Shutdown
[2017.06.12-15.55.43:778][705]LogModuleManager: Shutting down and abandoning module TargetPlatform (132)
[2017.06.12-15.55.43:778][705]LogModuleManager: Shutting down and abandoning module VulkanShaderFormat (131)
[2017.06.12-15.55.43:778][705]LogModuleManager: Shutting down and abandoning module ShaderFormatOpenGL (129)
[2017.06.12-15.55.43:778][705]LogModuleManager: Shutting down and abandoning module ShaderFormatD3D (127)
[2017.06.12-15.55.43:778][705]LogModuleManager: Shutting down and abandoning module MetalShaderFormat (125)
[2017.06.12-15.55.43:778][705]LogModuleManager: Shutting down and abandoning module TextureFormatUncompressed (123)
[2017.06.12-15.55.43:778][705]LogModuleManager: Shutting down and abandoning module TextureFormatPVR (121)
[2017.06.12-15.55.43:778][705]LogModuleManager: Shutting down and abandoning module TextureFormatDXT (119)
[2017.06.12-15.55.43:778][705]LogModuleManager: Shutting down and abandoning module TextureFormatIntelISPCTexComp (117)
[2017.06.12-15.55.43:778][705]LogModuleManager: Shutting down and abandoning module TextureFormatASTC (115)
[2017.06.12-15.55.43:778][705]LogModuleManager: Shutting down and abandoning module ImageWrapper (114)
[2017.06.12-15.55.43:778][705]LogModuleManager: Shutting down and abandoning module TextureFormatAndroid (111)
[2017.06.12-15.55.43:778][705]LogModuleManager: Shutting down and abandoning module AudioFormatOpus (109)
[2017.06.12-15.55.43:778][705]LogModuleManager: Shutting down and abandoning module AudioFormatOgg (107)
[2017.06.12-15.55.43:778][705]LogModuleManager: Shutting down and abandoning module AudioFormatADPCM (105)
[2017.06.12-15.55.43:778][705]LogModuleManager: Shutting down and abandoning module LinuxTargetPlatform (103)
[2017.06.12-15.55.43:778][705]LogModuleManager: Shutting down and abandoning module LinuxServerTargetPlatform (101)
[2017.06.12-15.55.43:778][705]LogModuleManager: Shutting down and abandoning module LinuxNoEditorTargetPlatform (99)
[2017.06.12-15.55.43:778][705]LogModuleManager: Shutting down and abandoning module LinuxClientTargetPlatform (97)
[2017.06.12-15.55.43:778][705]LogModuleManager: Shutting down and abandoning module TVOSTargetPlatform (95)
[2017.06.12-15.55.43:778][705]LogModuleManager: Shutting down and abandoning module Messaging (93)
[2017.06.12-15.55.43:778][705]LogModuleManager: Shutting down and abandoning module IOSTargetPlatform (91)
[2017.06.12-15.55.43:778][705]LogModuleManager: Shutting down and abandoning module HTML5TargetPlatform (89)
[2017.06.12-15.55.43:778][705]LogModuleManager: Shutting down and abandoning module Android_PVRTCTargetPlatform (87)
[2017.06.12-15.55.43:778][705]LogModuleManager: Shutting down and abandoning module Android_MultiTargetPlatform (85)
[2017.06.12-15.55.43:778][705]LogModuleManager: Shutting down and abandoning module Android_ETC2TargetPlatform (83)
[2017.06.12-15.55.43:778][705]LogModuleManager: Shutting down and abandoning module Android_ETC1TargetPlatform (81)
[2017.06.12-15.55.43:778][705]LogModuleManager: Shutting down and abandoning module Android_DXTTargetPlatform (79)
[2017.06.12-15.55.43:778][705]LogModuleManager: Shutting down and abandoning module Android_ATCTargetPlatform (77)
[2017.06.12-15.55.43:778][705]LogModuleManager: Shutting down and abandoning module Android_ASTCTargetPlatform (75)
[2017.06.12-15.55.43:778][705]LogModuleManager: Shutting down and abandoning module AndroidTargetPlatform (73)
[2017.06.12-15.55.43:778][705]LogModuleManager: Shutting down and abandoning module WindowsTargetPlatform (71)
[2017.06.12-15.55.43:778][705]LogModuleManager: Shutting down and abandoning module WindowsServerTargetPlatform (69)
[2017.06.12-15.55.43:778][705]LogModuleManager: Shutting down and abandoning module WindowsNoEditorTargetPlatform (67)
[2017.06.12-15.55.43:778][705]LogModuleManager: Shutting down and abandoning module WindowsClientTargetPlatform (65)
[2017.06.12-15.55.43:778][705]LogModuleManager: Shutting down and abandoning module MacTargetPlatform (63)
[2017.06.12-15.55.43:778][705]LogModuleManager: Shutting down and abandoning module MacServerTargetPlatform (61)
[2017.06.12-15.55.43:778][705]LogModuleManager: Shutting down and abandoning module MacNoEditorTargetPlatform (59)
[2017.06.12-15.55.43:778][705]LogModuleManager: Shutting down and abandoning module MacClientTargetPlatform (57)
[2017.06.12-15.55.43:778][705]LogModuleManager: Shutting down and abandoning module AllDesktopTargetPlatform (55)
[2017.06.12-15.55.43:778][705]LogModuleManager: Shutting down and abandoning module InputCore (52)
[2017.06.12-15.55.43:778][705]LogModuleManager: Shutting down and abandoning module Settings (50)
[2017.06.12-15.55.43:778][705]LogModuleManager: Shutting down and abandoning module OculusRift (48)
[2017.06.12-15.55.43:779][705]LogHMD: Oculus shutdown.
[2017.06.12-15.55.43:779][705]LogModuleManager: Shutting down and abandoning module GearVR (46)
[2017.06.12-15.55.43:779][705]LogModuleManager: Shutting down and abandoning module ExampleDeviceProfileSelector (44)
[2017.06.12-15.55.43:779][705]LogModuleManager: Shutting down and abandoning module OnlineBlueprintSupport (42)
[2017.06.12-15.55.43:779][705]LogModuleManager: Shutting down and abandoning module OnlineSubsystem (38)
[2017.06.12-15.55.43:779][705]LogOnline:Display: Unloading online subsystem: NULL
[2017.06.12-15.55.43:779][705]LogModuleManager: Shutting down and abandoning module XMPP (37)
[2017.06.12-15.55.43:779][705]LogModuleManager: Shutting down and abandoning module HTTP (35)
[2017.06.12-15.55.43:779][705]LogHttp:Display: Http module shutting down, but needs to wait on 1 outstanding Http requests:
[2017.06.12-15.55.43:779][705]LogHttp:Display: 	verb=[POST] url=[https://datarouter.ol.epicgames.com/datarouter/api/v1/public/data?SessionID=%7B4FC473EF-42B3-AE9A-10A3-8E85F9C36114%7D&AppID=UEEditor.Rocket.Release&AppVersion=4.15.3-3450819%2B%2B%2BUE4%2BRelease-4.15&UserID=52acccce407e24ece51e80b212d3eba6%7C96e91b22db194cfa8006f4b66d834199%7C7f494a3e-6c6a-41b0-bde2-69c2e38505a9&AppEnvironment=datacollector-binary&UploadType=eteventstream] status=Processing
[2017.06.12-15.55.43:781][705]LogModuleManager: Shutting down and abandoning module SSL (34)
[2017.06.12-15.55.43:782][705]LogModuleManager: Shutting down and abandoning module AudioEditor (30)
[2017.06.12-15.55.43:782][705]LogModuleManager: Shutting down and abandoning module TextureCompressor (28)
[2017.06.12-15.55.43:782][705]LogModuleManager: Shutting down and abandoning module ShaderCore (26)
[2017.06.12-15.55.43:782][705]LogModuleManager: Shutting down and abandoning module Landscape (24)
[2017.06.12-15.55.43:782][705]LogModuleManager: Shutting down and abandoning module SlateRHIRenderer (22)
[2017.06.12-15.55.43:783][705]LogModuleManager: Shutting down and abandoning module OpenGLDrv (20)
[2017.06.12-15.55.43:783][705]LogModuleManager: Shutting down and abandoning module D3D11RHI (18)
[2017.06.12-15.55.43:783][705]LogModuleManager: Shutting down and abandoning module AnimGraphRuntime (16)
[2017.06.12-15.55.43:783][705]LogModuleManager: Shutting down and abandoning module Renderer (14)
[2017.06.12-15.55.43:783][705]LogModuleManager: Shutting down and abandoning module Engine (12)
[2017.06.12-15.55.43:783][705]LogModuleManager: Shutting down and abandoning module CoreUObject (10)
[2017.06.12-15.55.43:783][705]LogModuleManager: Shutting down and abandoning module NetworkFile (8)
[2017.06.12-15.55.43:783][705]LogModuleManager: Shutting down and abandoning module StreamingFile (6)
[2017.06.12-15.55.43:783][705]LogModuleManager: Shutting down and abandoning module SandboxFile (4)
[2017.06.12-15.55.43:783][705]LogModuleManager: Shutting down and abandoning module PakFile (2)
[2017.06.12-15.55.43:784][705]LogExit: Exiting.
[2017.06.12-15.55.43:791][705]Log file closed, 06/12/17 11:55:43
