Log file open, 05/22/17 13:49:07
LogInit:Display: Running engine for game: SkaGame
LogPlatformFile: Not using cached read wrapper
LogInit:Display: RandInit(146310327) SRandInit(146310327).
LogTaskGraph: Started task graph with 5 named threads and 8 total threads with 1 sets of task threads.
LogStats: Stats thread started at 0.077127
LogInit: Using libcurl 7.47.1
LogInit:  - built for x86_64-pc-win32
LogInit:  - supports SSL with OpenSSL/1.0.2g
LogInit:  - supports HTTP deflate (compression) using libz 1.2.8
LogInit:  - other features:
LogInit:      CURL_VERSION_SSL
LogInit:      CURL_VERSION_LIBZ
LogInit:      CURL_VERSION_IPV6
LogInit:      CURL_VERSION_ASYNCHDNS
LogInit:      CURL_VERSION_LARGEFILE
LogInit:      CURL_VERSION_IDN
LogInit:  CurlRequestOptions (configurable via config and command line):
LogInit:  - bVerifyPeer = false  - Libcurl will NOT verify peer certificate
LogInit:  - bUseHttpProxy = false  - Libcurl will NOT use HTTP proxy
LogInit:  - bDontReuseConnections = false  - Libcurl will reuse connections
LogInit:  - CertBundlePath = nullptr  - Libcurl will use whatever was configured at build time.
OCULUS: Info: [CAPI] LibOVR module is located at C:\Program Files\Oculus\Support\oculus-runtime\LibOVRRT64_1.dll
OCULUS: Debug: Connected to the server running version (prod = 1).1.14.0(build = 378771) feature version = 0. Client runs version (prod = 1).1.14.0(build = 378771) feature version = 0
LogHMD: GearVR: Emulating GearVR using Oculus Rift!
LogInit: Build: ++UE4+Release-4.15-CL-3416026
LogInit: Engine Version: 4.15.2-3416026+++UE4+Release-4.15
LogInit: Compatible Engine Version: 4.15.0-3299760+++UE4+Release-4.15
LogInit: Net CL: 3299760
LogDevObjectVersion: Number of dev versions registered: 14
LogDevObjectVersion:   Dev-Blueprints (B0D832E4-1F89-4F0D-ACCF-7EB736FD4AA2): 8
LogDevObjectVersion:   Dev-Build (E1C64328-A22C-4D53-A36C-8E866417BD8C): 0
LogDevObjectVersion:   Dev-Core (375EC13C-06E4-48FB-B500-84F0262A717E): 2
LogDevObjectVersion:   Dev-Editor (E4B068ED-F494-42E9-A231-DA0B2E46BB41): 14
LogDevObjectVersion:   Dev-Framework (CFFC743F-43B0-4480-9391-14DF171D2073): 22
LogDevObjectVersion:   Dev-Mobile (B02B49B5-BB20-44E9-A304-32B752E40360): 0
LogDevObjectVersion:   Dev-Networking (A4E4105C-59A1-49B5-A7C5-40C4547EDFEE): 0
LogDevObjectVersion:   Dev-Online (39C831C9-5AE6-47DC-9A44-9C173E1C8E7C): 0
LogDevObjectVersion:   Dev-Physics (78F01B33-EBEA-4F98-B9B4-84EACCB95AA2): 0
LogDevObjectVersion:   Dev-Platform (6631380F-2D4D-43E0-8009-CF276956A95A): 0
LogDevObjectVersion:   Dev-Rendering (12F88B9F-8875-4AFC-A67C-D90C383ABD29): 12
LogDevObjectVersion:   Dev-Sequencer (7B5AE74C-D270-4C10-A958-57980B212A5A): 3
LogDevObjectVersion:   Dev-VR (D7296918-1DD6-4BDD-9DE2-64A83CC13884): 0
LogDevObjectVersion:   Dev-LoadTimes (C2A15278-BFE7-4AFE-6C17-90FF531DF755): 1
LogInit: Compiled (64-bit): May  1 2017 13:11:28
LogInit: Compiled with Visual C++: 19.00.23026.00
LogInit: Build Configuration: Development
LogInit: Branch Name: ++UE4+Release-4.15
LogInit: Command line: -EpicPortal 
LogInit: Base directory: C:/Program Files/Epic Games/UE_4.15/Engine/Binaries/Win64/
LogInit: Installed Engine Build: 1
LogInit: Presizing for max 8388607 objects, including 0 objects not considered by GC, pre-allocating 0 bytes for permanent pool.
LogInit: Object subsystem initialized
[2017.05.22-17.49.09:125][  0]LogInit: Selected Device Profile: [Windows]
[2017.05.22-17.49.09:125][  0]LogInit: Applying CVar settings loaded from the selected device profile: [Windows]
[2017.05.22-17.49.09:132][  0]LogInit: Computer: ETB118-005
[2017.05.22-17.49.09:132][  0]LogInit: User: LabUser
[2017.05.22-17.49.09:132][  0]LogInit: CPU Page size=65536, Cores=4
[2017.05.22-17.49.09:132][  0]LogInit: High frequency timer resolution =3.410091 MHz
[2017.05.22-17.49.09:132][  0]LogMemory: Memory total: Physical=31.9GB (32GB approx)
[2017.05.22-17.49.09:132][  0]LogMemory: Platform Memory Stats for Windows
[2017.05.22-17.49.09:132][  0]LogMemory: Process Physical Memory: 267.14 MB used, 267.14 MB peak
[2017.05.22-17.49.09:132][  0]LogMemory: Process Virtual Memory: 265.76 MB used, 265.76 MB peak
[2017.05.22-17.49.09:132][  0]LogMemory: Physical Memory: 7925.92 MB used,  24784.10 MB free, 32710.02 MB total
[2017.05.22-17.49.09:132][  0]LogMemory: Virtual Memory: 686.41 MB used,  24784.10 MB free, 134217728.00 MB total
[2017.05.22-17.49.09:202][  0]LogTextLocalizationManager: No specific translations for ('en-US') exist, so ('en') translations will be used.
[2017.05.22-17.49.09:865][  0]LogD3D11RHI: D3D11 adapters:
[2017.05.22-17.49.09:889][  0]LogD3D11RHI:    0. 'NVIDIA Quadro K4200' (Feature Level 11_0)
[2017.05.22-17.49.09:889][  0]LogD3D11RHI:       4063/0/16355 MB DedicatedVideo/DedicatedSystem/SharedSystem, Outputs:2, VendorId:0x10de
[2017.05.22-17.49.09:891][  0]LogD3D11RHI:    1. 'Microsoft Basic Render Driver' (Feature Level 11_0)
[2017.05.22-17.49.09:891][  0]LogD3D11RHI:       0/0/16355 MB DedicatedVideo/DedicatedSystem/SharedSystem, Outputs:0, VendorId:0x1414
[2017.05.22-17.49.09:891][  0]LogD3D11RHI: Chosen D3D11 Adapter: 0
[2017.05.22-17.49.09:895][  0]LogD3D11RHI: Creating new Direct3DDevice
[2017.05.22-17.49.09:895][  0]LogD3D11RHI:     GPU DeviceId: 0x11b4 (for the marketing name, search the web for "GPU Device Id")
[2017.05.22-17.49.09:895][  0]LogWindows: EnumDisplayDevices:
[2017.05.22-17.49.09:895][  0]LogWindows:    0. 'NVIDIA Quadro K4200' (P:1 D:1)
[2017.05.22-17.49.09:895][  0]LogWindows:    1. 'NVIDIA Quadro K4200' (P:0 D:1)
[2017.05.22-17.49.09:896][  0]LogWindows:    2. 'NVIDIA Quadro K4200' (P:0 D:0)
[2017.05.22-17.49.09:896][  0]LogWindows:    3. 'NVIDIA Quadro K4200' (P:0 D:0)
[2017.05.22-17.49.09:896][  0]LogWindows:    4. 'DameWare Development Mirror Driver 64-bit' (P:0 D:0)
[2017.05.22-17.49.09:896][  0]LogWindows: DebugString: GetVideoDriverDetailsInvalid PrimaryIsNotTheChoosenAdapter FoundDriverCount:4 
[2017.05.22-17.49.09:896][  0]LogD3D11RHI:     Adapter Name: NVIDIA Quadro K4200
[2017.05.22-17.49.09:896][  0]LogD3D11RHI:   Driver Version: 377.35 (internal:21.21.13.7735, unified:377.35)
[2017.05.22-17.49.09:896][  0]LogD3D11RHI:      Driver Date: 5-1-2017
[2017.05.22-17.49.09:896][  0]LogRHI: Texture pool is 1361 MB (70% of 1945 MB)
[2017.05.22-17.49.09:908][  0]LogD3D11RHI:Warning: Timestamp queries are currently disabled on this hardware due to instability. Realtime GPU stats will not be available. You can override this behaviour by setting r.NVIDIATimestampWorkaround to 0
[2017.05.22-17.49.09:909][  0]LogD3D11RHI: [Aftermath] Aftermath enabled but failed to initialize due to reason: DriverVersionNotSupported
[2017.05.22-17.49.09:909][  0]LogD3D11RHI: Async texture creation enabled
[2017.05.22-17.49.09:925][  0]LogD3D11RHI: GPU Timing Frequency: 1000.000000 (Debug: 2 2)
[2017.05.22-17.49.09:928][  0]LogShaderCompilers: Guid format shader working directory is 19 characters bigger than the processId version (D:/SkaGameSVN/SkaGame/SkaGame/Intermediate/Shaders/WorkingDirectory/8688/).
[2017.05.22-17.49.09:928][  0]LogShaderCompilers: Cleaned the shader compiler working directory 'C:/Users/LabUser/AppData/Local/Temp/UnrealShaderWorkingDir/A1DAC9B04F89AB7B69FA1BA31E927CCE/'.
[2017.05.22-17.49.09:928][  0]LogShaderCompilers:Display: Using Local Shader Compiler.
[2017.05.22-17.49.10:892][  0]LogTemp:Display: Loaded TP AllDesktopTargetPlatform
[2017.05.22-17.49.10:949][  0]LogTemp:Display: Loaded TP MacClientTargetPlatform
[2017.05.22-17.49.11:004][  0]LogTemp:Display: Loaded TP MacNoEditorTargetPlatform
[2017.05.22-17.49.11:060][  0]LogTemp:Display: Loaded TP MacServerTargetPlatform
[2017.05.22-17.49.11:116][  0]LogTemp:Display: Loaded TP MacTargetPlatform
[2017.05.22-17.49.11:172][  0]LogTemp:Display: Loaded TP WindowsClientTargetPlatform
[2017.05.22-17.49.11:231][  0]LogTemp:Display: Loaded TP WindowsNoEditorTargetPlatform
[2017.05.22-17.49.11:289][  0]LogTemp:Display: Loaded TP WindowsServerTargetPlatform
[2017.05.22-17.49.11:337][  0]LogTemp:Display: Loaded TP WindowsTargetPlatform
[2017.05.22-17.49.11:392][  0]LogTemp:Display: Loaded TP AndroidTargetPlatform
[2017.05.22-17.49.11:449][  0]LogTemp:Display: Loaded TP Android_ASTCTargetPlatform
[2017.05.22-17.49.11:505][  0]LogTemp:Display: Loaded TP Android_ATCTargetPlatform
[2017.05.22-17.49.11:560][  0]LogTemp:Display: Loaded TP Android_DXTTargetPlatform
[2017.05.22-17.49.11:617][  0]LogTemp:Display: Loaded TP Android_ETC1TargetPlatform
[2017.05.22-17.49.11:673][  0]LogTemp:Display: Loaded TP Android_ETC2TargetPlatform
[2017.05.22-17.49.11:785][  0]LogTemp:Display: Loaded TP Android_MultiTargetPlatform
[2017.05.22-17.49.11:785][  0]LogTemp:Display: Loaded TP Android_PVRTCTargetPlatform
[2017.05.22-17.49.11:826][  0]LogTemp:Display: Loaded TP HTML5TargetPlatform
[2017.05.22-17.49.11:922][  0]LogTemp:Display: Loaded TP IOSTargetPlatform
[2017.05.22-17.49.11:953][  0]LogTemp:Display: Loaded TP TVOSTargetPlatform
[2017.05.22-17.49.12:007][  0]LogTemp:Display: Loaded TP LinuxClientTargetPlatform
[2017.05.22-17.49.12:062][  0]LogTemp:Display: Loaded TP LinuxNoEditorTargetPlatform
[2017.05.22-17.49.12:116][  0]LogTemp:Display: Loaded TP LinuxServerTargetPlatform
[2017.05.22-17.49.12:173][  0]LogTemp:Display: Loaded TP LinuxTargetPlatform
[2017.05.22-17.49.12:173][  0]LogTargetPlatformManager:Display: Building Assets For Windows
[2017.05.22-17.49.12:587][  0]LogDerivedDataCache:Display: Max Cache Size: 512 MB
[2017.05.22-17.49.12:633][  0]LogDerivedDataCache: Loaded boot cache 0.05s 50MB C:/Users/LabUser/AppData/Local/UnrealEngine/4.15/DerivedDataCache/Boot.ddc.
[2017.05.22-17.49.12:633][  0]LogDerivedDataCache:Display: Loaded Boot cache: C:/Users/LabUser/AppData/Local/UnrealEngine/4.15/DerivedDataCache/Boot.ddc
[2017.05.22-17.49.12:633][  0]LogDerivedDataCache: FDerivedDataBackendGraph:  Pak pak cache file D:/SkaGameSVN/SkaGame/SkaGame/DerivedDataCache/DDC.ddp not found, will not use a pak cache.
[2017.05.22-17.49.12:633][  0]LogDerivedDataCache: Unable to find inner node Pak for hierarchical cache Hierarchy.
[2017.05.22-17.49.12:633][  0]LogDerivedDataCache: FDerivedDataBackendGraph:  CompressedPak pak cache file D:/SkaGameSVN/SkaGame/SkaGame/DerivedDataCache/Compressed.ddp not found, will not use a pak cache.
[2017.05.22-17.49.12:633][  0]LogDerivedDataCache: Unable to find inner node CompressedPak for hierarchical cache Hierarchy.
[2017.05.22-17.49.12:649][  0]LogDerivedDataCache:Display: Pak cache opened for reading ../../../Engine/DerivedDataCache/Compressed.ddp.
[2017.05.22-17.49.12:662][  0]LogDerivedDataCache: Using Local data cache path C:/Users/LabUser/AppData/Local/UnrealEngine/Common/DerivedDataCache: Writable
[2017.05.22-17.49.12:671][  0]LogSlate: Using Freetype 2.6.0
[2017.05.22-17.49.12:672][  0]LogSlate: SlateFontCache - WITH_FREETYPE: 1, WITH_HARFBUZZ: 1
[2017.05.22-17.49.12:672][  0]LogSlate: SlateFontCache - WITH_FREETYPE: 1, WITH_HARFBUZZ: 1
[2017.05.22-17.49.12:955][  0]LogInit: Selected Device Profile: [Windows]
[2017.05.22-17.49.12:957][  0]LogContentStreaming: Texture pool size is 0.00 MB
[2017.05.22-17.49.13:152][  0]LogMeshUtilities: Using QuadricMeshReduction for automatic static mesh reduction
[2017.05.22-17.49.13:198][  0]LogSimplygon: Simplygon DLL not present - disabling.
[2017.05.22-17.49.13:250][  0]LogMeshUtilities: Using SimplygonSwarm for distributed automatic mesh merging
[2017.05.22-17.49.13:250][  0]LogMeshUtilities: No automatic skeletal mesh reduction module available
[2017.05.22-17.49.13:250][  0]LogMeshUtilities: No automatic mesh merging module available
[2017.05.22-17.49.13:725][  0]LogNetVersion: GetLocalNetworkVersion: CL: 3299760, ProjectName: skagame, ProjectVersion: , EngineNetworkVersion: 2, GameNetworkVersion: 0, NetworkChecksum: 2367570535
[2017.05.22-17.49.13:766][  0]LogAssetRegistry: FAssetRegistry took 0.0213 seconds to start up
[2017.05.22-17.49.13:816][  0]LogPackageLocalizationCache: Processed 3 localized package path(s) for 2 prioritized culture(s) in 0.029103 seconds
[2017.05.22-17.49.13:821][  0]LogUObjectArray: 32493 objects as part of root set at end of initial load.
[2017.05.22-17.49.13:821][  0]LogUObjectAllocator: 7077024 out of 0 bytes used by permanent object pool.
[2017.05.22-17.49.13:821][  0]LogUObjectArray: CloseDisregardForGC: 0/0 objects in disregard for GC pool
[2017.05.22-17.49.13:875][  0]LogInit: WinSock: version 1.1 (2.2), MaxSocks=32767, MaxUdp=65467
[2017.05.22-17.49.15:595][  0]LogTcpMessaging: Initializing TcpMessaging bridge
[2017.05.22-17.49.15:634][  0]LogUdpMessaging: Initializing bridge on interface 0.0.0.0:0 to multicast group 230.0.0.1:6666.
[2017.05.22-17.49.16:109][  0]LogMaterial: Uniform references updated for custom material expression Custom.
[2017.05.22-17.49.16:508][  0]SourceControl: Info Source control is disabled
[2017.05.22-17.49.16:510][  0]SourceControl: Info Source control is disabled
[2017.05.22-17.49.16:561][  0]SourceControl: Info Source control is disabled
[2017.05.22-17.49.16:613][  0]SourceControl: Info Source control is disabled
[2017.05.22-17.49.17:954][  0]LogEngine: Initializing Engine...
[2017.05.22-17.49.17:954][  0]LogHMD: Oculus plugin initialized. Version: 4.15.2-3416026+++UE4+Release-4.15, LibOVR: 1.14.0, SDK: 1.10.0, built May  1 2017, 13:17:57
[2017.05.22-17.49.18:048][  0]LogStats: UGameplayTagsManager::ConstructGameplayTagTree: Construct from data asset -  0.000 s
[2017.05.22-17.49.18:048][  0]LogStats: UGameplayTagsManager::ConstructGameplayTagTree: GameplayTagTreeChangedEvent.Broadcast -  0.000 s
[2017.05.22-17.49.18:177][  0]LogAIModule: Creating AISystem for world Untitled
[2017.05.22-17.49.18:185][  0]LogInit: XAudio2 using 'Speakers (Dell AC511 USB SoundBar)' : 2 channels at 44.1 kHz using 16 bits per sample (channel mask 0x3)
[2017.05.22-17.49.18:194][  0]LogInit: FAudioDevice initialized.
[2017.05.22-17.49.18:217][  0]LogDerivedDataCache: Saved boot cache 0.02s 50MB C:/Users/LabUser/AppData/Local/UnrealEngine/4.15/DerivedDataCache/Boot.ddc.
[2017.05.22-17.49.18:222][  0]LogInit: Texture streaming: Enabled
[2017.05.22-17.49.18:304][  0]LogEngineSessionManager: EngineSessionManager initialized
[2017.05.22-17.49.18:394][  0]LogInit: Transaction tracking system initialized
[2017.05.22-17.49.18:755][  0]BlueprintLog: New page: Editor Load
[2017.05.22-17.49.19:655][  0]LocalizationService: Info Localization service is disabled
[2017.05.22-17.49.20:349][  0]LogConsoleResponse:Display: 
[2017.05.22-17.49.20:462][  0]LogCook:Display: Max memory allowance for cook 16384mb min free memory 0mb
[2017.05.22-17.49.20:462][  0]LogCook:Display: Mobile HDR setting 1
[2017.05.22-17.49.20:690][  0]LogFileCache: Scanning file cache for directory 'D:/SkaGameSVN/SkaGame/SkaGame/Content/' took 0.01s
[2017.05.22-17.49.21:532][  0]SourceControl: Info Source control is disabled
[2017.05.22-17.49.21:532][  0]Cmd: MAP LOAD FILE="D:/SkaGameSVN/SkaGame/SkaGame/Content/SideScrollerBP/Maps/SideScrollerExampleMap.umap" TEMPLATE=0 SHOWPROGRESS=1 FEATURELEVEL=3
[2017.05.22-17.49.21:533][  0]LightingResults: New page: Lighting Build
[2017.05.22-17.49.21:575][  0]MapCheck: New page: Map Check
[2017.05.22-17.49.21:575][  0]LightingResults: New page: Lighting Build
[2017.05.22-17.49.21:918][  0]LogAIModule: Creating AISystem for world SideScrollerExampleMap
[2017.05.22-17.49.21:940][  0]LogEditorServer: Finished looking for orphan Actors (0.000 secs)
[2017.05.22-17.49.21:941][  0]Cmd: MAP CHECKDEP NOCLEARLOG
[2017.05.22-17.49.22:011][  0]MapCheck: Info Map check complete: 0 Error(s), 0 Warning(s), took 70.49ms to complete.
[2017.05.22-17.49.22:011][  0]LogFileHelpers: Loading map 'SideScrollerExampleMap' took 0.479
[2017.05.22-17.49.22:062][  0]LogWindowsTextInputMethodSystem:Display: IME system now deactivated.
[2017.05.22-17.49.22:163][  0]LogCollectionManager: Loaded 0 collections in 0.001497 seconds
[2017.05.22-17.49.22:246][  0]LogFileCache: Scanning file cache for directory 'D:/SkaGameSVN/SkaGame/SkaGame/Saved/Collections/' took 0.01s
[2017.05.22-17.49.22:246][  0]LogFileCache: Scanning file cache for directory 'D:/SkaGameSVN/SkaGame/SkaGame/Content/Developers/LabUser/Collections/' took 0.01s
[2017.05.22-17.49.22:246][  0]LogFileCache: Scanning file cache for directory 'D:/SkaGameSVN/SkaGame/SkaGame/Content/Collections/' took 0.01s
[2017.05.22-17.49.22:246][  0]LogCollectionManager: Rebuilt the GUID cache for 0 collections in 0.000001 seconds
[2017.05.22-17.49.22:253][  0]LogContentBrowser: Native class hierarchy populated in 0.0074 seconds. Added 2245 classes and 453 folders.
[2017.05.22-17.49.22:317][  0]LogContentBrowser: Native class hierarchy updated for 'WidgetCarousel' in 0.0005 seconds. Added 0 classes and 0 folders.
[2017.05.22-17.49.22:376][  0]LogContentBrowser: Native class hierarchy updated for 'AddContentDialog' in 0.0005 seconds. Added 0 classes and 0 folders.
[2017.05.22-17.49.22:420][  0]LogContentBrowser: Native class hierarchy updated for 'SceneOutliner' in 0.0005 seconds. Added 1 classes and 2 folders.
[2017.05.22-17.49.22:462][  0]LogCrashTracker: Crashtracker disabled due to settings.
[2017.05.22-17.49.22:552][  0]LogContentBrowser: Native class hierarchy updated for 'HierarchicalLODOutliner' in 0.0005 seconds. Added 1 classes and 2 folders.
[2017.05.22-17.49.22:552][  0]LogLoad: (Engine Initialization) Total time: 15.94 seconds
[2017.05.22-17.49.22:552][  0]LogLoad: (Engine Initialization) Total Blueprint compile time: 0.12 seconds
[2017.05.22-17.49.22:552][  0]LogExternalProfiler: Found external profiler: VSPerf
[2017.05.22-17.49.22:552][  0]LogExternalProfiler: Using external profiler: VSPerf
[2017.05.22-17.49.22:561][  0]LogOcInput: OculusInput pre-init called
[2017.05.22-17.49.22:573][  0]LogOcInput: OculusInput is initialized. Init status 0. Runtime version: 1.14.0
[2017.05.22-17.49.22:589][  0]LogAssetRegistry: Asset discovery search completed in 8.8435 seconds
[2017.05.22-17.49.22:589][  0]LogCollectionManager: Rebuilt the object cache for 0 collections in 0.000004 seconds (found 0 objects)
[2017.05.22-17.49.22:589][  0]LogCollectionManager: Fixed up redirectors for 0 collections in 0.000016 seconds (updated 0 objects)
[2017.05.22-17.49.22:593][  0]LogContentStreaming: Texture pool size now 1000 MB
[2017.05.22-17.49.22:601][  0]LogSlate: Took 0.000364 seconds to synchronously load lazily loaded font '../../../Engine/Content/Slate/Fonts/Roboto-Regular.ttf' (155K)
[2017.05.22-17.49.22:605][  0]LogSlate: Took 0.000299 seconds to synchronously load lazily loaded font '../../../Engine/Content/Slate/Fonts/Roboto-Bold.ttf' (160K)
[2017.05.22-17.49.22:610][  0]LogSlate: Took 0.000270 seconds to synchronously load lazily loaded font '../../../Engine/Content/Editor/Slate/Fonts/FontAwesome.ttf' (139K)
[2017.05.22-17.49.22:717][  0]LogSlate: Took 0.000338 seconds to synchronously load lazily loaded font '../../../Engine/Content/Slate/Fonts/Roboto-Light.ttf' (159K)
[2017.05.22-17.49.22:755][  0]LogRenderer: Reallocating scene render targets to support 1208x576 NumSamples 1 (Frame:2).
[2017.05.22-17.49.25:656][322]LogTemp: Repeting last play command: Selected Viewport
[2017.05.22-17.49.25:664][322]LogBlueprintUserMessages: Early PlayInEditor Detection: Level '/Game/SideScrollerBP/Maps/SideScrollerExampleMap.SideScrollerExampleMap:PersistentLevel' has LevelScriptBlueprint '/Game/SideScrollerBP/Maps/SideScrollerExampleMap.SideScrollerExampleMap:PersistentLevel.SideScrollerExampleMap' with GeneratedClass '/Game/SideScrollerBP/Maps/SideScrollerExampleMap.SideScrollerExampleMap_C' with ClassGeneratedBy '/Game/SideScrollerBP/Maps/SideScrollerExampleMap.SideScrollerExampleMap:PersistentLevel.SideScrollerExampleMap'
[2017.05.22-17.49.25:664][322]LogPlayLevel: PlayLevel: No blueprints needed recompiling
[2017.05.22-17.49.25:665][322]PIE: New page: PIE session: SideScrollerExampleMap (May 22, 2017, 9:49:25 AM)
[2017.05.22-17.49.25:665][322]LogPlayLevel: Creating play world package: /Game/SideScrollerBP/Maps/UEDPIE_0_SideScrollerExampleMap
[2017.05.22-17.49.25:691][322]LogPlayLevel: PIE: StaticDuplicateObject took: (0.026349s)
[2017.05.22-17.49.25:693][322]LogAIModule: Creating AISystem for world SideScrollerExampleMap
[2017.05.22-17.49.25:693][322]LogPlayLevel: PIE: World Init took: (0.001569s)
[2017.05.22-17.49.25:693][322]LogPlayLevel: PIE: Created PIE world by copying editor world from /Game/SideScrollerBP/Maps/SideScrollerExampleMap.SideScrollerExampleMap to /Game/SideScrollerBP/Maps/UEDPIE_0_SideScrollerExampleMap.SideScrollerExampleMap (0.028287s)
[2017.05.22-17.49.25:711][322]LogInit: XAudio2 using 'Speakers (Dell AC511 USB SoundBar)' : 2 channels at 44.1 kHz using 16 bits per sample (channel mask 0x3)
[2017.05.22-17.49.25:717][322]LogInit: FAudioDevice initialized.
[2017.05.22-17.49.25:767][322]LogLoad: Game class is 'SideScrollerGameMode_C'
[2017.05.22-17.49.25:768][322]LogWorld: Bringing World /Game/SideScrollerBP/Maps/UEDPIE_0_SideScrollerExampleMap.SideScrollerExampleMap up for play (max tick rate 0) at 2017.05.22-13.49.25
[2017.05.22-17.49.25:769][322]LogWorld: Bringing up level for play took: 0.001161
[2017.05.22-17.49.25:812][322]LogContentBrowser: Native class hierarchy updated for 'MovieSceneCapture' in 0.0006 seconds. Added 11 classes and 0 folders.
[2017.05.22-17.49.25:813][322]Cmd: stat FPS
[2017.05.22-17.49.25:813][322]PIE: Info Play in editor start time for /Game/SideScrollerBP/Maps/UEDPIE_0_SideScrollerExampleMap 0.547
[2017.05.22-17.49.25:813][322]LogBlueprintUserMessages: Late PlayInEditor Detection: Level '/Game/SideScrollerBP/Maps/SideScrollerExampleMap.SideScrollerExampleMap:PersistentLevel' has LevelScriptBlueprint '/Game/SideScrollerBP/Maps/SideScrollerExampleMap.SideScrollerExampleMap:PersistentLevel.SideScrollerExampleMap' with GeneratedClass '/Game/SideScrollerBP/Maps/SideScrollerExampleMap.SideScrollerExampleMap_C' with ClassGeneratedBy '/Game/SideScrollerBP/Maps/SideScrollerExampleMap.SideScrollerExampleMap:PersistentLevel.SideScrollerExampleMap'
[2017.05.22-17.49.27:486][517]LogBlueprintUserMessages: Early EndPlayMap Detection: Level '/Game/SideScrollerBP/Maps/SideScrollerExampleMap.SideScrollerExampleMap:PersistentLevel' has LevelScriptBlueprint '/Game/SideScrollerBP/Maps/SideScrollerExampleMap.SideScrollerExampleMap:PersistentLevel.SideScrollerExampleMap' with GeneratedClass '/Game/SideScrollerBP/Maps/SideScrollerExampleMap.SideScrollerExampleMap_C' with ClassGeneratedBy '/Game/SideScrollerBP/Maps/SideScrollerExampleMap.SideScrollerExampleMap:PersistentLevel.SideScrollerExampleMap'
[2017.05.22-17.49.27:520][517]LogBlueprintUserMessages: Late EndPlayMap Detection: Level '/Game/SideScrollerBP/Maps/SideScrollerExampleMap.SideScrollerExampleMap:PersistentLevel' has LevelScriptBlueprint '/Game/SideScrollerBP/Maps/SideScrollerExampleMap.SideScrollerExampleMap:PersistentLevel.SideScrollerExampleMap' with GeneratedClass '/Game/SideScrollerBP/Maps/SideScrollerExampleMap.SideScrollerExampleMap_C' with ClassGeneratedBy '/Game/SideScrollerBP/Maps/SideScrollerExampleMap.SideScrollerExampleMap:PersistentLevel.SideScrollerExampleMap'
[2017.05.22-17.49.28:694][655]LogEditorViewport: Clicking on Actor (LMB): SideScrollerCharacter_C (SideScrollerCharacter)
[2017.05.22-17.49.29:746][715]LogSlate: Took 0.000317 seconds to synchronously load lazily loaded font '../../../Engine/Content/Slate/Fonts/Roboto-Light.ttf' (159K)
[2017.05.22-17.49.36:084][203]LogTemp: Repeting last play command: Selected Viewport
[2017.05.22-17.49.36:093][203]LogBlueprintUserMessages: Early PlayInEditor Detection: Level '/Game/SideScrollerBP/Maps/SideScrollerExampleMap.SideScrollerExampleMap:PersistentLevel' has LevelScriptBlueprint '/Game/SideScrollerBP/Maps/SideScrollerExampleMap.SideScrollerExampleMap:PersistentLevel.SideScrollerExampleMap' with GeneratedClass '/Game/SideScrollerBP/Maps/SideScrollerExampleMap.SideScrollerExampleMap_C' with ClassGeneratedBy '/Game/SideScrollerBP/Maps/SideScrollerExampleMap.SideScrollerExampleMap:PersistentLevel.SideScrollerExampleMap'
[2017.05.22-17.49.36:093][203]LogPlayLevel: PlayLevel: No blueprints needed recompiling
[2017.05.22-17.49.36:093][203]PIE: New page: PIE session: SideScrollerExampleMap (May 22, 2017, 9:49:36 AM)
[2017.05.22-17.49.36:093][203]LogPlayLevel: Creating play world package: /Game/SideScrollerBP/Maps/UEDPIE_0_SideScrollerExampleMap
[2017.05.22-17.49.36:111][203]LogPlayLevel: PIE: StaticDuplicateObject took: (0.017788s)
[2017.05.22-17.49.36:111][203]LogAIModule: Creating AISystem for world SideScrollerExampleMap
[2017.05.22-17.49.36:111][203]LogPlayLevel: PIE: World Init took: (0.000650s)
[2017.05.22-17.49.36:111][203]LogPlayLevel: PIE: Created PIE world by copying editor world from /Game/SideScrollerBP/Maps/SideScrollerExampleMap.SideScrollerExampleMap to /Game/SideScrollerBP/Maps/UEDPIE_0_SideScrollerExampleMap.SideScrollerExampleMap (0.018637s)
[2017.05.22-17.49.36:147][203]LogInit: XAudio2 using 'Speakers (Dell AC511 USB SoundBar)' : 2 channels at 44.1 kHz using 16 bits per sample (channel mask 0x3)
[2017.05.22-17.49.36:153][203]LogInit: FAudioDevice initialized.
[2017.05.22-17.49.36:184][203]LogLoad: Game class is 'SideScrollerGameMode_C'
[2017.05.22-17.49.36:186][203]LogWorld: Bringing World /Game/SideScrollerBP/Maps/UEDPIE_0_SideScrollerExampleMap.SideScrollerExampleMap up for play (max tick rate 0) at 2017.05.22-13.49.36
[2017.05.22-17.49.36:187][203]LogWorld: Bringing up level for play took: 0.001397
[2017.05.22-17.49.36:187][203]Cmd: stat FPS
[2017.05.22-17.49.36:187][203]PIE: Info Play in editor start time for /Game/SideScrollerBP/Maps/UEDPIE_0_SideScrollerExampleMap 0.921
[2017.05.22-17.49.36:188][203]LogBlueprintUserMessages: Late PlayInEditor Detection: Level '/Game/SideScrollerBP/Maps/SideScrollerExampleMap.SideScrollerExampleMap:PersistentLevel' has LevelScriptBlueprint '/Game/SideScrollerBP/Maps/SideScrollerExampleMap.SideScrollerExampleMap:PersistentLevel.SideScrollerExampleMap' with GeneratedClass '/Game/SideScrollerBP/Maps/SideScrollerExampleMap.SideScrollerExampleMap_C' with ClassGeneratedBy '/Game/SideScrollerBP/Maps/SideScrollerExampleMap.SideScrollerExampleMap:PersistentLevel.SideScrollerExampleMap'
[2017.05.22-17.49.38:921][527]LogBlueprintUserMessages: Early EndPlayMap Detection: Level '/Game/SideScrollerBP/Maps/SideScrollerExampleMap.SideScrollerExampleMap:PersistentLevel' has LevelScriptBlueprint '/Game/SideScrollerBP/Maps/SideScrollerExampleMap.SideScrollerExampleMap:PersistentLevel.SideScrollerExampleMap' with GeneratedClass '/Game/SideScrollerBP/Maps/SideScrollerExampleMap.SideScrollerExampleMap_C' with ClassGeneratedBy '/Game/SideScrollerBP/Maps/SideScrollerExampleMap.SideScrollerExampleMap:PersistentLevel.SideScrollerExampleMap'
[2017.05.22-17.49.39:000][527]LogBlueprintUserMessages: Late EndPlayMap Detection: Level '/Game/SideScrollerBP/Maps/SideScrollerExampleMap.SideScrollerExampleMap:PersistentLevel' has LevelScriptBlueprint '/Game/SideScrollerBP/Maps/SideScrollerExampleMap.SideScrollerExampleMap:PersistentLevel.SideScrollerExampleMap' with GeneratedClass '/Game/SideScrollerBP/Maps/SideScrollerExampleMap.SideScrollerExampleMap_C' with ClassGeneratedBy '/Game/SideScrollerBP/Maps/SideScrollerExampleMap.SideScrollerExampleMap:PersistentLevel.SideScrollerExampleMap'
[2017.05.22-17.49.45:435][993]LogSlate: Took 0.000296 seconds to synchronously load lazily loaded font '../../../Engine/Content/Slate/Fonts/Roboto-Light.ttf' (159K)
[2017.05.22-17.49.50:614][534]LogSlate: Took 0.000356 seconds to synchronously load lazily loaded font '../../../Engine/Content/Editor/Slate/Fonts/Roboto-Italic.ttf' (157K)
[2017.05.22-17.49.52:008][663]LogSavePackage: Save=81.57ms
[2017.05.22-17.49.52:008][663]LogSavePackage: Moving 'D:/SkaGameSVN/SkaGame/SkaGame/Saved/SideScrollerExampleMap701EB9ED4E048D2BEB1F59B01B0A8382.tmp' to 'D:/SkaGameSVN/SkaGame/SkaGame/Content/SideScrollerBP/Maps/SideScrollerExampleMap.umap'
[2017.05.22-17.49.52:013][663]LogSavePackage:Display: Finished SavePackage D:/SkaGameSVN/SkaGame/SkaGame/Content/SideScrollerBP/Maps/SideScrollerExampleMap.umap
[2017.05.22-17.49.52:270][663]LogSavePackage: Save=235.01ms
[2017.05.22-17.49.52:270][663]LogSavePackage: Moving 'D:/SkaGameSVN/SkaGame/SkaGame/Saved/SideScrollerExampleMap_BuiltDataD0FD2FFF42DDAC575E73CB99F56B7B55.tmp' to 'D:/SkaGameSVN/SkaGame/SkaGame/Content/SideScrollerBP/Maps/SideScrollerExampleMap_BuiltData.uasset'
[2017.05.22-17.49.52:273][663]LogSavePackage:Display: Finished SavePackage D:/SkaGameSVN/SkaGame/SkaGame/Content/SideScrollerBP/Maps/SideScrollerExampleMap_BuiltData.uasset
[2017.05.22-17.49.53:070][740]LogTemp: Repeting last play command: Selected Viewport
[2017.05.22-17.49.53:079][740]LogBlueprintUserMessages: Early PlayInEditor Detection: Level '/Game/SideScrollerBP/Maps/SideScrollerExampleMap.SideScrollerExampleMap:PersistentLevel' has LevelScriptBlueprint '/Game/SideScrollerBP/Maps/SideScrollerExampleMap.SideScrollerExampleMap:PersistentLevel.SideScrollerExampleMap' with GeneratedClass '/Game/SideScrollerBP/Maps/SideScrollerExampleMap.SideScrollerExampleMap_C' with ClassGeneratedBy '/Game/SideScrollerBP/Maps/SideScrollerExampleMap.SideScrollerExampleMap:PersistentLevel.SideScrollerExampleMap'
[2017.05.22-17.49.53:079][740]LogPlayLevel: PlayLevel: No blueprints needed recompiling
[2017.05.22-17.49.53:079][740]PIE: New page: PIE session: SideScrollerExampleMap (May 22, 2017, 9:49:53 AM)
[2017.05.22-17.49.53:079][740]LogPlayLevel: Creating play world package: /Game/SideScrollerBP/Maps/UEDPIE_0_SideScrollerExampleMap
[2017.05.22-17.49.53:098][740]LogPlayLevel: PIE: StaticDuplicateObject took: (0.018897s)
[2017.05.22-17.49.53:098][740]LogAIModule: Creating AISystem for world SideScrollerExampleMap
[2017.05.22-17.49.53:099][740]LogPlayLevel: PIE: World Init took: (0.000724s)
[2017.05.22-17.49.53:099][740]LogPlayLevel: PIE: Created PIE world by copying editor world from /Game/SideScrollerBP/Maps/SideScrollerExampleMap.SideScrollerExampleMap to /Game/SideScrollerBP/Maps/UEDPIE_0_SideScrollerExampleMap.SideScrollerExampleMap (0.019841s)
[2017.05.22-17.49.53:138][740]LogInit: XAudio2 using 'Speakers (Dell AC511 USB SoundBar)' : 2 channels at 44.1 kHz using 16 bits per sample (channel mask 0x3)
[2017.05.22-17.49.53:146][740]LogInit: FAudioDevice initialized.
[2017.05.22-17.49.53:176][740]LogLoad: Game class is 'SideScrollerGameMode_C'
[2017.05.22-17.49.53:177][740]LogWorld: Bringing World /Game/SideScrollerBP/Maps/UEDPIE_0_SideScrollerExampleMap.SideScrollerExampleMap up for play (max tick rate 0) at 2017.05.22-13.49.53
[2017.05.22-17.49.53:178][740]LogWorld: Bringing up level for play took: 0.001182
[2017.05.22-17.49.53:178][740]Cmd: stat FPS
[2017.05.22-17.49.53:178][740]PIE: Info Play in editor start time for /Game/SideScrollerBP/Maps/UEDPIE_0_SideScrollerExampleMap -0.088
[2017.05.22-17.49.53:178][740]LogBlueprintUserMessages: Late PlayInEditor Detection: Level '/Game/SideScrollerBP/Maps/SideScrollerExampleMap.SideScrollerExampleMap:PersistentLevel' has LevelScriptBlueprint '/Game/SideScrollerBP/Maps/SideScrollerExampleMap.SideScrollerExampleMap:PersistentLevel.SideScrollerExampleMap' with GeneratedClass '/Game/SideScrollerBP/Maps/SideScrollerExampleMap.SideScrollerExampleMap_C' with ClassGeneratedBy '/Game/SideScrollerBP/Maps/SideScrollerExampleMap.SideScrollerExampleMap:PersistentLevel.SideScrollerExampleMap'
[2017.05.22-17.49.58:165][334]LogBlueprintUserMessages: Early EndPlayMap Detection: Level '/Game/SideScrollerBP/Maps/SideScrollerExampleMap.SideScrollerExampleMap:PersistentLevel' has LevelScriptBlueprint '/Game/SideScrollerBP/Maps/SideScrollerExampleMap.SideScrollerExampleMap:PersistentLevel.SideScrollerExampleMap' with GeneratedClass '/Game/SideScrollerBP/Maps/SideScrollerExampleMap.SideScrollerExampleMap_C' with ClassGeneratedBy '/Game/SideScrollerBP/Maps/SideScrollerExampleMap.SideScrollerExampleMap:PersistentLevel.SideScrollerExampleMap'
[2017.05.22-17.49.58:252][334]LogBlueprintUserMessages: Late EndPlayMap Detection: Level '/Game/SideScrollerBP/Maps/SideScrollerExampleMap.SideScrollerExampleMap:PersistentLevel' has LevelScriptBlueprint '/Game/SideScrollerBP/Maps/SideScrollerExampleMap.SideScrollerExampleMap:PersistentLevel.SideScrollerExampleMap' with GeneratedClass '/Game/SideScrollerBP/Maps/SideScrollerExampleMap.SideScrollerExampleMap_C' with ClassGeneratedBy '/Game/SideScrollerBP/Maps/SideScrollerExampleMap.SideScrollerExampleMap:PersistentLevel.SideScrollerExampleMap'
[2017.05.22-17.50.01:042][555]LogContentBrowser: Native class hierarchy updated for 'BlueprintGraph' in 0.0009 seconds. Added 112 classes and 0 folders.
[2017.05.22-17.50.01:621][555]LogSlate: Took 0.000379 seconds to synchronously load lazily loaded font '../../../Engine/Content/Editor/Slate/Fonts/Roboto-BoldCondensed.ttf' (158K)
[2017.05.22-17.50.14:196][613]LogEditorViewport: Clicking on Actor (LMB): StaticMeshActor (Floor)
[2017.05.22-17.50.15:832][796]LogEditorViewport: Clicking on Actor (LMB): SideScrollerCharacter_C (SideScrollerCharacter)
[2017.05.22-17.50.26:681][899]LogEditorViewport: Clicking on Actor (LMB): DirectionalLight (DirectionalLight)
[2017.05.22-17.50.29:424][188]LogEditorViewport: Clicking on Actor (LMB): DirectionalLight (DirectionalLight)
[2017.05.22-17.51.16:936][728]LogTemp: Repeting last play command: Selected Viewport
[2017.05.22-17.51.16:946][728]LogBlueprintUserMessages: Early PlayInEditor Detection: Level '/Game/SideScrollerBP/Maps/SideScrollerExampleMap.SideScrollerExampleMap:PersistentLevel' has LevelScriptBlueprint '/Game/SideScrollerBP/Maps/SideScrollerExampleMap.SideScrollerExampleMap:PersistentLevel.SideScrollerExampleMap' with GeneratedClass '/Game/SideScrollerBP/Maps/SideScrollerExampleMap.SideScrollerExampleMap_C' with ClassGeneratedBy '/Game/SideScrollerBP/Maps/SideScrollerExampleMap.SideScrollerExampleMap:PersistentLevel.SideScrollerExampleMap'
[2017.05.22-17.51.16:946][728]LogPlayLevel: PlayLevel: No blueprints needed recompiling
[2017.05.22-17.51.16:946][728]PIE: New page: PIE session: SideScrollerExampleMap (May 22, 2017, 9:51:16 AM)
[2017.05.22-17.51.16:946][728]LogPlayLevel: Creating play world package: /Game/SideScrollerBP/Maps/UEDPIE_0_SideScrollerExampleMap
[2017.05.22-17.51.16:965][728]LogPlayLevel: PIE: StaticDuplicateObject took: (0.019337s)
[2017.05.22-17.51.16:966][728]LogAIModule: Creating AISystem for world SideScrollerExampleMap
[2017.05.22-17.51.16:967][728]LogPlayLevel: PIE: World Init took: (0.001047s)
[2017.05.22-17.51.16:967][728]LogPlayLevel: PIE: Created PIE world by copying editor world from /Game/SideScrollerBP/Maps/SideScrollerExampleMap.SideScrollerExampleMap to /Game/SideScrollerBP/Maps/UEDPIE_0_SideScrollerExampleMap.SideScrollerExampleMap (0.020643s)
[2017.05.22-17.51.16:993][728]LogInit: XAudio2 using 'Speakers (Dell AC511 USB SoundBar)' : 2 channels at 44.1 kHz using 16 bits per sample (channel mask 0x3)
[2017.05.22-17.51.17:001][728]LogInit: FAudioDevice initialized.
[2017.05.22-17.51.17:031][728]LogLoad: Game class is 'SideScrollerGameMode_C'
[2017.05.22-17.51.17:033][728]LogWorld: Bringing World /Game/SideScrollerBP/Maps/UEDPIE_0_SideScrollerExampleMap.SideScrollerExampleMap up for play (max tick rate 0) at 2017.05.22-13.51.17
[2017.05.22-17.51.17:033][728]LogWorld: Bringing up level for play took: 0.001278
[2017.05.22-17.51.17:034][728]Cmd: stat FPS
[2017.05.22-17.51.17:034][728]PIE: Info Play in editor start time for /Game/SideScrollerBP/Maps/UEDPIE_0_SideScrollerExampleMap -0.234
[2017.05.22-17.51.17:034][728]LogBlueprintUserMessages: Late PlayInEditor Detection: Level '/Game/SideScrollerBP/Maps/SideScrollerExampleMap.SideScrollerExampleMap:PersistentLevel' has LevelScriptBlueprint '/Game/SideScrollerBP/Maps/SideScrollerExampleMap.SideScrollerExampleMap:PersistentLevel.SideScrollerExampleMap' with GeneratedClass '/Game/SideScrollerBP/Maps/SideScrollerExampleMap.SideScrollerExampleMap_C' with ClassGeneratedBy '/Game/SideScrollerBP/Maps/SideScrollerExampleMap.SideScrollerExampleMap:PersistentLevel.SideScrollerExampleMap'
[2017.05.22-17.51.22:956][424]LogBlueprintUserMessages: Early EndPlayMap Detection: Level '/Game/SideScrollerBP/Maps/SideScrollerExampleMap.SideScrollerExampleMap:PersistentLevel' has LevelScriptBlueprint '/Game/SideScrollerBP/Maps/SideScrollerExampleMap.SideScrollerExampleMap:PersistentLevel.SideScrollerExampleMap' with GeneratedClass '/Game/SideScrollerBP/Maps/SideScrollerExampleMap.SideScrollerExampleMap_C' with ClassGeneratedBy '/Game/SideScrollerBP/Maps/SideScrollerExampleMap.SideScrollerExampleMap:PersistentLevel.SideScrollerExampleMap'
[2017.05.22-17.51.23:004][424]LogBlueprintUserMessages: Late EndPlayMap Detection: Level '/Game/SideScrollerBP/Maps/SideScrollerExampleMap.SideScrollerExampleMap:PersistentLevel' has LevelScriptBlueprint '/Game/SideScrollerBP/Maps/SideScrollerExampleMap.SideScrollerExampleMap:PersistentLevel.SideScrollerExampleMap' with GeneratedClass '/Game/SideScrollerBP/Maps/SideScrollerExampleMap.SideScrollerExampleMap_C' with ClassGeneratedBy '/Game/SideScrollerBP/Maps/SideScrollerExampleMap.SideScrollerExampleMap:PersistentLevel.SideScrollerExampleMap'
[2017.05.22-17.51.30:456][207]LogEditorViewport: Clicking on Actor (LMB): SideScrollerCharacter_C (SideScrollerCharacter)
[2017.05.22-17.51.38:748][814]LogSlate: Took 0.002566 seconds to synchronously load lazily loaded font '../../../Engine/Content/Editor/Slate/Fonts/Roboto-BoldCondensedItalic.ttf' (160K)
[2017.05.22-17.52.20:093][691]BlueprintLog: New page: Compile SideScrollerCharacter
[2017.05.22-17.56.17:688][803]BlueprintLog: New page: Compile SideScrollerCharacter
[2017.05.22-17.56.20:406][984]LogTemp: Repeting last play command: Selected Viewport
[2017.05.22-17.56.20:414][984]LogBlueprintUserMessages: Early PlayInEditor Detection: Level '/Game/SideScrollerBP/Maps/SideScrollerExampleMap.SideScrollerExampleMap:PersistentLevel' has LevelScriptBlueprint '/Game/SideScrollerBP/Maps/SideScrollerExampleMap.SideScrollerExampleMap:PersistentLevel.SideScrollerExampleMap' with GeneratedClass '/Game/SideScrollerBP/Maps/SideScrollerExampleMap.SideScrollerExampleMap_C' with ClassGeneratedBy '/Game/SideScrollerBP/Maps/SideScrollerExampleMap.SideScrollerExampleMap:PersistentLevel.SideScrollerExampleMap'
[2017.05.22-17.56.20:414][984]LogPlayLevel: PlayLevel: No blueprints needed recompiling
[2017.05.22-17.56.20:414][984]PIE: New page: PIE session: SideScrollerExampleMap (May 22, 2017, 9:56:20 AM)
[2017.05.22-17.56.20:414][984]LogPlayLevel: Creating play world package: /Game/SideScrollerBP/Maps/UEDPIE_0_SideScrollerExampleMap
[2017.05.22-17.56.20:434][984]LogPlayLevel: PIE: StaticDuplicateObject took: (0.019327s)
[2017.05.22-17.56.20:434][984]LogAIModule: Creating AISystem for world SideScrollerExampleMap
[2017.05.22-17.56.20:435][984]LogPlayLevel: PIE: World Init took: (0.000913s)
[2017.05.22-17.56.20:435][984]LogPlayLevel: PIE: Created PIE world by copying editor world from /Game/SideScrollerBP/Maps/SideScrollerExampleMap.SideScrollerExampleMap to /Game/SideScrollerBP/Maps/UEDPIE_0_SideScrollerExampleMap.SideScrollerExampleMap (0.020504s)
[2017.05.22-17.56.20:476][984]LogInit: XAudio2 using 'Speakers (Dell AC511 USB SoundBar)' : 2 channels at 44.1 kHz using 16 bits per sample (channel mask 0x3)
[2017.05.22-17.56.20:483][984]LogInit: FAudioDevice initialized.
[2017.05.22-17.56.20:514][984]LogLoad: Game class is 'SideScrollerGameMode_C'
[2017.05.22-17.56.20:516][984]LogWorld: Bringing World /Game/SideScrollerBP/Maps/UEDPIE_0_SideScrollerExampleMap.SideScrollerExampleMap up for play (max tick rate 0) at 2017.05.22-13.56.20
[2017.05.22-17.56.20:516][984]LogWorld: Bringing up level for play took: 0.001304
[2017.05.22-17.56.20:517][984]Cmd: stat FPS
[2017.05.22-17.56.20:517][984]PIE: Info Play in editor start time for /Game/SideScrollerBP/Maps/UEDPIE_0_SideScrollerExampleMap -0.757
[2017.05.22-17.56.20:517][984]LogBlueprintUserMessages: Late PlayInEditor Detection: Level '/Game/SideScrollerBP/Maps/SideScrollerExampleMap.SideScrollerExampleMap:PersistentLevel' has LevelScriptBlueprint '/Game/SideScrollerBP/Maps/SideScrollerExampleMap.SideScrollerExampleMap:PersistentLevel.SideScrollerExampleMap' with GeneratedClass '/Game/SideScrollerBP/Maps/SideScrollerExampleMap.SideScrollerExampleMap_C' with ClassGeneratedBy '/Game/SideScrollerBP/Maps/SideScrollerExampleMap.SideScrollerExampleMap:PersistentLevel.SideScrollerExampleMap'
[2017.05.22-17.56.22:881][209]LogBlueprintUserMessages: Early EndPlayMap Detection: Level '/Game/SideScrollerBP/Maps/SideScrollerExampleMap.SideScrollerExampleMap:PersistentLevel' has LevelScriptBlueprint '/Game/SideScrollerBP/Maps/SideScrollerExampleMap.SideScrollerExampleMap:PersistentLevel.SideScrollerExampleMap' with GeneratedClass '/Game/SideScrollerBP/Maps/SideScrollerExampleMap.SideScrollerExampleMap_C' with ClassGeneratedBy '/Game/SideScrollerBP/Maps/SideScrollerExampleMap.SideScrollerExampleMap:PersistentLevel.SideScrollerExampleMap'
[2017.05.22-17.56.22:970][209]LogBlueprintUserMessages: Late EndPlayMap Detection: Level '/Game/SideScrollerBP/Maps/SideScrollerExampleMap.SideScrollerExampleMap:PersistentLevel' has LevelScriptBlueprint '/Game/SideScrollerBP/Maps/SideScrollerExampleMap.SideScrollerExampleMap:PersistentLevel.SideScrollerExampleMap' with GeneratedClass '/Game/SideScrollerBP/Maps/SideScrollerExampleMap.SideScrollerExampleMap_C' with ClassGeneratedBy '/Game/SideScrollerBP/Maps/SideScrollerExampleMap.SideScrollerExampleMap:PersistentLevel.SideScrollerExampleMap'
[2017.05.22-17.56.24:747][296]LogTemp: Repeting last play command: Selected Viewport
[2017.05.22-17.56.24:756][296]LogBlueprintUserMessages: Early PlayInEditor Detection: Level '/Game/SideScrollerBP/Maps/SideScrollerExampleMap.SideScrollerExampleMap:PersistentLevel' has LevelScriptBlueprint '/Game/SideScrollerBP/Maps/SideScrollerExampleMap.SideScrollerExampleMap:PersistentLevel.SideScrollerExampleMap' with GeneratedClass '/Game/SideScrollerBP/Maps/SideScrollerExampleMap.SideScrollerExampleMap_C' with ClassGeneratedBy '/Game/SideScrollerBP/Maps/SideScrollerExampleMap.SideScrollerExampleMap:PersistentLevel.SideScrollerExampleMap'
[2017.05.22-17.56.24:756][296]LogPlayLevel: PlayLevel: No blueprints needed recompiling
[2017.05.22-17.56.24:756][296]PIE: New page: PIE session: SideScrollerExampleMap (May 22, 2017, 9:56:24 AM)
[2017.05.22-17.56.24:756][296]LogPlayLevel: Creating play world package: /Game/SideScrollerBP/Maps/UEDPIE_0_SideScrollerExampleMap
[2017.05.22-17.56.24:775][296]LogPlayLevel: PIE: StaticDuplicateObject took: (0.018451s)
[2017.05.22-17.56.24:775][296]LogAIModule: Creating AISystem for world SideScrollerExampleMap
[2017.05.22-17.56.24:776][296]LogPlayLevel: PIE: World Init took: (0.000713s)
[2017.05.22-17.56.24:776][296]LogPlayLevel: PIE: Created PIE world by copying editor world from /Game/SideScrollerBP/Maps/SideScrollerExampleMap.SideScrollerExampleMap to /Game/SideScrollerBP/Maps/UEDPIE_0_SideScrollerExampleMap.SideScrollerExampleMap (0.019385s)
[2017.05.22-17.56.24:818][296]LogInit: XAudio2 using 'Speakers (Dell AC511 USB SoundBar)' : 2 channels at 44.1 kHz using 16 bits per sample (channel mask 0x3)
[2017.05.22-17.56.24:824][296]LogInit: FAudioDevice initialized.
[2017.05.22-17.56.24:856][296]LogLoad: Game class is 'SideScrollerGameMode_C'
[2017.05.22-17.56.24:858][296]LogWorld: Bringing World /Game/SideScrollerBP/Maps/UEDPIE_0_SideScrollerExampleMap.SideScrollerExampleMap up for play (max tick rate 0) at 2017.05.22-13.56.24
[2017.05.22-17.56.24:858][296]LogWorld: Bringing up level for play took: 0.001155
[2017.05.22-17.56.24:858][296]Cmd: stat FPS
[2017.05.22-17.56.24:858][296]PIE: Info Play in editor start time for /Game/SideScrollerBP/Maps/UEDPIE_0_SideScrollerExampleMap -0.416
[2017.05.22-17.56.24:859][296]LogBlueprintUserMessages: Late PlayInEditor Detection: Level '/Game/SideScrollerBP/Maps/SideScrollerExampleMap.SideScrollerExampleMap:PersistentLevel' has LevelScriptBlueprint '/Game/SideScrollerBP/Maps/SideScrollerExampleMap.SideScrollerExampleMap:PersistentLevel.SideScrollerExampleMap' with GeneratedClass '/Game/SideScrollerBP/Maps/SideScrollerExampleMap.SideScrollerExampleMap_C' with ClassGeneratedBy '/Game/SideScrollerBP/Maps/SideScrollerExampleMap.SideScrollerExampleMap:PersistentLevel.SideScrollerExampleMap'
[2017.05.22-17.56.32:402][ 50]LogBlueprintUserMessages: Early EndPlayMap Detection: Level '/Game/SideScrollerBP/Maps/SideScrollerExampleMap.SideScrollerExampleMap:PersistentLevel' has LevelScriptBlueprint '/Game/SideScrollerBP/Maps/SideScrollerExampleMap.SideScrollerExampleMap:PersistentLevel.SideScrollerExampleMap' with GeneratedClass '/Game/SideScrollerBP/Maps/SideScrollerExampleMap.SideScrollerExampleMap_C' with ClassGeneratedBy '/Game/SideScrollerBP/Maps/SideScrollerExampleMap.SideScrollerExampleMap:PersistentLevel.SideScrollerExampleMap'
[2017.05.22-17.56.32:487][ 50]LogBlueprintUserMessages: Late EndPlayMap Detection: Level '/Game/SideScrollerBP/Maps/SideScrollerExampleMap.SideScrollerExampleMap:PersistentLevel' has LevelScriptBlueprint '/Game/SideScrollerBP/Maps/SideScrollerExampleMap.SideScrollerExampleMap:PersistentLevel.SideScrollerExampleMap' with GeneratedClass '/Game/SideScrollerBP/Maps/SideScrollerExampleMap.SideScrollerExampleMap_C' with ClassGeneratedBy '/Game/SideScrollerBP/Maps/SideScrollerExampleMap.SideScrollerExampleMap:PersistentLevel.SideScrollerExampleMap'
[2017.05.22-17.56.34:968][209]LogSavePackage: Save=109.47ms
[2017.05.22-17.56.34:968][209]LogSavePackage: Moving 'D:/SkaGameSVN/SkaGame/SkaGame/Saved/SideScrollerExampleMapD4D334D34B56FD418F7BEFAE6FC8A704.tmp' to 'D:/SkaGameSVN/SkaGame/SkaGame/Content/SideScrollerBP/Maps/SideScrollerExampleMap.umap'
[2017.05.22-17.56.34:973][209]LogSavePackage:Display: Finished SavePackage D:/SkaGameSVN/SkaGame/SkaGame/Content/SideScrollerBP/Maps/SideScrollerExampleMap.umap
[2017.05.22-17.56.35:149][209]LogSavePackage: Save=154.12ms
[2017.05.22-17.56.35:149][209]LogSavePackage: Moving 'D:/SkaGameSVN/SkaGame/SkaGame/Saved/SideScrollerExampleMap_BuiltData807672B5480B83EEAC62B6A8E261B075.tmp' to 'D:/SkaGameSVN/SkaGame/SkaGame/Content/SideScrollerBP/Maps/SideScrollerExampleMap_BuiltData.uasset'
[2017.05.22-17.56.35:152][209]LogSavePackage:Display: Finished SavePackage D:/SkaGameSVN/SkaGame/SkaGame/Content/SideScrollerBP/Maps/SideScrollerExampleMap_BuiltData.uasset
[2017.05.22-17.57.13:481][289]LogEditorFactories: Performing atomic reimport of [D:/SkaGameSVN/SkaGame/Graphics/Brad_AnimationTest.fbx]
[2017.05.22-17.57.13:503][289]LogFbx: Loading FBX Scene from D:/SkaGameSVN/SkaGame/Graphics/Brad_AnimationTest.fbx
[2017.05.22-17.57.13:531][289]LogFbx: FBX Scene Loaded Succesfully
[2017.05.22-17.57.13:535][289]LogFbx: =================================================
[2017.05.22-17.57.13:535][289]LogFbx: Dumping Node START [Brad] 
[2017.05.22-17.57.13:535][289]LogFbx: 	Total Deformer Count 374463632.
[2017.05.22-17.57.13:535][289]LogFbx: 		[Node 1] Brad_Armature (Type Skin).
[2017.05.22-17.57.13:535][289]LogFbx: =================================================
[2017.05.22-17.57.13:535][289]LogFbx: 	Attribute (Brad_Mesh) Type (4).
[2017.05.22-17.57.13:535][289]LogFbx: 		[Node Attribute Child 1] Brad (Type Mesh).
[2017.05.22-17.57.13:535][289]LogFbx: Dumping Node END [Brad]
[2017.05.22-17.57.13:535][289]LogFbx: =================================================
[2017.05.22-17.57.13:535][289]LogFbx: Dumping Node START [Brad] 
[2017.05.22-17.57.13:535][289]LogFbx: 	Total Deformer Count 374472128.
[2017.05.22-17.57.13:535][289]LogFbx: 		[Node 1] Brad_Armature (Type Skin).
[2017.05.22-17.57.13:535][289]LogFbx: =================================================
[2017.05.22-17.57.13:535][289]LogFbx: 	Attribute (Brad_Mesh) Type (4).
[2017.05.22-17.57.13:535][289]LogFbx: 		[Node Attribute Child 1] Brad (Type Mesh).
[2017.05.22-17.57.13:535][289]LogFbx: Dumping Node END [Brad]
[2017.05.22-17.57.13:536][289]LogFbx: Valid bind pose for Pose (Brad_Mesh) - Brad
[2017.05.22-17.57.13:536][289]LogFbx: Triangulating skeletal mesh Brad
[2017.05.22-17.57.13:782][289]LogFbx:Warning: Bones digested - 42  Depth of hierarchy - 11
[2017.05.22-17.57.13:845][289]LogSkeletalMesh: Section 0: 1021 vertices, 24 active bones
[2017.05.22-17.57.13:845][289]LogSkeletalMesh: Section 1: 72 vertices, 1 active bones
[2017.05.22-17.57.13:845][289]LogSkeletalMesh: Section 2: 198 vertices, 16 active bones
[2017.05.22-17.57.13:845][289]LogSkeletalMesh: Section 3: 226 vertices, 8 active bones
[2017.05.22-17.57.13:845][289]LogSkeletalMesh: Section 4: 68 vertices, 6 active bones
[2017.05.22-17.57.13:848][289]LogSkeletalMesh: Section 0: Material=0, 1768 triangles
[2017.05.22-17.57.13:848][289]LogSkeletalMesh: Section 1: Material=1, 76 triangles
[2017.05.22-17.57.13:848][289]LogSkeletalMesh: Section 2: Material=2, 354 triangles
[2017.05.22-17.57.13:848][289]LogSkeletalMesh: Section 3: Material=3, 449 triangles
[2017.05.22-17.57.13:848][289]LogSkeletalMesh: Section 4: Material=4, 76 triangles
[2017.05.22-17.57.13:850][289]LogEditorFactories: -- imported successfully
[2017.05.22-17.57.13:856][289]FBXImport:Warning: Warning No smoothing group information was found in this FBX scene.  Please make sure to enable the 'Export Smoothing Groups' option in the FBX Exporter plug-in before exporting the file.  Even for tools that don't support smoothing groups, the FBX Exporter will generate appropriate smoothing data at export-time so that correct vertex normals can be inferred while importing. 
[2017.05.22-17.57.13:856][289]FBXImport:Warning: Warning The following bones are missing from the bind pose:
Jaw_end  
FingerTips_R_end  
FingerTips_L_end  
Toes_R_end  
Toes_L_end  
IK_Wrists_R_end  
IK_Wrists_L_end  
IK_Ankle_R_end  
IK_Ankle_L_end  

This can happen for bones that are not vert weighted. If they are not in the correct orientation after importing,
please set the "Use T0 as ref pose" option or add them to the bind pose and reimport the skeletal mesh. 
[2017.05.22-17.57.13:856][289]FBXImport:Warning: Warning Mesh 'Brad' has no UV set. Creating a default set. 
