Log file open, 07/03/17 12:11:44
LogInit:Display: Running engine for game: SkaGame3
LogPlatformFile: Not using cached read wrapper
LogInit:Display: RandInit(-77164515) SRandInit(-77164515).
LogTaskGraph: Started task graph with 5 named threads and 8 total threads with 1 sets of task threads.
LogStats: Stats thread started at 0.079957
LogInit: Using libcurl 7.47.1
LogInit:  - built for x86_64-pc-win32
LogInit:  - supports SSL with OpenSSL/1.0.2g
LogInit:  - supports HTTP deflate (compression) using libz 1.2.8
LogInit:  - other features:
LogInit:      CURL_VERSION_SSL
LogInit:      CURL_VERSION_LIBZ
LogInit:      CURL_VERSION_IPV6
LogInit:      CURL_VERSION_ASYNCHDNS
LogInit:      CURL_VERSION_LARGEFILE
LogInit:      CURL_VERSION_IDN
LogInit:  CurlRequestOptions (configurable via config and command line):
LogInit:  - bVerifyPeer = false  - Libcurl will NOT verify peer certificate
LogInit:  - bUseHttpProxy = false  - Libcurl will NOT use HTTP proxy
LogInit:  - bDontReuseConnections = false  - Libcurl will reuse connections
LogInit:  - CertBundlePath = nullptr  - Libcurl will use whatever was configured at build time.
LogInit: Build: ++UE4+Release-4.15-CL-3450819
LogInit: Engine Version: 4.15.3-3450819+++UE4+Release-4.15
LogInit: Compatible Engine Version: 4.15.0-3299760+++UE4+Release-4.15
LogInit: Net CL: 3299760
LogDevObjectVersion: Number of dev versions registered: 14
LogDevObjectVersion:   Dev-Blueprints (B0D832E4-1F89-4F0D-ACCF-7EB736FD4AA2): 8
LogDevObjectVersion:   Dev-Build (E1C64328-A22C-4D53-A36C-8E866417BD8C): 0
LogDevObjectVersion:   Dev-Core (375EC13C-06E4-48FB-B500-84F0262A717E): 2
LogDevObjectVersion:   Dev-Editor (E4B068ED-F494-42E9-A231-DA0B2E46BB41): 14
LogDevObjectVersion:   Dev-Framework (CFFC743F-43B0-4480-9391-14DF171D2073): 22
LogDevObjectVersion:   Dev-Mobile (B02B49B5-BB20-44E9-A304-32B752E40360): 0
LogDevObjectVersion:   Dev-Networking (A4E4105C-59A1-49B5-A7C5-40C4547EDFEE): 0
LogDevObjectVersion:   Dev-Online (39C831C9-5AE6-47DC-9A44-9C173E1C8E7C): 0
LogDevObjectVersion:   Dev-Physics (78F01B33-EBEA-4F98-B9B4-84EACCB95AA2): 0
LogDevObjectVersion:   Dev-Platform (6631380F-2D4D-43E0-8009-CF276956A95A): 0
LogDevObjectVersion:   Dev-Rendering (12F88B9F-8875-4AFC-A67C-D90C383ABD29): 12
LogDevObjectVersion:   Dev-Sequencer (7B5AE74C-D270-4C10-A958-57980B212A5A): 3
LogDevObjectVersion:   Dev-VR (D7296918-1DD6-4BDD-9DE2-64A83CC13884): 0
LogDevObjectVersion:   Dev-LoadTimes (C2A15278-BFE7-4AFE-6C17-90FF531DF755): 1
LogInit: Compiled (64-bit): May 21 2017 11:02:34
LogInit: Compiled with Visual C++: 19.00.23026.00
LogInit: Build Configuration: Development
LogInit: Branch Name: ++UE4+Release-4.15
LogInit: Command line:  
LogInit: Base directory: C:/Program Files/Epic Games/UE_4.15/Engine/Binaries/Win64/
LogInit: Installed Engine Build: 1
LogInit: Presizing for max 8388607 objects, including 0 objects not considered by GC, pre-allocating 0 bytes for permanent pool.
LogInit: Object subsystem initialized
[2017.07.03-16.11.45:503][  0]LogInit: Selected Device Profile: [Windows]
[2017.07.03-16.11.45:503][  0]LogInit: Applying CVar settings loaded from the selected device profile: [Windows]
[2017.07.03-16.11.45:514][  0]LogInit: Computer: DESKTOP-58CNULQ
[2017.07.03-16.11.45:515][  0]LogInit: User: Ethan
[2017.07.03-16.11.45:515][  0]LogInit: CPU Page size=65536, Cores=4
[2017.07.03-16.11.45:515][  0]LogInit: High frequency timer resolution =3.312786 MHz
[2017.07.03-16.11.45:515][  0]LogMemory: Memory total: Physical=15.9GB (16GB approx)
[2017.07.03-16.11.45:515][  0]LogMemory: Platform Memory Stats for Windows
[2017.07.03-16.11.45:515][  0]LogMemory: Process Physical Memory: 263.66 MB used, 263.66 MB peak
[2017.07.03-16.11.45:515][  0]LogMemory: Process Virtual Memory: 262.85 MB used, 262.85 MB peak
[2017.07.03-16.11.45:515][  0]LogMemory: Physical Memory: 5470.19 MB used,  10809.00 MB free, 16279.18 MB total
[2017.07.03-16.11.45:515][  0]LogMemory: Virtual Memory: 645.44 MB used,  10809.00 MB free, 134217728.00 MB total
[2017.07.03-16.11.45:599][  0]LogTextLocalizationManager: No specific translations for ('en-US') exist, so ('en') translations will be used.
[2017.07.03-16.11.46:185][  0]LogD3D11RHI: D3D11 adapters:
[2017.07.03-16.11.46:685][  0]LogD3D11RHI:    0. 'NVIDIA GeForce GTX 660' (Feature Level 11_0)
[2017.07.03-16.11.46:685][  0]LogD3D11RHI:       1505/0/8139 MB DedicatedVideo/DedicatedSystem/SharedSystem, Outputs:1, VendorId:0x10de
[2017.07.03-16.11.46:687][  0]LogD3D11RHI:    1. 'Intel(R) HD Graphics 4000' (Feature Level 11_0)
[2017.07.03-16.11.46:687][  0]LogD3D11RHI:       32/0/1760 MB DedicatedVideo/DedicatedSystem/SharedSystem, Outputs:1, VendorId:0x8086
[2017.07.03-16.11.46:688][  0]LogD3D11RHI:    2. 'Microsoft Basic Render Driver' (Feature Level 11_0)
[2017.07.03-16.11.46:688][  0]LogD3D11RHI:       0/0/8139 MB DedicatedVideo/DedicatedSystem/SharedSystem, Outputs:0, VendorId:0x1414
[2017.07.03-16.11.46:688][  0]LogD3D11RHI: Chosen D3D11 Adapter: 0
[2017.07.03-16.11.46:692][  0]LogD3D11RHI: Creating new Direct3DDevice
[2017.07.03-16.11.46:692][  0]LogD3D11RHI:     GPU DeviceId: 0x1185 (for the marketing name, search the web for "GPU Device Id")
[2017.07.03-16.11.46:692][  0]LogWindows: EnumDisplayDevices:
[2017.07.03-16.11.46:692][  0]LogWindows:    0. 'NVIDIA GeForce GTX 660' (P:1 D:1)
[2017.07.03-16.11.46:693][  0]LogWindows:    1. 'NVIDIA GeForce GTX 660' (P:0 D:0)
[2017.07.03-16.11.46:693][  0]LogWindows:    2. 'NVIDIA GeForce GTX 660' (P:0 D:0)
[2017.07.03-16.11.46:693][  0]LogWindows:    3. 'NVIDIA GeForce GTX 660' (P:0 D:0)
[2017.07.03-16.11.46:693][  0]LogWindows:    4. 'Intel(R) HD Graphics 4000' (P:0 D:1)
[2017.07.03-16.11.46:693][  0]LogWindows:    5. 'Intel(R) HD Graphics 4000' (P:0 D:0)
[2017.07.03-16.11.46:693][  0]LogWindows: DebugString: PrimaryIsNotTheChoosenAdapter PrimaryIsNotTheChoosenAdapter FoundDriverCount:4 
[2017.07.03-16.11.46:693][  0]LogD3D11RHI:     Adapter Name: NVIDIA GeForce GTX 660
[2017.07.03-16.11.46:693][  0]LogD3D11RHI:   Driver Version: 376.53 (internal:21.21.13.7653, unified:376.53)
[2017.07.03-16.11.46:693][  0]LogD3D11RHI:      Driver Date: 12-29-2016
[2017.07.03-16.11.46:693][  0]LogRHI: Texture pool is 1053 MB (70% of 1505 MB)
[2017.07.03-16.11.47:170][  0]LogD3D11RHI:Warning: Timestamp queries are currently disabled on this hardware due to instability. Realtime GPU stats will not be available. You can override this behaviour by setting r.NVIDIATimestampWorkaround to 0
[2017.07.03-16.11.47:171][  0]LogD3D11RHI: Async texture creation enabled
[2017.07.03-16.11.47:211][  0]LogD3D11RHI: GPU Timing Frequency: 1000.000000 (Debug: 2 2)
[2017.07.03-16.11.47:261][  0]LogShaderCompilers: Guid format shader working directory is -3 characters bigger than the processId version (../../../../../../SVN/Fetch Test/SkaGame/SkaGame/Intermediate/Shaders/WorkingDirectory/12688/).
[2017.07.03-16.11.47:261][  0]LogShaderCompilers: Cleaned the shader compiler working directory 'C:/Users/Ethan/AppData/Local/Temp/UnrealShaderWorkingDir/E4220D584AECDB95AE13CCACBD0DD0C1/'.
[2017.07.03-16.11.47:261][  0]LogShaderCompilers:Display: Using Local Shader Compiler.
[2017.07.03-16.11.48:344][  0]LogTemp:Display: Loaded TP AllDesktopTargetPlatform
[2017.07.03-16.11.48:402][  0]LogTemp:Display: Loaded TP MacClientTargetPlatform
[2017.07.03-16.11.48:459][  0]LogTemp:Display: Loaded TP MacNoEditorTargetPlatform
[2017.07.03-16.11.48:519][  0]LogTemp:Display: Loaded TP MacServerTargetPlatform
[2017.07.03-16.11.48:579][  0]LogTemp:Display: Loaded TP MacTargetPlatform
[2017.07.03-16.11.48:636][  0]LogTemp:Display: Loaded TP WindowsClientTargetPlatform
[2017.07.03-16.11.48:694][  0]LogTemp:Display: Loaded TP WindowsNoEditorTargetPlatform
[2017.07.03-16.11.48:751][  0]LogTemp:Display: Loaded TP WindowsServerTargetPlatform
[2017.07.03-16.11.48:800][  0]LogTemp:Display: Loaded TP WindowsTargetPlatform
[2017.07.03-16.11.48:858][  0]LogTemp:Display: Loaded TP AndroidTargetPlatform
[2017.07.03-16.11.48:914][  0]LogTemp:Display: Loaded TP Android_ASTCTargetPlatform
[2017.07.03-16.11.48:970][  0]LogTemp:Display: Loaded TP Android_ATCTargetPlatform
[2017.07.03-16.11.49:031][  0]LogTemp:Display: Loaded TP Android_DXTTargetPlatform
[2017.07.03-16.11.49:091][  0]LogTemp:Display: Loaded TP Android_ETC1TargetPlatform
[2017.07.03-16.11.49:151][  0]LogTemp:Display: Loaded TP Android_ETC2TargetPlatform
[2017.07.03-16.11.49:278][  0]LogTemp:Display: Loaded TP Android_MultiTargetPlatform
[2017.07.03-16.11.49:278][  0]LogTemp:Display: Loaded TP Android_PVRTCTargetPlatform
[2017.07.03-16.11.49:322][  0]LogTemp:Display: Loaded TP HTML5TargetPlatform
[2017.07.03-16.11.49:428][  0]LogTemp:Display: Loaded TP IOSTargetPlatform
[2017.07.03-16.11.49:468][  0]LogTemp:Display: Loaded TP TVOSTargetPlatform
[2017.07.03-16.11.49:527][  0]LogTemp:Display: Loaded TP LinuxClientTargetPlatform
[2017.07.03-16.11.49:591][  0]LogTemp:Display: Loaded TP LinuxNoEditorTargetPlatform
[2017.07.03-16.11.49:651][  0]LogTemp:Display: Loaded TP LinuxServerTargetPlatform
[2017.07.03-16.11.49:712][  0]LogTemp:Display: Loaded TP LinuxTargetPlatform
[2017.07.03-16.11.49:712][  0]LogTargetPlatformManager:Display: Building Assets For Windows
[2017.07.03-16.11.50:196][  0]LogDerivedDataCache:Display: Max Cache Size: 512 MB
[2017.07.03-16.11.50:256][  0]LogDerivedDataCache: Loaded boot cache 0.06s 50MB C:/Users/Ethan/AppData/Local/UnrealEngine/4.15/DerivedDataCache/Boot.ddc.
[2017.07.03-16.11.50:256][  0]LogDerivedDataCache:Display: Loaded Boot cache: C:/Users/Ethan/AppData/Local/UnrealEngine/4.15/DerivedDataCache/Boot.ddc
[2017.07.03-16.11.50:256][  0]LogDerivedDataCache: FDerivedDataBackendGraph:  Pak pak cache file ../../../../../../SVN/Fetch Test/SkaGame/SkaGame/DerivedDataCache/DDC.ddp not found, will not use a pak cache.
[2017.07.03-16.11.50:256][  0]LogDerivedDataCache: Unable to find inner node Pak for hierarchical cache Hierarchy.
[2017.07.03-16.11.50:256][  0]LogDerivedDataCache: FDerivedDataBackendGraph:  CompressedPak pak cache file ../../../../../../SVN/Fetch Test/SkaGame/SkaGame/DerivedDataCache/Compressed.ddp not found, will not use a pak cache.
[2017.07.03-16.11.50:256][  0]LogDerivedDataCache: Unable to find inner node CompressedPak for hierarchical cache Hierarchy.
[2017.07.03-16.11.50:274][  0]LogDerivedDataCache:Display: Pak cache opened for reading ../../../Engine/DerivedDataCache/Compressed.ddp.
[2017.07.03-16.11.50:286][  0]LogDerivedDataCache: Using Local data cache path C:/Users/Ethan/AppData/Local/UnrealEngine/Common/DerivedDataCache: Writable
[2017.07.03-16.11.50:295][  0]LogSlate: Using Freetype 2.6.0
[2017.07.03-16.11.50:296][  0]LogSlate: SlateFontCache - WITH_FREETYPE: 1, WITH_HARFBUZZ: 1
[2017.07.03-16.11.50:296][  0]LogSlate: SlateFontCache - WITH_FREETYPE: 1, WITH_HARFBUZZ: 1
[2017.07.03-16.11.50:574][  0]LogInit: Selected Device Profile: [Windows]
[2017.07.03-16.11.50:577][  0]LogContentStreaming: Texture pool size is 0.00 MB
[2017.07.03-16.11.50:788][  0]LogMeshUtilities: Using QuadricMeshReduction for automatic static mesh reduction
[2017.07.03-16.11.50:834][  0]LogSimplygon: Simplygon DLL not present - disabling.
[2017.07.03-16.11.50:885][  0]LogMeshUtilities: Using SimplygonSwarm for distributed automatic mesh merging
[2017.07.03-16.11.50:885][  0]LogMeshUtilities: No automatic skeletal mesh reduction module available
[2017.07.03-16.11.50:885][  0]LogMeshUtilities: No automatic mesh merging module available
[2017.07.03-16.11.51:445][  0]LogNetVersion: GetLocalNetworkVersion: CL: 3299760, ProjectName: skagame3, ProjectVersion: , EngineNetworkVersion: 2, GameNetworkVersion: 0, NetworkChecksum: 2118841436
[2017.07.03-16.11.51:495][  0]LogAssetRegistry: FAssetRegistry took 0.0223 seconds to start up
[2017.07.03-16.11.51:542][  0]LogPackageLocalizationCache: Processed 3 localized package path(s) for 2 prioritized culture(s) in 0.023731 seconds
[2017.07.03-16.11.51:548][  0]LogUObjectArray: 32493 objects as part of root set at end of initial load.
[2017.07.03-16.11.51:548][  0]LogUObjectAllocator: 7077032 out of 0 bytes used by permanent object pool.
[2017.07.03-16.11.51:548][  0]LogUObjectArray: CloseDisregardForGC: 0/0 objects in disregard for GC pool
[2017.07.03-16.11.51:615][  0]LogInit: WinSock: version 1.1 (2.2), MaxSocks=32767, MaxUdp=65467
[2017.07.03-16.11.53:183][  0]LogTcpMessaging: Initializing TcpMessaging bridge
[2017.07.03-16.11.53:223][  0]LogUdpMessaging: Initializing bridge on interface 0.0.0.0:0 to multicast group 230.0.0.1:6666.
[2017.07.03-16.11.53:708][  0]LogMaterial: Uniform references updated for custom material expression Custom.
[2017.07.03-16.11.54:120][  0]SourceControl: Info Source control is disabled
[2017.07.03-16.11.54:121][  0]SourceControl: Info Source control is disabled
[2017.07.03-16.11.54:170][  0]SourceControl: Info Source control is disabled
[2017.07.03-16.11.54:222][  0]SourceControl: Info Source control is disabled
[2017.07.03-16.11.55:590][  0]LogEngine: Initializing Engine...
[2017.07.03-16.11.55:591][  0]LogHMD: Failed to initialize OpenVR with code 110
[2017.07.03-16.11.55:697][  0]LogStats: UGameplayTagsManager::ConstructGameplayTagTree: Construct from data asset -  0.000 s
[2017.07.03-16.11.55:697][  0]LogStats: UGameplayTagsManager::ConstructGameplayTagTree: GameplayTagTreeChangedEvent.Broadcast -  0.000 s
[2017.07.03-16.11.55:843][  0]LogAIModule: Creating AISystem for world Untitled
[2017.07.03-16.11.55:866][  0]LogInit: XAudio2 using 'Speakers (2- Logitech G930 Gaming Headset)' : 8 channels at 48 kHz using 16 bits per sample (channel mask 0x63f)
[2017.07.03-16.11.55:888][  0]LogInit: FAudioDevice initialized.
[2017.07.03-16.11.55:917][  0]LogDerivedDataCache: Saved boot cache 0.03s 50MB C:/Users/Ethan/AppData/Local/UnrealEngine/4.15/DerivedDataCache/Boot.ddc.
[2017.07.03-16.11.55:923][  0]LogInit: Texture streaming: Enabled
[2017.07.03-16.11.56:029][  0]LogEngineSessionManager: EngineSessionManager initialized
[2017.07.03-16.11.56:149][  0]LogInit: Transaction tracking system initialized
[2017.07.03-16.11.56:504][  0]BlueprintLog: New page: Editor Load
[2017.07.03-16.11.57:437][  0]LocalizationService: Info Localization service is disabled
[2017.07.03-16.11.58:185][  0]LogConsoleResponse:Display: 
[2017.07.03-16.11.58:335][  0]LogCook:Display: Max memory allowance for cook 16384mb min free memory 0mb
[2017.07.03-16.11.58:335][  0]LogCook:Display: Mobile HDR setting 1
[2017.07.03-16.11.59:222][  0]LogFileCache: Scanning file cache for directory 'C:/SVN/Fetch Test/SkaGame/SkaGame/Content/' took 0.02s
[2017.07.03-16.11.59:532][  0]SourceControl: Info Source control is disabled
[2017.07.03-16.11.59:532][  0]Cmd: MAP LOAD FILE="../../../../../../SVN/Fetch Test/SkaGame/SkaGame/Content/SkaGameAssets/Levels/MainMenu.umap" TEMPLATE=0 SHOWPROGRESS=1 FEATURELEVEL=3
[2017.07.03-16.11.59:532][  0]LightingResults: New page: Lighting Build
[2017.07.03-16.11.59:574][  0]MapCheck: New page: Map Check
[2017.07.03-16.11.59:574][  0]LightingResults: New page: Lighting Build
[2017.07.03-16.11.59:589][  0]LogAIModule: Creating AISystem for world MainMenu
[2017.07.03-16.11.59:607][  0]LogEditorServer: Finished looking for orphan Actors (0.000 secs)
[2017.07.03-16.11.59:608][  0]Cmd: MAP CHECKDEP NOCLEARLOG
[2017.07.03-16.11.59:646][  0]MapCheck: Info Map check complete: 0 Error(s), 0 Warning(s), took 38.474ms to complete.
[2017.07.03-16.11.59:647][  0]LogFileHelpers: Loading map 'MainMenu' took 0.115
[2017.07.03-16.11.59:821][  0]LogCollectionManager: Loaded 0 collections in 0.001466 seconds
[2017.07.03-16.11.59:908][  0]LogFileCache: Scanning file cache for directory 'C:/SVN/Fetch Test/SkaGame/SkaGame/Saved/Collections/' took 0.01s
[2017.07.03-16.11.59:908][  0]LogFileCache: Scanning file cache for directory 'C:/SVN/Fetch Test/SkaGame/SkaGame/Content/Developers/Ethan/Collections/' took 0.01s
[2017.07.03-16.11.59:908][  0]LogFileCache: Scanning file cache for directory 'C:/SVN/Fetch Test/SkaGame/SkaGame/Content/Collections/' took 0.01s
[2017.07.03-16.11.59:909][  0]LogCollectionManager: Rebuilt the GUID cache for 0 collections in 0.000003 seconds
[2017.07.03-16.11.59:920][  0]LogContentBrowser: Native class hierarchy populated in 0.0107 seconds. Added 2245 classes and 453 folders.
[2017.07.03-16.11.59:998][  0]LogContentBrowser: Native class hierarchy updated for 'WidgetCarousel' in 0.0006 seconds. Added 0 classes and 0 folders.
[2017.07.03-16.12.00:036][  0]LogContentBrowser: Native class hierarchy updated for 'AddContentDialog' in 0.0005 seconds. Added 0 classes and 0 folders.
[2017.07.03-16.12.00:084][  0]LogContentBrowser: Native class hierarchy updated for 'SceneOutliner' in 0.0005 seconds. Added 1 classes and 2 folders.
[2017.07.03-16.12.00:195][  0]LogCrashTracker: Crashtracker disabled due to settings.
[2017.07.03-16.12.00:203][  0]LogUObjectGlobals:Warning: Failed to find object 'Class None.'
[2017.07.03-16.12.00:279][  0]LogContentBrowser: Native class hierarchy updated for 'HierarchicalLODOutliner' in 0.0010 seconds. Added 1 classes and 2 folders.
[2017.07.03-16.12.00:279][  0]LogLoad: (Engine Initialization) Total time: 16.62 seconds
[2017.07.03-16.12.00:279][  0]LogLoad: (Engine Initialization) Total Blueprint compile time: 0.04 seconds
[2017.07.03-16.12.00:279][  0]LogExternalProfiler: Found external profiler: VSPerf
[2017.07.03-16.12.00:279][  0]LogExternalProfiler: Using external profiler: VSPerf
[2017.07.03-16.12.00:618][  0]LogOcInput: OculusInput pre-init called
[2017.07.03-16.12.00:642][  0]LogContentStreaming: Texture pool size now 1000 MB
[2017.07.03-16.12.00:643][  0]LogSlate: Took 0.000203 seconds to synchronously load lazily loaded font '../../../Engine/Content/Slate/Fonts/Roboto-Regular.ttf' (155K)
[2017.07.03-16.12.00:647][  0]LogSlate: Took 0.000382 seconds to synchronously load lazily loaded font '../../../Engine/Content/Slate/Fonts/Roboto-Bold.ttf' (160K)
[2017.07.03-16.12.00:654][  0]LogSlate: Took 0.000206 seconds to synchronously load lazily loaded font '../../../Engine/Content/Editor/Slate/Fonts/FontAwesome.ttf' (139K)
[2017.07.03-16.12.00:764][  0]LogSlate: Took 0.000187 seconds to synchronously load lazily loaded font '../../../Engine/Content/Slate/Fonts/Roboto-Light.ttf' (159K)
[2017.07.03-16.12.00:824][  0]LogRenderer: Reallocating scene render targets to support 1304x612 NumSamples 1 (Frame:2).
[2017.07.03-16.12.00:965][  1]LogAssetRegistry: Asset discovery search completed in 9.4925 seconds
[2017.07.03-16.12.00:965][  1]LogCollectionManager: Rebuilt the object cache for 0 collections in 0.000019 seconds (found 0 objects)
[2017.07.03-16.12.00:965][  1]LogCollectionManager: Fixed up redirectors for 0 collections in 0.000046 seconds (updated 0 objects)
[2017.07.03-16.12.04:281][ 11]LogTemp: Repeting last play command: Selected Viewport
[2017.07.03-16.12.04:303][ 11]LogBlueprintUserMessages: Early PlayInEditor Detection: Level '/Game/SkaGameAssets/Levels/MainMenu.MainMenu:PersistentLevel' has LevelScriptBlueprint '/Game/SkaGameAssets/Levels/MainMenu.MainMenu:PersistentLevel.MainMenu' with GeneratedClass '/Game/SkaGameAssets/Levels/MainMenu.MainMenu_C' with ClassGeneratedBy '/Game/SkaGameAssets/Levels/MainMenu.MainMenu:PersistentLevel.MainMenu'
[2017.07.03-16.12.04:303][ 11]LogPlayLevel: PlayLevel: No blueprints needed recompiling
[2017.07.03-16.12.04:303][ 11]PIE: New page: PIE session: MainMenu (Jul 3, 2017, 8:12:04 AM)
[2017.07.03-16.12.04:303][ 11]LogPlayLevel: Creating play world package: /Game/SkaGameAssets/Levels/UEDPIE_0_MainMenu
[2017.07.03-16.12.04:305][ 11]LogPlayLevel: PIE: StaticDuplicateObject took: (0.001578s)
[2017.07.03-16.12.04:306][ 11]LogAIModule: Creating AISystem for world MainMenu
[2017.07.03-16.12.04:307][ 11]LogPlayLevel: PIE: World Init took: (0.001622s)
[2017.07.03-16.12.04:307][ 11]LogPlayLevel: PIE: Created PIE world by copying editor world from /Game/SkaGameAssets/Levels/MainMenu.MainMenu to /Game/SkaGameAssets/Levels/UEDPIE_0_MainMenu.MainMenu (0.003634s)
[2017.07.03-16.12.04:361][ 11]LogInit: XAudio2 using 'Speakers (2- Logitech G930 Gaming Headset)' : 8 channels at 48 kHz using 16 bits per sample (channel mask 0x63f)
[2017.07.03-16.12.04:395][ 11]LogInit: FAudioDevice initialized.
[2017.07.03-16.12.04:820][ 11]LogLoad: Game class is 'SideScrollerGameMode_C'
[2017.07.03-16.12.04:822][ 11]LogWorld: Bringing World /Game/SkaGameAssets/Levels/UEDPIE_0_MainMenu.MainMenu up for play (max tick rate 0) at 2017.07.03-12.12.04
[2017.07.03-16.12.04:822][ 11]LogWorld: Bringing up level for play took: 0.000646
[2017.07.03-16.12.04:823][ 11]LogSpawn:Warning: SpawnActor failed because no class was specified
[2017.07.03-16.12.04:863][ 11]LogContentBrowser: Native class hierarchy updated for 'MovieSceneCapture' in 0.0006 seconds. Added 11 classes and 0 folders.
[2017.07.03-16.12.04:866][ 11]PIE: Info Play in editor start time for /Game/SkaGameAssets/Levels/UEDPIE_0_MainMenu -0.093
[2017.07.03-16.12.04:866][ 11]LogBlueprintUserMessages: Late PlayInEditor Detection: Level '/Game/SkaGameAssets/Levels/MainMenu.MainMenu:PersistentLevel' has LevelScriptBlueprint '/Game/SkaGameAssets/Levels/MainMenu.MainMenu:PersistentLevel.MainMenu' with GeneratedClass '/Game/SkaGameAssets/Levels/MainMenu.MainMenu_C' with ClassGeneratedBy '/Game/SkaGameAssets/Levels/MainMenu.MainMenu:PersistentLevel.MainMenu'
[2017.07.03-16.12.06:095][148]LogNet: Browse: /Game/SkaGameAssets/Levels/Graveyard_Act1Final
[2017.07.03-16.12.06:095][148]LogLoad: LoadMap: /Game/SkaGameAssets/Levels/Graveyard_Act1Final
[2017.07.03-16.12.06:109][148]Cmd: MEM
[2017.07.03-16.12.06:119][148]LogMemory: Platform Memory Stats for Windows
[2017.07.03-16.12.06:119][148]LogMemory: Process Physical Memory: 1006.84 MB used, 1035.01 MB peak
[2017.07.03-16.12.06:119][148]LogMemory: Process Virtual Memory: 1270.40 MB used, 1305.46 MB peak
[2017.07.03-16.12.06:119][148]LogMemory: Physical Memory: 6364.85 MB used,  9914.34 MB free, 16279.18 MB total
[2017.07.03-16.12.06:119][148]LogMemory: Virtual Memory: 2004.72 MB used,  9914.34 MB free, 134217728.00 MB total
[2017.07.03-16.12.06:119][148]LogMemory: 
[2017.07.03-16.12.06:119][148]Allocator Stats for TBB: (not implemented)
[2017.07.03-16.12.07:626][148]LogAIModule: Creating AISystem for world Graveyard_Act1Final
[2017.07.03-16.12.07:626][148]LogLoad: Game class is 'SideScrollerGameMode_C'
[2017.07.03-16.12.07:636][148]AnimBlueprint:Warning: Warning SLOTNODE: 'RootMotion' in animation instance class Brad_Anim_BP_C already exists. Remove duplicates from the animation graph for this class.
[2017.07.03-16.12.07:644][148]LogWorld: Bringing World /Game/SkaGameAssets/Levels/UEDPIE_0_Graveyard_Act1Final.Graveyard_Act1Final up for play (max tick rate 0) at 2017.07.03-12.12.07
[2017.07.03-16.12.07:645][148]LogWorld: Bringing up level for play took: 0.017235
[2017.07.03-16.12.07:645][148]LogSpawn:Warning: SpawnActor failed because no class was specified
[2017.07.03-16.12.07:646][148]LogLoad: Took 1.550448 seconds to LoadMap(/Game/SkaGameAssets/Levels/Graveyard_Act1Final)
[2017.07.03-16.13.05:370][ 57]LogBlueprintUserMessages: Early EndPlayMap Detection: Level '/Game/SkaGameAssets/Levels/MainMenu.MainMenu:PersistentLevel' has LevelScriptBlueprint '/Game/SkaGameAssets/Levels/MainMenu.MainMenu:PersistentLevel.MainMenu' with GeneratedClass '/Game/SkaGameAssets/Levels/MainMenu.MainMenu_C' with ClassGeneratedBy '/Game/SkaGameAssets/Levels/MainMenu.MainMenu:PersistentLevel.MainMenu'
[2017.07.03-16.13.05:409][ 57]LogBlueprintUserMessages: Late EndPlayMap Detection: Level '/Game/SkaGameAssets/Levels/MainMenu.MainMenu:PersistentLevel' has LevelScriptBlueprint '/Game/SkaGameAssets/Levels/MainMenu.MainMenu:PersistentLevel.MainMenu' with GeneratedClass '/Game/SkaGameAssets/Levels/MainMenu.MainMenu_C' with ClassGeneratedBy '/Game/SkaGameAssets/Levels/MainMenu.MainMenu:PersistentLevel.MainMenu'
[2017.07.03-16.15.02:328][588]LogTemp: Repeting last play command: Selected Viewport
[2017.07.03-16.15.02:365][588]LogBlueprintUserMessages: Early PlayInEditor Detection: Level '/Game/SkaGameAssets/Levels/MainMenu.MainMenu:PersistentLevel' has LevelScriptBlueprint '/Game/SkaGameAssets/Levels/MainMenu.MainMenu:PersistentLevel.MainMenu' with GeneratedClass '/Game/SkaGameAssets/Levels/MainMenu.MainMenu_C' with ClassGeneratedBy '/Game/SkaGameAssets/Levels/MainMenu.MainMenu:PersistentLevel.MainMenu'
[2017.07.03-16.15.02:365][588]LogPlayLevel: PlayLevel: No blueprints needed recompiling
[2017.07.03-16.15.02:365][588]PIE: New page: PIE session: MainMenu (Jul 3, 2017, 8:15:02 AM)
[2017.07.03-16.15.02:366][588]LogPlayLevel: Creating play world package: /Game/SkaGameAssets/Levels/UEDPIE_0_MainMenu
[2017.07.03-16.15.02:367][588]LogPlayLevel: PIE: StaticDuplicateObject took: (0.001571s)
[2017.07.03-16.15.02:368][588]LogAIModule: Creating AISystem for world MainMenu
[2017.07.03-16.15.02:368][588]LogPlayLevel: PIE: World Init took: (0.001174s)
[2017.07.03-16.15.02:369][588]LogPlayLevel: PIE: Created PIE world by copying editor world from /Game/SkaGameAssets/Levels/MainMenu.MainMenu to /Game/SkaGameAssets/Levels/UEDPIE_0_MainMenu.MainMenu (0.003125s)
[2017.07.03-16.15.02:410][588]LogInit: XAudio2 using 'Speakers (2- Logitech G930 Gaming Headset)' : 8 channels at 48 kHz using 16 bits per sample (channel mask 0x63f)
[2017.07.03-16.15.02:439][588]LogInit: FAudioDevice initialized.
[2017.07.03-16.15.02:477][588]LogLoad: Game class is 'SideScrollerGameMode_C'
[2017.07.03-16.15.02:480][588]LogWorld: Bringing World /Game/SkaGameAssets/Levels/UEDPIE_0_MainMenu.MainMenu up for play (max tick rate 0) at 2017.07.03-12.15.02
[2017.07.03-16.15.02:480][588]LogWorld: Bringing up level for play took: 0.001304
[2017.07.03-16.15.02:482][588]LogSpawn:Warning: SpawnActor failed because no class was specified
[2017.07.03-16.15.02:486][588]PIE: Info Play in editor start time for /Game/SkaGameAssets/Levels/UEDPIE_0_MainMenu -0.473
[2017.07.03-16.15.02:487][588]LogBlueprintUserMessages: Late PlayInEditor Detection: Level '/Game/SkaGameAssets/Levels/MainMenu.MainMenu:PersistentLevel' has LevelScriptBlueprint '/Game/SkaGameAssets/Levels/MainMenu.MainMenu:PersistentLevel.MainMenu' with GeneratedClass '/Game/SkaGameAssets/Levels/MainMenu.MainMenu_C' with ClassGeneratedBy '/Game/SkaGameAssets/Levels/MainMenu.MainMenu:PersistentLevel.MainMenu'
[2017.07.03-16.19.03:255][124]LogBlueprint:Warning: [PilPol_BP] 'AIState' variable not found. Base class was probably changed.
[2017.07.03-16.19.03:255][124]LogBlueprint:Warning: [PilPol_BP] 'AIState' variable not found. Base class was probably changed.
[2017.07.03-16.19.03:574][124]LogAIModule: Creating AISystem for world SideScrollerExampleMap
[2017.07.03-16.19.03:577][124]AnimBlueprint:Warning: Warning SLOTNODE: 'RootMotion' in animation instance class Brad_Anim_BP_C already exists. Remove duplicates from the animation graph for this class.
[2017.07.03-16.19.05:957][124]LogBlueprintUserMessages: Early EndPlayMap Detection: Level '/Game/SkaGameAssets/Levels/MainMenu.MainMenu:PersistentLevel' has LevelScriptBlueprint '/Game/SkaGameAssets/Levels/MainMenu.MainMenu:PersistentLevel.MainMenu' with GeneratedClass '/Game/SkaGameAssets/Levels/MainMenu.MainMenu_C' with ClassGeneratedBy '/Game/SkaGameAssets/Levels/MainMenu.MainMenu:PersistentLevel.MainMenu'
[2017.07.03-16.19.05:988][124]LogBlueprintUserMessages: Late EndPlayMap Detection: Level '/Game/SkaGameAssets/Levels/MainMenu.MainMenu:PersistentLevel' has LevelScriptBlueprint '/Game/SkaGameAssets/Levels/MainMenu.MainMenu:PersistentLevel.MainMenu' with GeneratedClass '/Game/SkaGameAssets/Levels/MainMenu.MainMenu_C' with ClassGeneratedBy '/Game/SkaGameAssets/Levels/MainMenu.MainMenu:PersistentLevel.MainMenu'
[2017.07.03-16.19.06:007][124]Cmd: MAP LOAD FILE="../../../../../../SVN/Fetch Test/SkaGame/SkaGame/Content/SkaGameAssets/Levels/SideScrollerExampleMap.umap" TEMPLATE=0 SHOWPROGRESS=1 FEATURELEVEL=3
[2017.07.03-16.19.06:011][124]LogSlate: Took 0.000178 seconds to synchronously load lazily loaded font '../../../Engine/Content/Slate/Fonts/Roboto-Light.ttf' (159K)
[2017.07.03-16.19.06:023][124]LightingResults: New page: Lighting Build
[2017.07.03-16.19.06:025][124]LoadErrors: New page: Loading map: SideScrollerExampleMap.umap
[2017.07.03-16.19.06:026][124]MapCheck: New page: Map Check
[2017.07.03-16.19.06:026][124]LightingResults: New page: Lighting Build
[2017.07.03-16.19.06:045][124]AnimBlueprint:Warning: Warning SLOTNODE: 'RootMotion' in animation instance class Brad_Anim_BP_C already exists. Remove duplicates from the animation graph for this class.
[2017.07.03-16.19.06:130][124]LogEditorServer: Finished looking for orphan Actors (0.000 secs)
[2017.07.03-16.19.06:131][124]LogSlate: Took 0.000160 seconds to synchronously load lazily loaded font '../../../Engine/Content/Slate/Fonts/Roboto-Regular.ttf' (155K)
[2017.07.03-16.19.06:172][124]Cmd: MAP CHECKDEP NOCLEARLOG
[2017.07.03-16.19.06:243][124]MapCheck: Info Map check complete: 0 Error(s), 0 Warning(s), took 70.906ms to complete.
[2017.07.03-16.19.06:243][124]LogFileHelpers: Loading map 'SideScrollerExampleMap' took 2.644
[2017.07.03-16.19.20:586][793]LogEditorViewport: Clicking on Actor (LMB): PilPol_BP_C (PilPol_BP)
[2017.07.03-16.19.21:675][882]Cmd: DELETE
[2017.07.03-16.19.21:675][882]Cmd: ACTOR DELETE
[2017.07.03-16.19.21:677][882]LogEditorActor: Deleted Actor: PilPol_BP_C
[2017.07.03-16.19.21:690][882]LogEditorActor: Deleted 1 Actors (0.015 secs)
[2017.07.03-16.19.47:509][562]LogSlate: Took 0.000213 seconds to synchronously load lazily loaded font '../../../Engine/Content/Slate/Fonts/Roboto-Light.ttf' (159K)
[2017.07.03-16.19.54:042][562]LogObjectTools:Warning: ForceReplaceReferences replaced references for a transient object 'SKEL_Ghost_BP_C' or package '/Game/SkaGameAssets/BluePrints/Enemies/Ghost_BP'.
[2017.07.03-16.19.54:042][562]LogObjectTools:Warning: ForceReplaceReferences replaced references for a transient object 'ReceiveTick' or package '/Game/SkaGameAssets/BluePrints/Enemies/Ghost_BP'.
[2017.07.03-16.19.54:042][562]LogObjectTools:Warning: ForceReplaceReferences replaced references for a transient object 'AttackPlayer' or package '/Game/SkaGameAssets/BluePrints/Enemies/Ghost_BP'.
[2017.07.03-16.19.54:042][562]LogObjectTools:Warning: ForceReplaceReferences replaced references for a transient object 'CheckState' or package '/Game/SkaGameAssets/BluePrints/Enemies/Ghost_BP'.
[2017.07.03-16.19.54:042][562]LogObjectTools:Warning: ForceReplaceReferences replaced references for a transient object 'ReceiveBeginPlay' or package '/Game/SkaGameAssets/BluePrints/Enemies/Ghost_BP'.
[2017.07.03-16.19.54:042][562]LogObjectTools:Warning: ForceReplaceReferences replaced references for a transient object 'ChasePlayer' or package '/Game/SkaGameAssets/BluePrints/Enemies/Ghost_BP'.
[2017.07.03-16.19.54:042][562]LogObjectTools:Warning: ForceReplaceReferences replaced references for a transient object 'Roam' or package '/Game/SkaGameAssets/BluePrints/Enemies/Ghost_BP'.
[2017.07.03-16.19.54:042][562]LogObjectTools:Warning: ForceReplaceReferences replaced references for a transient object 'Stun' or package '/Game/SkaGameAssets/BluePrints/Enemies/Ghost_BP'.
[2017.07.03-16.19.54:042][562]LogObjectTools:Warning: ForceReplaceReferences replaced references for a transient object 'BndEvt__AttackCollisionSphere_K2Node_ComponentBoundEvent_1_ComponentBeginOverlapSignature__DelegateSignature' or package '/Game/SkaGameAssets/BluePrints/Enemies/Ghost_BP'.
[2017.07.03-16.19.54:042][562]LogObjectTools:Warning: ForceReplaceReferences replaced references for a transient object 'CheckForDeath' or package '/Game/SkaGameAssets/BluePrints/Enemies/Ghost_BP'.
[2017.07.03-16.19.54:042][562]LogObjectTools:Warning: ForceReplaceReferences replaced references for a transient object 'ReceiveAnyDamage' or package '/Game/SkaGameAssets/BluePrints/Enemies/Ghost_BP'.
[2017.07.03-16.19.54:042][562]LogObjectTools:Warning: ForceReplaceReferences replaced references for a transient object 'DamageAllowed' or package '/Game/SkaGameAssets/BluePrints/Enemies/Ghost_BP'.
[2017.07.03-16.19.54:042][562]LogObjectTools:Warning: ForceReplaceReferences replaced references for a transient object 'DamageNotAllowed' or package '/Game/SkaGameAssets/BluePrints/Enemies/Ghost_BP'.
[2017.07.03-16.19.54:134][562]LogObjectTools:Warning: ForceReplaceReferences replaced references for a transient object 'Ghost_BP_C_0' or package '/Engine/Transient'.
[2017.07.03-16.20.01:919][562]AnimBlueprint:Warning: Warning SLOTNODE: 'RootMotion' in animation instance class Brad_Anim_BP_C already exists. Remove duplicates from the animation graph for this class.
[2017.07.03-16.29.19:593][ 49]LogSavePackage: Save=141.50ms
[2017.07.03-16.29.19:593][ 49]LogSavePackage: Moving '../../../../../../SVN/Fetch Test/SkaGame/SkaGame/Saved/SideScrollerExampleMap_Auto11C26647A4880A561E9CB6C8BF7BFB95E.tmp' to '../../../../../../SVN/Fetch Test/SkaGame/SkaGame/Saved/Autosaves/Game/SkaGameAssets/Levels/SideScrollerExampleMap_Auto1.umap'
[2017.07.03-16.29.19:594][ 49]LogSavePackage:Display: Finished SavePackage ../../../../../../SVN/Fetch Test/SkaGame/SkaGame/Saved/Autosaves/Game/SkaGameAssets/Levels/SideScrollerExampleMap_Auto1.umap
[2017.07.03-16.29.19:596][ 49]LogFileHelpers: Editor autosave (incl. sublevels) for '/Game/SkaGameAssets/Levels/SideScrollerExampleMap' took 0.167
[2017.07.03-16.29.19:596][ 49]LogFileHelpers: Editor autosave (incl. sublevels) for all levels took 0.167
[2017.07.03-16.29.19:598][ 49]OBJ SavePackage: Generating thumbnails for [0] asset(s) in package [/Game/SkaGameAssets/BluePrints/combatTrigger] ([1] browsable assets)...
[2017.07.03-16.29.19:598][ 49]OBJ SavePackage: Finished generating thumbnails for package [/Game/SkaGameAssets/BluePrints/combatTrigger]
[2017.07.03-16.29.19:629][ 49]LogSavePackage: Save=24.88ms
[2017.07.03-16.29.19:629][ 49]LogSavePackage: Moving '../../../../../../SVN/Fetch Test/SkaGame/SkaGame/Saved/combatTrigger_Auto153F55B474E7E2D96A71EAA8CF959C626.tmp' to '../../../../../../SVN/Fetch Test/SkaGame/SkaGame/Saved/Autosaves/Game/SkaGameAssets/BluePrints/combatTrigger_Auto1.uasset'
[2017.07.03-16.29.19:630][ 49]LogSavePackage:Display: Finished SavePackage ../../../../../../SVN/Fetch Test/SkaGame/SkaGame/Saved/Autosaves/Game/SkaGameAssets/BluePrints/combatTrigger_Auto1.uasset
[2017.07.03-16.29.19:631][ 49]OBJ SavePackage: Generating thumbnails for [0] asset(s) in package [/Game/SkaGameAssets/Enemies/GhostAssests/AI/Attack] ([1] browsable assets)...
[2017.07.03-16.29.19:631][ 49]OBJ SavePackage: Finished generating thumbnails for package [/Game/SkaGameAssets/Enemies/GhostAssests/AI/Attack]
[2017.07.03-16.29.19:655][ 49]LogSavePackage: Save=12.90ms
[2017.07.03-16.29.19:655][ 49]LogSavePackage: Moving '../../../../../../SVN/Fetch Test/SkaGame/SkaGame/Saved/Attack_Auto18F3E03D64CAF491863021186667B76E6.tmp' to '../../../../../../SVN/Fetch Test/SkaGame/SkaGame/Saved/Autosaves/Game/SkaGameAssets/Enemies/GhostAssests/AI/Attack_Auto1.uasset'
[2017.07.03-16.29.19:656][ 49]LogSavePackage:Display: Finished SavePackage ../../../../../../SVN/Fetch Test/SkaGame/SkaGame/Saved/Autosaves/Game/SkaGameAssets/Enemies/GhostAssests/AI/Attack_Auto1.uasset
[2017.07.03-16.29.19:658][ 49]OBJ SavePackage: Generating thumbnails for [0] asset(s) in package [/Game/SkaGameAssets/BluePrints/Enemies/Ghost_BP] ([3] browsable assets)...
[2017.07.03-16.29.19:658][ 49]OBJ SavePackage: Finished generating thumbnails for package [/Game/SkaGameAssets/BluePrints/Enemies/Ghost_BP]
[2017.07.03-16.29.19:681][ 49]LogSavePackage: Save=17.42ms
[2017.07.03-16.29.19:681][ 49]LogSavePackage: Moving '../../../../../../SVN/Fetch Test/SkaGame/SkaGame/Saved/Ghost_BP_Auto1C8906FDA4E7916E400D5BC99D7A62D7A.tmp' to '../../../../../../SVN/Fetch Test/SkaGame/SkaGame/Saved/Autosaves/Game/SkaGameAssets/BluePrints/Enemies/Ghost_BP_Auto1.uasset'
[2017.07.03-16.29.19:682][ 49]LogSavePackage:Display: Finished SavePackage ../../../../../../SVN/Fetch Test/SkaGame/SkaGame/Saved/Autosaves/Game/SkaGameAssets/BluePrints/Enemies/Ghost_BP_Auto1.uasset
[2017.07.03-16.29.19:683][ 49]OBJ SavePackage: Generating thumbnails for [1] asset(s) in package [/Game/SkaGameAssets/Enemies/GhostAssests/Animations/Ghost_Anime_BP] ([1] browsable assets)...
[2017.07.03-16.29.19:723][ 49]OBJ SavePackage:     Rendered thumbnail for [AnimBlueprint /Game/SkaGameAssets/Enemies/GhostAssests/Animations/Ghost_Anime_BP.Ghost_Anime_BP]
[2017.07.03-16.29.19:723][ 49]OBJ SavePackage: Finished generating thumbnails for package [/Game/SkaGameAssets/Enemies/GhostAssests/Animations/Ghost_Anime_BP]
[2017.07.03-16.29.19:760][ 49]LogSavePackage: Save=28.52ms
[2017.07.03-16.29.19:760][ 49]LogSavePackage: Moving '../../../../../../SVN/Fetch Test/SkaGame/SkaGame/Saved/Ghost_Anime_BP_Auto166071E6945B20BA343413AB1BE4A4BE3.tmp' to '../../../../../../SVN/Fetch Test/SkaGame/SkaGame/Saved/Autosaves/Game/SkaGameAssets/Enemies/GhostAssests/Animations/Ghost_Anime_BP_Auto1.uasset'
[2017.07.03-16.29.19:761][ 49]LogSavePackage:Display: Finished SavePackage ../../../../../../SVN/Fetch Test/SkaGame/SkaGame/Saved/Autosaves/Game/SkaGameAssets/Enemies/GhostAssests/Animations/Ghost_Anime_BP_Auto1.uasset
[2017.07.03-16.29.19:761][ 49]LogFileHelpers: Auto-saving content packages took 0.164
[2017.07.03-16.40.05:067][156]Cmd: OBJ SAVEPACKAGE PACKAGE="/Game/SkaGameAssets/BluePrints/combatTrigger" FILE="../../../../../../SVN/Fetch Test/SkaGame/SkaGame/Content/SkaGameAssets/BluePrints/combatTrigger.uasset" SILENT=true
[2017.07.03-16.40.05:102][156]LogSavePackage: Save=26.14ms
[2017.07.03-16.40.05:102][156]LogSavePackage: Moving '../../../../../../SVN/Fetch Test/SkaGame/SkaGame/Saved/combatTriggerA9B0CDA94973604F9F26368CF32361DD.tmp' to '../../../../../../SVN/Fetch Test/SkaGame/SkaGame/Content/SkaGameAssets/BluePrints/combatTrigger.uasset'
[2017.07.03-16.40.05:110][156]LogSavePackage:Display: Finished SavePackage ../../../../../../SVN/Fetch Test/SkaGame/SkaGame/Content/SkaGameAssets/BluePrints/combatTrigger.uasset
[2017.07.03-16.40.05:113][156]Cmd: OBJ SAVEPACKAGE PACKAGE="/Game/SkaGameAssets/BluePrints/Enemies/Ghost_BP" FILE="../../../../../../SVN/Fetch Test/SkaGame/SkaGame/Content/SkaGameAssets/BluePrints/Enemies/Ghost_BP.uasset" SILENT=true
[2017.07.03-16.40.05:139][156]LogSavePackage: Save=18.78ms
[2017.07.03-16.40.05:139][156]LogSavePackage: Moving '../../../../../../SVN/Fetch Test/SkaGame/SkaGame/Saved/Ghost_BP00A0D98F4E56BAD7BE8F69A1983DEB86.tmp' to '../../../../../../SVN/Fetch Test/SkaGame/SkaGame/Content/SkaGameAssets/BluePrints/Enemies/Ghost_BP.uasset'
[2017.07.03-16.40.05:145][156]LogSavePackage:Display: Finished SavePackage ../../../../../../SVN/Fetch Test/SkaGame/SkaGame/Content/SkaGameAssets/BluePrints/Enemies/Ghost_BP.uasset
[2017.07.03-16.40.05:176][156]LogSavePackage: Save=13.39ms
[2017.07.03-16.40.05:176][156]LogSavePackage: Moving '../../../../../../SVN/Fetch Test/SkaGame/SkaGame/Saved/AttackE6DC98874392A669EC35BE8142E70FDE.tmp' to '../../../../../../SVN/Fetch Test/SkaGame/SkaGame/Content/SkaGameAssets/Enemies/GhostAssests/AI/Attack.uasset'
[2017.07.03-16.40.05:181][156]LogSavePackage:Display: Finished SavePackage ../../../../../../SVN/Fetch Test/SkaGame/SkaGame/Content/SkaGameAssets/Enemies/GhostAssests/AI/Attack.uasset
[2017.07.03-16.40.05:215][156]LogSavePackage: Save=21.45ms
[2017.07.03-16.40.05:216][156]LogSavePackage: Moving '../../../../../../SVN/Fetch Test/SkaGame/SkaGame/Saved/Ghost_Anime_BPC89E1DC34A57AB9CD9FC169F9A81A689.tmp' to '../../../../../../SVN/Fetch Test/SkaGame/SkaGame/Content/SkaGameAssets/Enemies/GhostAssests/Animations/Ghost_Anime_BP.uasset'
[2017.07.03-16.40.05:220][156]LogSavePackage:Display: Finished SavePackage ../../../../../../SVN/Fetch Test/SkaGame/SkaGame/Content/SkaGameAssets/Enemies/GhostAssests/Animations/Ghost_Anime_BP.uasset
[2017.07.03-16.40.05:453][156]LogSavePackage: Save=137.95ms
[2017.07.03-16.40.05:453][156]LogSavePackage: Moving '../../../../../../SVN/Fetch Test/SkaGame/SkaGame/Saved/SideScrollerExampleMap18EF47BE4BA60AA4305B8193A5EC3603.tmp' to '../../../../../../SVN/Fetch Test/SkaGame/SkaGame/Content/SkaGameAssets/Levels/SideScrollerExampleMap.umap'
[2017.07.03-16.40.05:456][156]LogSavePackage:Display: Finished SavePackage ../../../../../../SVN/Fetch Test/SkaGame/SkaGame/Content/SkaGameAssets/Levels/SideScrollerExampleMap.umap
[2017.07.03-16.40.05:467][156]LogFileHelpers: Saving map 'SideScrollerExampleMap' took 0.244
[2017.07.03-16.40.05:755][157]Cmd: QUIT_EDITOR
[2017.07.03-16.40.06:455][157]LogWindowsTextInputMethodSystem:Display: IME system now deactivated.
[2017.07.03-16.40.06:513][157]LogExit: Preparing to exit.
[2017.07.03-16.40.06:824][157]LogDirectoryWatcher: A directory notification for 'C:/SVN/Fetch Test/SkaGame/SkaGame/Content/' was aborted.
[2017.07.03-16.40.06:861][157]LogExit: Editor shut down
[2017.07.03-16.40.06:861][157]LogExit: Transaction tracking system shut down
[2017.07.03-16.40.06:979][157]LogObj: Freed 0b from 0 cluster array pools.
[2017.07.03-16.40.06:979][157]LogExit: Object subsystem successfully closed.
[2017.07.03-16.40.06:994][157]LogD3D11RHI: Shutdown
[2017.07.03-16.40.06:994][157]LogD3D11RHI: CleanupD3DDevice
[2017.07.03-16.40.07:103][157]LogD3D11RHI: ~FD3D11DynamicRHI
[2017.07.03-16.40.07:120][157]LogModuleManager: Shutting down and abandoning module MovieSceneCapture (500)
[2017.07.03-16.40.07:120][157]LogModuleManager: Shutting down and abandoning module HierarchicalLODOutliner (498)
[2017.07.03-16.40.07:120][157]LogModuleManager: Shutting down and abandoning module CrashTracker (496)
[2017.07.03-16.40.07:120][157]LogModuleManager: Shutting down and abandoning module SceneOutliner (494)
[2017.07.03-16.40.07:120][157]LogModuleManager: Shutting down and abandoning module AddContentDialog (492)
[2017.07.03-16.40.07:120][157]LogDirectoryWatcher: A directory notification for 'C:/Program Files/Epic Games/UE_4.15/FeaturePacks/' was aborted.
[2017.07.03-16.40.07:123][157]LogModuleManager: Shutting down and abandoning module WidgetCarousel (491)
[2017.07.03-16.40.07:123][157]LogModuleManager: Shutting down and abandoning module EditorWidgets (488)
[2017.07.03-16.40.07:123][157]LogModuleManager: Shutting down and abandoning module CollectionManager (486)
[2017.07.03-16.40.07:123][157]LogDirectoryWatcher: A directory notification for 'C:/SVN/Fetch Test/SkaGame/SkaGame/Content/Collections/' was aborted.
[2017.07.03-16.40.07:123][157]LogDirectoryWatcher: A directory notification for 'C:/SVN/Fetch Test/SkaGame/SkaGame/Content/Developers/Ethan/Collections/' was aborted.
[2017.07.03-16.40.07:123][157]LogDirectoryWatcher: A directory notification for 'C:/SVN/Fetch Test/SkaGame/SkaGame/Saved/Collections/' was aborted.
[2017.07.03-16.40.07:123][157]LogModuleManager: Shutting down and abandoning module StatsViewer (484)
[2017.07.03-16.40.07:123][157]LogModuleManager: Shutting down and abandoning module FoliageEdit (482)
[2017.07.03-16.40.07:123][157]LogModuleManager: Shutting down and abandoning module LandscapeEditor (480)
[2017.07.03-16.40.07:123][157]LogModuleManager: Shutting down and abandoning module SceneDepthPickerMode (478)
[2017.07.03-16.40.07:123][157]LogModuleManager: Shutting down and abandoning module ActorPickerMode (476)
[2017.07.03-16.40.07:123][157]LogModuleManager: Shutting down and abandoning module GeometryMode (474)
[2017.07.03-16.40.07:123][157]LogModuleManager: Shutting down and abandoning module TextureAlignMode (472)
[2017.07.03-16.40.07:123][157]LogModuleManager: Shutting down and abandoning module BspMode (470)
[2017.07.03-16.40.07:123][157]LogModuleManager: Shutting down and abandoning module HardwareSurvey (468)
[2017.07.03-16.40.07:123][157]LogModuleManager: Shutting down and abandoning module SequenceRecorderSections (466)
[2017.07.03-16.40.07:123][157]LogModuleManager: Shutting down and abandoning module AutomationWorker (464)
[2017.07.03-16.40.07:123][157]LogModuleManager: Shutting down and abandoning module MatineeToLevelSequence (462)
[2017.07.03-16.40.07:123][157]LogModuleManager: Shutting down and abandoning module LevelSequenceEditor (460)
[2017.07.03-16.40.07:123][157]LogModuleManager: Shutting down and abandoning module PlacementMode (459)
[2017.07.03-16.40.07:123][157]LogModuleManager: Shutting down and abandoning module WmfMediaFactory (456)
[2017.07.03-16.40.07:123][157]LogModuleManager: Shutting down and abandoning module WmfMediaEditor (454)
[2017.07.03-16.40.07:123][157]LogModuleManager: Shutting down and abandoning module MfMediaFactory (452)
[2017.07.03-16.40.07:123][157]LogModuleManager: Shutting down and abandoning module MfMediaEditor (450)
[2017.07.03-16.40.07:123][157]LogModuleManager: Shutting down and abandoning module AvfMediaFactory (448)
[2017.07.03-16.40.07:123][157]LogModuleManager: Shutting down and abandoning module AvfMediaEditor (446)
[2017.07.03-16.40.07:123][157]LogModuleManager: Shutting down and abandoning module AndroidMediaFactory (444)
[2017.07.03-16.40.07:123][157]LogModuleManager: Shutting down and abandoning module Media (443)
[2017.07.03-16.40.07:123][157]LogModuleManager: Shutting down and abandoning module AndroidMediaEditor (440)
[2017.07.03-16.40.07:123][157]LogModuleManager: Shutting down and abandoning module CharacterAI (438)
[2017.07.03-16.40.07:123][157]LogModuleManager: Shutting down and abandoning module AudioCapture (436)
[2017.07.03-16.40.07:123][157]LogModuleManager: Shutting down and abandoning module SequenceRecorder (435)
[2017.07.03-16.40.07:123][157]LogModuleManager: Shutting down and abandoning module SmartSnapping (432)
[2017.07.03-16.40.07:123][157]LogModuleManager: Shutting down and abandoning module SessionServices (430)
[2017.07.03-16.40.07:123][157]LogModuleManager: Shutting down and abandoning module ViewportSnapping (428)
[2017.07.03-16.40.07:123][157]LogModuleManager: Shutting down and abandoning module ViewportInteraction (426)
[2017.07.03-16.40.07:123][157]LogModuleManager: Shutting down and abandoning module LogVisualizer (424)
[2017.07.03-16.40.07:123][157]LogModuleManager: Shutting down and abandoning module IntroTutorials (422)
[2017.07.03-16.40.07:124][157]LogModuleManager: Shutting down and abandoning module GameProjectGeneration (421)
[2017.07.03-16.40.07:124][157]LogModuleManager: Shutting down and abandoning module EditorLiveStreaming (418)
[2017.07.03-16.40.07:124][157]LogModuleManager: Shutting down and abandoning module IOSPlatformEditor (416)
[2017.07.03-16.40.07:124][157]LogModuleManager: Shutting down and abandoning module HTML5PlatformEditor (414)
[2017.07.03-16.40.07:124][157]LogModuleManager: Shutting down and abandoning module AndroidPlatformEditor (412)
[2017.07.03-16.40.07:124][157]LogModuleManager: Shutting down and abandoning module AndroidDeviceDetection (411)
[2017.07.03-16.40.07:332][157]LogModuleManager: Shutting down and abandoning module IOSRuntimeSettings (408)
[2017.07.03-16.40.07:332][157]LogModuleManager: Shutting down and abandoning module AndroidRuntimeSettings (406)
[2017.07.03-16.40.07:332][157]LogModuleManager: Shutting down and abandoning module InputBindingEditor (404)
[2017.07.03-16.40.07:332][157]LogModuleManager: Shutting down and abandoning module NiagaraEditor (402)
[2017.07.03-16.40.07:332][157]LogModuleManager: Shutting down and abandoning module MergeActors (400)
[2017.07.03-16.40.07:332][157]LogModuleManager: Shutting down and abandoning module SizeMap (398)
[2017.07.03-16.40.07:332][157]LogModuleManager: Shutting down and abandoning module TreeMap (396)
[2017.07.03-16.40.07:332][157]LogModuleManager: Shutting down and abandoning module ReferenceViewer (394)
[2017.07.03-16.40.07:332][157]LogModuleManager: Shutting down and abandoning module LocalizationDashboard (392)
[2017.07.03-16.40.07:332][157]LogModuleManager: Shutting down and abandoning module LocalizationService (391)
[2017.07.03-16.40.07:332][157]LogModuleManager: Shutting down and abandoning module HardwareTargeting (388)
[2017.07.03-16.40.07:332][157]LogModuleManager: Shutting down and abandoning module DeviceProfileEditor (386)
[2017.07.03-16.40.07:332][157]LogModuleManager: Shutting down and abandoning module UndoHistory (384)
[2017.07.03-16.40.07:332][157]LogModuleManager: Shutting down and abandoning module UserFeedback (382)
[2017.07.03-16.40.07:332][157]LogModuleManager: Shutting down and abandoning module XmlParser (380)
[2017.07.03-16.40.07:332][157]LogModuleManager: Shutting down and abandoning module Blutility (378)
[2017.07.03-16.40.07:332][157]LogModuleManager: Shutting down and abandoning module ProjectSettingsViewer (376)
[2017.07.03-16.40.07:332][157]LogModuleManager: Shutting down and abandoning module ProjectTargetPlatformEditor (375)
[2017.07.03-16.40.07:333][157]LogModuleManager: Shutting down and abandoning module EditorSettingsViewer (372)
[2017.07.03-16.40.07:333][157]LogModuleManager: Shutting down and abandoning module SettingsEditor (370)
[2017.07.03-16.40.07:333][157]LogModuleManager: Shutting down and abandoning module ProjectLauncher (368)
[2017.07.03-16.40.07:333][157]LogModuleManager: Shutting down and abandoning module SessionFrontend (366)
[2017.07.03-16.40.07:333][157]LogModuleManager: Shutting down and abandoning module ProfilerClient (364)
[2017.07.03-16.40.07:333][157]LogModuleManager: Shutting down and abandoning module DeviceManager (362)
[2017.07.03-16.40.07:333][157]LogModuleManager: Shutting down and abandoning module TargetDeviceServices (361)
[2017.07.03-16.40.07:375][157]LogModuleManager: Shutting down and abandoning module AutomationController (358)
[2017.07.03-16.40.07:375][157]LogModuleManager: Shutting down and abandoning module AutomationWindow (356)
[2017.07.03-16.40.07:375][157]LogModuleManager: Shutting down and abandoning module Layers (354)
[2017.07.03-16.40.07:375][157]LogModuleManager: Shutting down and abandoning module ComponentVisualizers (352)
[2017.07.03-16.40.07:375][157]LogModuleManager: Shutting down and abandoning module DetailCustomizations (350)
[2017.07.03-16.40.07:375][157]LogModuleManager: Shutting down and abandoning module PackagesDialog (348)
[2017.07.03-16.40.07:376][157]LogModuleManager: Shutting down and abandoning module Persona (346)
[2017.07.03-16.40.07:376][157]LogModuleManager: Shutting down and abandoning module AnimGraph (345)
[2017.07.03-16.40.07:376][157]LogModuleManager: Shutting down and abandoning module Kismet (342)
[2017.07.03-16.40.07:379][157]LogModuleManager: Shutting down and abandoning module GraphEditor (340)
[2017.07.03-16.40.07:379][157]LogModuleManager: Shutting down and abandoning module ClassViewer (338)
[2017.07.03-16.40.07:379][157]LogModuleManager: Shutting down and abandoning module Toolbox (336)
[2017.07.03-16.40.07:379][157]LogModuleManager: Shutting down and abandoning module ModuleUI (334)
[2017.07.03-16.40.07:379][157]LogModuleManager: Shutting down and abandoning module MovieSceneTools (332)
[2017.07.03-16.40.07:379][157]LogModuleManager: Shutting down and abandoning module OutputLog (330)
[2017.07.03-16.40.07:379][157]LogModuleManager: Shutting down and abandoning module GammaUI (328)
[2017.07.03-16.40.07:379][157]LogModuleManager: Shutting down and abandoning module Documentation (326)
[2017.07.03-16.40.07:379][157]LogModuleManager: Shutting down and abandoning module Niagara (324)
[2017.07.03-16.40.07:379][157]LogModuleManager: Shutting down and abandoning module StreamingPauseRendering (322)
[2017.07.03-16.40.07:380][157]LogModuleManager: Shutting down and abandoning module AnalyticsET (320)
[2017.07.03-16.40.07:380][157]LogModuleManager: Shutting down and abandoning module PortalServices (318)
[2017.07.03-16.40.07:380][157]LogModuleManager: Shutting down and abandoning module PortalRpc (316)
[2017.07.03-16.40.07:380][157]LogModuleManager: Shutting down and abandoning module MessagingRpc (314)
[2017.07.03-16.40.07:380][157]LogModuleManager: Shutting down and abandoning module AIModule (312)
[2017.07.03-16.40.07:380][157]LogModuleManager: Shutting down and abandoning module GameplayDebugger (311)
[2017.07.03-16.40.07:380][157]LogModuleManager: Shutting down and abandoning module AITestSuite (309)
[2017.07.03-16.40.07:380][157]LogModuleManager: Shutting down and abandoning module ProfilerService (306)
[2017.07.03-16.40.07:416][157]LogModuleManager: Shutting down and abandoning module TaskGraph (304)
[2017.07.03-16.40.07:416][157]LogModuleManager: Shutting down and abandoning module SteamVRController (302)
[2017.07.03-16.40.07:416][157]LogModuleManager: Shutting down and abandoning module SteamVR (300)
[2017.07.03-16.40.07:416][157]LogModuleManager: Shutting down and abandoning module ProceduralMeshComponentEditor (298)
[2017.07.03-16.40.07:416][157]LogModuleManager: Shutting down and abandoning module ProceduralMeshComponent (296)
[2017.07.03-16.40.07:417][157]LogModuleManager: Shutting down and abandoning module OculusLibrary (294)
[2017.07.03-16.40.07:417][157]LogModuleManager: Shutting down and abandoning module OculusInput (292)
[2017.07.03-16.40.07:417][157]LogModuleManager: Shutting down and abandoning module MobilePatchingUtils (290)
[2017.07.03-16.40.07:417][157]LogModuleManager: Shutting down and abandoning module CustomMeshComponent (288)
[2017.07.03-16.40.07:417][157]LogModuleManager: Shutting down and abandoning module CableComponent (286)
[2017.07.03-16.40.07:417][157]LogModuleManager: Shutting down and abandoning module ArchVisCharacter (284)
[2017.07.03-16.40.07:417][157]LogModuleManager: Shutting down and abandoning module MediaPlayerEditor (280)
[2017.07.03-16.40.07:417][157]LogModuleManager: Shutting down and abandoning module HTML5Networking (278)
[2017.07.03-16.40.07:417][157]LogModuleManager: Shutting down and abandoning module AlembicImporter (276)
[2017.07.03-16.40.07:417][157]LogModuleManager: Shutting down and abandoning module AlembicLibrary (275)
[2017.07.03-16.40.07:417][157]LogModuleManager: Shutting down and abandoning module GeometryCache (274)
[2017.07.03-16.40.07:417][157]LogModuleManager: Shutting down and abandoning module GeometryCacheEd (273)
[2017.07.03-16.40.07:417][157]LogModuleManager: Shutting down and abandoning module SuperSearchEditor (268)
[2017.07.03-16.40.07:417][157]LogModuleManager: Shutting down and abandoning module SuperSearch (267)
[2017.07.03-16.40.07:417][157]LogModuleManager: Shutting down and abandoning module SpeedTreeImporter (264)
[2017.07.03-16.40.07:417][157]LogModuleManager: Shutting down and abandoning module PluginBrowser (262)
[2017.07.03-16.40.07:417][157]LogModuleManager: Shutting down and abandoning module MobileLauncherProfileWizard (260)
[2017.07.03-16.40.07:417][157]LogModuleManager: Shutting down and abandoning module EpicSurvey (258)
[2017.07.03-16.40.07:417][157]LogModuleManager: Shutting down and abandoning module VisualStudioSourceCodeAccess (256)
[2017.07.03-16.40.07:417][157]LogModuleManager: Shutting down and abandoning module DesktopPlatform (255)
[2017.07.03-16.40.07:417][157]LogModuleManager: Shutting down and abandoning module UObjectPlugin (252)
[2017.07.03-16.40.07:417][157]LogModuleManager: Shutting down and abandoning module SubversionSourceControl (250)
[2017.07.03-16.40.07:417][157]LogModuleManager: Shutting down and abandoning module PerforceSourceControl (248)
[2017.07.03-16.40.07:417][157]LogModuleManager: Shutting down and abandoning module GitSourceControl (246)
[2017.07.03-16.40.07:417][157]LogModuleManager: Shutting down and abandoning module SourceControl (245)
[2017.07.03-16.40.07:417][157]LogModuleManager: Shutting down and abandoning module LightPropagationVolumeEditor (242)
[2017.07.03-16.40.07:417][157]LogModuleManager: Shutting down and abandoning module PaperTiledImporter (240)
[2017.07.03-16.40.07:417][157]LogModuleManager: Shutting down and abandoning module PaperSpriteSheetImporter (238)
[2017.07.03-16.40.07:417][157]LogModuleManager: Shutting down and abandoning module Paper2DEditor (236)
[2017.07.03-16.40.07:418][157]LogModuleManager: Shutting down and abandoning module MeshPaint (235)
[2017.07.03-16.40.07:418][157]LogModuleManager: Shutting down and abandoning module LevelEditor (233)
[2017.07.03-16.40.07:419][157]LogModuleManager: Shutting down and abandoning module PixelInspectorModule (232)
[2017.07.03-16.40.07:419][157]LogModuleManager: Shutting down and abandoning module MainFrame (230)
[2017.07.03-16.40.07:419][157]LogModuleManager: Shutting down and abandoning module HotReload (229)
[2017.07.03-16.40.07:420][157]LogModuleManager: Shutting down and abandoning module ContentBrowser (225)
[2017.07.03-16.40.07:421][157]LogModuleManager: Shutting down and abandoning module PhysXVehiclesEditor (222)
[2017.07.03-16.40.07:421][157]LogModuleManager: Shutting down and abandoning module PhysXVehicles (220)
[2017.07.03-16.40.07:422][157]LogModuleManager: Shutting down and abandoning module LocationServicesBPLibrary (218)
[2017.07.03-16.40.07:422][157]LogModuleManager: Shutting down and abandoning module UdpMessaging (216)
[2017.07.03-16.40.07:522][157]LogModuleManager: Shutting down and abandoning module TcpMessaging (214)
[2017.07.03-16.40.07:623][157]LogModuleManager: Shutting down and abandoning module GameplayTagsEditor (212)
[2017.07.03-16.40.07:623][157]LogModuleManager: Shutting down and abandoning module FacialAnimationEditor (210)
[2017.07.03-16.40.07:623][157]LogModuleManager: Shutting down and abandoning module FacialAnimation (208)
[2017.07.03-16.40.07:623][157]LogModuleManager: Shutting down and abandoning module LightPropagationVolumeRuntime (206)
[2017.07.03-16.40.07:623][157]LogModuleManager: Shutting down and abandoning module Paper2D (204)
[2017.07.03-16.40.07:623][157]LogModuleManager: Shutting down and abandoning module WindowsMoviePlayer (202)
[2017.07.03-16.40.07:623][157]LogModuleManager: Shutting down and abandoning module WmfMedia (200)
[2017.07.03-16.40.07:623][157]LogModuleManager: Shutting down and abandoning module MfMedia (198)
[2017.07.03-16.40.07:623][157]LogModuleManager: Shutting down and abandoning module MediaAssets (196)
[2017.07.03-16.40.07:623][157]LogModuleManager: Shutting down and abandoning module GameLiveStreaming (194)
[2017.07.03-16.40.07:623][157]LogModuleManager: Shutting down and abandoning module VREditor (192)
[2017.07.03-16.40.07:624][157]LogModuleManager: Shutting down and abandoning module GameplayTasksEditor (190)
[2017.07.03-16.40.07:624][157]LogModuleManager: Shutting down and abandoning module BehaviorTreeEditor (188)
[2017.07.03-16.40.07:624][157]LogModuleManager: Shutting down and abandoning module FunctionalTesting (186)
[2017.07.03-16.40.07:624][157]LogModuleManager: Shutting down and abandoning module CollisionAnalyzer (184)
[2017.07.03-16.40.07:624][157]LogModuleManager: Shutting down and abandoning module UMG (182)
[2017.07.03-16.40.07:624][157]LogModuleManager: Shutting down and abandoning module UMGEditor (181)
[2017.07.03-16.40.07:624][157]LogModuleManager: Shutting down and abandoning module Sequencer (180)
[2017.07.03-16.40.07:624][157]LogModuleManager: Shutting down and abandoning module AssetTools (178)
[2017.07.03-16.40.07:624][157]LogModuleManager: Shutting down and abandoning module MessageLog (177)
[2017.07.03-16.40.07:624][157]LogModuleManager: Shutting down and abandoning module WorkspaceMenuStructure (176)
[2017.07.03-16.40.07:624][157]LogModuleManager: Shutting down and abandoning module SlateReflector (170)
[2017.07.03-16.40.07:624][157]LogModuleManager: Shutting down and abandoning module Slate (168)
[2017.07.03-16.40.07:624][157]LogModuleManager: Shutting down and abandoning module EditorStyle (166)
[2017.07.03-16.40.07:629][157]LogModuleManager: Shutting down and abandoning module SourceCodeAccess (164)
[2017.07.03-16.40.07:629][157]LogModuleManager: Shutting down and abandoning module HeadMountedDisplay (162)
[2017.07.03-16.40.07:629][157]LogModuleManager: Shutting down and abandoning module XAudio2 (160)
[2017.07.03-16.40.07:629][157]LogModuleManager: Shutting down and abandoning module Networking (158)
[2017.07.03-16.40.07:629][157]LogModuleManager: Shutting down and abandoning module Core (154)
[2017.07.03-16.40.07:629][157]LogModuleManager: Shutting down and abandoning module AssetRegistry (152)
[2017.07.03-16.40.07:853][157]LogDirectoryWatcher: A directory notification for '../../../Engine/Content/' was aborted.
[2017.07.03-16.40.07:853][157]LogDirectoryWatcher: A directory notification for '../../../../../../SVN/Fetch Test/SkaGame/SkaGame/Content/' was aborted.
[2017.07.03-16.40.07:853][157]LogDirectoryWatcher: A directory notification for '../../../Engine/Plugins/2D/Paper2D/Content/' was aborted.
[2017.07.03-16.40.07:853][157]LogModuleManager: Shutting down and abandoning module DirectoryWatcher (151)
[2017.07.03-16.40.07:854][157]LogModuleManager: Shutting down and abandoning module KismetCompiler (148)
[2017.07.03-16.40.07:854][157]LogModuleManager: Shutting down and abandoning module PhysXFormats (146)
[2017.07.03-16.40.07:854][157]LogModuleManager: Shutting down and abandoning module MeshUtilities (144)
[2017.07.03-16.40.07:854][157]LogModuleManager: Shutting down and abandoning module SimplygonSwarm (143)
[2017.07.03-16.40.07:854][157]LogModuleManager: Shutting down and abandoning module SimplygonMeshReduction (141)
[2017.07.03-16.40.07:854][157]LogModuleManager: Shutting down and abandoning module QuadricMeshReduction (139)
[2017.07.03-16.40.07:854][157]LogModuleManager: Shutting down and abandoning module PropertyEditor (137)
[2017.07.03-16.40.07:854][157]LogModuleManager: Shutting down and abandoning module DerivedDataCache (134)
[2017.07.03-16.40.07:940][157]LogDerivedDataCache: Shutdown
[2017.07.03-16.40.07:940][157]LogModuleManager: Shutting down and abandoning module TargetPlatform (132)
[2017.07.03-16.40.07:940][157]LogModuleManager: Shutting down and abandoning module VulkanShaderFormat (131)
[2017.07.03-16.40.07:940][157]LogModuleManager: Shutting down and abandoning module ShaderFormatOpenGL (129)
[2017.07.03-16.40.07:940][157]LogModuleManager: Shutting down and abandoning module ShaderFormatD3D (127)
[2017.07.03-16.40.07:940][157]LogModuleManager: Shutting down and abandoning module MetalShaderFormat (125)
[2017.07.03-16.40.07:940][157]LogModuleManager: Shutting down and abandoning module TextureFormatUncompressed (123)
[2017.07.03-16.40.07:940][157]LogModuleManager: Shutting down and abandoning module TextureFormatPVR (121)
[2017.07.03-16.40.07:940][157]LogModuleManager: Shutting down and abandoning module TextureFormatDXT (119)
[2017.07.03-16.40.07:940][157]LogModuleManager: Shutting down and abandoning module TextureFormatIntelISPCTexComp (117)
[2017.07.03-16.40.07:940][157]LogModuleManager: Shutting down and abandoning module TextureFormatASTC (115)
[2017.07.03-16.40.07:940][157]LogModuleManager: Shutting down and abandoning module ImageWrapper (114)
[2017.07.03-16.40.07:940][157]LogModuleManager: Shutting down and abandoning module TextureFormatAndroid (111)
[2017.07.03-16.40.07:940][157]LogModuleManager: Shutting down and abandoning module AudioFormatOpus (109)
[2017.07.03-16.40.07:940][157]LogModuleManager: Shutting down and abandoning module AudioFormatOgg (107)
[2017.07.03-16.40.07:940][157]LogModuleManager: Shutting down and abandoning module AudioFormatADPCM (105)
[2017.07.03-16.40.07:940][157]LogModuleManager: Shutting down and abandoning module LinuxTargetPlatform (103)
[2017.07.03-16.40.07:940][157]LogModuleManager: Shutting down and abandoning module LinuxServerTargetPlatform (101)
[2017.07.03-16.40.07:940][157]LogModuleManager: Shutting down and abandoning module LinuxNoEditorTargetPlatform (99)
[2017.07.03-16.40.07:940][157]LogModuleManager: Shutting down and abandoning module LinuxClientTargetPlatform (97)
[2017.07.03-16.40.07:940][157]LogModuleManager: Shutting down and abandoning module TVOSTargetPlatform (95)
[2017.07.03-16.40.07:940][157]LogModuleManager: Shutting down and abandoning module Messaging (93)
[2017.07.03-16.40.07:940][157]LogModuleManager: Shutting down and abandoning module IOSTargetPlatform (91)
[2017.07.03-16.40.07:940][157]LogModuleManager: Shutting down and abandoning module HTML5TargetPlatform (89)
[2017.07.03-16.40.07:940][157]LogModuleManager: Shutting down and abandoning module Android_PVRTCTargetPlatform (87)
[2017.07.03-16.40.07:940][157]LogModuleManager: Shutting down and abandoning module Android_MultiTargetPlatform (85)
[2017.07.03-16.40.07:940][157]LogModuleManager: Shutting down and abandoning module Android_ETC2TargetPlatform (83)
[2017.07.03-16.40.07:940][157]LogModuleManager: Shutting down and abandoning module Android_ETC1TargetPlatform (81)
[2017.07.03-16.40.07:940][157]LogModuleManager: Shutting down and abandoning module Android_DXTTargetPlatform (79)
[2017.07.03-16.40.07:940][157]LogModuleManager: Shutting down and abandoning module Android_ATCTargetPlatform (77)
[2017.07.03-16.40.07:940][157]LogModuleManager: Shutting down and abandoning module Android_ASTCTargetPlatform (75)
[2017.07.03-16.40.07:940][157]LogModuleManager: Shutting down and abandoning module AndroidTargetPlatform (73)
[2017.07.03-16.40.07:940][157]LogModuleManager: Shutting down and abandoning module WindowsTargetPlatform (71)
[2017.07.03-16.40.07:940][157]LogModuleManager: Shutting down and abandoning module WindowsServerTargetPlatform (69)
[2017.07.03-16.40.07:940][157]LogModuleManager: Shutting down and abandoning module WindowsNoEditorTargetPlatform (67)
[2017.07.03-16.40.07:940][157]LogModuleManager: Shutting down and abandoning module WindowsClientTargetPlatform (65)
[2017.07.03-16.40.07:940][157]LogModuleManager: Shutting down and abandoning module MacTargetPlatform (63)
[2017.07.03-16.40.07:940][157]LogModuleManager: Shutting down and abandoning module MacServerTargetPlatform (61)
[2017.07.03-16.40.07:940][157]LogModuleManager: Shutting down and abandoning module MacNoEditorTargetPlatform (59)
[2017.07.03-16.40.07:940][157]LogModuleManager: Shutting down and abandoning module MacClientTargetPlatform (57)
[2017.07.03-16.40.07:940][157]LogModuleManager: Shutting down and abandoning module AllDesktopTargetPlatform (55)
[2017.07.03-16.40.07:940][157]LogModuleManager: Shutting down and abandoning module InputCore (52)
[2017.07.03-16.40.07:940][157]LogModuleManager: Shutting down and abandoning module Settings (50)
[2017.07.03-16.40.07:940][157]LogModuleManager: Shutting down and abandoning module OculusRift (48)
[2017.07.03-16.40.07:940][157]LogModuleManager: Shutting down and abandoning module GearVR (46)
[2017.07.03-16.40.07:940][157]LogModuleManager: Shutting down and abandoning module ExampleDeviceProfileSelector (44)
[2017.07.03-16.40.07:940][157]LogModuleManager: Shutting down and abandoning module OnlineBlueprintSupport (42)
[2017.07.03-16.40.07:940][157]LogModuleManager: Shutting down and abandoning module OnlineSubsystem (38)
[2017.07.03-16.40.07:940][157]LogOnline:Display: Unloading online subsystem: NULL
[2017.07.03-16.40.07:940][157]LogModuleManager: Shutting down and abandoning module XMPP (37)
[2017.07.03-16.40.07:941][157]LogModuleManager: Shutting down and abandoning module HTTP (35)
[2017.07.03-16.40.07:941][157]LogHttp:Display: Http module shutting down, but needs to wait on 1 outstanding Http requests:
[2017.07.03-16.40.07:941][157]LogHttp:Display: 	verb=[POST] url=[https://datarouter.ol.epicgames.com/datarouter/api/v1/public/data?SessionID=%7B0BF2BDD5-4906-B38E-19AB-D7B0E498B3C7%7D&AppID=UEEditor.Rocket.Release&AppVersion=4.15.3-3450819%2B%2B%2BUE4%2BRelease-4.15&UserID=27a260b74bf32bfc714e53b0493334c1%7C96e91b22db194cfa8006f4b66d834199%7C3dabaf2d-b3bf-48c3-a165-143585034302&AppEnvironment=datacollector-binary&UploadType=eteventstream] status=Processing
[2017.07.03-16.40.07:944][157]LogModuleManager: Shutting down and abandoning module SSL (34)
[2017.07.03-16.40.07:946][157]LogModuleManager: Shutting down and abandoning module AudioEditor (30)
[2017.07.03-16.40.07:946][157]LogModuleManager: Shutting down and abandoning module TextureCompressor (28)
[2017.07.03-16.40.07:946][157]LogModuleManager: Shutting down and abandoning module ShaderCore (26)
[2017.07.03-16.40.07:946][157]LogModuleManager: Shutting down and abandoning module Landscape (24)
[2017.07.03-16.40.07:946][157]LogModuleManager: Shutting down and abandoning module SlateRHIRenderer (22)
[2017.07.03-16.40.07:947][157]LogModuleManager: Shutting down and abandoning module OpenGLDrv (20)
[2017.07.03-16.40.07:947][157]LogModuleManager: Shutting down and abandoning module D3D11RHI (18)
[2017.07.03-16.40.07:947][157]LogModuleManager: Shutting down and abandoning module AnimGraphRuntime (16)
[2017.07.03-16.40.07:947][157]LogModuleManager: Shutting down and abandoning module Renderer (14)
[2017.07.03-16.40.07:947][157]LogModuleManager: Shutting down and abandoning module Engine (12)
[2017.07.03-16.40.07:947][157]LogModuleManager: Shutting down and abandoning module CoreUObject (10)
[2017.07.03-16.40.07:947][157]LogModuleManager: Shutting down and abandoning module NetworkFile (8)
[2017.07.03-16.40.07:947][157]LogModuleManager: Shutting down and abandoning module StreamingFile (6)
[2017.07.03-16.40.07:947][157]LogModuleManager: Shutting down and abandoning module SandboxFile (4)
[2017.07.03-16.40.07:947][157]LogModuleManager: Shutting down and abandoning module PakFile (2)
[2017.07.03-16.40.07:948][157]LogExit: Exiting.
[2017.07.03-16.40.07:959][157]Log file closed, 07/03/17 12:40:07
