Log file open, 07/04/17 20:14:48
LogInit:Display: Running engine for game: SkaGame3
LogPlatformFile: Not using cached read wrapper
LogInit:Display: RandInit(-82930705) SRandInit(-82930705).
LogTaskGraph: Started task graph with 5 named threads and 8 total threads with 1 sets of task threads.
LogStats: Stats thread started at 0.082365
LogInit: Using libcurl 7.47.1
LogInit:  - built for x86_64-pc-win32
LogInit:  - supports SSL with OpenSSL/1.0.2g
LogInit:  - supports HTTP deflate (compression) using libz 1.2.8
LogInit:  - other features:
LogInit:      CURL_VERSION_SSL
LogInit:      CURL_VERSION_LIBZ
LogInit:      CURL_VERSION_IPV6
LogInit:      CURL_VERSION_ASYNCHDNS
LogInit:      CURL_VERSION_LARGEFILE
LogInit:      CURL_VERSION_IDN
LogInit:  CurlRequestOptions (configurable via config and command line):
LogInit:  - bVerifyPeer = false  - Libcurl will NOT verify peer certificate
LogInit:  - bUseHttpProxy = false  - Libcurl will NOT use HTTP proxy
LogInit:  - bDontReuseConnections = false  - Libcurl will reuse connections
LogInit:  - CertBundlePath = nullptr  - Libcurl will use whatever was configured at build time.
LogInit: Build: ++UE4+Release-4.15-CL-3450819
LogInit: Engine Version: 4.15.3-3450819+++UE4+Release-4.15
LogInit: Compatible Engine Version: 4.15.0-3299760+++UE4+Release-4.15
LogInit: Net CL: 3299760
LogDevObjectVersion: Number of dev versions registered: 14
LogDevObjectVersion:   Dev-Blueprints (B0D832E4-1F89-4F0D-ACCF-7EB736FD4AA2): 8
LogDevObjectVersion:   Dev-Build (E1C64328-A22C-4D53-A36C-8E866417BD8C): 0
LogDevObjectVersion:   Dev-Core (375EC13C-06E4-48FB-B500-84F0262A717E): 2
LogDevObjectVersion:   Dev-Editor (E4B068ED-F494-42E9-A231-DA0B2E46BB41): 14
LogDevObjectVersion:   Dev-Framework (CFFC743F-43B0-4480-9391-14DF171D2073): 22
LogDevObjectVersion:   Dev-Mobile (B02B49B5-BB20-44E9-A304-32B752E40360): 0
LogDevObjectVersion:   Dev-Networking (A4E4105C-59A1-49B5-A7C5-40C4547EDFEE): 0
LogDevObjectVersion:   Dev-Online (39C831C9-5AE6-47DC-9A44-9C173E1C8E7C): 0
LogDevObjectVersion:   Dev-Physics (78F01B33-EBEA-4F98-B9B4-84EACCB95AA2): 0
LogDevObjectVersion:   Dev-Platform (6631380F-2D4D-43E0-8009-CF276956A95A): 0
LogDevObjectVersion:   Dev-Rendering (12F88B9F-8875-4AFC-A67C-D90C383ABD29): 12
LogDevObjectVersion:   Dev-Sequencer (7B5AE74C-D270-4C10-A958-57980B212A5A): 3
LogDevObjectVersion:   Dev-VR (D7296918-1DD6-4BDD-9DE2-64A83CC13884): 0
LogDevObjectVersion:   Dev-LoadTimes (C2A15278-BFE7-4AFE-6C17-90FF531DF755): 1
LogInit: Compiled (64-bit): May 21 2017 11:02:34
LogInit: Compiled with Visual C++: 19.00.23026.00
LogInit: Build Configuration: Development
LogInit: Branch Name: ++UE4+Release-4.15
LogInit: Command line:  /Temp/Autosaves/Game/SkaGameAssets/Levels/UEDPCGraveyard_Act1Final -game -PIEVIACONSOLE -ResX=1280 -ResY=720  -Multiprocess -messaging -SessionName="Play in Standalone Game" -windowed 
LogInit: Base directory: C:/Program Files/Epic Games/UE_4.15/Engine/Binaries/Win64/
LogInit: Installed Engine Build: 1
LogInit: Presizing for max 8388607 objects, including 0 objects not considered by GC, pre-allocating 0 bytes for permanent pool.
LogInit: Object subsystem initialized
[2017.07.05-00.14.49:807][  0]LogInit: Selected Device Profile: [Windows]
[2017.07.05-00.14.49:807][  0]LogInit: Applying CVar settings loaded from the selected device profile: [Windows]
[2017.07.05-00.14.49:811][  0]LogInit: Computer: DESKTOP-58CNULQ
[2017.07.05-00.14.49:811][  0]LogInit: User: Ethan
[2017.07.05-00.14.49:811][  0]LogInit: CPU Page size=65536, Cores=4
[2017.07.05-00.14.49:811][  0]LogInit: High frequency timer resolution =3.312786 MHz
[2017.07.05-00.14.49:811][  0]LogMemory: Memory total: Physical=15.9GB (16GB approx)
[2017.07.05-00.14.49:811][  0]LogMemory: Platform Memory Stats for Windows
[2017.07.05-00.14.49:811][  0]LogMemory: Process Physical Memory: 264.34 MB used, 264.34 MB peak
[2017.07.05-00.14.49:811][  0]LogMemory: Process Virtual Memory: 262.85 MB used, 262.85 MB peak
[2017.07.05-00.14.49:811][  0]LogMemory: Physical Memory: 6603.18 MB used,  9676.01 MB free, 16279.18 MB total
[2017.07.05-00.14.49:811][  0]LogMemory: Virtual Memory: 645.44 MB used,  9676.01 MB free, 134217728.00 MB total
[2017.07.05-00.14.49:907][  0]LogTextLocalizationManager: No specific translations for ('en-US') exist, so ('en') translations will be used.
[2017.07.05-00.14.50:352][  0]LogD3D11RHI: D3D11 adapters:
[2017.07.05-00.14.50:840][  0]LogD3D11RHI:    0. 'NVIDIA GeForce GTX 660' (Feature Level 11_0)
[2017.07.05-00.14.50:840][  0]LogD3D11RHI:       1505/0/8139 MB DedicatedVideo/DedicatedSystem/SharedSystem, Outputs:1, VendorId:0x10de
[2017.07.05-00.14.50:843][  0]LogD3D11RHI:    1. 'Intel(R) HD Graphics 4000' (Feature Level 11_0)
[2017.07.05-00.14.50:843][  0]LogD3D11RHI:       32/0/1760 MB DedicatedVideo/DedicatedSystem/SharedSystem, Outputs:1, VendorId:0x8086
[2017.07.05-00.14.50:844][  0]LogD3D11RHI:    2. 'Microsoft Basic Render Driver' (Feature Level 11_0)
[2017.07.05-00.14.50:844][  0]LogD3D11RHI:       0/0/8139 MB DedicatedVideo/DedicatedSystem/SharedSystem, Outputs:0, VendorId:0x1414
[2017.07.05-00.14.50:844][  0]LogD3D11RHI: Chosen D3D11 Adapter: 0
[2017.07.05-00.14.50:847][  0]LogD3D11RHI: Creating new Direct3DDevice
[2017.07.05-00.14.50:847][  0]LogD3D11RHI:     GPU DeviceId: 0x1185 (for the marketing name, search the web for "GPU Device Id")
[2017.07.05-00.14.50:847][  0]LogWindows: EnumDisplayDevices:
[2017.07.05-00.14.50:848][  0]LogWindows:    0. 'NVIDIA GeForce GTX 660' (P:1 D:1)
[2017.07.05-00.14.50:848][  0]LogWindows:    1. 'NVIDIA GeForce GTX 660' (P:0 D:0)
[2017.07.05-00.14.50:848][  0]LogWindows:    2. 'NVIDIA GeForce GTX 660' (P:0 D:0)
[2017.07.05-00.14.50:848][  0]LogWindows:    3. 'NVIDIA GeForce GTX 660' (P:0 D:0)
[2017.07.05-00.14.50:848][  0]LogWindows:    4. 'Intel(R) HD Graphics 4000' (P:0 D:1)
[2017.07.05-00.14.50:848][  0]LogWindows:    5. 'Intel(R) HD Graphics 4000' (P:0 D:0)
[2017.07.05-00.14.50:849][  0]LogWindows: DebugString: PrimaryIsNotTheChoosenAdapter PrimaryIsNotTheChoosenAdapter FoundDriverCount:4 
[2017.07.05-00.14.50:849][  0]LogD3D11RHI:     Adapter Name: NVIDIA GeForce GTX 660
[2017.07.05-00.14.50:849][  0]LogD3D11RHI:   Driver Version: 376.53 (internal:21.21.13.7653, unified:376.53)
[2017.07.05-00.14.50:849][  0]LogD3D11RHI:      Driver Date: 12-29-2016
[2017.07.05-00.14.50:849][  0]LogRHI: Texture pool is 1053 MB (70% of 1505 MB)
[2017.07.05-00.14.51:309][  0]LogD3D11RHI:Warning: Timestamp queries are currently disabled on this hardware due to instability. Realtime GPU stats will not be available. You can override this behaviour by setting r.NVIDIATimestampWorkaround to 0
[2017.07.05-00.14.51:310][  0]LogD3D11RHI: Async texture creation enabled
[2017.07.05-00.15.01:353][  0]LogD3D11RHI: GPU Timing Frequency: 1000.000000 (Debug: 2 2)
[2017.07.05-00.15.01:403][  0]LogShaderCompilers: Guid format shader working directory is -3 characters bigger than the processId version (../../../../../../SVN/Fetch Test/SkaGame/SkaGame/Intermediate/Shaders/WorkingDirectory/13016/).
[2017.07.05-00.15.01:403][  0]LogShaderCompilers: Cleaned the shader compiler working directory 'C:/Users/Ethan/AppData/Local/Temp/UnrealShaderWorkingDir/4F7A3D5A4BA28C3DAE4CA1AB372944F8/'.
[2017.07.05-00.15.01:403][  0]LogShaderCompilers:Display: Using Local Shader Compiler.
[2017.07.05-00.15.02:504][  0]LogTemp:Display: Loaded TP WindowsClientTargetPlatform
[2017.07.05-00.15.02:564][  0]LogTemp:Display: Loaded TP WindowsNoEditorTargetPlatform
[2017.07.05-00.15.02:621][  0]LogTemp:Display: Loaded TP WindowsServerTargetPlatform
[2017.07.05-00.15.02:668][  0]LogTemp:Display: Loaded TP WindowsTargetPlatform
[2017.07.05-00.15.02:668][  0]LogTargetPlatformManager:Display: Building Assets For Windows
[2017.07.05-00.15.03:123][  0]LogDerivedDataCache:Display: Max Cache Size: 512 MB
[2017.07.05-00.15.03:170][  0]LogDerivedDataCache: Loaded boot cache 0.05s 50MB C:/Users/Ethan/AppData/Local/UnrealEngine/4.15/DerivedDataCache/Boot.ddc.
[2017.07.05-00.15.03:170][  0]LogDerivedDataCache:Display: Loaded Boot cache: C:/Users/Ethan/AppData/Local/UnrealEngine/4.15/DerivedDataCache/Boot.ddc
[2017.07.05-00.15.03:170][  0]LogDerivedDataCache: FDerivedDataBackendGraph:  Pak pak cache file ../../../../../../SVN/Fetch Test/SkaGame/SkaGame/DerivedDataCache/DDC.ddp not found, will not use a pak cache.
[2017.07.05-00.15.03:170][  0]LogDerivedDataCache: Unable to find inner node Pak for hierarchical cache Hierarchy.
[2017.07.05-00.15.03:170][  0]LogDerivedDataCache: FDerivedDataBackendGraph:  CompressedPak pak cache file ../../../../../../SVN/Fetch Test/SkaGame/SkaGame/DerivedDataCache/Compressed.ddp not found, will not use a pak cache.
[2017.07.05-00.15.03:170][  0]LogDerivedDataCache: Unable to find inner node CompressedPak for hierarchical cache Hierarchy.
[2017.07.05-00.15.03:187][  0]LogDerivedDataCache:Display: Pak cache opened for reading ../../../Engine/DerivedDataCache/Compressed.ddp.
[2017.07.05-00.15.03:199][  0]LogDerivedDataCache: Using Local data cache path C:/Users/Ethan/AppData/Local/UnrealEngine/Common/DerivedDataCache: Writable
[2017.07.05-00.15.03:208][  0]LogSlate: Using Freetype 2.6.0
[2017.07.05-00.15.03:209][  0]LogSlate: SlateFontCache - WITH_FREETYPE: 1, WITH_HARFBUZZ: 1
[2017.07.05-00.15.03:209][  0]LogSlate: SlateFontCache - WITH_FREETYPE: 1, WITH_HARFBUZZ: 1
[2017.07.05-00.15.03:527][  0]LogAssetRegistry: FAssetRegistry took 0.0001 seconds to start up
[2017.07.05-00.15.03:532][  0]LogPackageLocalizationCache: Processed 3 localized package path(s) for 2 prioritized culture(s) in 0.004558 seconds
[2017.07.05-00.15.03:551][  0]LogInit: Selected Device Profile: [Windows]
[2017.07.05-00.15.03:553][  0]LogContentStreaming: Texture pool size is 1000.00 MB
[2017.07.05-00.15.03:771][  0]LogMeshUtilities: Using QuadricMeshReduction for automatic static mesh reduction
[2017.07.05-00.15.03:816][  0]LogSimplygon: Simplygon DLL not present - disabling.
[2017.07.05-00.15.03:864][  0]LogMeshUtilities: Using SimplygonSwarm for distributed automatic mesh merging
[2017.07.05-00.15.03:864][  0]LogMeshUtilities: No automatic skeletal mesh reduction module available
[2017.07.05-00.15.03:864][  0]LogMeshUtilities: No automatic mesh merging module available
[2017.07.05-00.15.04:338][  0]LogNetVersion: GetLocalNetworkVersion: CL: 3299760, ProjectName: skagame3, ProjectVersion: , EngineNetworkVersion: 2, GameNetworkVersion: 0, NetworkChecksum: 2118841436
[2017.07.05-00.15.04:413][  0]LogInit: WinSock: version 1.1 (2.2), MaxSocks=32767, MaxUdp=65467
[2017.07.05-00.15.05:251][  0]LogMoviePlayer: Initializing movie player
[2017.07.05-00.15.05:316][  0]LogWindowsTextInputMethodSystem:Display: IME system now deactivated.
[2017.07.05-00.15.05:579][  0]LogTcpMessaging: Initializing TcpMessaging bridge
[2017.07.05-00.15.05:618][  0]LogUdpMessaging: Initializing bridge on interface 0.0.0.0:0 to multicast group 230.0.0.1:6666.
[2017.07.05-00.15.05:915][  0]SourceControl: Info Source control is disabled
[2017.07.05-00.15.05:915][  0]SourceControl: Info Source control is disabled
[2017.07.05-00.15.05:965][  0]SourceControl: Info Source control is disabled
[2017.07.05-00.15.06:631][  0]LogUObjectArray: 34408 objects as part of root set at end of initial load.
[2017.07.05-00.15.06:631][  0]LogUObjectAllocator: 7639320 out of 0 bytes used by permanent object pool.
[2017.07.05-00.15.06:631][  0]LogUObjectArray: CloseDisregardForGC: 0/0 objects in disregard for GC pool
[2017.07.05-00.15.06:740][  0]LogEngine: Initializing Engine...
[2017.07.05-00.15.06:740][  0]LogHMD: Failed to initialize OpenVR with code 110
[2017.07.05-00.15.06:839][  0]LogStats: UGameplayTagsManager::ConstructGameplayTagTree: Construct from data asset -  0.000 s
[2017.07.05-00.15.06:839][  0]LogStats: UGameplayTagsManager::ConstructGameplayTagTree: GameplayTagTreeChangedEvent.Broadcast -  0.000 s
[2017.07.05-00.15.06:860][  0]LogInit: XAudio2 using 'Speakers (2- Logitech G930 Gaming Headset)' : 8 channels at 48 kHz using 16 bits per sample (channel mask 0x63f)
[2017.07.05-00.15.06:879][  0]LogInit: FAudioDevice initialized.
[2017.07.05-00.15.06:892][  0]LogInit: Texture streaming: Enabled
[2017.07.05-00.15.06:905][  0]LogMaterial: Uniform references updated for custom material expression Custom.
[2017.07.05-00.15.07:240][  0]LogInit:Display: Game Engine Initialized.
[2017.07.05-00.15.07:428][  0]LogInit:Display: Starting Game.
[2017.07.05-00.15.07:428][  0]LogNet: Browse: /Temp/Autosaves/Game/SkaGameAssets/Levels/UEDPCGraveyard_Act1Final?Name=Player
[2017.07.05-00.15.07:428][  0]LogLoad: LoadMap: /Temp/Autosaves/Game/SkaGameAssets/Levels/UEDPCGraveyard_Act1Final?Name=Player
[2017.07.05-00.15.07:446][  0]LogMemory: Platform Memory Stats for Windows
[2017.07.05-00.15.07:446][  0]LogMemory: Process Physical Memory: 676.77 MB used, 710.83 MB peak
[2017.07.05-00.15.07:446][  0]LogMemory: Process Virtual Memory: 748.14 MB used, 785.15 MB peak
[2017.07.05-00.15.07:446][  0]LogMemory: Physical Memory: 6924.99 MB used,  9354.19 MB free, 16279.18 MB total
[2017.07.05-00.15.07:446][  0]LogMemory: Virtual Memory: 1331.63 MB used,  9354.19 MB free, 134217728.00 MB total
[2017.07.05-00.15.07:446][  0]LogMemory: 
[2017.07.05-00.15.07:446][  0]Allocator Stats for TBB: (not implemented)
[2017.07.05-00.15.08:468][  0]LogAIModule: Creating AISystem for world Graveyard_Act1Final
[2017.07.05-00.15.08:469][  0]LogLoad: Game class is 'SideScrollerGameMode_C'
[2017.07.05-00.15.08:478][  0]AnimBlueprint:Warning: Warning SLOTNODE: 'RootMotion' in animation instance class Brad_Anim_BP_C already exists. Remove duplicates from the animation graph for this class.
[2017.07.05-00.15.08:484][  0]LogWorld: Bringing World /Temp/Autosaves/Game/SkaGameAssets/Levels/UEDPCGraveyard_Act1Final.Graveyard_Act1Final up for play (max tick rate 0) at 2017.07.04-20.15.08
[2017.07.05-00.15.08:485][  0]LogWorld: Bringing up level for play took: 0.015398
[2017.07.05-00.15.08:486][  0]LogSpawn:Warning: SpawnActor failed because no class was specified
[2017.07.05-00.15.08:486][  0]LogLoad: Took 1.058394 seconds to LoadMap(/Temp/Autosaves/Game/SkaGameAssets/Levels/UEDPCGraveyard_Act1Final)
[2017.07.05-00.15.08:687][  0]LogRenderer: Reallocating scene render targets to support 1280x720 NumSamples 1 (Frame:2).
[2017.07.05-00.15.08:687][  0]LogLoad: (Engine Initialization) Total time: 20.94 seconds
[2017.07.05-00.15.08:687][  0]LogLoad: (Engine Initialization) Total Blueprint compile time: 0.42 seconds
[2017.07.05-00.15.08:687][  0]LogExternalProfiler: Found external profiler: VSPerf
[2017.07.05-00.15.08:687][  0]LogExternalProfiler: Using external profiler: VSPerf
[2017.07.05-00.15.08:704][  0]LogOcInput: OculusInput pre-init called
[2017.07.05-00.15.23:839][937]LogBlueprintUserMessages: [Ghost_BP_C_0] Brad Got Slammed!!!!
[2017.07.05-00.15.25:291][ 27]LogBlueprintUserMessages: [Ghost_BP_C_0] Brad Got Slammed!!!!
[2017.07.05-00.15.25:774][ 57]LogBlueprintUserMessages: [Ghost_BP_C_0] Brad Got Slammed!!!!
[2017.07.05-00.15.25:984][ 70]LogBlueprintUserMessages: [Ghost_BP_C_2] Brad Got Slammed!!!!
[2017.07.05-00.15.26:307][ 90]LogBlueprintUserMessages: [Ghost_BP_C_0] Brad Got Slammed!!!!
[2017.07.05-00.15.26:516][103]LogBlueprintUserMessages: [Ghost_BP_C_2] Brad Got Slammed!!!!
[2017.07.05-00.15.26:839][123]LogBlueprintUserMessages: [Ghost_BP_C_0] Brad Got Slammed!!!!
[2017.07.05-00.15.27:049][136]LogBlueprintUserMessages: [Ghost_BP_C_2] Brad Got Slammed!!!!
[2017.07.05-00.15.27:372][156]LogBlueprintUserMessages: [Ghost_BP_C_0] Brad Got Slammed!!!!
[2017.07.05-00.15.27:582][169]LogBlueprintUserMessages: [Ghost_BP_C_2] Brad Got Slammed!!!!
[2017.07.05-00.15.27:697][176]LogScriptCore:Warning: Script Msg: Attempted to access index 0 from array ImageClick of length 0!
[2017.07.05-00.15.27:711][177]LogScriptCore:Warning: Script Msg: Attempted to access index 0 from array ImageClick of length 0!
[2017.07.05-00.15.27:726][178]LogScriptCore:Warning: Script Msg: Attempted to access index 0 from array ImageClick of length 0!
[2017.07.05-00.15.27:743][179]LogScriptCore:Warning: Script Msg: Attempted to access index 0 from array ImageClick of length 0!
[2017.07.05-00.15.27:759][180]LogScriptCore:Warning: Script Msg: Attempted to access index 0 from array ImageClick of length 0!
[2017.07.05-00.15.27:775][181]LogScriptCore:Warning: Script Msg: Attempted to access index 0 from array ImageClick of length 0!
[2017.07.05-00.15.27:791][182]LogScriptCore:Warning: Script Msg: Attempted to access index 0 from array ImageClick of length 0!
[2017.07.05-00.15.27:807][183]LogScriptCore:Warning: Script Msg: Attempted to access index 0 from array ImageClick of length 0!
[2017.07.05-00.15.27:823][184]LogScriptCore:Warning: Script Msg: Attempted to access index 0 from array ImageClick of length 0!
[2017.07.05-00.15.27:839][185]LogScriptCore:Warning: Script Msg: Attempted to access index 0 from array ImageClick of length 0!
[2017.07.05-00.15.27:855][186]LogScriptCore:Warning: Script Msg: Attempted to access index 0 from array ImageClick of length 0!
[2017.07.05-00.15.27:871][187]LogScriptCore:Warning: Script Msg: Attempted to access index 0 from array ImageClick of length 0!
[2017.07.05-00.15.27:888][188]LogScriptCore:Warning: Script Msg: Attempted to access index 0 from array ImageClick of length 0!
[2017.07.05-00.15.27:904][189]LogScriptCore:Warning: Script Msg: Attempted to access index 0 from array ImageClick of length 0!
[2017.07.05-00.15.27:920][190]LogScriptCore:Warning: Script Msg: Attempted to access index 0 from array ImageClick of length 0!
[2017.07.05-00.15.27:936][191]LogScriptCore:Warning: Script Msg: Attempted to access index 0 from array ImageClick of length 0!
[2017.07.05-00.15.27:952][192]LogScriptCore:Warning: Script Msg: Attempted to access index 0 from array ImageClick of length 0!
[2017.07.05-00.15.27:968][193]LogScriptCore:Warning: Script Msg: Attempted to access index 0 from array ImageClick of length 0!
[2017.07.05-00.15.27:984][194]LogScriptCore:Warning: Script Msg: Attempted to access index 0 from array ImageClick of length 0!
[2017.07.05-00.15.28:001][195]LogScriptCore:Warning: Script Msg: Attempted to access index 0 from array ImageClick of length 0!
[2017.07.05-00.15.28:017][196]LogScriptCore:Warning: Script Msg: Attempted to access index 0 from array ImageClick of length 0!
[2017.07.05-00.15.28:033][197]LogScriptCore:Warning: Script Msg: Attempted to access index 0 from array ImageClick of length 0!
[2017.07.05-00.15.28:049][198]LogScriptCore:Warning: Script Msg: Attempted to access index 0 from array ImageClick of length 0!
[2017.07.05-00.15.28:065][199]LogScriptCore:Warning: Script Msg: Attempted to access index 0 from array ImageClick of length 0!
[2017.07.05-00.15.28:081][200]LogScriptCore:Warning: Script Msg: Attempted to access index 0 from array ImageClick of length 0!
[2017.07.05-00.15.28:098][201]LogScriptCore:Warning: Script Msg: Attempted to access index 0 from array ImageClick of length 0!
[2017.07.05-00.15.28:114][202]LogScriptCore:Warning: Script Msg: Attempted to access index 0 from array ImageClick of length 0!
[2017.07.05-00.15.28:130][203]LogScriptCore:Warning: Script Msg: Attempted to access index 0 from array ImageClick of length 0!
[2017.07.05-00.15.28:146][204]LogScriptCore:Warning: Script Msg: Attempted to access index 0 from array ImageClick of length 0!
[2017.07.05-00.15.28:162][205]LogScriptCore:Warning: Script Msg: Attempted to access index 0 from array ImageClick of length 0!
[2017.07.05-00.15.28:178][206]LogScriptCore:Warning: Script Msg: Attempted to access index 0 from array ImageClick of length 0!
[2017.07.05-00.15.28:194][207]LogScriptCore:Warning: Script Msg: Attempted to access index 0 from array ImageClick of length 0!
[2017.07.05-00.15.28:210][208]LogScriptCore:Warning: Script Msg: Attempted to access index 0 from array ImageClick of length 0!
[2017.07.05-00.15.28:227][209]LogScriptCore:Warning: Script Msg: Attempted to access index 0 from array ImageClick of length 0!
[2017.07.05-00.15.28:243][210]LogScriptCore:Warning: Script Msg: Attempted to access index 0 from array ImageClick of length 0!
[2017.07.05-00.15.28:259][211]LogScriptCore:Warning: Script Msg: Attempted to access index 0 from array ImageClick of length 0!
[2017.07.05-00.15.28:275][212]LogScriptCore:Warning: Script Msg: Attempted to access index 0 from array ImageClick of length 0!
[2017.07.05-00.15.28:291][213]LogScriptCore:Warning: Script Msg: Attempted to access index 0 from array ImageClick of length 0!
[2017.07.05-00.15.28:307][214]LogScriptCore:Warning: Script Msg: Attempted to access index 0 from array ImageClick of length 0!
[2017.07.05-00.15.28:323][215]LogScriptCore:Warning: Script Msg: Attempted to access index 0 from array ImageClick of length 0!
[2017.07.05-00.15.28:339][216]LogScriptCore:Warning: Script Msg: Attempted to access index 0 from array ImageClick of length 0!
[2017.07.05-00.15.28:355][217]LogScriptCore:Warning: Script Msg: Attempted to access index 0 from array ImageClick of length 0!
[2017.07.05-00.15.28:372][218]LogScriptCore:Warning: Script Msg: Attempted to access index 0 from array ImageClick of length 0!
[2017.07.05-00.15.28:388][219]LogScriptCore:Warning: Script Msg: Attempted to access index 0 from array ImageClick of length 0!
[2017.07.05-00.15.28:404][220]LogScriptCore:Warning: Script Msg: Attempted to access index 0 from array ImageClick of length 0!
[2017.07.05-00.15.28:420][221]LogScriptCore:Warning: Script Msg: Attempted to access index 0 from array ImageClick of length 0!
[2017.07.05-00.15.28:436][222]LogScriptCore:Warning: Script Msg: Attempted to access index 0 from array ImageClick of length 0!
[2017.07.05-00.15.28:452][223]LogScriptCore:Warning: Script Msg: Attempted to access index 0 from array ImageClick of length 0!
[2017.07.05-00.15.28:468][224]LogScriptCore:Warning: Script Msg: Attempted to access index 0 from array ImageClick of length 0!
[2017.07.05-00.15.28:485][225]LogScriptCore:Warning: Script Msg: Attempted to access index 0 from array ImageClick of length 0!
[2017.07.05-00.15.28:501][226]LogScriptCore:Warning: Script Msg: Attempted to access index 0 from array ImageClick of length 0!
[2017.07.05-00.15.28:517][227]LogScriptCore:Warning: Script Msg: Attempted to access index 0 from array ImageClick of length 0!
[2017.07.05-00.15.28:533][228]LogScriptCore:Warning: Script Msg: Attempted to access index 0 from array ImageClick of length 0!
[2017.07.05-00.15.28:549][229]LogScriptCore:Warning: Script Msg: Attempted to access index 0 from array ImageClick of length 0!
[2017.07.05-00.15.28:565][230]LogScriptCore:Warning: Script Msg: Attempted to access index 0 from array ImageClick of length 0!
[2017.07.05-00.15.28:581][231]LogScriptCore:Warning: Script Msg: Attempted to access index 0 from array ImageClick of length 0!
[2017.07.05-00.15.28:598][232]LogScriptCore:Warning: Script Msg: Attempted to access index 0 from array ImageClick of length 0!
[2017.07.05-00.15.28:613][233]LogScriptCore:Warning: Script Msg: Attempted to access index 0 from array ImageClick of length 0!
[2017.07.05-00.15.28:630][234]LogScriptCore:Warning: Script Msg: Attempted to access index 0 from array ImageClick of length 0!
[2017.07.05-00.15.28:646][235]LogScriptCore:Warning: Script Msg: Attempted to access index 0 from array ImageClick of length 0!
[2017.07.05-00.15.28:662][236]LogScriptCore:Warning: Script Msg: Attempted to access index 0 from array ImageClick of length 0!
[2017.07.05-00.15.28:678][237]LogScriptCore:Warning: Script Msg: Attempted to access index 0 from array ImageClick of length 0!
[2017.07.05-00.15.28:694][238]LogScriptCore:Warning: Script Msg: Attempted to access index 0 from array ImageClick of length 0!
[2017.07.05-00.15.28:710][239]LogScriptCore:Warning: Script Msg: Attempted to access index 0 from array ImageClick of length 0!
[2017.07.05-00.15.28:726][240]LogScriptCore:Warning: Script Msg: Attempted to access index 0 from array ImageClick of length 0!
[2017.07.05-00.15.28:742][241]LogScriptCore:Warning: Script Msg: Attempted to access index 0 from array ImageClick of length 0!
[2017.07.05-00.15.28:759][242]LogScriptCore:Warning: Script Msg: Attempted to access index 0 from array ImageClick of length 0!
[2017.07.05-00.15.28:775][243]LogScriptCore:Warning: Script Msg: Attempted to access index 0 from array ImageClick of length 0!
[2017.07.05-00.15.28:791][244]LogScriptCore:Warning: Script Msg: Attempted to access index 0 from array ImageClick of length 0!
[2017.07.05-00.15.28:807][245]LogScriptCore:Warning: Script Msg: Attempted to access index 0 from array ImageClick of length 0!
[2017.07.05-00.15.28:824][246]LogScriptCore:Warning: Script Msg: Attempted to access index 0 from array ImageClick of length 0!
[2017.07.05-00.15.28:840][247]LogScriptCore:Warning: Script Msg: Attempted to access index 0 from array ImageClick of length 0!
[2017.07.05-00.15.28:856][248]LogScriptCore:Warning: Script Msg: Attempted to access index 0 from array ImageClick of length 0!
[2017.07.05-00.15.28:872][249]LogScriptCore:Warning: Script Msg: Attempted to access index 0 from array ImageClick of length 0!
[2017.07.05-00.15.28:888][250]LogScriptCore:Warning: Script Msg: Attempted to access index 0 from array ImageClick of length 0!
[2017.07.05-00.15.28:904][251]LogScriptCore:Warning: Script Msg: Attempted to access index 0 from array ImageClick of length 0!
[2017.07.05-00.15.28:920][252]LogScriptCore:Warning: Script Msg: Attempted to access index 0 from array ImageClick of length 0!
[2017.07.05-00.15.28:936][253]LogScriptCore:Warning: Script Msg: Attempted to access index 0 from array ImageClick of length 0!
[2017.07.05-00.15.28:952][254]LogScriptCore:Warning: Script Msg: Attempted to access index 0 from array ImageClick of length 0!
[2017.07.05-00.15.28:969][255]LogScriptCore:Warning: Script Msg: Attempted to access index 0 from array ImageClick of length 0!
[2017.07.05-00.15.28:985][256]LogScriptCore:Warning: Script Msg: Attempted to access index 0 from array ImageClick of length 0!
[2017.07.05-00.15.29:001][257]LogScriptCore:Warning: Script Msg: Attempted to access index 0 from array ImageClick of length 0!
[2017.07.05-00.15.29:017][258]LogScriptCore:Warning: Script Msg: Attempted to access index 0 from array ImageClick of length 0!
[2017.07.05-00.15.29:033][259]LogScriptCore:Warning: Script Msg: Attempted to access index 0 from array ImageClick of length 0!
[2017.07.05-00.15.29:049][260]LogScriptCore:Warning: Script Msg: Attempted to access index 0 from array ImageClick of length 0!
[2017.07.05-00.15.29:065][261]LogScriptCore:Warning: Script Msg: Attempted to access index 0 from array ImageClick of length 0!
[2017.07.05-00.15.29:081][262]LogScriptCore:Warning: Script Msg: Attempted to access index 0 from array ImageClick of length 0!
[2017.07.05-00.15.29:097][263]LogScriptCore:Warning: Script Msg: Attempted to access index 0 from array ImageClick of length 0!
[2017.07.05-00.15.29:114][264]LogScriptCore:Warning: Script Msg: Attempted to access index 0 from array ImageClick of length 0!
[2017.07.05-00.15.29:130][265]LogScriptCore:Warning: Script Msg: Attempted to access index 0 from array ImageClick of length 0!
[2017.07.05-00.15.29:146][266]LogScriptCore:Warning: Script Msg: Attempted to access index 0 from array ImageClick of length 0!
[2017.07.05-00.15.29:162][267]LogScriptCore:Warning: Script Msg: Attempted to access index 0 from array ImageClick of length 0!
[2017.07.05-00.15.29:178][268]LogScriptCore:Warning: Script Msg: Attempted to access index 0 from array ImageClick of length 0!
[2017.07.05-00.15.29:194][269]LogScriptCore:Warning: Script Msg: Attempted to access index 0 from array ImageClick of length 0!
[2017.07.05-00.15.29:210][270]LogScriptCore:Warning: Script Msg: Attempted to access index 0 from array ImageClick of length 0!
[2017.07.05-00.15.29:226][271]LogScriptCore:Warning: Script Msg: Attempted to access index 0 from array ImageClick of length 0!
[2017.07.05-00.15.29:243][272]LogScriptCore:Warning: Script Msg: Attempted to access index 0 from array ImageClick of length 0!
[2017.07.05-00.15.29:259][273]LogScriptCore:Warning: Script Msg: Attempted to access index 0 from array ImageClick of length 0!
[2017.07.05-00.15.29:274][274]Closing by request
[2017.07.05-00.15.29:274][274]LogWindows: FPlatformMisc::RequestExit(0)
[2017.07.05-00.15.29:275][274]LogScriptCore:Warning: Script Msg: Attempted to access index 1 from array ImageClick of length 0!
[2017.07.05-00.15.29:275][275]LogMoviePlayer: Shutting down movie player
[2017.07.05-00.15.29:783][275]LogWindowsTextInputMethodSystem:Display: IME system now deactivated.
[2017.07.05-00.15.29:784][275]LogWindowsTextInputMethodSystem:Display: IME system now deactivated.
[2017.07.05-00.15.29:785][275]LogExit: Preparing to exit.
[2017.07.05-00.15.30:759][275]LogExit: Game engine shut down
[2017.07.05-00.15.30:815][275]LogObj: Freed 0b from 0 cluster array pools.
[2017.07.05-00.15.30:815][275]LogExit: Object subsystem successfully closed.
[2017.07.05-00.15.30:831][275]LogD3D11RHI: Shutdown
[2017.07.05-00.15.30:831][275]LogD3D11RHI: CleanupD3DDevice
[2017.07.05-00.15.30:873][275]LogD3D11RHI: ~FD3D11DynamicRHI
[2017.07.05-00.15.30:881][275]LogModuleManager: Shutting down and abandoning module SequenceRecorderSections (264)
[2017.07.05-00.15.30:881][275]LogModuleManager: Shutting down and abandoning module SequenceRecorder (262)
[2017.07.05-00.15.30:881][275]LogModuleManager: Shutting down and abandoning module AutomationController (260)
[2017.07.05-00.15.30:881][275]LogModuleManager: Shutting down and abandoning module AutomationWorker (258)
[2017.07.05-00.15.30:881][275]LogModuleManager: Shutting down and abandoning module AIModule (256)
[2017.07.05-00.15.30:881][275]LogModuleManager: Shutting down and abandoning module GameplayDebugger (255)
[2017.07.05-00.15.30:881][275]LogModuleManager: Shutting down and abandoning module AITestSuite (253)
[2017.07.05-00.15.30:881][275]LogModuleManager: Shutting down and abandoning module WmfMediaFactory (250)
[2017.07.05-00.15.30:881][275]LogModuleManager: Shutting down and abandoning module MfMediaFactory (248)
[2017.07.05-00.15.30:881][275]LogModuleManager: Shutting down and abandoning module AvfMediaFactory (246)
[2017.07.05-00.15.30:881][275]LogModuleManager: Shutting down and abandoning module AndroidMediaFactory (244)
[2017.07.05-00.15.30:881][275]LogModuleManager: Shutting down and abandoning module Media (243)
[2017.07.05-00.15.30:881][275]LogModuleManager: Shutting down and abandoning module CharacterAI (240)
[2017.07.05-00.15.30:881][275]LogModuleManager: Shutting down and abandoning module SessionServices (238)
[2017.07.05-00.15.30:881][275]LogModuleManager: Shutting down and abandoning module MovieSceneCapture (236)
[2017.07.05-00.15.30:881][275]LogModuleManager: Shutting down and abandoning module GeometryCache (234)
[2017.07.05-00.15.30:881][275]LogModuleManager: Shutting down and abandoning module GeometryCacheEd (233)
[2017.07.05-00.15.30:881][275]LogModuleManager: Shutting down and abandoning module Niagara (230)
[2017.07.05-00.15.30:881][275]LogModuleManager: Shutting down and abandoning module StreamingPauseRendering (228)
[2017.07.05-00.15.30:881][275]LogModuleManager: Shutting down and abandoning module PortalServices (226)
[2017.07.05-00.15.30:881][275]LogModuleManager: Shutting down and abandoning module PortalRpc (224)
[2017.07.05-00.15.30:881][275]LogModuleManager: Shutting down and abandoning module MessagingRpc (222)
[2017.07.05-00.15.30:881][275]LogModuleManager: Shutting down and abandoning module ProfilerService (220)
[2017.07.05-00.15.30:972][275]LogModuleManager: Shutting down and abandoning module TaskGraph (218)
[2017.07.05-00.15.30:972][275]LogModuleManager: Shutting down and abandoning module SteamVRController (216)
[2017.07.05-00.15.30:972][275]LogModuleManager: Shutting down and abandoning module SteamVR (214)
[2017.07.05-00.15.30:972][275]LogModuleManager: Shutting down and abandoning module ProceduralMeshComponent (212)
[2017.07.05-00.15.30:972][275]LogModuleManager: Shutting down and abandoning module OculusLibrary (210)
[2017.07.05-00.15.30:972][275]LogModuleManager: Shutting down and abandoning module OculusInput (208)
[2017.07.05-00.15.30:972][275]LogModuleManager: Shutting down and abandoning module MobilePatchingUtils (206)
[2017.07.05-00.15.30:972][275]LogModuleManager: Shutting down and abandoning module CustomMeshComponent (204)
[2017.07.05-00.15.30:972][275]LogModuleManager: Shutting down and abandoning module CableComponent (202)
[2017.07.05-00.15.30:972][275]LogModuleManager: Shutting down and abandoning module ArchVisCharacter (200)
[2017.07.05-00.15.30:972][275]LogModuleManager: Shutting down and abandoning module HTML5Networking (196)
[2017.07.05-00.15.30:972][275]LogModuleManager: Shutting down and abandoning module VisualStudioSourceCodeAccess (194)
[2017.07.05-00.15.30:972][275]LogModuleManager: Shutting down and abandoning module DesktopPlatform (193)
[2017.07.05-00.15.30:972][275]LogModuleManager: Shutting down and abandoning module HotReload (191)
[2017.07.05-00.15.30:972][275]LogModuleManager: Shutting down and abandoning module DirectoryWatcher (190)
[2017.07.05-00.15.30:972][275]LogModuleManager: Shutting down and abandoning module UObjectPlugin (186)
[2017.07.05-00.15.30:972][275]LogModuleManager: Shutting down and abandoning module SubversionSourceControl (184)
[2017.07.05-00.15.30:972][275]LogModuleManager: Shutting down and abandoning module PerforceSourceControl (182)
[2017.07.05-00.15.30:972][275]LogModuleManager: Shutting down and abandoning module SourceControl (181)
[2017.07.05-00.15.30:972][275]LogModuleManager: Shutting down and abandoning module PhysXVehiclesEditor (178)
[2017.07.05-00.15.30:972][275]LogModuleManager: Shutting down and abandoning module PhysXVehicles (176)
[2017.07.05-00.15.30:972][275]LogModuleManager: Shutting down and abandoning module LocationServicesBPLibrary (174)
[2017.07.05-00.15.30:972][275]LogModuleManager: Shutting down and abandoning module UdpMessaging (172)
[2017.07.05-00.15.31:073][275]LogModuleManager: Shutting down and abandoning module TcpMessaging (170)
[2017.07.05-00.15.31:585][275]LogModuleManager: Shutting down and abandoning module GameplayTagsEditor (168)
[2017.07.05-00.15.31:585][275]LogModuleManager: Shutting down and abandoning module FacialAnimation (166)
[2017.07.05-00.15.31:585][275]LogModuleManager: Shutting down and abandoning module LightPropagationVolumeRuntime (164)
[2017.07.05-00.15.31:585][275]LogModuleManager: Shutting down and abandoning module Paper2D (162)
[2017.07.05-00.15.31:586][275]LogModuleManager: Shutting down and abandoning module WindowsMoviePlayer (160)
[2017.07.05-00.15.31:586][275]LogModuleManager: Shutting down and abandoning module WmfMedia (158)
[2017.07.05-00.15.31:586][275]LogModuleManager: Shutting down and abandoning module MfMedia (156)
[2017.07.05-00.15.31:586][275]LogModuleManager: Shutting down and abandoning module MediaAssets (154)
[2017.07.05-00.15.31:586][275]LogModuleManager: Shutting down and abandoning module GameLiveStreaming (152)
[2017.07.05-00.15.31:586][275]LogModuleManager: Shutting down and abandoning module VREditor (150)
[2017.07.05-00.15.31:586][275]LogModuleManager: Shutting down and abandoning module GameplayTasksEditor (148)
[2017.07.05-00.15.31:586][275]LogModuleManager: Shutting down and abandoning module BehaviorTreeEditor (146)
[2017.07.05-00.15.31:586][275]LogModuleManager: Shutting down and abandoning module FunctionalTesting (144)
[2017.07.05-00.15.31:586][275]LogModuleManager: Shutting down and abandoning module CollisionAnalyzer (142)
[2017.07.05-00.15.31:586][275]LogModuleManager: Shutting down and abandoning module UMG (140)
[2017.07.05-00.15.31:586][275]LogModuleManager: Shutting down and abandoning module UMGEditor (139)
[2017.07.05-00.15.31:586][275]LogModuleManager: Shutting down and abandoning module Sequencer (138)
[2017.07.05-00.15.31:586][275]LogModuleManager: Shutting down and abandoning module AssetTools (136)
[2017.07.05-00.15.31:586][275]LogModuleManager: Shutting down and abandoning module MessageLog (135)
[2017.07.05-00.15.31:586][275]LogModuleManager: Shutting down and abandoning module WorkspaceMenuStructure (134)
[2017.07.05-00.15.31:586][275]LogModuleManager: Shutting down and abandoning module SlateReflector (128)
[2017.07.05-00.15.31:586][275]LogModuleManager: Shutting down and abandoning module Slate (126)
[2017.07.05-00.15.31:586][275]LogModuleManager: Shutting down and abandoning module EditorStyle (124)
[2017.07.05-00.15.31:588][275]LogModuleManager: Shutting down and abandoning module Messaging (122)
[2017.07.05-00.15.31:588][275]LogModuleManager: Shutting down and abandoning module SourceCodeAccess (120)
[2017.07.05-00.15.31:588][275]LogModuleManager: Shutting down and abandoning module HeadMountedDisplay (118)
[2017.07.05-00.15.31:588][275]LogModuleManager: Shutting down and abandoning module XAudio2 (116)
[2017.07.05-00.15.31:588][275]LogModuleManager: Shutting down and abandoning module Networking (114)
[2017.07.05-00.15.31:588][275]LogModuleManager: Shutting down and abandoning module Core (110)
[2017.07.05-00.15.31:588][275]LogModuleManager: Shutting down and abandoning module KismetCompiler (108)
[2017.07.05-00.15.31:588][275]LogModuleManager: Shutting down and abandoning module PhysXFormats (106)
[2017.07.05-00.15.31:588][275]LogModuleManager: Shutting down and abandoning module MeshUtilities (104)
[2017.07.05-00.15.31:588][275]LogModuleManager: Shutting down and abandoning module SimplygonSwarm (103)
[2017.07.05-00.15.31:588][275]LogModuleManager: Shutting down and abandoning module SimplygonMeshReduction (101)
[2017.07.05-00.15.31:588][275]LogModuleManager: Shutting down and abandoning module QuadricMeshReduction (99)
[2017.07.05-00.15.31:588][275]LogModuleManager: Shutting down and abandoning module PropertyEditor (97)
[2017.07.05-00.15.31:588][275]LogModuleManager: Shutting down and abandoning module AssetRegistry (94)
[2017.07.05-00.15.31:588][275]LogModuleManager: Shutting down and abandoning module DerivedDataCache (92)
[2017.07.05-00.15.31:710][275]LogDerivedDataCache: Shutdown
[2017.07.05-00.15.31:710][275]LogModuleManager: Shutting down and abandoning module TargetPlatform (90)
[2017.07.05-00.15.31:710][275]LogModuleManager: Shutting down and abandoning module VulkanShaderFormat (89)
[2017.07.05-00.15.31:710][275]LogModuleManager: Shutting down and abandoning module ShaderFormatOpenGL (87)
[2017.07.05-00.15.31:710][275]LogModuleManager: Shutting down and abandoning module ShaderFormatD3D (85)
[2017.07.05-00.15.31:710][275]LogModuleManager: Shutting down and abandoning module MetalShaderFormat (83)
[2017.07.05-00.15.31:710][275]LogModuleManager: Shutting down and abandoning module TextureFormatUncompressed (81)
[2017.07.05-00.15.31:710][275]LogModuleManager: Shutting down and abandoning module TextureFormatPVR (79)
[2017.07.05-00.15.31:710][275]LogModuleManager: Shutting down and abandoning module TextureFormatDXT (77)
[2017.07.05-00.15.31:710][275]LogModuleManager: Shutting down and abandoning module TextureFormatIntelISPCTexComp (75)
[2017.07.05-00.15.31:710][275]LogModuleManager: Shutting down and abandoning module TextureFormatASTC (73)
[2017.07.05-00.15.31:710][275]LogModuleManager: Shutting down and abandoning module ImageWrapper (72)
[2017.07.05-00.15.31:710][275]LogModuleManager: Shutting down and abandoning module TextureFormatAndroid (69)
[2017.07.05-00.15.31:710][275]LogModuleManager: Shutting down and abandoning module AudioFormatOpus (67)
[2017.07.05-00.15.31:710][275]LogModuleManager: Shutting down and abandoning module AudioFormatOgg (65)
[2017.07.05-00.15.31:710][275]LogModuleManager: Shutting down and abandoning module AudioFormatADPCM (63)
[2017.07.05-00.15.31:710][275]LogModuleManager: Shutting down and abandoning module WindowsTargetPlatform (61)
[2017.07.05-00.15.31:710][275]LogModuleManager: Shutting down and abandoning module WindowsServerTargetPlatform (59)
[2017.07.05-00.15.31:710][275]LogModuleManager: Shutting down and abandoning module WindowsNoEditorTargetPlatform (57)
[2017.07.05-00.15.31:710][275]LogModuleManager: Shutting down and abandoning module WindowsClientTargetPlatform (55)
[2017.07.05-00.15.31:710][275]LogModuleManager: Shutting down and abandoning module InputCore (52)
[2017.07.05-00.15.31:710][275]LogModuleManager: Shutting down and abandoning module Settings (50)
[2017.07.05-00.15.31:710][275]LogModuleManager: Shutting down and abandoning module OculusRift (48)
[2017.07.05-00.15.31:710][275]LogModuleManager: Shutting down and abandoning module GearVR (46)
[2017.07.05-00.15.31:710][275]LogModuleManager: Shutting down and abandoning module ExampleDeviceProfileSelector (44)
[2017.07.05-00.15.31:711][275]LogModuleManager: Shutting down and abandoning module OnlineBlueprintSupport (42)
[2017.07.05-00.15.31:711][275]LogModuleManager: Shutting down and abandoning module OnlineSubsystem (38)
[2017.07.05-00.15.31:711][275]LogOnline:Display: Unloading online subsystem: NULL
[2017.07.05-00.15.31:711][275]LogModuleManager: Shutting down and abandoning module XMPP (37)
[2017.07.05-00.15.31:711][275]LogModuleManager: Shutting down and abandoning module HTTP (35)
[2017.07.05-00.15.31:725][275]LogModuleManager: Shutting down and abandoning module SSL (34)
[2017.07.05-00.15.31:727][275]LogModuleManager: Shutting down and abandoning module AudioEditor (30)
[2017.07.05-00.15.31:727][275]LogModuleManager: Shutting down and abandoning module TextureCompressor (28)
[2017.07.05-00.15.31:727][275]LogModuleManager: Shutting down and abandoning module ShaderCore (26)
[2017.07.05-00.15.31:727][275]LogModuleManager: Shutting down and abandoning module Landscape (24)
[2017.07.05-00.15.31:727][275]LogModuleManager: Shutting down and abandoning module SlateRHIRenderer (22)
[2017.07.05-00.15.31:727][275]LogModuleManager: Shutting down and abandoning module OpenGLDrv (20)
[2017.07.05-00.15.31:727][275]LogModuleManager: Shutting down and abandoning module D3D11RHI (18)
[2017.07.05-00.15.31:727][275]LogModuleManager: Shutting down and abandoning module AnimGraphRuntime (16)
[2017.07.05-00.15.31:727][275]LogModuleManager: Shutting down and abandoning module Renderer (14)
[2017.07.05-00.15.31:727][275]LogModuleManager: Shutting down and abandoning module Engine (12)
[2017.07.05-00.15.31:727][275]LogModuleManager: Shutting down and abandoning module CoreUObject (10)
[2017.07.05-00.15.31:727][275]LogModuleManager: Shutting down and abandoning module NetworkFile (8)
[2017.07.05-00.15.31:727][275]LogModuleManager: Shutting down and abandoning module StreamingFile (6)
[2017.07.05-00.15.31:727][275]LogModuleManager: Shutting down and abandoning module SandboxFile (4)
[2017.07.05-00.15.31:727][275]LogModuleManager: Shutting down and abandoning module PakFile (2)
[2017.07.05-00.15.31:729][275]LogExit: Exiting.
[2017.07.05-00.15.31:731][275]Log file closed, 07/04/17 20:15:31
