Log file open, 05/30/17 15:31:44
LogInit:Display: Running engine for game: SkaGame3
LogPlatformFile: Not using cached read wrapper
LogInit:Display: RandInit(-37074251) SRandInit(-37074251).
LogTaskGraph: Started task graph with 5 named threads and 8 total threads with 1 sets of task threads.
LogStats: Stats thread started at 0.077503
LogInit: Using libcurl 7.47.1
LogInit:  - built for x86_64-pc-win32
LogInit:  - supports SSL with OpenSSL/1.0.2g
LogInit:  - supports HTTP deflate (compression) using libz 1.2.8
LogInit:  - other features:
LogInit:      CURL_VERSION_SSL
LogInit:      CURL_VERSION_LIBZ
LogInit:      CURL_VERSION_IPV6
LogInit:      CURL_VERSION_ASYNCHDNS
LogInit:      CURL_VERSION_LARGEFILE
LogInit:      CURL_VERSION_IDN
LogInit:  CurlRequestOptions (configurable via config and command line):
LogInit:  - bVerifyPeer = false  - Libcurl will NOT verify peer certificate
LogInit:  - bUseHttpProxy = false  - Libcurl will NOT use HTTP proxy
LogInit:  - bDontReuseConnections = false  - Libcurl will reuse connections
LogInit:  - CertBundlePath = nullptr  - Libcurl will use whatever was configured at build time.
LogInit: Build: ++UE4+Release-4.15-CL-3450819
LogInit: Engine Version: 4.15.3-3450819+++UE4+Release-4.15
LogInit: Compatible Engine Version: 4.15.0-3299760+++UE4+Release-4.15
LogInit: Net CL: 3299760
LogDevObjectVersion: Number of dev versions registered: 14
LogDevObjectVersion:   Dev-Blueprints (B0D832E4-1F89-4F0D-ACCF-7EB736FD4AA2): 8
LogDevObjectVersion:   Dev-Build (E1C64328-A22C-4D53-A36C-8E866417BD8C): 0
LogDevObjectVersion:   Dev-Core (375EC13C-06E4-48FB-B500-84F0262A717E): 2
LogDevObjectVersion:   Dev-Editor (E4B068ED-F494-42E9-A231-DA0B2E46BB41): 14
LogDevObjectVersion:   Dev-Framework (CFFC743F-43B0-4480-9391-14DF171D2073): 22
LogDevObjectVersion:   Dev-Mobile (B02B49B5-BB20-44E9-A304-32B752E40360): 0
LogDevObjectVersion:   Dev-Networking (A4E4105C-59A1-49B5-A7C5-40C4547EDFEE): 0
LogDevObjectVersion:   Dev-Online (39C831C9-5AE6-47DC-9A44-9C173E1C8E7C): 0
LogDevObjectVersion:   Dev-Physics (78F01B33-EBEA-4F98-B9B4-84EACCB95AA2): 0
LogDevObjectVersion:   Dev-Platform (6631380F-2D4D-43E0-8009-CF276956A95A): 0
LogDevObjectVersion:   Dev-Rendering (12F88B9F-8875-4AFC-A67C-D90C383ABD29): 12
LogDevObjectVersion:   Dev-Sequencer (7B5AE74C-D270-4C10-A958-57980B212A5A): 3
LogDevObjectVersion:   Dev-VR (D7296918-1DD6-4BDD-9DE2-64A83CC13884): 0
LogDevObjectVersion:   Dev-LoadTimes (C2A15278-BFE7-4AFE-6C17-90FF531DF755): 1
LogInit: Compiled (64-bit): May 21 2017 11:02:34
LogInit: Compiled with Visual C++: 19.00.23026.00
LogInit: Build Configuration: Development
LogInit: Branch Name: ++UE4+Release-4.15
LogInit: Command line: -EpicPortal 
LogInit: Base directory: C:/Program Files/Epic Games/UE_4.15/Engine/Binaries/Win64/
LogInit: Installed Engine Build: 1
LogInit: Presizing for max 8388607 objects, including 0 objects not considered by GC, pre-allocating 0 bytes for permanent pool.
LogInit: Object subsystem initialized
[2017.05.30-19.31.45:608][  0]LogInit: Selected Device Profile: [Windows]
[2017.05.30-19.31.45:608][  0]LogInit: Applying CVar settings loaded from the selected device profile: [Windows]
[2017.05.30-19.31.45:623][  0]LogInit: Computer: DESKTOP-58CNULQ
[2017.05.30-19.31.45:623][  0]LogInit: User: Ethan
[2017.05.30-19.31.45:623][  0]LogInit: CPU Page size=65536, Cores=4
[2017.05.30-19.31.45:623][  0]LogInit: High frequency timer resolution =3.312789 MHz
[2017.05.30-19.31.45:623][  0]LogMemory: Memory total: Physical=15.9GB (16GB approx)
[2017.05.30-19.31.45:623][  0]LogMemory: Platform Memory Stats for Windows
[2017.05.30-19.31.45:623][  0]LogMemory: Process Physical Memory: 263.87 MB used, 263.87 MB peak
[2017.05.30-19.31.45:623][  0]LogMemory: Process Virtual Memory: 262.81 MB used, 262.81 MB peak
[2017.05.30-19.31.45:623][  0]LogMemory: Physical Memory: 5725.60 MB used,  10553.58 MB free, 16279.18 MB total
[2017.05.30-19.31.45:623][  0]LogMemory: Virtual Memory: 645.44 MB used,  10553.58 MB free, 134217728.00 MB total
[2017.05.30-19.31.45:706][  0]LogTextLocalizationManager: No specific translations for ('en-US') exist, so ('en') translations will be used.
[2017.05.30-19.31.46:311][  0]LogD3D11RHI: D3D11 adapters:
[2017.05.30-19.31.46:827][  0]LogD3D11RHI:    0. 'NVIDIA GeForce GTX 660' (Feature Level 11_0)
[2017.05.30-19.31.46:827][  0]LogD3D11RHI:       1505/0/8139 MB DedicatedVideo/DedicatedSystem/SharedSystem, Outputs:1, VendorId:0x10de
[2017.05.30-19.31.46:829][  0]LogD3D11RHI:    1. 'Intel(R) HD Graphics 4000' (Feature Level 11_0)
[2017.05.30-19.31.46:829][  0]LogD3D11RHI:       32/0/1760 MB DedicatedVideo/DedicatedSystem/SharedSystem, Outputs:1, VendorId:0x8086
[2017.05.30-19.31.46:830][  0]LogD3D11RHI:    2. 'Microsoft Basic Render Driver' (Feature Level 11_0)
[2017.05.30-19.31.46:830][  0]LogD3D11RHI:       0/0/8139 MB DedicatedVideo/DedicatedSystem/SharedSystem, Outputs:0, VendorId:0x1414
[2017.05.30-19.31.46:830][  0]LogD3D11RHI: Chosen D3D11 Adapter: 0
[2017.05.30-19.31.46:834][  0]LogD3D11RHI: Creating new Direct3DDevice
[2017.05.30-19.31.46:834][  0]LogD3D11RHI:     GPU DeviceId: 0x1185 (for the marketing name, search the web for "GPU Device Id")
[2017.05.30-19.31.46:834][  0]LogWindows: EnumDisplayDevices:
[2017.05.30-19.31.46:834][  0]LogWindows:    0. 'NVIDIA GeForce GTX 660' (P:1 D:1)
[2017.05.30-19.31.46:834][  0]LogWindows:    1. 'NVIDIA GeForce GTX 660' (P:0 D:0)
[2017.05.30-19.31.46:835][  0]LogWindows:    2. 'NVIDIA GeForce GTX 660' (P:0 D:0)
[2017.05.30-19.31.46:835][  0]LogWindows:    3. 'NVIDIA GeForce GTX 660' (P:0 D:0)
[2017.05.30-19.31.46:835][  0]LogWindows:    4. 'Intel(R) HD Graphics 4000' (P:0 D:1)
[2017.05.30-19.31.46:835][  0]LogWindows:    5. 'Intel(R) HD Graphics 4000' (P:0 D:0)
[2017.05.30-19.31.46:835][  0]LogWindows: DebugString: PrimaryIsNotTheChoosenAdapter PrimaryIsNotTheChoosenAdapter FoundDriverCount:4 
[2017.05.30-19.31.46:835][  0]LogD3D11RHI:     Adapter Name: NVIDIA GeForce GTX 660
[2017.05.30-19.31.46:835][  0]LogD3D11RHI:   Driver Version: 376.53 (internal:21.21.13.7653, unified:376.53)
[2017.05.30-19.31.46:835][  0]LogD3D11RHI:      Driver Date: 12-29-2016
[2017.05.30-19.31.46:835][  0]LogRHI: Texture pool is 1053 MB (70% of 1505 MB)
[2017.05.30-19.31.47:285][  0]LogD3D11RHI:Warning: Timestamp queries are currently disabled on this hardware due to instability. Realtime GPU stats will not be available. You can override this behaviour by setting r.NVIDIATimestampWorkaround to 0
[2017.05.30-19.31.47:286][  0]LogD3D11RHI: Async texture creation enabled
[2017.05.30-19.31.47:320][  0]LogD3D11RHI: GPU Timing Frequency: 1000.000000 (Debug: 2 2)
[2017.05.30-19.31.47:368][  0]LogShaderCompilers: Guid format shader working directory is 7 characters bigger than the processId version (../../../../../../SVN/SkaGame2/SkaGame/Intermediate/Shaders/WorkingDirectory/11144/).
[2017.05.30-19.31.47:369][  0]LogShaderCompilers: Cleaned the shader compiler working directory 'C:/Users/Ethan/AppData/Local/Temp/UnrealShaderWorkingDir/2FE66A7C4919A1C5C560CDA8B82DE7E2/'.
[2017.05.30-19.31.47:369][  0]LogShaderCompilers:Display: Using Local Shader Compiler.
[2017.05.30-19.31.48:443][  0]LogTemp:Display: Loaded TP AllDesktopTargetPlatform
[2017.05.30-19.31.48:503][  0]LogTemp:Display: Loaded TP MacClientTargetPlatform
[2017.05.30-19.31.48:564][  0]LogTemp:Display: Loaded TP MacNoEditorTargetPlatform
[2017.05.30-19.31.48:621][  0]LogTemp:Display: Loaded TP MacServerTargetPlatform
[2017.05.30-19.31.48:679][  0]LogTemp:Display: Loaded TP MacTargetPlatform
[2017.05.30-19.31.48:736][  0]LogTemp:Display: Loaded TP WindowsClientTargetPlatform
[2017.05.30-19.31.48:793][  0]LogTemp:Display: Loaded TP WindowsNoEditorTargetPlatform
[2017.05.30-19.31.48:850][  0]LogTemp:Display: Loaded TP WindowsServerTargetPlatform
[2017.05.30-19.31.48:896][  0]LogTemp:Display: Loaded TP WindowsTargetPlatform
[2017.05.30-19.31.48:952][  0]LogTemp:Display: Loaded TP AndroidTargetPlatform
[2017.05.30-19.31.49:008][  0]LogTemp:Display: Loaded TP Android_ASTCTargetPlatform
[2017.05.30-19.31.49:067][  0]LogTemp:Display: Loaded TP Android_ATCTargetPlatform
[2017.05.30-19.31.49:123][  0]LogTemp:Display: Loaded TP Android_DXTTargetPlatform
[2017.05.30-19.31.49:181][  0]LogTemp:Display: Loaded TP Android_ETC1TargetPlatform
[2017.05.30-19.31.49:240][  0]LogTemp:Display: Loaded TP Android_ETC2TargetPlatform
[2017.05.30-19.31.49:354][  0]LogTemp:Display: Loaded TP Android_MultiTargetPlatform
[2017.05.30-19.31.49:354][  0]LogTemp:Display: Loaded TP Android_PVRTCTargetPlatform
[2017.05.30-19.31.49:401][  0]LogTemp:Display: Loaded TP HTML5TargetPlatform
[2017.05.30-19.31.49:507][  0]LogTemp:Display: Loaded TP IOSTargetPlatform
[2017.05.30-19.31.49:549][  0]LogTemp:Display: Loaded TP TVOSTargetPlatform
[2017.05.30-19.31.49:606][  0]LogTemp:Display: Loaded TP LinuxClientTargetPlatform
[2017.05.30-19.31.49:664][  0]LogTemp:Display: Loaded TP LinuxNoEditorTargetPlatform
[2017.05.30-19.31.49:726][  0]LogTemp:Display: Loaded TP LinuxServerTargetPlatform
[2017.05.30-19.31.49:787][  0]LogTemp:Display: Loaded TP LinuxTargetPlatform
[2017.05.30-19.31.49:787][  0]LogTargetPlatformManager:Display: Building Assets For Windows
[2017.05.30-19.31.50:234][  0]LogDerivedDataCache:Display: Max Cache Size: 512 MB
[2017.05.30-19.31.50:281][  0]LogDerivedDataCache: Loaded boot cache 0.05s 50MB C:/Users/Ethan/AppData/Local/UnrealEngine/4.15/DerivedDataCache/Boot.ddc.
[2017.05.30-19.31.50:281][  0]LogDerivedDataCache:Display: Loaded Boot cache: C:/Users/Ethan/AppData/Local/UnrealEngine/4.15/DerivedDataCache/Boot.ddc
[2017.05.30-19.31.50:281][  0]LogDerivedDataCache: FDerivedDataBackendGraph:  Pak pak cache file ../../../../../../SVN/SkaGame2/SkaGame/DerivedDataCache/DDC.ddp not found, will not use a pak cache.
[2017.05.30-19.31.50:281][  0]LogDerivedDataCache: Unable to find inner node Pak for hierarchical cache Hierarchy.
[2017.05.30-19.31.50:281][  0]LogDerivedDataCache: FDerivedDataBackendGraph:  CompressedPak pak cache file ../../../../../../SVN/SkaGame2/SkaGame/DerivedDataCache/Compressed.ddp not found, will not use a pak cache.
[2017.05.30-19.31.50:281][  0]LogDerivedDataCache: Unable to find inner node CompressedPak for hierarchical cache Hierarchy.
[2017.05.30-19.31.50:298][  0]LogDerivedDataCache:Display: Pak cache opened for reading ../../../Engine/DerivedDataCache/Compressed.ddp.
[2017.05.30-19.31.50:310][  0]LogDerivedDataCache: Using Local data cache path C:/Users/Ethan/AppData/Local/UnrealEngine/Common/DerivedDataCache: Writable
[2017.05.30-19.31.50:319][  0]LogSlate: Using Freetype 2.6.0
[2017.05.30-19.31.50:319][  0]LogSlate: SlateFontCache - WITH_FREETYPE: 1, WITH_HARFBUZZ: 1
[2017.05.30-19.31.50:320][  0]LogSlate: SlateFontCache - WITH_FREETYPE: 1, WITH_HARFBUZZ: 1
[2017.05.30-19.31.50:608][  0]LogInit: Selected Device Profile: [Windows]
[2017.05.30-19.31.50:611][  0]LogContentStreaming: Texture pool size is 0.00 MB
[2017.05.30-19.31.50:812][  0]LogMeshUtilities: Using QuadricMeshReduction for automatic static mesh reduction
[2017.05.30-19.31.50:861][  0]LogSimplygon: Simplygon DLL not present - disabling.
[2017.05.30-19.31.50:907][  0]LogMeshUtilities: Using SimplygonSwarm for distributed automatic mesh merging
[2017.05.30-19.31.50:907][  0]LogMeshUtilities: No automatic skeletal mesh reduction module available
[2017.05.30-19.31.50:907][  0]LogMeshUtilities: No automatic mesh merging module available
[2017.05.30-19.31.51:410][  0]LogNetVersion: GetLocalNetworkVersion: CL: 3299760, ProjectName: skagame3, ProjectVersion: , EngineNetworkVersion: 2, GameNetworkVersion: 0, NetworkChecksum: 2118841436
[2017.05.30-19.31.51:456][  0]LogAssetRegistry: FAssetRegistry took 0.0213 seconds to start up
[2017.05.30-19.31.51:508][  0]LogPackageLocalizationCache: Processed 3 localized package path(s) for 2 prioritized culture(s) in 0.029309 seconds
[2017.05.30-19.31.51:515][  0]LogUObjectArray: 32493 objects as part of root set at end of initial load.
[2017.05.30-19.31.51:515][  0]LogUObjectAllocator: 7077024 out of 0 bytes used by permanent object pool.
[2017.05.30-19.31.51:515][  0]LogUObjectArray: CloseDisregardForGC: 0/0 objects in disregard for GC pool
[2017.05.30-19.31.51:582][  0]LogInit: WinSock: version 1.1 (2.2), MaxSocks=32767, MaxUdp=65467
[2017.05.30-19.31.53:150][  0]LogTcpMessaging: Initializing TcpMessaging bridge
[2017.05.30-19.31.53:190][  0]LogUdpMessaging: Initializing bridge on interface 0.0.0.0:0 to multicast group 230.0.0.1:6666.
[2017.05.30-19.31.53:647][  0]LogMaterial: Uniform references updated for custom material expression Custom.
[2017.05.30-19.31.54:033][  0]SourceControl: Info Source control is disabled
[2017.05.30-19.31.54:033][  0]SourceControl: Info Source control is disabled
[2017.05.30-19.31.54:079][  0]SourceControl: Info Source control is disabled
[2017.05.30-19.31.54:126][  0]SourceControl: Info Source control is disabled
[2017.05.30-19.31.55:371][  0]LogEngine: Initializing Engine...
[2017.05.30-19.31.55:371][  0]LogHMD: Failed to initialize OpenVR with code 110
[2017.05.30-19.31.55:475][  0]LogStats: UGameplayTagsManager::ConstructGameplayTagTree: Construct from data asset -  0.000 s
[2017.05.30-19.31.55:475][  0]LogStats: UGameplayTagsManager::ConstructGameplayTagTree: GameplayTagTreeChangedEvent.Broadcast -  0.000 s
[2017.05.30-19.31.55:596][  0]LogAIModule: Creating AISystem for world Untitled
[2017.05.30-19.31.55:615][  0]LogInit: XAudio2 using 'Speakers (5- Logitech G930 Gaming Headset)' : 8 channels at 48 kHz using 16 bits per sample (channel mask 0x63f)
[2017.05.30-19.31.55:632][  0]LogInit: FAudioDevice initialized.
[2017.05.30-19.31.55:657][  0]LogDerivedDataCache: Saved boot cache 0.02s 50MB C:/Users/Ethan/AppData/Local/UnrealEngine/4.15/DerivedDataCache/Boot.ddc.
[2017.05.30-19.31.55:664][  0]LogInit: Texture streaming: Enabled
[2017.05.30-19.31.55:762][  0]LogEngineSessionManager: EngineSessionManager initialized
[2017.05.30-19.31.55:864][  0]LogInit: Transaction tracking system initialized
[2017.05.30-19.31.56:220][  0]BlueprintLog: New page: Editor Load
[2017.05.30-19.31.57:129][  0]LocalizationService: Info Localization service is disabled
[2017.05.30-19.31.57:801][  0]LogConsoleResponse:Display: 
[2017.05.30-19.31.57:925][  0]LogCook:Display: Max memory allowance for cook 16384mb min free memory 0mb
[2017.05.30-19.31.57:925][  0]LogCook:Display: Mobile HDR setting 1
[2017.05.30-19.31.58:138][  0]LogFileCache: Scanning file cache for directory 'C:/SVN/SkaGame2/SkaGame/Content/' took 0.02s
[2017.05.30-19.31.58:950][  0]SourceControl: Info Source control is disabled
[2017.05.30-19.31.58:950][  0]Cmd: MAP LOAD FILE="../../../../../../SVN/SkaGame2/SkaGame/Content/SideScrollerBP/Maps/SideScrollerExampleMap.umap" TEMPLATE=0 SHOWPROGRESS=1 FEATURELEVEL=3
[2017.05.30-19.31.58:950][  0]LightingResults: New page: Lighting Build
[2017.05.30-19.31.58:991][  0]MapCheck: New page: Map Check
[2017.05.30-19.31.58:991][  0]LightingResults: New page: Lighting Build
[2017.05.30-19.31.59:795][  0]LogAIModule: Creating AISystem for world SideScrollerExampleMap
[2017.05.30-19.31.59:828][  0]LogEditorServer: Finished looking for orphan Actors (0.000 secs)
[2017.05.30-19.31.59:829][  0]Cmd: MAP CHECKDEP NOCLEARLOG
[2017.05.30-19.31.59:872][  0]MapCheck: Info Map check complete: 0 Error(s), 0 Warning(s), took 42.906ms to complete.
[2017.05.30-19.31.59:872][  0]LogFileHelpers: Loading map 'SideScrollerExampleMap' took 0.922
[2017.05.30-19.31.59:928][  0]LogWindowsTextInputMethodSystem:Display: IME system now deactivated.
[2017.05.30-19.32.00:093][  0]LogCollectionManager: Loaded 0 collections in 0.001416 seconds
[2017.05.30-19.32.00:197][  0]LogFileCache: Scanning file cache for directory 'C:/SVN/SkaGame2/SkaGame/Saved/Collections/' took 0.01s
[2017.05.30-19.32.00:197][  0]LogFileCache: Scanning file cache for directory 'C:/SVN/SkaGame2/SkaGame/Content/Developers/Ethan/Collections/' took 0.01s
[2017.05.30-19.32.00:197][  0]LogFileCache: Scanning file cache for directory 'C:/SVN/SkaGame2/SkaGame/Content/Collections/' took 0.01s
[2017.05.30-19.32.00:197][  0]LogCollectionManager: Rebuilt the GUID cache for 0 collections in 0.000002 seconds
[2017.05.30-19.32.00:211][  0]LogContentBrowser: Native class hierarchy populated in 0.0106 seconds. Added 2245 classes and 453 folders.
[2017.05.30-19.32.00:284][  0]LogContentBrowser: Native class hierarchy updated for 'WidgetCarousel' in 0.0005 seconds. Added 0 classes and 0 folders.
[2017.05.30-19.32.00:632][  0]LogContentBrowser: Native class hierarchy updated for 'AddContentDialog' in 0.0006 seconds. Added 0 classes and 0 folders.
[2017.05.30-19.32.00:691][  0]LogContentBrowser: Native class hierarchy updated for 'SceneOutliner' in 0.0005 seconds. Added 1 classes and 2 folders.
[2017.05.30-19.32.00:790][  0]LogCrashTracker: Crashtracker disabled due to settings.
[2017.05.30-19.32.00:800][  0]LogUObjectGlobals:Warning: Failed to find object 'Class None.'
[2017.05.30-19.32.00:866][  0]LogContentBrowser: Native class hierarchy updated for 'HierarchicalLODOutliner' in 0.0005 seconds. Added 1 classes and 2 folders.
[2017.05.30-19.32.00:867][  0]LogLoad: (Engine Initialization) Total time: 17.25 seconds
[2017.05.30-19.32.00:867][  0]LogLoad: (Engine Initialization) Total Blueprint compile time: 0.19 seconds
[2017.05.30-19.32.00:867][  0]LogExternalProfiler: Found external profiler: VSPerf
[2017.05.30-19.32.00:867][  0]LogExternalProfiler: Using external profiler: VSPerf
[2017.05.30-19.32.00:875][  0]LogOcInput: OculusInput pre-init called
[2017.05.30-19.32.00:898][  0]LogContentStreaming: Texture pool size now 1000 MB
[2017.05.30-19.32.00:899][  0]LogSlate: Took 0.000240 seconds to synchronously load lazily loaded font '../../../Engine/Content/Slate/Fonts/Roboto-Regular.ttf' (155K)
[2017.05.30-19.32.00:903][  0]LogSlate: Took 0.000236 seconds to synchronously load lazily loaded font '../../../Engine/Content/Slate/Fonts/Roboto-Bold.ttf' (160K)
[2017.05.30-19.32.00:916][  0]LogSlate: Took 0.005816 seconds to synchronously load lazily loaded font '../../../Engine/Content/Editor/Slate/Fonts/FontAwesome.ttf' (139K)
[2017.05.30-19.32.01:105][  0]LogSlate: Took 0.005280 seconds to synchronously load lazily loaded font '../../../Engine/Content/Slate/Fonts/Roboto-Light.ttf' (159K)
[2017.05.30-19.32.01:144][  0]LogRenderer: Reallocating scene render targets to support 1208x556 NumSamples 1 (Frame:2).
[2017.05.30-19.32.01:226][  1]LogAssetRegistry: Asset discovery search completed in 9.7914 seconds
[2017.05.30-19.32.01:226][  1]LogCollectionManager: Rebuilt the object cache for 0 collections in 0.000005 seconds (found 0 objects)
[2017.05.30-19.32.01:226][  1]LogCollectionManager: Fixed up redirectors for 0 collections in 0.000021 seconds (updated 0 objects)
[2017.05.30-19.32.03:193][203]LogTemp: Repeting last play command: Selected Viewport
[2017.05.30-19.32.03:212][203]LogBlueprintUserMessages: Early PlayInEditor Detection: Level '/Game/SideScrollerBP/Maps/SideScrollerExampleMap.SideScrollerExampleMap:PersistentLevel' has LevelScriptBlueprint '/Game/SideScrollerBP/Maps/SideScrollerExampleMap.SideScrollerExampleMap:PersistentLevel.SideScrollerExampleMap' with GeneratedClass '/Game/SideScrollerBP/Maps/SideScrollerExampleMap.SideScrollerExampleMap_C' with ClassGeneratedBy '/Game/SideScrollerBP/Maps/SideScrollerExampleMap.SideScrollerExampleMap:PersistentLevel.SideScrollerExampleMap'
[2017.05.30-19.32.03:212][203]LogPlayLevel: PlayLevel: No blueprints needed recompiling
[2017.05.30-19.32.03:214][203]PIE: New page: PIE session: SideScrollerExampleMap (May 30, 2017, 11:32:03 AM)
[2017.05.30-19.32.03:214][203]LogPlayLevel: Creating play world package: /Game/SideScrollerBP/Maps/UEDPIE_0_SideScrollerExampleMap
[2017.05.30-19.32.03:240][203]LogPlayLevel: PIE: StaticDuplicateObject took: (0.025400s)
[2017.05.30-19.32.03:240][203]LogAIModule: Creating AISystem for world SideScrollerExampleMap
[2017.05.30-19.32.03:241][203]LogPlayLevel: PIE: World Init took: (0.001040s)
[2017.05.30-19.32.03:241][203]LogPlayLevel: PIE: Created PIE world by copying editor world from /Game/SideScrollerBP/Maps/SideScrollerExampleMap.SideScrollerExampleMap to /Game/SideScrollerBP/Maps/UEDPIE_0_SideScrollerExampleMap.SideScrollerExampleMap (0.027048s)
[2017.05.30-19.32.03:270][203]LogInit: XAudio2 using 'Speakers (5- Logitech G930 Gaming Headset)' : 8 channels at 48 kHz using 16 bits per sample (channel mask 0x63f)
[2017.05.30-19.32.03:285][203]LogInit: FAudioDevice initialized.
[2017.05.30-19.32.03:355][203]LogLoad: Game class is 'SideScrollerGameMode_C'
[2017.05.30-19.32.03:366][203]LogWorld: Bringing World /Game/SideScrollerBP/Maps/UEDPIE_0_SideScrollerExampleMap.SideScrollerExampleMap up for play (max tick rate 0) at 2017.05.30-15.32.03
[2017.05.30-19.32.03:368][203]LogWorld: Bringing up level for play took: 0.009923
[2017.05.30-19.32.03:416][203]LogContentBrowser: Native class hierarchy updated for 'MovieSceneCapture' in 0.0006 seconds. Added 11 classes and 0 folders.
[2017.05.30-19.32.03:420][203]PIE: Info Play in editor start time for /Game/SideScrollerBP/Maps/UEDPIE_0_SideScrollerExampleMap 0.522
[2017.05.30-19.32.03:421][203]LogBlueprintUserMessages: Late PlayInEditor Detection: Level '/Game/SideScrollerBP/Maps/SideScrollerExampleMap.SideScrollerExampleMap:PersistentLevel' has LevelScriptBlueprint '/Game/SideScrollerBP/Maps/SideScrollerExampleMap.SideScrollerExampleMap:PersistentLevel.SideScrollerExampleMap' with GeneratedClass '/Game/SideScrollerBP/Maps/SideScrollerExampleMap.SideScrollerExampleMap_C' with ClassGeneratedBy '/Game/SideScrollerBP/Maps/SideScrollerExampleMap.SideScrollerExampleMap:PersistentLevel.SideScrollerExampleMap'
[2017.05.30-19.32.06:274][536]Set new viewmode: Wireframe
[2017.05.30-19.32.06:824][602]Set new viewmode: Wireframe
[2017.05.30-19.32.08:016][745]Set new viewmode: ShaderComplexity
[2017.05.30-19.32.08:848][844]Set new viewmode: Lit_DetailLighting
[2017.05.30-19.32.09:284][896]Set new viewmode: Lit
[2017.05.30-19.32.09:659][941]Set new viewmode: Unlit
[2017.05.30-19.32.10:159][  1]Set new viewmode: Lit
[2017.05.30-19.35.09:323][370]Cmd: LevelEditor.ToggleImmersive
[2017.05.30-19.35.09:465][371]LogRenderer: Reallocating scene render targets to support 1388x680 NumSamples 1 (Frame:22375).
[2017.05.30-19.35.09:518][372]LogRenderer: Reallocating scene render targets to support 1920x1040 NumSamples 1 (Frame:22377).
[2017.05.30-19.35.52:668][197]LogBlueprintUserMessages: Early EndPlayMap Detection: Level '/Game/SideScrollerBP/Maps/SideScrollerExampleMap.SideScrollerExampleMap:PersistentLevel' has LevelScriptBlueprint '/Game/SideScrollerBP/Maps/SideScrollerExampleMap.SideScrollerExampleMap:PersistentLevel.SideScrollerExampleMap' with GeneratedClass '/Game/SideScrollerBP/Maps/SideScrollerExampleMap.SideScrollerExampleMap_C' with ClassGeneratedBy '/Game/SideScrollerBP/Maps/SideScrollerExampleMap.SideScrollerExampleMap:PersistentLevel.SideScrollerExampleMap'
[2017.05.30-19.35.52:758][197]LogBlueprintUserMessages: Late EndPlayMap Detection: Level '/Game/SideScrollerBP/Maps/SideScrollerExampleMap.SideScrollerExampleMap:PersistentLevel' has LevelScriptBlueprint '/Game/SideScrollerBP/Maps/SideScrollerExampleMap.SideScrollerExampleMap:PersistentLevel.SideScrollerExampleMap' with GeneratedClass '/Game/SideScrollerBP/Maps/SideScrollerExampleMap.SideScrollerExampleMap_C' with ClassGeneratedBy '/Game/SideScrollerBP/Maps/SideScrollerExampleMap.SideScrollerExampleMap:PersistentLevel.SideScrollerExampleMap'
[2017.05.30-19.35.55:400][449]LogTemp: Repeting last play command: Selected Viewport
[2017.05.30-19.35.55:419][449]LogBlueprintUserMessages: Early PlayInEditor Detection: Level '/Game/SideScrollerBP/Maps/SideScrollerExampleMap.SideScrollerExampleMap:PersistentLevel' has LevelScriptBlueprint '/Game/SideScrollerBP/Maps/SideScrollerExampleMap.SideScrollerExampleMap:PersistentLevel.SideScrollerExampleMap' with GeneratedClass '/Game/SideScrollerBP/Maps/SideScrollerExampleMap.SideScrollerExampleMap_C' with ClassGeneratedBy '/Game/SideScrollerBP/Maps/SideScrollerExampleMap.SideScrollerExampleMap:PersistentLevel.SideScrollerExampleMap'
[2017.05.30-19.35.55:419][449]LogPlayLevel: PlayLevel: No blueprints needed recompiling
[2017.05.30-19.35.55:419][449]PIE: New page: PIE session: SideScrollerExampleMap (May 30, 2017, 11:35:55 AM)
[2017.05.30-19.35.55:419][449]LogPlayLevel: Creating play world package: /Game/SideScrollerBP/Maps/UEDPIE_0_SideScrollerExampleMap
[2017.05.30-19.35.55:439][449]LogPlayLevel: PIE: StaticDuplicateObject took: (0.019425s)
[2017.05.30-19.35.55:439][449]LogAIModule: Creating AISystem for world SideScrollerExampleMap
[2017.05.30-19.35.55:440][449]LogPlayLevel: PIE: World Init took: (0.000862s)
[2017.05.30-19.35.55:440][449]LogPlayLevel: PIE: Created PIE world by copying editor world from /Game/SideScrollerBP/Maps/SideScrollerExampleMap.SideScrollerExampleMap to /Game/SideScrollerBP/Maps/UEDPIE_0_SideScrollerExampleMap.SideScrollerExampleMap (0.020528s)
[2017.05.30-19.35.55:467][449]LogInit: XAudio2 using 'Speakers (5- Logitech G930 Gaming Headset)' : 8 channels at 48 kHz using 16 bits per sample (channel mask 0x63f)
[2017.05.30-19.35.55:482][449]LogInit: FAudioDevice initialized.
[2017.05.30-19.35.55:511][449]LogLoad: Game class is 'SideScrollerGameMode_C'
[2017.05.30-19.35.55:514][449]LogWorld: Bringing World /Game/SideScrollerBP/Maps/UEDPIE_0_SideScrollerExampleMap.SideScrollerExampleMap up for play (max tick rate 0) at 2017.05.30-15.35.55
[2017.05.30-19.35.55:515][449]LogWorld: Bringing up level for play took: 0.002715
[2017.05.30-19.35.55:516][449]PIE: Info Play in editor start time for /Game/SideScrollerBP/Maps/UEDPIE_0_SideScrollerExampleMap 0.617
[2017.05.30-19.35.55:517][449]LogBlueprintUserMessages: Late PlayInEditor Detection: Level '/Game/SideScrollerBP/Maps/SideScrollerExampleMap.SideScrollerExampleMap:PersistentLevel' has LevelScriptBlueprint '/Game/SideScrollerBP/Maps/SideScrollerExampleMap.SideScrollerExampleMap:PersistentLevel.SideScrollerExampleMap' with GeneratedClass '/Game/SideScrollerBP/Maps/SideScrollerExampleMap.SideScrollerExampleMap_C' with ClassGeneratedBy '/Game/SideScrollerBP/Maps/SideScrollerExampleMap.SideScrollerExampleMap:PersistentLevel.SideScrollerExampleMap'
[2017.05.30-19.35.59:711][947]Cmd: LevelEditor.ToggleImmersive
[2017.05.30-19.36.00:170][969]Set new viewmode: Wireframe
[2017.05.30-19.36.28:660][386]LogBlueprintUserMessages: Early EndPlayMap Detection: Level '/Game/SideScrollerBP/Maps/SideScrollerExampleMap.SideScrollerExampleMap:PersistentLevel' has LevelScriptBlueprint '/Game/SideScrollerBP/Maps/SideScrollerExampleMap.SideScrollerExampleMap:PersistentLevel.SideScrollerExampleMap' with GeneratedClass '/Game/SideScrollerBP/Maps/SideScrollerExampleMap.SideScrollerExampleMap_C' with ClassGeneratedBy '/Game/SideScrollerBP/Maps/SideScrollerExampleMap.SideScrollerExampleMap:PersistentLevel.SideScrollerExampleMap'
[2017.05.30-19.36.28:720][386]LogBlueprintUserMessages: Late EndPlayMap Detection: Level '/Game/SideScrollerBP/Maps/SideScrollerExampleMap.SideScrollerExampleMap:PersistentLevel' has LevelScriptBlueprint '/Game/SideScrollerBP/Maps/SideScrollerExampleMap.SideScrollerExampleMap:PersistentLevel.SideScrollerExampleMap' with GeneratedClass '/Game/SideScrollerBP/Maps/SideScrollerExampleMap.SideScrollerExampleMap_C' with ClassGeneratedBy '/Game/SideScrollerBP/Maps/SideScrollerExampleMap.SideScrollerExampleMap:PersistentLevel.SideScrollerExampleMap'
[2017.05.30-19.36.54:864][406]LogTemp: Repeting last play command: Selected Viewport
[2017.05.30-19.36.54:884][406]LogBlueprintUserMessages: Early PlayInEditor Detection: Level '/Game/SideScrollerBP/Maps/SideScrollerExampleMap.SideScrollerExampleMap:PersistentLevel' has LevelScriptBlueprint '/Game/SideScrollerBP/Maps/SideScrollerExampleMap.SideScrollerExampleMap:PersistentLevel.SideScrollerExampleMap' with GeneratedClass '/Game/SideScrollerBP/Maps/SideScrollerExampleMap.SideScrollerExampleMap_C' with ClassGeneratedBy '/Game/SideScrollerBP/Maps/SideScrollerExampleMap.SideScrollerExampleMap:PersistentLevel.SideScrollerExampleMap'
[2017.05.30-19.36.54:884][406]LogPlayLevel: PlayLevel: No blueprints needed recompiling
[2017.05.30-19.36.54:885][406]PIE: New page: PIE session: SideScrollerExampleMap (May 30, 2017, 11:36:54 AM)
[2017.05.30-19.36.54:885][406]LogPlayLevel: Creating play world package: /Game/SideScrollerBP/Maps/UEDPIE_0_SideScrollerExampleMap
[2017.05.30-19.36.54:905][406]LogPlayLevel: PIE: StaticDuplicateObject took: (0.020560s)
[2017.05.30-19.36.54:906][406]LogAIModule: Creating AISystem for world SideScrollerExampleMap
[2017.05.30-19.36.54:906][406]LogPlayLevel: PIE: World Init took: (0.000958s)
[2017.05.30-19.36.54:906][406]LogPlayLevel: PIE: Created PIE world by copying editor world from /Game/SideScrollerBP/Maps/SideScrollerExampleMap.SideScrollerExampleMap to /Game/SideScrollerBP/Maps/UEDPIE_0_SideScrollerExampleMap.SideScrollerExampleMap (0.021767s)
[2017.05.30-19.36.54:933][406]LogInit: XAudio2 using 'Speakers (5- Logitech G930 Gaming Headset)' : 8 channels at 48 kHz using 16 bits per sample (channel mask 0x63f)
[2017.05.30-19.36.54:947][406]LogInit: FAudioDevice initialized.
[2017.05.30-19.36.54:978][406]LogLoad: Game class is 'SideScrollerGameMode_C'
[2017.05.30-19.36.54:981][406]LogWorld: Bringing World /Game/SideScrollerBP/Maps/UEDPIE_0_SideScrollerExampleMap.SideScrollerExampleMap up for play (max tick rate 0) at 2017.05.30-15.36.54
[2017.05.30-19.36.54:982][406]LogWorld: Bringing up level for play took: 0.002774
[2017.05.30-19.36.54:983][406]PIE: Info Play in editor start time for /Game/SideScrollerBP/Maps/UEDPIE_0_SideScrollerExampleMap 0.085
[2017.05.30-19.36.54:983][406]LogBlueprintUserMessages: Late PlayInEditor Detection: Level '/Game/SideScrollerBP/Maps/SideScrollerExampleMap.SideScrollerExampleMap:PersistentLevel' has LevelScriptBlueprint '/Game/SideScrollerBP/Maps/SideScrollerExampleMap.SideScrollerExampleMap:PersistentLevel.SideScrollerExampleMap' with GeneratedClass '/Game/SideScrollerBP/Maps/SideScrollerExampleMap.SideScrollerExampleMap_C' with ClassGeneratedBy '/Game/SideScrollerBP/Maps/SideScrollerExampleMap.SideScrollerExampleMap:PersistentLevel.SideScrollerExampleMap'
[2017.05.30-19.36.58:402][811]LogBlueprintUserMessages: Early EndPlayMap Detection: Level '/Game/SideScrollerBP/Maps/SideScrollerExampleMap.SideScrollerExampleMap:PersistentLevel' has LevelScriptBlueprint '/Game/SideScrollerBP/Maps/SideScrollerExampleMap.SideScrollerExampleMap:PersistentLevel.SideScrollerExampleMap' with GeneratedClass '/Game/SideScrollerBP/Maps/SideScrollerExampleMap.SideScrollerExampleMap_C' with ClassGeneratedBy '/Game/SideScrollerBP/Maps/SideScrollerExampleMap.SideScrollerExampleMap:PersistentLevel.SideScrollerExampleMap'
[2017.05.30-19.36.58:437][811]LogBlueprintUserMessages: Late EndPlayMap Detection: Level '/Game/SideScrollerBP/Maps/SideScrollerExampleMap.SideScrollerExampleMap:PersistentLevel' has LevelScriptBlueprint '/Game/SideScrollerBP/Maps/SideScrollerExampleMap.SideScrollerExampleMap:PersistentLevel.SideScrollerExampleMap' with GeneratedClass '/Game/SideScrollerBP/Maps/SideScrollerExampleMap.SideScrollerExampleMap_C' with ClassGeneratedBy '/Game/SideScrollerBP/Maps/SideScrollerExampleMap.SideScrollerExampleMap:PersistentLevel.SideScrollerExampleMap'
[2017.05.30-19.43.19:604][114]LogTemp: Repeting last play command: Selected Viewport
[2017.05.30-19.43.19:627][114]LogBlueprintUserMessages: Early PlayInEditor Detection: Level '/Game/SideScrollerBP/Maps/SideScrollerExampleMap.SideScrollerExampleMap:PersistentLevel' has LevelScriptBlueprint '/Game/SideScrollerBP/Maps/SideScrollerExampleMap.SideScrollerExampleMap:PersistentLevel.SideScrollerExampleMap' with GeneratedClass '/Game/SideScrollerBP/Maps/SideScrollerExampleMap.SideScrollerExampleMap_C' with ClassGeneratedBy '/Game/SideScrollerBP/Maps/SideScrollerExampleMap.SideScrollerExampleMap:PersistentLevel.SideScrollerExampleMap'
[2017.05.30-19.43.19:627][114]LogPlayLevel: PlayLevel: No blueprints needed recompiling
[2017.05.30-19.43.19:628][114]PIE: New page: PIE session: SideScrollerExampleMap (May 30, 2017, 11:43:19 AM)
[2017.05.30-19.43.19:628][114]LogPlayLevel: Creating play world package: /Game/SideScrollerBP/Maps/UEDPIE_0_SideScrollerExampleMap
[2017.05.30-19.43.19:678][114]LogPlayLevel: PIE: StaticDuplicateObject took: (0.050796s)
[2017.05.30-19.43.19:679][114]LogAIModule: Creating AISystem for world SideScrollerExampleMap
[2017.05.30-19.43.19:679][114]LogPlayLevel: PIE: World Init took: (0.000909s)
[2017.05.30-19.43.19:680][114]LogPlayLevel: PIE: Created PIE world by copying editor world from /Game/SideScrollerBP/Maps/SideScrollerExampleMap.SideScrollerExampleMap to /Game/SideScrollerBP/Maps/UEDPIE_0_SideScrollerExampleMap.SideScrollerExampleMap (0.051959s)
[2017.05.30-19.43.19:703][114]LogInit: XAudio2 using 'Speakers (5- Logitech G930 Gaming Headset)' : 8 channels at 48 kHz using 16 bits per sample (channel mask 0x63f)
[2017.05.30-19.43.19:719][114]LogInit: FAudioDevice initialized.
[2017.05.30-19.43.19:750][114]LogLoad: Game class is 'SideScrollerGameMode_C'
[2017.05.30-19.43.19:754][114]LogWorld: Bringing World /Game/SideScrollerBP/Maps/UEDPIE_0_SideScrollerExampleMap.SideScrollerExampleMap up for play (max tick rate 0) at 2017.05.30-15.43.19
[2017.05.30-19.43.19:754][114]LogWorld: Bringing up level for play took: 0.002898
[2017.05.30-19.43.19:756][114]PIE: Info Play in editor start time for /Game/SideScrollerBP/Maps/UEDPIE_0_SideScrollerExampleMap 0.857
[2017.05.30-19.43.19:756][114]LogBlueprintUserMessages: Late PlayInEditor Detection: Level '/Game/SideScrollerBP/Maps/SideScrollerExampleMap.SideScrollerExampleMap:PersistentLevel' has LevelScriptBlueprint '/Game/SideScrollerBP/Maps/SideScrollerExampleMap.SideScrollerExampleMap:PersistentLevel.SideScrollerExampleMap' with GeneratedClass '/Game/SideScrollerBP/Maps/SideScrollerExampleMap.SideScrollerExampleMap_C' with ClassGeneratedBy '/Game/SideScrollerBP/Maps/SideScrollerExampleMap.SideScrollerExampleMap:PersistentLevel.SideScrollerExampleMap'
[2017.05.30-19.43.50:540][803]LogCharacterMovement: SideScrollerCharacter_78 is stuck and failed to move! Velocity: X=-28.64 Y=-17.28 Z=0.00 Location: X=1197.12 Y=1302.78 Z=214.00 Normal: X=-0.30 Y=0.66 Z=0.69 PenetrationDepth:0.001 Actor:Tombstone4_DM4 Component:DestructibleComponent0 BoneName:Part11 (0 other events since notify)
[2017.05.30-19.43.54:169][237]LogCharacterMovement: SideScrollerCharacter_78 is stuck and failed to move! Velocity: X=5.51 Y=-16.36 Z=0.00 Location: X=1531.45 Y=382.69 Z=217.25 Normal: X=-0.07 Y=-0.41 Z=-0.91 PenetrationDepth:0.096 Actor:Tombstone4_DM_5 Component:DestructibleComponent0 BoneName:Part23 (1 other events since notify)
[2017.05.30-19.44.02:126][186]LogCharacterMovement: SideScrollerCharacter_78 is stuck and failed to move! Velocity: X=14.67 Y=9.42 Z=0.00 Location: X=1233.49 Y=-568.30 Z=214.39 Normal: X=0.14 Y=0.83 Z=0.55 PenetrationDepth:7.894 Actor:Tombstone4_DM3 Component:DestructibleComponent0 BoneName:Part04 (1 other events since notify)
[2017.05.30-19.44.11:808][345]LogBlueprintUserMessages: Early EndPlayMap Detection: Level '/Game/SideScrollerBP/Maps/SideScrollerExampleMap.SideScrollerExampleMap:PersistentLevel' has LevelScriptBlueprint '/Game/SideScrollerBP/Maps/SideScrollerExampleMap.SideScrollerExampleMap:PersistentLevel.SideScrollerExampleMap' with GeneratedClass '/Game/SideScrollerBP/Maps/SideScrollerExampleMap.SideScrollerExampleMap_C' with ClassGeneratedBy '/Game/SideScrollerBP/Maps/SideScrollerExampleMap.SideScrollerExampleMap:PersistentLevel.SideScrollerExampleMap'
[2017.05.30-19.44.11:956][345]LogBlueprintUserMessages: Late EndPlayMap Detection: Level '/Game/SideScrollerBP/Maps/SideScrollerExampleMap.SideScrollerExampleMap:PersistentLevel' has LevelScriptBlueprint '/Game/SideScrollerBP/Maps/SideScrollerExampleMap.SideScrollerExampleMap:PersistentLevel.SideScrollerExampleMap' with GeneratedClass '/Game/SideScrollerBP/Maps/SideScrollerExampleMap.SideScrollerExampleMap_C' with ClassGeneratedBy '/Game/SideScrollerBP/Maps/SideScrollerExampleMap.SideScrollerExampleMap:PersistentLevel.SideScrollerExampleMap'
[2017.05.30-19.44.31:021][444]LogEditorViewport: Clicking on Actor (LMB): BP_Sky_Sphere_C (SkySphereBlueprint)
[2017.05.30-19.44.39:489][309]MapCheck: New page: Map Check
[2017.05.30-19.44.39:525][309]Cmd: MAP REBUILD ALLVISIBLE
[2017.05.30-19.44.39:525][309]LogEditorServer: Rebuildmap Clear paths rebuilt
[2017.05.30-19.44.39:556][309]LightingResults: New page: Lighting Build - May 30, 2017, 11:44:39 AM
[2017.05.30-19.44.39:649][309]LogSwarmInterface: [OpenConnection] Registering TCP channel ...
[2017.05.30-19.44.39:793][309]LogSwarmInterface: [OpenConnection] Connecting to agent ...
[2017.05.30-19.44.39:815][309]LogSwarmInterface: [TryOpenConnection] Testing the Agent
[2017.05.30-19.44.40:846][309]LogSwarmInterface: [TryOpenConnection] Opening Connection to Agent
[2017.05.30-19.44.40:846][309]LogSwarmInterface: [TryOpenConnection] Local Process ID is 11144
[2017.05.30-19.44.43:057][309]LogStaticLightingSystem: Running Lightmass w/ ImmediateImport mode ENABLED
[2017.05.30-19.44.43:057][309]LogStaticLightingSystem: Running Lightmass w/ ImmediateProcess mode ENABLED
[2017.05.30-19.44.43:057][309]LogStaticLightingSystem: Running Lightmass w/ Sorting mode ENABLED
[2017.05.30-19.44.43:057][309]LogStaticLightingSystem: Running Lightmass w/ Mapping paddings ENABLED
[2017.05.30-19.44.43:057][309]LogStaticLightingSystem: Running Lightmass w/ Mapping debug paddings DISABLED
[2017.05.30-19.44.43:296][309]LogEditorBuildUtils: Build time 0:03
[2017.05.30-19.44.45:330][391]Job is a success!
[2017.05.30-19.44.45:349][392]LogEditorTransaction: Non zero active count in UTransBuffer::Reset
ActiveCount : 1
SessionName : 
Reason      : Applying Lighting

Purging the undo buffer...

[2017.05.30-19.44.45:358][392]LogSlate: Took 0.003031 seconds to synchronously load lazily loaded font '../../../Engine/Content/Slate/Fonts/Roboto-Light.ttf' (159K)
[2017.05.30-19.44.45:468][392]LogTexture:Display: Building textures: SkyOcclusion0_1 (AutoDXT, 256X128) - 101 MB total VRAM
[2017.05.30-19.44.45:468][392]LogTexture:Display: Building textures: HQ_Lightmap0_1 (AutoDXT, 256X256) - 101 MB total VRAM
[2017.05.30-19.44.45:468][392]LogTexture:Display: Building textures: LQ_Lightmap_0_1 (DXT1, 256X256) - 101 MB total VRAM
[2017.05.30-19.44.45:468][392]LogTexture:Display: Building textures: ShadowMapTexture2D_2 (BGRA8, 64X64) - 101 MB total VRAM
[2017.05.30-19.44.45:507][392]Lightmass on DESKTOP-58CNULQ: 1.24 sec total, 141 ms importing, 35 ms setup, 322 ms photons, 727 ms processing, 0 ms extra exporting [17/17 mappings]. Threads: 4.93 sec total, 2.10 sec processing.
[2017.05.30-19.44.45:531][392]LogStaticLightingSystem: Illumination: 5.94 sec (34 ms encoding lightmaps, 6 ms encoding shadowmaps)
[2017.05.30-19.44.45:531][392]LogStaticLightingSystem: Lightmap texture memory:  0.2 MB (0.2 MB streaming, 0.0 MB non-streaming), 2 textures
[2017.05.30-19.44.45:531][392]LogStaticLightingSystem: Shadowmap texture memory: 0.0 MB (0.0 MB streaming, 0.0 MB non-streaming), 1 textures
[2017.05.30-19.44.46:057][392]DumpUnbuiltLightIteractions
[2017.05.30-19.44.46:057][392]Lights with unbuilt interactions: 0
[2017.05.30-19.44.46:057][392]
[2017.05.30-19.44.46:057][392]Primitives with unbuilt interactions: 0
[2017.05.30-19.44.46:146][393]Cmd: MAP CHECK NOTIFYRESULTS
[2017.05.30-19.44.46:146][393]MapCheck: New page: SideScrollerExampleMap - May 30, 2017, 11:44:46 AM
[2017.05.30-19.44.47:248][393]MapCheck: Info Map check complete: 0 Error(s), 0 Warning(s), took 1,102.38ms to complete.
[2017.05.30-19.44.58:688][611]MapCheck: New page: Map Check
[2017.05.30-19.44.58:707][611]Cmd: MAP REBUILD ALLVISIBLE
[2017.05.30-19.44.58:707][611]LogEditorServer: Rebuildmap Clear paths rebuilt
[2017.05.30-19.44.58:737][611]LightingResults: New page: Lighting Build - May 30, 2017, 11:44:58 AM
[2017.05.30-19.44.58:746][611]LogSwarmInterface: [OpenConnection] Registering TCP channel ...
[2017.05.30-19.44.58:747][611]LogSwarmInterface: [OpenConnection] Connecting to agent ...
[2017.05.30-19.44.58:747][611]LogSwarmInterface: [TryOpenConnection] Testing the Agent
[2017.05.30-19.44.58:747][611]LogSwarmInterface: [TryOpenConnection] Opening Connection to Agent
[2017.05.30-19.44.58:747][611]LogSwarmInterface: [TryOpenConnection] Local Process ID is 11144
[2017.05.30-19.45.03:276][611]LogStaticLightingSystem: Running Lightmass w/ ImmediateImport mode ENABLED
[2017.05.30-19.45.03:276][611]LogStaticLightingSystem: Running Lightmass w/ ImmediateProcess mode ENABLED
[2017.05.30-19.45.03:276][611]LogStaticLightingSystem: Running Lightmass w/ Sorting mode ENABLED
[2017.05.30-19.45.03:276][611]LogStaticLightingSystem: Running Lightmass w/ Mapping paddings ENABLED
[2017.05.30-19.45.03:276][611]LogStaticLightingSystem: Running Lightmass w/ Mapping debug paddings DISABLED
[2017.05.30-19.45.03:379][611]LogEditorBuildUtils: Build time 0:04
[2017.05.30-19.45.05:038][695]Job is a success!
[2017.05.30-19.45.05:327][696]LogTexture:Display: Building textures: SkyOcclusion1_1 (AutoDXT, 1024X512) - 98 MB total VRAM
[2017.05.30-19.45.05:327][696]LogTexture:Display: Building textures: HQ_Lightmap1_1 (AutoDXT, 1024X1024) - 98 MB total VRAM
[2017.05.30-19.45.05:327][696]LogTexture:Display: Building textures: LQ_Lightmap_1_1 (DXT1, 1024X1024) - 98 MB total VRAM
[2017.05.30-19.45.05:327][696]LogTexture:Display: Building textures: SkyOcclusion0_2 (AutoDXT, 256X128) - 98 MB total VRAM
[2017.05.30-19.45.05:327][696]LogTexture:Display: Building textures: HQ_Lightmap0_2 (AutoDXT, 256X256) - 98 MB total VRAM
[2017.05.30-19.45.05:327][696]LogTexture:Display: Building textures: LQ_Lightmap_0_2 (DXT1, 256X256) - 98 MB total VRAM
[2017.05.30-19.45.05:327][696]LogTexture:Display: Building textures: SkyOcclusion0_3 (AutoDXT, 64X32) - 98 MB total VRAM
[2017.05.30-19.45.05:327][696]LogTexture:Display: Building textures: HQ_Lightmap0_3 (AutoDXT, 64X64) - 98 MB total VRAM
[2017.05.30-19.45.05:327][696]LogTexture:Display: Building textures: LQ_Lightmap_0_3 (DXT1, 64X64) - 98 MB total VRAM
[2017.05.30-19.45.05:356][696]LogTexture:Display: Building textures: ShadowMapTexture2D_4 (BGRA8, 64X64) - 98 MB total VRAM
[2017.05.30-19.45.05:356][696]LogTexture:Display: Building textures: ShadowMapTexture2D_3 (BGRA8, 128X512) - 98 MB total VRAM
[2017.05.30-19.45.05:379][696]Lightmass on DESKTOP-58CNULQ: 1.39 sec total, 110 ms importing, 24 ms setup, 332 ms photons, 898 ms processing, 0 ms extra exporting [17/17 mappings]. Threads: 6.12 sec total, 1.76 sec processing.
[2017.05.30-19.45.05:391][696]LogStaticLightingSystem: Illumination: 6.63 sec (203 ms encoding lightmaps, 24 ms encoding shadowmaps)
[2017.05.30-19.45.05:391][696]LogStaticLightingSystem: Lightmap texture memory:  2.8 MB (0.2 MB streaming, 2.7 MB non-streaming), 6 textures
[2017.05.30-19.45.05:391][696]LogStaticLightingSystem: Shadowmap texture memory: 0.4 MB (0.0 MB streaming, 0.3 MB non-streaming), 2 textures
[2017.05.30-19.45.06:281][696]DumpUnbuiltLightIteractions
[2017.05.30-19.45.06:281][696]Lights with unbuilt interactions: 0
[2017.05.30-19.45.06:281][696]
[2017.05.30-19.45.06:281][696]Primitives with unbuilt interactions: 0
[2017.05.30-19.45.06:359][697]Cmd: MAP CHECK NOTIFYRESULTS
[2017.05.30-19.45.06:360][697]MapCheck: New page: SideScrollerExampleMap - May 30, 2017, 11:45:06 AM
[2017.05.30-19.45.06:409][697]MapCheck: Info Map check complete: 0 Error(s), 0 Warning(s), took 49.102ms to complete.
[2017.05.30-19.45.09:789][ 43]LogTemp: Repeting last play command: Selected Viewport
[2017.05.30-19.45.09:808][ 43]LogBlueprintUserMessages: Early PlayInEditor Detection: Level '/Game/SideScrollerBP/Maps/SideScrollerExampleMap.SideScrollerExampleMap:PersistentLevel' has LevelScriptBlueprint '/Game/SideScrollerBP/Maps/SideScrollerExampleMap.SideScrollerExampleMap:PersistentLevel.SideScrollerExampleMap' with GeneratedClass '/Game/SideScrollerBP/Maps/SideScrollerExampleMap.SideScrollerExampleMap_C' with ClassGeneratedBy '/Game/SideScrollerBP/Maps/SideScrollerExampleMap.SideScrollerExampleMap:PersistentLevel.SideScrollerExampleMap'
[2017.05.30-19.45.09:808][ 43]LogPlayLevel: PlayLevel: No blueprints needed recompiling
[2017.05.30-19.45.09:808][ 43]PIE: New page: PIE session: SideScrollerExampleMap (May 30, 2017, 11:45:09 AM)
[2017.05.30-19.45.09:808][ 43]LogPlayLevel: Creating play world package: /Game/SideScrollerBP/Maps/UEDPIE_0_SideScrollerExampleMap
[2017.05.30-19.45.09:824][ 43]LogPlayLevel: PIE: StaticDuplicateObject took: (0.016326s)
[2017.05.30-19.45.09:825][ 43]LogAIModule: Creating AISystem for world SideScrollerExampleMap
[2017.05.30-19.45.09:825][ 43]LogPlayLevel: PIE: World Init took: (0.000958s)
[2017.05.30-19.45.09:825][ 43]LogPlayLevel: PIE: Created PIE world by copying editor world from /Game/SideScrollerBP/Maps/SideScrollerExampleMap.SideScrollerExampleMap to /Game/SideScrollerBP/Maps/UEDPIE_0_SideScrollerExampleMap.SideScrollerExampleMap (0.017536s)
[2017.05.30-19.45.09:848][ 43]LogInit: XAudio2 using 'Speakers (5- Logitech G930 Gaming Headset)' : 8 channels at 48 kHz using 16 bits per sample (channel mask 0x63f)
[2017.05.30-19.45.09:865][ 43]LogInit: FAudioDevice initialized.
[2017.05.30-19.45.09:894][ 43]LogLoad: Game class is 'SideScrollerGameMode_C'
[2017.05.30-19.45.09:898][ 43]LogWorld: Bringing World /Game/SideScrollerBP/Maps/UEDPIE_0_SideScrollerExampleMap.SideScrollerExampleMap up for play (max tick rate 0) at 2017.05.30-15.45.09
[2017.05.30-19.45.09:898][ 43]LogWorld: Bringing up level for play took: 0.002855
[2017.05.30-19.45.09:899][ 43]PIE: Info Play in editor start time for /Game/SideScrollerBP/Maps/UEDPIE_0_SideScrollerExampleMap 1
[2017.05.30-19.45.09:900][ 43]LogBlueprintUserMessages: Late PlayInEditor Detection: Level '/Game/SideScrollerBP/Maps/SideScrollerExampleMap.SideScrollerExampleMap:PersistentLevel' has LevelScriptBlueprint '/Game/SideScrollerBP/Maps/SideScrollerExampleMap.SideScrollerExampleMap:PersistentLevel.SideScrollerExampleMap' with GeneratedClass '/Game/SideScrollerBP/Maps/SideScrollerExampleMap.SideScrollerExampleMap_C' with ClassGeneratedBy '/Game/SideScrollerBP/Maps/SideScrollerExampleMap.SideScrollerExampleMap:PersistentLevel.SideScrollerExampleMap'
[2017.05.30-19.45.19:475][175]LogCharacterMovement: SideScrollerCharacter_78 is stuck and failed to move! Velocity: X=0.63 Y=0.00 Z=0.00 Location: X=1471.52 Y=178.58 Z=214.15 Normal: X=-0.53 Y=-0.82 Z=-0.21 PenetrationDepth:0.066 Actor:Tombstone4_DM_5 Component:DestructibleComponent0 BoneName:Part04 (0 other events since notify)
[2017.05.30-19.45.21:509][419]LogCharacterMovement: SideScrollerCharacter_78 is stuck and failed to move! Velocity: X=13.84 Y=9.99 Z=0.00 Location: X=1438.53 Y=178.52 Z=214.15 Normal: X=-0.62 Y=-0.79 Z=-0.00 PenetrationDepth:0.003 Actor:Tombstone4_DM_5 Component:DestructibleComponent0 BoneName:Part02 (5 other events since notify)
[2017.05.30-19.45.53:978][304]LogBlueprintUserMessages: Early EndPlayMap Detection: Level '/Game/SideScrollerBP/Maps/SideScrollerExampleMap.SideScrollerExampleMap:PersistentLevel' has LevelScriptBlueprint '/Game/SideScrollerBP/Maps/SideScrollerExampleMap.SideScrollerExampleMap:PersistentLevel.SideScrollerExampleMap' with GeneratedClass '/Game/SideScrollerBP/Maps/SideScrollerExampleMap.SideScrollerExampleMap_C' with ClassGeneratedBy '/Game/SideScrollerBP/Maps/SideScrollerExampleMap.SideScrollerExampleMap:PersistentLevel.SideScrollerExampleMap'
[2017.05.30-19.45.54:021][304]LogBlueprintUserMessages: Late EndPlayMap Detection: Level '/Game/SideScrollerBP/Maps/SideScrollerExampleMap.SideScrollerExampleMap:PersistentLevel' has LevelScriptBlueprint '/Game/SideScrollerBP/Maps/SideScrollerExampleMap.SideScrollerExampleMap:PersistentLevel.SideScrollerExampleMap' with GeneratedClass '/Game/SideScrollerBP/Maps/SideScrollerExampleMap.SideScrollerExampleMap_C' with ClassGeneratedBy '/Game/SideScrollerBP/Maps/SideScrollerExampleMap.SideScrollerExampleMap:PersistentLevel.SideScrollerExampleMap'
[2017.05.30-19.45.55:897][509]LogTemp: Repeting last play command: Selected Viewport
[2017.05.30-19.45.55:917][509]LogBlueprintUserMessages: Early PlayInEditor Detection: Level '/Game/SideScrollerBP/Maps/SideScrollerExampleMap.SideScrollerExampleMap:PersistentLevel' has LevelScriptBlueprint '/Game/SideScrollerBP/Maps/SideScrollerExampleMap.SideScrollerExampleMap:PersistentLevel.SideScrollerExampleMap' with GeneratedClass '/Game/SideScrollerBP/Maps/SideScrollerExampleMap.SideScrollerExampleMap_C' with ClassGeneratedBy '/Game/SideScrollerBP/Maps/SideScrollerExampleMap.SideScrollerExampleMap:PersistentLevel.SideScrollerExampleMap'
[2017.05.30-19.45.55:917][509]LogPlayLevel: PlayLevel: No blueprints needed recompiling
[2017.05.30-19.45.55:917][509]PIE: New page: PIE session: SideScrollerExampleMap (May 30, 2017, 11:45:55 AM)
[2017.05.30-19.45.55:917][509]LogPlayLevel: Creating play world package: /Game/SideScrollerBP/Maps/UEDPIE_0_SideScrollerExampleMap
[2017.05.30-19.45.55:935][509]LogPlayLevel: PIE: StaticDuplicateObject took: (0.017231s)
[2017.05.30-19.45.55:936][509]LogAIModule: Creating AISystem for world SideScrollerExampleMap
[2017.05.30-19.45.55:936][509]LogPlayLevel: PIE: World Init took: (0.000994s)
[2017.05.30-19.45.55:936][509]LogPlayLevel: PIE: Created PIE world by copying editor world from /Game/SideScrollerBP/Maps/SideScrollerExampleMap.SideScrollerExampleMap to /Game/SideScrollerBP/Maps/UEDPIE_0_SideScrollerExampleMap.SideScrollerExampleMap (0.018498s)
[2017.05.30-19.45.55:965][509]LogInit: XAudio2 using 'Speakers (5- Logitech G930 Gaming Headset)' : 8 channels at 48 kHz using 16 bits per sample (channel mask 0x63f)
[2017.05.30-19.45.55:980][509]LogInit: FAudioDevice initialized.
[2017.05.30-19.45.56:011][509]LogLoad: Game class is 'SideScrollerGameMode_C'
[2017.05.30-19.45.56:014][509]LogWorld: Bringing World /Game/SideScrollerBP/Maps/UEDPIE_0_SideScrollerExampleMap.SideScrollerExampleMap up for play (max tick rate 0) at 2017.05.30-15.45.56
[2017.05.30-19.45.56:015][509]LogWorld: Bringing up level for play took: 0.002617
[2017.05.30-19.45.56:016][509]PIE: Info Play in editor start time for /Game/SideScrollerBP/Maps/UEDPIE_0_SideScrollerExampleMap -0.883
[2017.05.30-19.45.56:016][509]LogBlueprintUserMessages: Late PlayInEditor Detection: Level '/Game/SideScrollerBP/Maps/SideScrollerExampleMap.SideScrollerExampleMap:PersistentLevel' has LevelScriptBlueprint '/Game/SideScrollerBP/Maps/SideScrollerExampleMap.SideScrollerExampleMap:PersistentLevel.SideScrollerExampleMap' with GeneratedClass '/Game/SideScrollerBP/Maps/SideScrollerExampleMap.SideScrollerExampleMap_C' with ClassGeneratedBy '/Game/SideScrollerBP/Maps/SideScrollerExampleMap.SideScrollerExampleMap:PersistentLevel.SideScrollerExampleMap'
[2017.05.30-19.47.04:042][616]LogBlueprintUserMessages: Early EndPlayMap Detection: Level '/Game/SideScrollerBP/Maps/SideScrollerExampleMap.SideScrollerExampleMap:PersistentLevel' has LevelScriptBlueprint '/Game/SideScrollerBP/Maps/SideScrollerExampleMap.SideScrollerExampleMap:PersistentLevel.SideScrollerExampleMap' with GeneratedClass '/Game/SideScrollerBP/Maps/SideScrollerExampleMap.SideScrollerExampleMap_C' with ClassGeneratedBy '/Game/SideScrollerBP/Maps/SideScrollerExampleMap.SideScrollerExampleMap:PersistentLevel.SideScrollerExampleMap'
[2017.05.30-19.47.04:094][616]LogBlueprintUserMessages: Late EndPlayMap Detection: Level '/Game/SideScrollerBP/Maps/SideScrollerExampleMap.SideScrollerExampleMap:PersistentLevel' has LevelScriptBlueprint '/Game/SideScrollerBP/Maps/SideScrollerExampleMap.SideScrollerExampleMap:PersistentLevel.SideScrollerExampleMap' with GeneratedClass '/Game/SideScrollerBP/Maps/SideScrollerExampleMap.SideScrollerExampleMap_C' with ClassGeneratedBy '/Game/SideScrollerBP/Maps/SideScrollerExampleMap.SideScrollerExampleMap:PersistentLevel.SideScrollerExampleMap'
[2017.05.30-19.47.23:688][780]LogTemp: Repeting last play command: Selected Viewport
[2017.05.30-19.47.23:709][780]LogBlueprintUserMessages: Early PlayInEditor Detection: Level '/Game/SideScrollerBP/Maps/SideScrollerExampleMap.SideScrollerExampleMap:PersistentLevel' has LevelScriptBlueprint '/Game/SideScrollerBP/Maps/SideScrollerExampleMap.SideScrollerExampleMap:PersistentLevel.SideScrollerExampleMap' with GeneratedClass '/Game/SideScrollerBP/Maps/SideScrollerExampleMap.SideScrollerExampleMap_C' with ClassGeneratedBy '/Game/SideScrollerBP/Maps/SideScrollerExampleMap.SideScrollerExampleMap:PersistentLevel.SideScrollerExampleMap'
[2017.05.30-19.47.23:709][780]LogPlayLevel: PlayLevel: No blueprints needed recompiling
[2017.05.30-19.47.23:709][780]PIE: New page: PIE session: SideScrollerExampleMap (May 30, 2017, 11:47:23 AM)
[2017.05.30-19.47.23:709][780]LogPlayLevel: Creating play world package: /Game/SideScrollerBP/Maps/UEDPIE_0_SideScrollerExampleMap
[2017.05.30-19.47.23:726][780]LogPlayLevel: PIE: StaticDuplicateObject took: (0.017378s)
[2017.05.30-19.47.23:727][780]LogAIModule: Creating AISystem for world SideScrollerExampleMap
[2017.05.30-19.47.23:727][780]LogPlayLevel: PIE: World Init took: (0.000948s)
[2017.05.30-19.47.23:727][780]LogPlayLevel: PIE: Created PIE world by copying editor world from /Game/SideScrollerBP/Maps/SideScrollerExampleMap.SideScrollerExampleMap to /Game/SideScrollerBP/Maps/UEDPIE_0_SideScrollerExampleMap.SideScrollerExampleMap (0.018592s)
[2017.05.30-19.47.23:754][780]LogInit: XAudio2 using 'Speakers (5- Logitech G930 Gaming Headset)' : 8 channels at 48 kHz using 16 bits per sample (channel mask 0x63f)
[2017.05.30-19.47.23:769][780]LogInit: FAudioDevice initialized.
[2017.05.30-19.47.23:802][780]LogLoad: Game class is 'SideScrollerGameMode_C'
[2017.05.30-19.47.23:805][780]LogWorld: Bringing World /Game/SideScrollerBP/Maps/UEDPIE_0_SideScrollerExampleMap.SideScrollerExampleMap up for play (max tick rate 0) at 2017.05.30-15.47.23
[2017.05.30-19.47.23:806][780]LogWorld: Bringing up level for play took: 0.002795
[2017.05.30-19.47.23:807][780]PIE: Info Play in editor start time for /Game/SideScrollerBP/Maps/UEDPIE_0_SideScrollerExampleMap 0.908
[2017.05.30-19.47.23:807][780]LogBlueprintUserMessages: Late PlayInEditor Detection: Level '/Game/SideScrollerBP/Maps/SideScrollerExampleMap.SideScrollerExampleMap:PersistentLevel' has LevelScriptBlueprint '/Game/SideScrollerBP/Maps/SideScrollerExampleMap.SideScrollerExampleMap:PersistentLevel.SideScrollerExampleMap' with GeneratedClass '/Game/SideScrollerBP/Maps/SideScrollerExampleMap.SideScrollerExampleMap_C' with ClassGeneratedBy '/Game/SideScrollerBP/Maps/SideScrollerExampleMap.SideScrollerExampleMap:PersistentLevel.SideScrollerExampleMap'
[2017.05.30-19.48.41:088][998]LogCharacterMovement: SideScrollerCharacter_78 is stuck and failed to move! Velocity: X=-13.01 Y=11.04 Z=0.00 Location: X=1542.02 Y=178.52 Z=214.15 Normal: X=0.66 Y=-0.74 Z=0.15 PenetrationDepth:0.468 Actor:Tombstone4_DM_5 Component:DestructibleComponent0 BoneName:Part01 (0 other events since notify)
[2017.05.30-19.49.02:545][551]LogCharacterMovement: SideScrollerCharacter_78 is stuck and failed to move! Velocity: X=10.92 Y=13.12 Z=0.00 Location: X=1485.80 Y=178.50 Z=216.25 Normal: X=-0.64 Y=-0.77 Z=0.06 PenetrationDepth:0.003 Actor:Tombstone4_DM_5 Component:DestructibleComponent0 BoneName:Part01 (2 other events since notify)
[2017.05.30-19.52.07:960][714]LogCharacterMovement: SideScrollerCharacter_78 is stuck and failed to move! Velocity: X=-16.93 Y=2.13 Z=0.00 Location: X=1542.11 Y=178.57 Z=214.15 Normal: X=0.65 Y=-0.74 Z=0.15 PenetrationDepth:0.451 Actor:Tombstone4_DM_5 Component:DestructibleComponent0 BoneName:Part01 (1 other events since notify)
[2017.05.30-20.45.20:848][ 25]LogBlueprintUserMessages: Early EndPlayMap Detection: Level '/Game/SideScrollerBP/Maps/SideScrollerExampleMap.SideScrollerExampleMap:PersistentLevel' has LevelScriptBlueprint '/Game/SideScrollerBP/Maps/SideScrollerExampleMap.SideScrollerExampleMap:PersistentLevel.SideScrollerExampleMap' with GeneratedClass '/Game/SideScrollerBP/Maps/SideScrollerExampleMap.SideScrollerExampleMap_C' with ClassGeneratedBy '/Game/SideScrollerBP/Maps/SideScrollerExampleMap.SideScrollerExampleMap:PersistentLevel.SideScrollerExampleMap'
[2017.05.30-20.45.20:877][ 25]LogBlueprintUserMessages: Late EndPlayMap Detection: Level '/Game/SideScrollerBP/Maps/SideScrollerExampleMap.SideScrollerExampleMap:PersistentLevel' has LevelScriptBlueprint '/Game/SideScrollerBP/Maps/SideScrollerExampleMap.SideScrollerExampleMap:PersistentLevel.SideScrollerExampleMap' with GeneratedClass '/Game/SideScrollerBP/Maps/SideScrollerExampleMap.SideScrollerExampleMap_C' with ClassGeneratedBy '/Game/SideScrollerBP/Maps/SideScrollerExampleMap.SideScrollerExampleMap:PersistentLevel.SideScrollerExampleMap'
[2017.05.30-20.45.21:021][ 26]Cmd: QUIT_EDITOR
[2017.05.30-20.45.21:757][ 26]LogWindowsTextInputMethodSystem:Display: IME system now deactivated.
[2017.05.30-20.45.21:782][ 26]LogExit: Preparing to exit.
[2017.05.30-20.45.22:247][ 26]LogDirectoryWatcher: A directory notification for 'C:/SVN/SkaGame2/SkaGame/Content/' was aborted.
[2017.05.30-20.45.22:268][ 26]LogExit: Editor shut down
[2017.05.30-20.45.22:268][ 26]LogExit: Transaction tracking system shut down
[2017.05.30-20.45.22:324][ 26]LogObj: Freed 0b from 0 cluster array pools.
[2017.05.30-20.45.22:324][ 26]LogExit: Object subsystem successfully closed.
[2017.05.30-20.45.22:333][ 26]LogD3D11RHI: Shutdown
[2017.05.30-20.45.22:333][ 26]LogD3D11RHI: CleanupD3DDevice
[2017.05.30-20.45.22:410][ 26]LogD3D11RHI: ~FD3D11DynamicRHI
[2017.05.30-20.45.22:424][ 26]LogModuleManager: Shutting down and abandoning module MovieSceneCapture (500)
[2017.05.30-20.45.22:424][ 26]LogModuleManager: Shutting down and abandoning module HierarchicalLODOutliner (498)
[2017.05.30-20.45.22:424][ 26]LogModuleManager: Shutting down and abandoning module CrashTracker (496)
[2017.05.30-20.45.22:424][ 26]LogModuleManager: Shutting down and abandoning module SceneOutliner (494)
[2017.05.30-20.45.22:424][ 26]LogModuleManager: Shutting down and abandoning module AddContentDialog (492)
[2017.05.30-20.45.22:425][ 26]LogDirectoryWatcher: A directory notification for 'C:/Program Files/Epic Games/UE_4.15/FeaturePacks/' was aborted.
[2017.05.30-20.45.22:427][ 26]LogModuleManager: Shutting down and abandoning module WidgetCarousel (491)
[2017.05.30-20.45.22:427][ 26]LogModuleManager: Shutting down and abandoning module EditorWidgets (488)
[2017.05.30-20.45.22:427][ 26]LogModuleManager: Shutting down and abandoning module CollectionManager (486)
[2017.05.30-20.45.22:427][ 26]LogDirectoryWatcher: A directory notification for 'C:/SVN/SkaGame2/SkaGame/Content/Collections/' was aborted.
[2017.05.30-20.45.22:427][ 26]LogDirectoryWatcher: A directory notification for 'C:/SVN/SkaGame2/SkaGame/Content/Developers/Ethan/Collections/' was aborted.
[2017.05.30-20.45.22:427][ 26]LogDirectoryWatcher: A directory notification for 'C:/SVN/SkaGame2/SkaGame/Saved/Collections/' was aborted.
[2017.05.30-20.45.22:427][ 26]LogModuleManager: Shutting down and abandoning module StatsViewer (484)
[2017.05.30-20.45.22:427][ 26]LogModuleManager: Shutting down and abandoning module FoliageEdit (482)
[2017.05.30-20.45.22:427][ 26]LogModuleManager: Shutting down and abandoning module LandscapeEditor (480)
[2017.05.30-20.45.22:427][ 26]LogModuleManager: Shutting down and abandoning module SceneDepthPickerMode (478)
[2017.05.30-20.45.22:427][ 26]LogModuleManager: Shutting down and abandoning module ActorPickerMode (476)
[2017.05.30-20.45.22:427][ 26]LogModuleManager: Shutting down and abandoning module GeometryMode (474)
[2017.05.30-20.45.22:428][ 26]LogModuleManager: Shutting down and abandoning module TextureAlignMode (472)
[2017.05.30-20.45.22:428][ 26]LogModuleManager: Shutting down and abandoning module BspMode (470)
[2017.05.30-20.45.22:428][ 26]LogModuleManager: Shutting down and abandoning module HardwareSurvey (468)
[2017.05.30-20.45.22:428][ 26]LogModuleManager: Shutting down and abandoning module SequenceRecorderSections (466)
[2017.05.30-20.45.22:428][ 26]LogModuleManager: Shutting down and abandoning module AutomationWorker (464)
[2017.05.30-20.45.22:428][ 26]LogModuleManager: Shutting down and abandoning module MatineeToLevelSequence (462)
[2017.05.30-20.45.22:428][ 26]LogModuleManager: Shutting down and abandoning module LevelSequenceEditor (460)
[2017.05.30-20.45.22:428][ 26]LogModuleManager: Shutting down and abandoning module PlacementMode (459)
[2017.05.30-20.45.22:428][ 26]LogModuleManager: Shutting down and abandoning module WmfMediaFactory (456)
[2017.05.30-20.45.22:428][ 26]LogModuleManager: Shutting down and abandoning module WmfMediaEditor (454)
[2017.05.30-20.45.22:428][ 26]LogModuleManager: Shutting down and abandoning module MfMediaFactory (452)
[2017.05.30-20.45.22:428][ 26]LogModuleManager: Shutting down and abandoning module MfMediaEditor (450)
[2017.05.30-20.45.22:428][ 26]LogModuleManager: Shutting down and abandoning module AvfMediaFactory (448)
[2017.05.30-20.45.22:428][ 26]LogModuleManager: Shutting down and abandoning module AvfMediaEditor (446)
[2017.05.30-20.45.22:428][ 26]LogModuleManager: Shutting down and abandoning module AndroidMediaFactory (444)
[2017.05.30-20.45.22:428][ 26]LogModuleManager: Shutting down and abandoning module Media (443)
[2017.05.30-20.45.22:428][ 26]LogModuleManager: Shutting down and abandoning module AndroidMediaEditor (440)
[2017.05.30-20.45.22:428][ 26]LogModuleManager: Shutting down and abandoning module CharacterAI (438)
[2017.05.30-20.45.22:428][ 26]LogModuleManager: Shutting down and abandoning module AudioCapture (436)
[2017.05.30-20.45.22:428][ 26]LogModuleManager: Shutting down and abandoning module SequenceRecorder (435)
[2017.05.30-20.45.22:428][ 26]LogModuleManager: Shutting down and abandoning module SmartSnapping (432)
[2017.05.30-20.45.22:428][ 26]LogModuleManager: Shutting down and abandoning module SessionServices (430)
[2017.05.30-20.45.22:428][ 26]LogModuleManager: Shutting down and abandoning module ViewportSnapping (428)
[2017.05.30-20.45.22:428][ 26]LogModuleManager: Shutting down and abandoning module ViewportInteraction (426)
[2017.05.30-20.45.22:428][ 26]LogModuleManager: Shutting down and abandoning module LogVisualizer (424)
[2017.05.30-20.45.22:428][ 26]LogModuleManager: Shutting down and abandoning module IntroTutorials (422)
[2017.05.30-20.45.22:428][ 26]LogModuleManager: Shutting down and abandoning module GameProjectGeneration (421)
[2017.05.30-20.45.22:428][ 26]LogModuleManager: Shutting down and abandoning module EditorLiveStreaming (418)
[2017.05.30-20.45.22:428][ 26]LogModuleManager: Shutting down and abandoning module IOSPlatformEditor (416)
[2017.05.30-20.45.22:428][ 26]LogModuleManager: Shutting down and abandoning module HTML5PlatformEditor (414)
[2017.05.30-20.45.22:428][ 26]LogModuleManager: Shutting down and abandoning module AndroidPlatformEditor (412)
[2017.05.30-20.45.22:428][ 26]LogModuleManager: Shutting down and abandoning module AndroidDeviceDetection (411)
[2017.05.30-20.45.22:441][ 26]LogModuleManager: Shutting down and abandoning module IOSRuntimeSettings (408)
[2017.05.30-20.45.22:441][ 26]LogModuleManager: Shutting down and abandoning module AndroidRuntimeSettings (406)
[2017.05.30-20.45.22:441][ 26]LogModuleManager: Shutting down and abandoning module InputBindingEditor (404)
[2017.05.30-20.45.22:441][ 26]LogModuleManager: Shutting down and abandoning module NiagaraEditor (402)
[2017.05.30-20.45.22:441][ 26]LogModuleManager: Shutting down and abandoning module MergeActors (400)
[2017.05.30-20.45.22:441][ 26]LogModuleManager: Shutting down and abandoning module SizeMap (398)
[2017.05.30-20.45.22:441][ 26]LogModuleManager: Shutting down and abandoning module TreeMap (396)
[2017.05.30-20.45.22:441][ 26]LogModuleManager: Shutting down and abandoning module ReferenceViewer (394)
[2017.05.30-20.45.22:441][ 26]LogModuleManager: Shutting down and abandoning module LocalizationDashboard (392)
[2017.05.30-20.45.22:441][ 26]LogModuleManager: Shutting down and abandoning module LocalizationService (391)
[2017.05.30-20.45.22:441][ 26]LogModuleManager: Shutting down and abandoning module HardwareTargeting (388)
[2017.05.30-20.45.22:441][ 26]LogModuleManager: Shutting down and abandoning module DeviceProfileEditor (386)
[2017.05.30-20.45.22:441][ 26]LogModuleManager: Shutting down and abandoning module UndoHistory (384)
[2017.05.30-20.45.22:441][ 26]LogModuleManager: Shutting down and abandoning module UserFeedback (382)
[2017.05.30-20.45.22:441][ 26]LogModuleManager: Shutting down and abandoning module XmlParser (380)
[2017.05.30-20.45.22:441][ 26]LogModuleManager: Shutting down and abandoning module Blutility (378)
[2017.05.30-20.45.22:441][ 26]LogModuleManager: Shutting down and abandoning module ProjectSettingsViewer (376)
[2017.05.30-20.45.22:441][ 26]LogModuleManager: Shutting down and abandoning module ProjectTargetPlatformEditor (375)
[2017.05.30-20.45.22:441][ 26]LogModuleManager: Shutting down and abandoning module EditorSettingsViewer (372)
[2017.05.30-20.45.22:441][ 26]LogModuleManager: Shutting down and abandoning module SettingsEditor (370)
[2017.05.30-20.45.22:441][ 26]LogModuleManager: Shutting down and abandoning module ProjectLauncher (368)
[2017.05.30-20.45.22:441][ 26]LogModuleManager: Shutting down and abandoning module SessionFrontend (366)
[2017.05.30-20.45.22:441][ 26]LogModuleManager: Shutting down and abandoning module ProfilerClient (364)
[2017.05.30-20.45.22:441][ 26]LogModuleManager: Shutting down and abandoning module DeviceManager (362)
[2017.05.30-20.45.22:441][ 26]LogModuleManager: Shutting down and abandoning module TargetDeviceServices (361)
[2017.05.30-20.45.22:483][ 26]LogModuleManager: Shutting down and abandoning module AutomationController (358)
[2017.05.30-20.45.22:483][ 26]LogModuleManager: Shutting down and abandoning module AutomationWindow (356)
[2017.05.30-20.45.22:483][ 26]LogModuleManager: Shutting down and abandoning module Layers (354)
[2017.05.30-20.45.22:483][ 26]LogModuleManager: Shutting down and abandoning module ComponentVisualizers (352)
[2017.05.30-20.45.22:483][ 26]LogModuleManager: Shutting down and abandoning module DetailCustomizations (350)
[2017.05.30-20.45.22:483][ 26]LogModuleManager: Shutting down and abandoning module PackagesDialog (348)
[2017.05.30-20.45.22:483][ 26]LogModuleManager: Shutting down and abandoning module Persona (346)
[2017.05.30-20.45.22:484][ 26]LogModuleManager: Shutting down and abandoning module AnimGraph (345)
[2017.05.30-20.45.22:484][ 26]LogModuleManager: Shutting down and abandoning module Kismet (342)
[2017.05.30-20.45.22:484][ 26]LogModuleManager: Shutting down and abandoning module GraphEditor (340)
[2017.05.30-20.45.22:484][ 26]LogModuleManager: Shutting down and abandoning module ClassViewer (338)
[2017.05.30-20.45.22:484][ 26]LogModuleManager: Shutting down and abandoning module Toolbox (336)
[2017.05.30-20.45.22:484][ 26]LogModuleManager: Shutting down and abandoning module ModuleUI (334)
[2017.05.30-20.45.22:484][ 26]LogModuleManager: Shutting down and abandoning module MovieSceneTools (332)
[2017.05.30-20.45.22:484][ 26]LogModuleManager: Shutting down and abandoning module OutputLog (330)
[2017.05.30-20.45.22:484][ 26]LogModuleManager: Shutting down and abandoning module GammaUI (328)
[2017.05.30-20.45.22:484][ 26]LogModuleManager: Shutting down and abandoning module Documentation (326)
[2017.05.30-20.45.22:484][ 26]LogModuleManager: Shutting down and abandoning module Niagara (324)
[2017.05.30-20.45.22:484][ 26]LogModuleManager: Shutting down and abandoning module StreamingPauseRendering (322)
[2017.05.30-20.45.22:484][ 26]LogModuleManager: Shutting down and abandoning module AnalyticsET (320)
[2017.05.30-20.45.22:484][ 26]LogModuleManager: Shutting down and abandoning module PortalServices (318)
[2017.05.30-20.45.22:484][ 26]LogModuleManager: Shutting down and abandoning module PortalRpc (316)
[2017.05.30-20.45.22:484][ 26]LogModuleManager: Shutting down and abandoning module MessagingRpc (314)
[2017.05.30-20.45.22:484][ 26]LogModuleManager: Shutting down and abandoning module AIModule (312)
[2017.05.30-20.45.22:484][ 26]LogModuleManager: Shutting down and abandoning module GameplayDebugger (311)
[2017.05.30-20.45.22:484][ 26]LogModuleManager: Shutting down and abandoning module AITestSuite (309)
[2017.05.30-20.45.22:484][ 26]LogModuleManager: Shutting down and abandoning module ProfilerService (306)
[2017.05.30-20.45.22:694][ 26]LogModuleManager: Shutting down and abandoning module TaskGraph (304)
[2017.05.30-20.45.22:694][ 26]LogModuleManager: Shutting down and abandoning module SteamVRController (302)
[2017.05.30-20.45.22:694][ 26]LogModuleManager: Shutting down and abandoning module SteamVR (300)
[2017.05.30-20.45.22:694][ 26]LogModuleManager: Shutting down and abandoning module ProceduralMeshComponentEditor (298)
[2017.05.30-20.45.22:694][ 26]LogModuleManager: Shutting down and abandoning module ProceduralMeshComponent (296)
[2017.05.30-20.45.22:694][ 26]LogModuleManager: Shutting down and abandoning module OculusLibrary (294)
[2017.05.30-20.45.22:694][ 26]LogModuleManager: Shutting down and abandoning module OculusInput (292)
[2017.05.30-20.45.22:694][ 26]LogModuleManager: Shutting down and abandoning module MobilePatchingUtils (290)
[2017.05.30-20.45.22:694][ 26]LogModuleManager: Shutting down and abandoning module CustomMeshComponent (288)
[2017.05.30-20.45.22:694][ 26]LogModuleManager: Shutting down and abandoning module CableComponent (286)
[2017.05.30-20.45.22:694][ 26]LogModuleManager: Shutting down and abandoning module ArchVisCharacter (284)
[2017.05.30-20.45.22:694][ 26]LogModuleManager: Shutting down and abandoning module MediaPlayerEditor (280)
[2017.05.30-20.45.22:694][ 26]LogModuleManager: Shutting down and abandoning module HTML5Networking (278)
[2017.05.30-20.45.22:694][ 26]LogModuleManager: Shutting down and abandoning module AlembicImporter (276)
[2017.05.30-20.45.22:694][ 26]LogModuleManager: Shutting down and abandoning module AlembicLibrary (275)
[2017.05.30-20.45.22:694][ 26]LogModuleManager: Shutting down and abandoning module GeometryCache (274)
[2017.05.30-20.45.22:694][ 26]LogModuleManager: Shutting down and abandoning module GeometryCacheEd (273)
[2017.05.30-20.45.22:694][ 26]LogModuleManager: Shutting down and abandoning module SuperSearchEditor (268)
[2017.05.30-20.45.22:694][ 26]LogModuleManager: Shutting down and abandoning module SuperSearch (267)
[2017.05.30-20.45.22:694][ 26]LogModuleManager: Shutting down and abandoning module SpeedTreeImporter (264)
[2017.05.30-20.45.22:694][ 26]LogModuleManager: Shutting down and abandoning module PluginBrowser (262)
[2017.05.30-20.45.22:694][ 26]LogModuleManager: Shutting down and abandoning module MobileLauncherProfileWizard (260)
[2017.05.30-20.45.22:694][ 26]LogModuleManager: Shutting down and abandoning module EpicSurvey (258)
[2017.05.30-20.45.22:694][ 26]LogModuleManager: Shutting down and abandoning module VisualStudioSourceCodeAccess (256)
[2017.05.30-20.45.22:694][ 26]LogModuleManager: Shutting down and abandoning module DesktopPlatform (255)
[2017.05.30-20.45.22:694][ 26]LogModuleManager: Shutting down and abandoning module UObjectPlugin (252)
[2017.05.30-20.45.22:694][ 26]LogModuleManager: Shutting down and abandoning module SubversionSourceControl (250)
[2017.05.30-20.45.22:694][ 26]LogModuleManager: Shutting down and abandoning module PerforceSourceControl (248)
[2017.05.30-20.45.22:694][ 26]LogModuleManager: Shutting down and abandoning module GitSourceControl (246)
[2017.05.30-20.45.22:694][ 26]LogModuleManager: Shutting down and abandoning module SourceControl (245)
[2017.05.30-20.45.22:694][ 26]LogModuleManager: Shutting down and abandoning module LightPropagationVolumeEditor (242)
[2017.05.30-20.45.22:694][ 26]LogModuleManager: Shutting down and abandoning module PaperTiledImporter (240)
[2017.05.30-20.45.22:694][ 26]LogModuleManager: Shutting down and abandoning module PaperSpriteSheetImporter (238)
[2017.05.30-20.45.22:694][ 26]LogModuleManager: Shutting down and abandoning module Paper2DEditor (236)
[2017.05.30-20.45.22:694][ 26]LogModuleManager: Shutting down and abandoning module MeshPaint (235)
[2017.05.30-20.45.22:694][ 26]LogModuleManager: Shutting down and abandoning module LevelEditor (233)
[2017.05.30-20.45.22:695][ 26]LogModuleManager: Shutting down and abandoning module PixelInspectorModule (232)
[2017.05.30-20.45.22:695][ 26]LogModuleManager: Shutting down and abandoning module MainFrame (230)
[2017.05.30-20.45.22:695][ 26]LogModuleManager: Shutting down and abandoning module HotReload (229)
[2017.05.30-20.45.22:695][ 26]LogModuleManager: Shutting down and abandoning module ContentBrowser (225)
[2017.05.30-20.45.22:696][ 26]LogModuleManager: Shutting down and abandoning module PhysXVehiclesEditor (222)
[2017.05.30-20.45.22:696][ 26]LogModuleManager: Shutting down and abandoning module PhysXVehicles (220)
[2017.05.30-20.45.22:696][ 26]LogModuleManager: Shutting down and abandoning module LocationServicesBPLibrary (218)
[2017.05.30-20.45.22:696][ 26]LogModuleManager: Shutting down and abandoning module UdpMessaging (216)
[2017.05.30-20.45.22:797][ 26]LogModuleManager: Shutting down and abandoning module TcpMessaging (214)
[2017.05.30-20.45.23:092][ 26]LogModuleManager: Shutting down and abandoning module GameplayTagsEditor (212)
[2017.05.30-20.45.23:092][ 26]LogModuleManager: Shutting down and abandoning module FacialAnimationEditor (210)
[2017.05.30-20.45.23:092][ 26]LogModuleManager: Shutting down and abandoning module FacialAnimation (208)
[2017.05.30-20.45.23:092][ 26]LogModuleManager: Shutting down and abandoning module LightPropagationVolumeRuntime (206)
[2017.05.30-20.45.23:092][ 26]LogModuleManager: Shutting down and abandoning module Paper2D (204)
[2017.05.30-20.45.23:092][ 26]LogModuleManager: Shutting down and abandoning module WindowsMoviePlayer (202)
[2017.05.30-20.45.23:092][ 26]LogModuleManager: Shutting down and abandoning module WmfMedia (200)
[2017.05.30-20.45.23:092][ 26]LogModuleManager: Shutting down and abandoning module MfMedia (198)
[2017.05.30-20.45.23:092][ 26]LogModuleManager: Shutting down and abandoning module MediaAssets (196)
[2017.05.30-20.45.23:092][ 26]LogModuleManager: Shutting down and abandoning module GameLiveStreaming (194)
[2017.05.30-20.45.23:092][ 26]LogModuleManager: Shutting down and abandoning module VREditor (192)
[2017.05.30-20.45.23:092][ 26]LogModuleManager: Shutting down and abandoning module GameplayTasksEditor (190)
[2017.05.30-20.45.23:092][ 26]LogModuleManager: Shutting down and abandoning module BehaviorTreeEditor (188)
[2017.05.30-20.45.23:092][ 26]LogModuleManager: Shutting down and abandoning module FunctionalTesting (186)
[2017.05.30-20.45.23:092][ 26]LogModuleManager: Shutting down and abandoning module CollisionAnalyzer (184)
[2017.05.30-20.45.23:093][ 26]LogModuleManager: Shutting down and abandoning module UMG (182)
[2017.05.30-20.45.23:093][ 26]LogModuleManager: Shutting down and abandoning module UMGEditor (181)
[2017.05.30-20.45.23:093][ 26]LogModuleManager: Shutting down and abandoning module Sequencer (180)
[2017.05.30-20.45.23:093][ 26]LogModuleManager: Shutting down and abandoning module AssetTools (178)
[2017.05.30-20.45.23:093][ 26]LogModuleManager: Shutting down and abandoning module MessageLog (177)
[2017.05.30-20.45.23:093][ 26]LogModuleManager: Shutting down and abandoning module WorkspaceMenuStructure (176)
[2017.05.30-20.45.23:093][ 26]LogModuleManager: Shutting down and abandoning module SlateReflector (170)
[2017.05.30-20.45.23:093][ 26]LogModuleManager: Shutting down and abandoning module Slate (168)
[2017.05.30-20.45.23:093][ 26]LogModuleManager: Shutting down and abandoning module EditorStyle (166)
[2017.05.30-20.45.23:095][ 26]LogModuleManager: Shutting down and abandoning module SourceCodeAccess (164)
[2017.05.30-20.45.23:095][ 26]LogModuleManager: Shutting down and abandoning module HeadMountedDisplay (162)
[2017.05.30-20.45.23:095][ 26]LogModuleManager: Shutting down and abandoning module XAudio2 (160)
[2017.05.30-20.45.23:095][ 26]LogModuleManager: Shutting down and abandoning module Networking (158)
[2017.05.30-20.45.23:095][ 26]LogModuleManager: Shutting down and abandoning module Core (154)
[2017.05.30-20.45.23:095][ 26]LogModuleManager: Shutting down and abandoning module AssetRegistry (152)
[2017.05.30-20.45.23:196][ 26]LogDirectoryWatcher: A directory notification for '../../../Engine/Content/' was aborted.
[2017.05.30-20.45.23:196][ 26]LogDirectoryWatcher: A directory notification for '../../../../../../SVN/SkaGame2/SkaGame/Content/' was aborted.
[2017.05.30-20.45.23:196][ 26]LogDirectoryWatcher: A directory notification for '../../../Engine/Plugins/2D/Paper2D/Content/' was aborted.
[2017.05.30-20.45.23:196][ 26]LogModuleManager: Shutting down and abandoning module DirectoryWatcher (151)
[2017.05.30-20.45.23:197][ 26]LogModuleManager: Shutting down and abandoning module KismetCompiler (148)
[2017.05.30-20.45.23:197][ 26]LogModuleManager: Shutting down and abandoning module PhysXFormats (146)
[2017.05.30-20.45.23:197][ 26]LogModuleManager: Shutting down and abandoning module MeshUtilities (144)
[2017.05.30-20.45.23:197][ 26]LogModuleManager: Shutting down and abandoning module SimplygonSwarm (143)
[2017.05.30-20.45.23:197][ 26]LogModuleManager: Shutting down and abandoning module SimplygonMeshReduction (141)
[2017.05.30-20.45.23:197][ 26]LogModuleManager: Shutting down and abandoning module QuadricMeshReduction (139)
[2017.05.30-20.45.23:197][ 26]LogModuleManager: Shutting down and abandoning module PropertyEditor (137)
[2017.05.30-20.45.23:197][ 26]LogModuleManager: Shutting down and abandoning module DerivedDataCache (134)
[2017.05.30-20.45.23:291][ 26]LogDerivedDataCache: Shutdown
[2017.05.30-20.45.23:291][ 26]LogModuleManager: Shutting down and abandoning module TargetPlatform (132)
[2017.05.30-20.45.23:291][ 26]LogModuleManager: Shutting down and abandoning module VulkanShaderFormat (131)
[2017.05.30-20.45.23:291][ 26]LogModuleManager: Shutting down and abandoning module ShaderFormatOpenGL (129)
[2017.05.30-20.45.23:291][ 26]LogModuleManager: Shutting down and abandoning module ShaderFormatD3D (127)
[2017.05.30-20.45.23:291][ 26]LogModuleManager: Shutting down and abandoning module MetalShaderFormat (125)
[2017.05.30-20.45.23:291][ 26]LogModuleManager: Shutting down and abandoning module TextureFormatUncompressed (123)
[2017.05.30-20.45.23:291][ 26]LogModuleManager: Shutting down and abandoning module TextureFormatPVR (121)
[2017.05.30-20.45.23:291][ 26]LogModuleManager: Shutting down and abandoning module TextureFormatDXT (119)
[2017.05.30-20.45.23:291][ 26]LogModuleManager: Shutting down and abandoning module TextureFormatIntelISPCTexComp (117)
[2017.05.30-20.45.23:291][ 26]LogModuleManager: Shutting down and abandoning module TextureFormatASTC (115)
[2017.05.30-20.45.23:291][ 26]LogModuleManager: Shutting down and abandoning module ImageWrapper (114)
[2017.05.30-20.45.23:291][ 26]LogModuleManager: Shutting down and abandoning module TextureFormatAndroid (111)
[2017.05.30-20.45.23:291][ 26]LogModuleManager: Shutting down and abandoning module AudioFormatOpus (109)
[2017.05.30-20.45.23:291][ 26]LogModuleManager: Shutting down and abandoning module AudioFormatOgg (107)
[2017.05.30-20.45.23:291][ 26]LogModuleManager: Shutting down and abandoning module AudioFormatADPCM (105)
[2017.05.30-20.45.23:291][ 26]LogModuleManager: Shutting down and abandoning module LinuxTargetPlatform (103)
[2017.05.30-20.45.23:291][ 26]LogModuleManager: Shutting down and abandoning module LinuxServerTargetPlatform (101)
[2017.05.30-20.45.23:291][ 26]LogModuleManager: Shutting down and abandoning module LinuxNoEditorTargetPlatform (99)
[2017.05.30-20.45.23:291][ 26]LogModuleManager: Shutting down and abandoning module LinuxClientTargetPlatform (97)
[2017.05.30-20.45.23:291][ 26]LogModuleManager: Shutting down and abandoning module TVOSTargetPlatform (95)
[2017.05.30-20.45.23:291][ 26]LogModuleManager: Shutting down and abandoning module Messaging (93)
[2017.05.30-20.45.23:291][ 26]LogModuleManager: Shutting down and abandoning module IOSTargetPlatform (91)
[2017.05.30-20.45.23:291][ 26]LogModuleManager: Shutting down and abandoning module HTML5TargetPlatform (89)
[2017.05.30-20.45.23:291][ 26]LogModuleManager: Shutting down and abandoning module Android_PVRTCTargetPlatform (87)
[2017.05.30-20.45.23:291][ 26]LogModuleManager: Shutting down and abandoning module Android_MultiTargetPlatform (85)
[2017.05.30-20.45.23:291][ 26]LogModuleManager: Shutting down and abandoning module Android_ETC2TargetPlatform (83)
[2017.05.30-20.45.23:291][ 26]LogModuleManager: Shutting down and abandoning module Android_ETC1TargetPlatform (81)
[2017.05.30-20.45.23:291][ 26]LogModuleManager: Shutting down and abandoning module Android_DXTTargetPlatform (79)
[2017.05.30-20.45.23:291][ 26]LogModuleManager: Shutting down and abandoning module Android_ATCTargetPlatform (77)
[2017.05.30-20.45.23:291][ 26]LogModuleManager: Shutting down and abandoning module Android_ASTCTargetPlatform (75)
[2017.05.30-20.45.23:291][ 26]LogModuleManager: Shutting down and abandoning module AndroidTargetPlatform (73)
[2017.05.30-20.45.23:291][ 26]LogModuleManager: Shutting down and abandoning module WindowsTargetPlatform (71)
[2017.05.30-20.45.23:291][ 26]LogModuleManager: Shutting down and abandoning module WindowsServerTargetPlatform (69)
[2017.05.30-20.45.23:291][ 26]LogModuleManager: Shutting down and abandoning module WindowsNoEditorTargetPlatform (67)
[2017.05.30-20.45.23:291][ 26]LogModuleManager: Shutting down and abandoning module WindowsClientTargetPlatform (65)
[2017.05.30-20.45.23:291][ 26]LogModuleManager: Shutting down and abandoning module MacTargetPlatform (63)
[2017.05.30-20.45.23:291][ 26]LogModuleManager: Shutting down and abandoning module MacServerTargetPlatform (61)
[2017.05.30-20.45.23:291][ 26]LogModuleManager: Shutting down and abandoning module MacNoEditorTargetPlatform (59)
[2017.05.30-20.45.23:291][ 26]LogModuleManager: Shutting down and abandoning module MacClientTargetPlatform (57)
[2017.05.30-20.45.23:291][ 26]LogModuleManager: Shutting down and abandoning module AllDesktopTargetPlatform (55)
[2017.05.30-20.45.23:291][ 26]LogModuleManager: Shutting down and abandoning module InputCore (52)
[2017.05.30-20.45.23:291][ 26]LogModuleManager: Shutting down and abandoning module Settings (50)
[2017.05.30-20.45.23:291][ 26]LogModuleManager: Shutting down and abandoning module OculusRift (48)
[2017.05.30-20.45.23:291][ 26]LogModuleManager: Shutting down and abandoning module GearVR (46)
[2017.05.30-20.45.23:291][ 26]LogModuleManager: Shutting down and abandoning module ExampleDeviceProfileSelector (44)
[2017.05.30-20.45.23:291][ 26]LogModuleManager: Shutting down and abandoning module OnlineBlueprintSupport (42)
[2017.05.30-20.45.23:291][ 26]LogModuleManager: Shutting down and abandoning module OnlineSubsystem (38)
[2017.05.30-20.45.23:291][ 26]LogOnline:Display: Unloading online subsystem: NULL
[2017.05.30-20.45.23:291][ 26]LogModuleManager: Shutting down and abandoning module XMPP (37)
[2017.05.30-20.45.23:291][ 26]LogModuleManager: Shutting down and abandoning module HTTP (35)
[2017.05.30-20.45.23:291][ 26]LogHttp:Display: Http module shutting down, but needs to wait on 1 outstanding Http requests:
[2017.05.30-20.45.23:291][ 26]LogHttp:Display: 	verb=[POST] url=[https://datarouter.ol.epicgames.com/datarouter/api/v1/public/data?SessionID=%7B1DBEEB9A-4BE2-64D8-7F44-F4A7116A5ABC%7D&AppID=UEEditor.Rocket.Release&AppVersion=4.15.3-3450819%2B%2B%2BUE4%2BRelease-4.15&UserID=27a260b74bf32bfc714e53b0493334c1%7C96e91b22db194cfa8006f4b66d834199%7C3dabaf2d-b3bf-48c3-a165-143585034302&AppEnvironment=datacollector-binary&UploadType=eteventstream] status=Processing
[2017.05.30-20.45.23:323][ 26]LogModuleManager: Shutting down and abandoning module SSL (34)
[2017.05.30-20.45.23:325][ 26]LogModuleManager: Shutting down and abandoning module AudioEditor (30)
[2017.05.30-20.45.23:325][ 26]LogModuleManager: Shutting down and abandoning module TextureCompressor (28)
[2017.05.30-20.45.23:325][ 26]LogModuleManager: Shutting down and abandoning module ShaderCore (26)
[2017.05.30-20.45.23:325][ 26]LogModuleManager: Shutting down and abandoning module Landscape (24)
[2017.05.30-20.45.23:325][ 26]LogModuleManager: Shutting down and abandoning module SlateRHIRenderer (22)
[2017.05.30-20.45.23:327][ 26]LogModuleManager: Shutting down and abandoning module OpenGLDrv (20)
[2017.05.30-20.45.23:327][ 26]LogModuleManager: Shutting down and abandoning module D3D11RHI (18)
[2017.05.30-20.45.23:327][ 26]LogModuleManager: Shutting down and abandoning module AnimGraphRuntime (16)
[2017.05.30-20.45.23:327][ 26]LogModuleManager: Shutting down and abandoning module Renderer (14)
[2017.05.30-20.45.23:327][ 26]LogModuleManager: Shutting down and abandoning module Engine (12)
[2017.05.30-20.45.23:327][ 26]LogModuleManager: Shutting down and abandoning module CoreUObject (10)
[2017.05.30-20.45.23:327][ 26]LogModuleManager: Shutting down and abandoning module NetworkFile (8)
[2017.05.30-20.45.23:327][ 26]LogModuleManager: Shutting down and abandoning module StreamingFile (6)
[2017.05.30-20.45.23:327][ 26]LogModuleManager: Shutting down and abandoning module SandboxFile (4)
[2017.05.30-20.45.23:327][ 26]LogModuleManager: Shutting down and abandoning module PakFile (2)
[2017.05.30-20.45.23:328][ 26]LogExit: Exiting.
[2017.05.30-20.45.23:330][ 26]Log file closed, 05/30/17 16:45:23
