Log file open, 06/22/17 15:57:26
LogInit:Display: Running engine for game: SkaGame3
LogPlatformFile: Not using cached read wrapper
LogInit:Display: RandInit(1091063642) SRandInit(1091063642).
LogTaskGraph: Started task graph with 5 named threads and 8 total threads with 1 sets of task threads.
LogStats: Stats thread started at 0.080546
LogInit: Using libcurl 7.47.1
LogInit:  - built for x86_64-pc-win32
LogInit:  - supports SSL with OpenSSL/1.0.2g
LogInit:  - supports HTTP deflate (compression) using libz 1.2.8
LogInit:  - other features:
LogInit:      CURL_VERSION_SSL
LogInit:      CURL_VERSION_LIBZ
LogInit:      CURL_VERSION_IPV6
LogInit:      CURL_VERSION_ASYNCHDNS
LogInit:      CURL_VERSION_LARGEFILE
LogInit:      CURL_VERSION_IDN
LogInit:  CurlRequestOptions (configurable via config and command line):
LogInit:  - bVerifyPeer = false  - Libcurl will NOT verify peer certificate
LogInit:  - bUseHttpProxy = false  - Libcurl will NOT use HTTP proxy
LogInit:  - bDontReuseConnections = false  - Libcurl will reuse connections
LogInit:  - CertBundlePath = nullptr  - Libcurl will use whatever was configured at build time.
OCULUS: Info: [CAPI] LibOVR module is located at C:\Program Files\Oculus\Support\oculus-runtime\LibOVRRT64_1.dll
OCULUS: Debug: Connected to the server running version (prod = 1).1.14.0(build = 378771) feature version = 0. Client runs version (prod = 1).1.14.0(build = 378771) feature version = 0
LogHMD: GearVR: Emulating GearVR using Oculus Rift!
LogInit: Build: ++UE4+Release-4.15-CL-3450819
LogInit: Engine Version: 4.15.3-3450819+++UE4+Release-4.15
LogInit: Compatible Engine Version: 4.15.0-3299760+++UE4+Release-4.15
LogInit: Net CL: 3299760
LogDevObjectVersion: Number of dev versions registered: 14
LogDevObjectVersion:   Dev-Blueprints (B0D832E4-1F89-4F0D-ACCF-7EB736FD4AA2): 8
LogDevObjectVersion:   Dev-Build (E1C64328-A22C-4D53-A36C-8E866417BD8C): 0
LogDevObjectVersion:   Dev-Core (375EC13C-06E4-48FB-B500-84F0262A717E): 2
LogDevObjectVersion:   Dev-Editor (E4B068ED-F494-42E9-A231-DA0B2E46BB41): 14
LogDevObjectVersion:   Dev-Framework (CFFC743F-43B0-4480-9391-14DF171D2073): 22
LogDevObjectVersion:   Dev-Mobile (B02B49B5-BB20-44E9-A304-32B752E40360): 0
LogDevObjectVersion:   Dev-Networking (A4E4105C-59A1-49B5-A7C5-40C4547EDFEE): 0
LogDevObjectVersion:   Dev-Online (39C831C9-5AE6-47DC-9A44-9C173E1C8E7C): 0
LogDevObjectVersion:   Dev-Physics (78F01B33-EBEA-4F98-B9B4-84EACCB95AA2): 0
LogDevObjectVersion:   Dev-Platform (6631380F-2D4D-43E0-8009-CF276956A95A): 0
LogDevObjectVersion:   Dev-Rendering (12F88B9F-8875-4AFC-A67C-D90C383ABD29): 12
LogDevObjectVersion:   Dev-Sequencer (7B5AE74C-D270-4C10-A958-57980B212A5A): 3
LogDevObjectVersion:   Dev-VR (D7296918-1DD6-4BDD-9DE2-64A83CC13884): 0
LogDevObjectVersion:   Dev-LoadTimes (C2A15278-BFE7-4AFE-6C17-90FF531DF755): 1
LogInit: Compiled (64-bit): May 21 2017 11:02:34
LogInit: Compiled with Visual C++: 19.00.23026.00
LogInit: Build Configuration: Development
LogInit: Branch Name: ++UE4+Release-4.15
LogInit: Command line: -EpicPortal 
LogInit: Base directory: C:/Program Files/Epic Games/UE_4.15/Engine/Binaries/Win64/
LogInit: Installed Engine Build: 1
LogInit: Presizing for max 8388607 objects, including 0 objects not considered by GC, pre-allocating 0 bytes for permanent pool.
LogInit: Object subsystem initialized
[2017.06.22-19.57.28:021][  0]LogInit: Selected Device Profile: [Windows]
[2017.06.22-19.57.28:021][  0]LogInit: Applying CVar settings loaded from the selected device profile: [Windows]
[2017.06.22-19.57.28:030][  0]LogInit: Computer: ETB330-024
[2017.06.22-19.57.28:030][  0]LogInit: User: LabUser
[2017.06.22-19.57.28:030][  0]LogInit: CPU Page size=65536, Cores=4
[2017.06.22-19.57.28:030][  0]LogInit: High frequency timer resolution =3.410091 MHz
[2017.06.22-19.57.28:030][  0]LogMemory: Memory total: Physical=31.9GB (32GB approx)
[2017.06.22-19.57.28:030][  0]LogMemory: Platform Memory Stats for Windows
[2017.06.22-19.57.28:030][  0]LogMemory: Process Physical Memory: 271.50 MB used, 271.50 MB peak
[2017.06.22-19.57.28:030][  0]LogMemory: Process Virtual Memory: 265.54 MB used, 265.54 MB peak
[2017.06.22-19.57.28:030][  0]LogMemory: Physical Memory: 5217.62 MB used,  27492.41 MB free, 32710.02 MB total
[2017.06.22-19.57.28:030][  0]LogMemory: Virtual Memory: 686.13 MB used,  27492.41 MB free, 134217728.00 MB total
[2017.06.22-19.57.28:105][  0]LogTextLocalizationManager: No specific translations for ('en-US') exist, so ('en') translations will be used.
[2017.06.22-19.57.28:819][  0]LogD3D11RHI: D3D11 adapters:
[2017.06.22-19.57.28:842][  0]LogD3D11RHI:    0. 'NVIDIA Quadro K4200' (Feature Level 11_0)
[2017.06.22-19.57.28:842][  0]LogD3D11RHI:       4063/0/16355 MB DedicatedVideo/DedicatedSystem/SharedSystem, Outputs:2, VendorId:0x10de
[2017.06.22-19.57.28:844][  0]LogD3D11RHI:    1. 'Microsoft Basic Render Driver' (Feature Level 11_0)
[2017.06.22-19.57.28:844][  0]LogD3D11RHI:       0/0/16355 MB DedicatedVideo/DedicatedSystem/SharedSystem, Outputs:0, VendorId:0x1414
[2017.06.22-19.57.28:844][  0]LogD3D11RHI: Chosen D3D11 Adapter: 0
[2017.06.22-19.57.28:847][  0]LogD3D11RHI: Creating new Direct3DDevice
[2017.06.22-19.57.28:847][  0]LogD3D11RHI:     GPU DeviceId: 0x11b4 (for the marketing name, search the web for "GPU Device Id")
[2017.06.22-19.57.28:847][  0]LogWindows: EnumDisplayDevices:
[2017.06.22-19.57.28:848][  0]LogWindows:    0. 'NVIDIA Quadro K4200' (P:0 D:1)
[2017.06.22-19.57.28:848][  0]LogWindows:    1. 'NVIDIA Quadro K4200' (P:1 D:1)
[2017.06.22-19.57.28:848][  0]LogWindows:    2. 'NVIDIA Quadro K4200' (P:0 D:0)
[2017.06.22-19.57.28:848][  0]LogWindows:    3. 'NVIDIA Quadro K4200' (P:0 D:0)
[2017.06.22-19.57.28:849][  0]LogWindows:    4. 'DameWare Development Mirror Driver 64-bit' (P:0 D:0)
[2017.06.22-19.57.28:849][  0]LogWindows: DebugString: GetVideoDriverDetailsInvalid PrimaryIsNotTheChoosenAdapter FoundDriverCount:4 
[2017.06.22-19.57.28:849][  0]LogD3D11RHI:     Adapter Name: NVIDIA Quadro K4200
[2017.06.22-19.57.28:849][  0]LogD3D11RHI:   Driver Version: 377.35 (internal:21.21.13.7735, unified:377.35)
[2017.06.22-19.57.28:849][  0]LogD3D11RHI:      Driver Date: 5-1-2017
[2017.06.22-19.57.28:849][  0]LogRHI: Texture pool is 1361 MB (70% of 1945 MB)
[2017.06.22-19.57.28:860][  0]LogD3D11RHI:Warning: Timestamp queries are currently disabled on this hardware due to instability. Realtime GPU stats will not be available. You can override this behaviour by setting r.NVIDIATimestampWorkaround to 0
[2017.06.22-19.57.28:861][  0]LogD3D11RHI: Async texture creation enabled
[2017.06.22-19.57.28:877][  0]LogD3D11RHI: GPU Timing Frequency: 1000.000000 (Debug: 2 2)
[2017.06.22-19.57.28:879][  0]LogShaderCompilers: Guid format shader working directory is -16 characters bigger than the processId version (../../../../../../Users/LabUser/Documents/GitHub/skagame/SkaGame/Intermediate/Shaders/WorkingDirectory/4556/).
[2017.06.22-19.57.28:879][  0]LogShaderCompilers: Cleaned the shader compiler working directory 'C:/Users/LabUser/AppData/Local/Temp/UnrealShaderWorkingDir/D71846714308F8313B55BAA0E0CE7541/'.
[2017.06.22-19.57.28:880][  0]LogShaderCompilers:Display: Using Local Shader Compiler.
[2017.06.22-19.57.29:920][  0]LogTemp:Display: Loaded TP AllDesktopTargetPlatform
[2017.06.22-19.57.29:981][  0]LogTemp:Display: Loaded TP MacClientTargetPlatform
[2017.06.22-19.57.30:043][  0]LogTemp:Display: Loaded TP MacNoEditorTargetPlatform
[2017.06.22-19.57.30:104][  0]LogTemp:Display: Loaded TP MacServerTargetPlatform
[2017.06.22-19.57.30:166][  0]LogTemp:Display: Loaded TP MacTargetPlatform
[2017.06.22-19.57.30:226][  0]LogTemp:Display: Loaded TP WindowsClientTargetPlatform
[2017.06.22-19.57.30:287][  0]LogTemp:Display: Loaded TP WindowsNoEditorTargetPlatform
[2017.06.22-19.57.30:348][  0]LogTemp:Display: Loaded TP WindowsServerTargetPlatform
[2017.06.22-19.57.30:400][  0]LogTemp:Display: Loaded TP WindowsTargetPlatform
[2017.06.22-19.57.30:458][  0]LogTemp:Display: Loaded TP AndroidTargetPlatform
[2017.06.22-19.57.30:517][  0]LogTemp:Display: Loaded TP Android_ASTCTargetPlatform
[2017.06.22-19.57.30:577][  0]LogTemp:Display: Loaded TP Android_ATCTargetPlatform
[2017.06.22-19.57.30:636][  0]LogTemp:Display: Loaded TP Android_DXTTargetPlatform
[2017.06.22-19.57.30:695][  0]LogTemp:Display: Loaded TP Android_ETC1TargetPlatform
[2017.06.22-19.57.30:755][  0]LogTemp:Display: Loaded TP Android_ETC2TargetPlatform
[2017.06.22-19.57.30:874][  0]LogTemp:Display: Loaded TP Android_MultiTargetPlatform
[2017.06.22-19.57.30:874][  0]LogTemp:Display: Loaded TP Android_PVRTCTargetPlatform
[2017.06.22-19.57.30:922][  0]LogTemp:Display: Loaded TP HTML5TargetPlatform
[2017.06.22-19.57.31:026][  0]LogTemp:Display: Loaded TP IOSTargetPlatform
[2017.06.22-19.57.31:063][  0]LogTemp:Display: Loaded TP TVOSTargetPlatform
[2017.06.22-19.57.31:126][  0]LogTemp:Display: Loaded TP LinuxClientTargetPlatform
[2017.06.22-19.57.31:185][  0]LogTemp:Display: Loaded TP LinuxNoEditorTargetPlatform
[2017.06.22-19.57.31:244][  0]LogTemp:Display: Loaded TP LinuxServerTargetPlatform
[2017.06.22-19.57.31:305][  0]LogTemp:Display: Loaded TP LinuxTargetPlatform
[2017.06.22-19.57.31:305][  0]LogTargetPlatformManager:Display: Building Assets For Windows
[2017.06.22-19.57.31:759][  0]LogDerivedDataCache:Display: Max Cache Size: 512 MB
[2017.06.22-19.57.31:809][  0]LogDerivedDataCache: Loaded boot cache 0.05s 50MB C:/Users/LabUser/AppData/Local/UnrealEngine/4.15/DerivedDataCache/Boot.ddc.
[2017.06.22-19.57.31:810][  0]LogDerivedDataCache:Display: Loaded Boot cache: C:/Users/LabUser/AppData/Local/UnrealEngine/4.15/DerivedDataCache/Boot.ddc
[2017.06.22-19.57.31:810][  0]LogDerivedDataCache: FDerivedDataBackendGraph:  Pak pak cache file ../../../../../../Users/LabUser/Documents/GitHub/skagame/SkaGame/DerivedDataCache/DDC.ddp not found, will not use a pak cache.
[2017.06.22-19.57.31:810][  0]LogDerivedDataCache: Unable to find inner node Pak for hierarchical cache Hierarchy.
[2017.06.22-19.57.31:810][  0]LogDerivedDataCache: FDerivedDataBackendGraph:  CompressedPak pak cache file ../../../../../../Users/LabUser/Documents/GitHub/skagame/SkaGame/DerivedDataCache/Compressed.ddp not found, will not use a pak cache.
[2017.06.22-19.57.31:810][  0]LogDerivedDataCache: Unable to find inner node CompressedPak for hierarchical cache Hierarchy.
[2017.06.22-19.57.31:827][  0]LogDerivedDataCache:Display: Pak cache opened for reading ../../../Engine/DerivedDataCache/Compressed.ddp.
[2017.06.22-19.57.31:839][  0]LogDerivedDataCache: Using Local data cache path C:/Users/LabUser/AppData/Local/UnrealEngine/Common/DerivedDataCache: Writable
[2017.06.22-19.57.31:847][  0]LogSlate: Using Freetype 2.6.0
[2017.06.22-19.57.31:850][  0]LogSlate: SlateFontCache - WITH_FREETYPE: 1, WITH_HARFBUZZ: 1
[2017.06.22-19.57.31:850][  0]LogSlate: SlateFontCache - WITH_FREETYPE: 1, WITH_HARFBUZZ: 1
[2017.06.22-19.57.32:183][  0]LogInit: Selected Device Profile: [Windows]
[2017.06.22-19.57.32:185][  0]LogContentStreaming: Texture pool size is 0.00 MB
[2017.06.22-19.57.32:399][  0]LogMeshUtilities: Using QuadricMeshReduction for automatic static mesh reduction
[2017.06.22-19.57.32:449][  0]LogSimplygon: Simplygon DLL not present - disabling.
[2017.06.22-19.57.32:507][  0]LogMeshUtilities: Using SimplygonSwarm for distributed automatic mesh merging
[2017.06.22-19.57.32:507][  0]LogMeshUtilities: No automatic skeletal mesh reduction module available
[2017.06.22-19.57.32:507][  0]LogMeshUtilities: No automatic mesh merging module available
[2017.06.22-19.57.33:016][  0]LogNetVersion: GetLocalNetworkVersion: CL: 3299760, ProjectName: skagame3, ProjectVersion: , EngineNetworkVersion: 2, GameNetworkVersion: 0, NetworkChecksum: 2118841436
[2017.06.22-19.57.33:061][  0]LogAssetRegistry: FAssetRegistry took 0.0218 seconds to start up
[2017.06.22-19.57.33:128][  0]LogPackageLocalizationCache: Processed 3 localized package path(s) for 2 prioritized culture(s) in 0.044102 seconds
[2017.06.22-19.57.33:133][  0]LogUObjectArray: 32493 objects as part of root set at end of initial load.
[2017.06.22-19.57.33:133][  0]LogUObjectAllocator: 7077032 out of 0 bytes used by permanent object pool.
[2017.06.22-19.57.33:133][  0]LogUObjectArray: CloseDisregardForGC: 0/0 objects in disregard for GC pool
[2017.06.22-19.57.33:194][  0]LogInit: WinSock: version 1.1 (2.2), MaxSocks=32767, MaxUdp=65467
[2017.06.22-19.57.35:038][  0]LogTcpMessaging: Initializing TcpMessaging bridge
[2017.06.22-19.57.35:081][  0]LogUdpMessaging: Initializing bridge on interface 0.0.0.0:0 to multicast group 230.0.0.1:6666.
[2017.06.22-19.57.35:596][  0]LogMaterial: Uniform references updated for custom material expression Custom.
[2017.06.22-19.57.36:021][  0]SourceControl: Info Source control is disabled
[2017.06.22-19.57.36:022][  0]SourceControl: Info Source control is disabled
[2017.06.22-19.57.36:078][  0]SourceControl: Info Source control is disabled
[2017.06.22-19.57.36:134][  0]SourceControl: Info Source control is disabled
[2017.06.22-19.57.37:555][  0]LogEngine: Initializing Engine...
[2017.06.22-19.57.37:556][  0]LogHMD: Oculus plugin initialized. Version: 4.15.3-3450819+++UE4+Release-4.15, LibOVR: 1.14.0, SDK: 1.10.0, built May 21 2017, 11:08:57
[2017.06.22-19.57.37:654][  0]LogStats: UGameplayTagsManager::ConstructGameplayTagTree: Construct from data asset -  0.000 s
[2017.06.22-19.57.37:654][  0]LogStats: UGameplayTagsManager::ConstructGameplayTagTree: GameplayTagTreeChangedEvent.Broadcast -  0.000 s
[2017.06.22-19.57.37:790][  0]LogAIModule: Creating AISystem for world Untitled
[2017.06.22-19.57.37:798][  0]LogInit: XAudio2 using 'Speakers (Dell AC511 USB SoundBar)' : 2 channels at 44.1 kHz using 16 bits per sample (channel mask 0x3)
[2017.06.22-19.57.37:819][  0]LogInit: FAudioDevice initialized.
[2017.06.22-19.57.37:841][  0]LogDerivedDataCache: Saved boot cache 0.02s 50MB C:/Users/LabUser/AppData/Local/UnrealEngine/4.15/DerivedDataCache/Boot.ddc.
[2017.06.22-19.57.37:844][  0]LogInit: Texture streaming: Enabled
[2017.06.22-19.57.37:932][  0]LogEngineSessionManager: EngineSessionManager initialized
[2017.06.22-19.57.38:028][  0]LogInit: Transaction tracking system initialized
[2017.06.22-19.57.38:412][  0]BlueprintLog: New page: Editor Load
[2017.06.22-19.57.39:376][  0]LocalizationService: Info Localization service is disabled
[2017.06.22-19.57.40:125][  0]LogConsoleResponse:Display: 
[2017.06.22-19.57.40:246][  0]LogCook:Display: Max memory allowance for cook 16384mb min free memory 0mb
[2017.06.22-19.57.40:246][  0]LogCook:Display: Mobile HDR setting 1
[2017.06.22-19.57.41:355][  0]LogFileCache: Scanning file cache for directory 'C:/Users/LabUser/Documents/GitHub/skagame/SkaGame/Content/' took 0.02s
[2017.06.22-19.57.41:404][  0]SourceControl: Info Source control is disabled
[2017.06.22-19.57.41:405][  0]Cmd: MAP LOAD FILE="../../../../../../Users/LabUser/Documents/GitHub/skagame/SkaGame/Content/SkaGameAssets/Levels/Graveyard_Test.umap" TEMPLATE=0 SHOWPROGRESS=1 FEATURELEVEL=3
[2017.06.22-19.57.41:405][  0]LightingResults: New page: Lighting Build
[2017.06.22-19.57.41:451][  0]MapCheck: New page: Map Check
[2017.06.22-19.57.41:451][  0]LightingResults: New page: Lighting Build
[2017.06.22-19.57.42:302][  0]LogAIModule: Creating AISystem for world Graveyard_Test
[2017.06.22-19.57.42:323][  0]AnimBlueprint:Warning: Warning SLOTNODE: 'RootMotion' in animation instance class Brad_Anim_BP_C already exists. Remove duplicates from the animation graph for this class.
[2017.06.22-19.57.42:329][  0]LogEditorServer: Finished looking for orphan Actors (0.000 secs)
[2017.06.22-19.57.42:329][  0]Cmd: MAP CHECKDEP NOCLEARLOG
[2017.06.22-19.57.42:422][  0]MapCheck: Info Map check complete: 0 Error(s), 0 Warning(s), took 92.8ms to complete.
[2017.06.22-19.57.42:422][  0]LogFileHelpers: Loading map 'Graveyard_Test' took 1.017
[2017.06.22-19.57.42:475][  0]LogWindowsTextInputMethodSystem:Display: IME system now deactivated.
[2017.06.22-19.57.42:591][  0]LogCollectionManager: Loaded 0 collections in 0.001880 seconds
[2017.06.22-19.57.42:679][  0]LogFileCache: Scanning file cache for directory 'C:/Users/LabUser/Documents/GitHub/skagame/SkaGame/Saved/Collections/' took 0.01s
[2017.06.22-19.57.42:679][  0]LogFileCache: Scanning file cache for directory 'C:/Users/LabUser/Documents/GitHub/skagame/SkaGame/Content/Developers/LabUser/Collections/' took 0.01s
[2017.06.22-19.57.42:679][  0]LogFileCache: Scanning file cache for directory 'C:/Users/LabUser/Documents/GitHub/skagame/SkaGame/Content/Collections/' took 0.01s
[2017.06.22-19.57.42:679][  0]LogCollectionManager: Rebuilt the GUID cache for 0 collections in 0.000001 seconds
[2017.06.22-19.57.42:687][  0]LogContentBrowser: Native class hierarchy populated in 0.0081 seconds. Added 2245 classes and 453 folders.
[2017.06.22-19.57.42:756][  0]LogContentBrowser: Native class hierarchy updated for 'WidgetCarousel' in 0.0005 seconds. Added 0 classes and 0 folders.
[2017.06.22-19.57.42:832][  0]LogContentBrowser: Native class hierarchy updated for 'AddContentDialog' in 0.0006 seconds. Added 0 classes and 0 folders.
[2017.06.22-19.57.42:881][  0]LogContentBrowser: Native class hierarchy updated for 'SceneOutliner' in 0.0006 seconds. Added 1 classes and 2 folders.
[2017.06.22-19.57.42:926][  0]LogCrashTracker: Crashtracker disabled due to settings.
[2017.06.22-19.57.43:020][  0]LogContentBrowser: Native class hierarchy updated for 'HierarchicalLODOutliner' in 0.0006 seconds. Added 1 classes and 2 folders.
[2017.06.22-19.57.43:020][  0]LogLoad: (Engine Initialization) Total time: 17.63 seconds
[2017.06.22-19.57.43:020][  0]LogLoad: (Engine Initialization) Total Blueprint compile time: 0.33 seconds
[2017.06.22-19.57.43:020][  0]LogExternalProfiler: No external profilers were discovered.  External profiling features will not be available.
[2017.06.22-19.57.43:029][  0]LogOcInput: OculusInput pre-init called
[2017.06.22-19.57.43:041][  0]LogOcInput: OculusInput is initialized. Init status 0. Runtime version: 1.14.0
[2017.06.22-19.57.43:059][  0]LogContentStreaming: Texture pool size now 1000 MB
[2017.06.22-19.57.43:061][  0]LogSlate: Took 0.000360 seconds to synchronously load lazily loaded font '../../../Engine/Content/Slate/Fonts/Roboto-Regular.ttf' (155K)
[2017.06.22-19.57.43:064][  0]LogSlate: Took 0.000340 seconds to synchronously load lazily loaded font '../../../Engine/Content/Slate/Fonts/Roboto-Bold.ttf' (160K)
[2017.06.22-19.57.43:069][  0]LogSlate: Took 0.000296 seconds to synchronously load lazily loaded font '../../../Engine/Content/Editor/Slate/Fonts/FontAwesome.ttf' (139K)
[2017.06.22-19.57.43:196][  0]LogRenderer: Reallocating scene render targets to support 1208x576 NumSamples 1 (Frame:2).
[2017.06.22-19.57.43:230][  0]LogSlate: Took 0.000377 seconds to synchronously load lazily loaded font '../../../Engine/Content/Slate/Fonts/Roboto-Light.ttf' (159K)
[2017.06.22-19.57.43:336][  1]LogAssetRegistry: Asset discovery search completed in 10.2959 seconds
[2017.06.22-19.57.43:336][  1]LogCollectionManager: Rebuilt the object cache for 0 collections in 0.000006 seconds (found 0 objects)
[2017.06.22-19.57.43:336][  1]LogCollectionManager: Fixed up redirectors for 0 collections in 0.000020 seconds (updated 0 objects)
[2017.06.22-19.57.44:069][ 63]LogSlate: Took 0.000293 seconds to synchronously load lazily loaded font '../../../Engine/Content/Slate/Fonts/Roboto-Light.ttf' (159K)
[2017.06.22-19.57.44:592][125]LogTemp: Repeting last play command: Selected Viewport
[2017.06.22-19.57.44:615][125]LogBlueprintUserMessages: Early PlayInEditor Detection: Level '/Game/SkaGameAssets/Levels/Graveyard_Test.Graveyard_Test:PersistentLevel' has LevelScriptBlueprint '/Game/SkaGameAssets/Levels/Graveyard_Test.Graveyard_Test:PersistentLevel.Graveyard_Test' with GeneratedClass '/Game/SkaGameAssets/Levels/Graveyard_Test.Graveyard_Test_C' with ClassGeneratedBy '/Game/SkaGameAssets/Levels/Graveyard_Test.Graveyard_Test:PersistentLevel.Graveyard_Test'
[2017.06.22-19.57.44:615][125]LogPlayLevel: PlayLevel: No blueprints needed recompiling
[2017.06.22-19.57.44:615][125]PIE: New page: PIE session: Graveyard_Test (Jun 22, 2017, 11:57:44 AM)
[2017.06.22-19.57.44:615][125]LogPlayLevel: Creating play world package: /Game/SkaGameAssets/Levels/UEDPIE_0_Graveyard_Test
[2017.06.22-19.57.44:645][125]LogPlayLevel: PIE: StaticDuplicateObject took: (0.029629s)
[2017.06.22-19.57.44:645][125]LogAIModule: Creating AISystem for world Graveyard_Test
[2017.06.22-19.57.44:646][125]LogPlayLevel: PIE: World Init took: (0.000712s)
[2017.06.22-19.57.44:646][125]LogPlayLevel: PIE: Created PIE world by copying editor world from /Game/SkaGameAssets/Levels/Graveyard_Test.Graveyard_Test to /Game/SkaGameAssets/Levels/UEDPIE_0_Graveyard_Test.Graveyard_Test (0.030612s)
[2017.06.22-19.57.44:670][125]LogInit: XAudio2 using 'Speakers (Dell AC511 USB SoundBar)' : 2 channels at 44.1 kHz using 16 bits per sample (channel mask 0x3)
[2017.06.22-19.57.44:676][125]LogInit: FAudioDevice initialized.
[2017.06.22-19.57.44:725][125]LogLoad: Game class is 'SideScrollerGameMode_C'
[2017.06.22-19.57.44:728][125]AnimBlueprint:Warning: Warning SLOTNODE: 'RootMotion' in animation instance class Brad_Anim_BP_C already exists. Remove duplicates from the animation graph for this class.
[2017.06.22-19.57.44:728][125]LogWorld: Bringing World /Game/SkaGameAssets/Levels/UEDPIE_0_Graveyard_Test.Graveyard_Test up for play (max tick rate 0) at 2017.06.22-15.57.44
[2017.06.22-19.57.44:729][125]LogWorld: Bringing up level for play took: 0.002515
[2017.06.22-19.57.44:775][125]LogContentBrowser: Native class hierarchy updated for 'MovieSceneCapture' in 0.0006 seconds. Added 11 classes and 0 folders.
[2017.06.22-19.57.44:777][125]PIE: Info Play in editor start time for /Game/SkaGameAssets/Levels/UEDPIE_0_Graveyard_Test 0.54
[2017.06.22-19.57.44:777][125]LogBlueprintUserMessages: Late PlayInEditor Detection: Level '/Game/SkaGameAssets/Levels/Graveyard_Test.Graveyard_Test:PersistentLevel' has LevelScriptBlueprint '/Game/SkaGameAssets/Levels/Graveyard_Test.Graveyard_Test:PersistentLevel.Graveyard_Test' with GeneratedClass '/Game/SkaGameAssets/Levels/Graveyard_Test.Graveyard_Test_C' with ClassGeneratedBy '/Game/SkaGameAssets/Levels/Graveyard_Test.Graveyard_Test:PersistentLevel.Graveyard_Test'
[2017.06.22-19.58.10:493][203]LogBlueprintUserMessages: Early EndPlayMap Detection: Level '/Game/SkaGameAssets/Levels/Graveyard_Test.Graveyard_Test:PersistentLevel' has LevelScriptBlueprint '/Game/SkaGameAssets/Levels/Graveyard_Test.Graveyard_Test:PersistentLevel.Graveyard_Test' with GeneratedClass '/Game/SkaGameAssets/Levels/Graveyard_Test.Graveyard_Test_C' with ClassGeneratedBy '/Game/SkaGameAssets/Levels/Graveyard_Test.Graveyard_Test:PersistentLevel.Graveyard_Test'
[2017.06.22-19.58.10:530][203]LogBlueprintUserMessages: Late EndPlayMap Detection: Level '/Game/SkaGameAssets/Levels/Graveyard_Test.Graveyard_Test:PersistentLevel' has LevelScriptBlueprint '/Game/SkaGameAssets/Levels/Graveyard_Test.Graveyard_Test:PersistentLevel.Graveyard_Test' with GeneratedClass '/Game/SkaGameAssets/Levels/Graveyard_Test.Graveyard_Test_C' with ClassGeneratedBy '/Game/SkaGameAssets/Levels/Graveyard_Test.Graveyard_Test:PersistentLevel.Graveyard_Test'
[2017.06.22-19.58.13:114][473]LogEditorViewport: Clicking on Actor (LMB): combatTrigger_C (combatTrigger)
[2017.06.22-19.58.14:085][550]LogEditorViewport: Clicking on Actor (LMB): combatTrigger_C (combatTrigger)
[2017.06.22-19.58.14:635][602]LogEditorViewport: Clicking on Actor (LMB): combatTrigger_C (combatTrigger)
[2017.06.22-19.58.15:534][708]LogEditorViewport: Clicking on Actor (LMB): combatTrigger_C (combatTrigger)
[2017.06.22-19.58.15:610][715]LogEditorViewport: Clicking on Component (LMB): BillboardComponent (Billboard)
[2017.06.22-19.58.17:753][958]LogTemp: Repeting last play command: Selected Viewport
[2017.06.22-19.58.17:777][958]LogBlueprintUserMessages: Early PlayInEditor Detection: Level '/Game/SkaGameAssets/Levels/Graveyard_Test.Graveyard_Test:PersistentLevel' has LevelScriptBlueprint '/Game/SkaGameAssets/Levels/Graveyard_Test.Graveyard_Test:PersistentLevel.Graveyard_Test' with GeneratedClass '/Game/SkaGameAssets/Levels/Graveyard_Test.Graveyard_Test_C' with ClassGeneratedBy '/Game/SkaGameAssets/Levels/Graveyard_Test.Graveyard_Test:PersistentLevel.Graveyard_Test'
[2017.06.22-19.58.17:777][958]LogPlayLevel: PlayLevel: No blueprints needed recompiling
[2017.06.22-19.58.17:777][958]PIE: New page: PIE session: Graveyard_Test (Jun 22, 2017, 11:58:17 AM)
[2017.06.22-19.58.17:777][958]LogPlayLevel: Creating play world package: /Game/SkaGameAssets/Levels/UEDPIE_0_Graveyard_Test
[2017.06.22-19.58.17:805][958]LogPlayLevel: PIE: StaticDuplicateObject took: (0.027412s)
[2017.06.22-19.58.17:806][958]LogAIModule: Creating AISystem for world Graveyard_Test
[2017.06.22-19.58.17:806][958]LogPlayLevel: PIE: World Init took: (0.000899s)
[2017.06.22-19.58.17:807][958]LogPlayLevel: PIE: Created PIE world by copying editor world from /Game/SkaGameAssets/Levels/Graveyard_Test.Graveyard_Test to /Game/SkaGameAssets/Levels/UEDPIE_0_Graveyard_Test.Graveyard_Test (0.028603s)
[2017.06.22-19.58.17:823][958]LogInit: XAudio2 using 'Speakers (Dell AC511 USB SoundBar)' : 2 channels at 44.1 kHz using 16 bits per sample (channel mask 0x3)
[2017.06.22-19.58.17:829][958]LogInit: FAudioDevice initialized.
[2017.06.22-19.58.17:860][958]LogLoad: Game class is 'SideScrollerGameMode_C'
[2017.06.22-19.58.17:862][958]AnimBlueprint:Warning: Warning SLOTNODE: 'RootMotion' in animation instance class Brad_Anim_BP_C already exists. Remove duplicates from the animation graph for this class.
[2017.06.22-19.58.17:863][958]LogWorld: Bringing World /Game/SkaGameAssets/Levels/UEDPIE_0_Graveyard_Test.Graveyard_Test up for play (max tick rate 0) at 2017.06.22-15.58.17
[2017.06.22-19.58.17:863][958]LogWorld: Bringing up level for play took: 0.002404
[2017.06.22-19.58.17:864][958]PIE: Info Play in editor start time for /Game/SkaGameAssets/Levels/UEDPIE_0_Graveyard_Test -0.373
[2017.06.22-19.58.17:865][958]LogBlueprintUserMessages: Late PlayInEditor Detection: Level '/Game/SkaGameAssets/Levels/Graveyard_Test.Graveyard_Test:PersistentLevel' has LevelScriptBlueprint '/Game/SkaGameAssets/Levels/Graveyard_Test.Graveyard_Test:PersistentLevel.Graveyard_Test' with GeneratedClass '/Game/SkaGameAssets/Levels/Graveyard_Test.Graveyard_Test_C' with ClassGeneratedBy '/Game/SkaGameAssets/Levels/Graveyard_Test.Graveyard_Test:PersistentLevel.Graveyard_Test'
[2017.06.22-19.58.26:045][935]LogBlueprintUserMessages: Early EndPlayMap Detection: Level '/Game/SkaGameAssets/Levels/Graveyard_Test.Graveyard_Test:PersistentLevel' has LevelScriptBlueprint '/Game/SkaGameAssets/Levels/Graveyard_Test.Graveyard_Test:PersistentLevel.Graveyard_Test' with GeneratedClass '/Game/SkaGameAssets/Levels/Graveyard_Test.Graveyard_Test_C' with ClassGeneratedBy '/Game/SkaGameAssets/Levels/Graveyard_Test.Graveyard_Test:PersistentLevel.Graveyard_Test'
[2017.06.22-19.58.26:109][935]LogBlueprintUserMessages: Late EndPlayMap Detection: Level '/Game/SkaGameAssets/Levels/Graveyard_Test.Graveyard_Test:PersistentLevel' has LevelScriptBlueprint '/Game/SkaGameAssets/Levels/Graveyard_Test.Graveyard_Test:PersistentLevel.Graveyard_Test' with GeneratedClass '/Game/SkaGameAssets/Levels/Graveyard_Test.Graveyard_Test_C' with ClassGeneratedBy '/Game/SkaGameAssets/Levels/Graveyard_Test.Graveyard_Test:PersistentLevel.Graveyard_Test'
[2017.06.22-19.59.59:498][802]LogEditorViewport: Clicking on Actor (LMB): NavMeshBoundsVolume (NavMeshBoundsVolume2)
[2017.06.22-20.00.02:652][173]Cmd: DELETE
[2017.06.22-20.00.02:652][173]Cmd: ACTOR DELETE
[2017.06.22-20.00.02:653][173]LogEditorActor: Deleted Actor: NavMeshBoundsVolume
[2017.06.22-20.00.02:661][173]LogEditorActor: Deleted 1 Actors (0.009 secs)
[2017.06.22-20.00.26:398][824]LogTemp: Repeting last play command: Selected Viewport
[2017.06.22-20.00.26:421][824]LogBlueprintUserMessages: Early PlayInEditor Detection: Level '/Game/SkaGameAssets/Levels/Graveyard_Test.Graveyard_Test:PersistentLevel' has LevelScriptBlueprint '/Game/SkaGameAssets/Levels/Graveyard_Test.Graveyard_Test:PersistentLevel.Graveyard_Test' with GeneratedClass '/Game/SkaGameAssets/Levels/Graveyard_Test.Graveyard_Test_C' with ClassGeneratedBy '/Game/SkaGameAssets/Levels/Graveyard_Test.Graveyard_Test:PersistentLevel.Graveyard_Test'
[2017.06.22-20.00.26:421][824]LogPlayLevel: PlayLevel: No blueprints needed recompiling
[2017.06.22-20.00.26:421][824]PIE: New page: PIE session: Graveyard_Test (Jun 22, 2017, 12:00:26 PM)
[2017.06.22-20.00.26:421][824]LogPlayLevel: Creating play world package: /Game/SkaGameAssets/Levels/UEDPIE_0_Graveyard_Test
[2017.06.22-20.00.26:448][824]LogPlayLevel: PIE: StaticDuplicateObject took: (0.026455s)
[2017.06.22-20.00.26:449][824]LogAIModule: Creating AISystem for world Graveyard_Test
[2017.06.22-20.00.26:449][824]LogPlayLevel: PIE: World Init took: (0.000918s)
[2017.06.22-20.00.26:449][824]LogPlayLevel: PIE: Created PIE world by copying editor world from /Game/SkaGameAssets/Levels/Graveyard_Test.Graveyard_Test to /Game/SkaGameAssets/Levels/UEDPIE_0_Graveyard_Test.Graveyard_Test (0.027663s)
[2017.06.22-20.00.26:467][824]LogInit: XAudio2 using 'Speakers (Dell AC511 USB SoundBar)' : 2 channels at 44.1 kHz using 16 bits per sample (channel mask 0x3)
[2017.06.22-20.00.26:474][824]LogInit: FAudioDevice initialized.
[2017.06.22-20.00.26:507][824]LogLoad: Game class is 'SideScrollerGameMode_C'
[2017.06.22-20.00.26:509][824]AnimBlueprint:Warning: Warning SLOTNODE: 'RootMotion' in animation instance class Brad_Anim_BP_C already exists. Remove duplicates from the animation graph for this class.
[2017.06.22-20.00.26:510][824]LogWorld: Bringing World /Game/SkaGameAssets/Levels/UEDPIE_0_Graveyard_Test.Graveyard_Test up for play (max tick rate 0) at 2017.06.22-16.00.26
[2017.06.22-20.00.26:510][824]LogWorld: Bringing up level for play took: 0.002617
[2017.06.22-20.00.26:511][824]PIE: Info Play in editor start time for /Game/SkaGameAssets/Levels/UEDPIE_0_Graveyard_Test 0.269
[2017.06.22-20.00.26:529][824]LogBlueprintUserMessages: Late PlayInEditor Detection: Level '/Game/SkaGameAssets/Levels/Graveyard_Test.Graveyard_Test:PersistentLevel' has LevelScriptBlueprint '/Game/SkaGameAssets/Levels/Graveyard_Test.Graveyard_Test:PersistentLevel.Graveyard_Test' with GeneratedClass '/Game/SkaGameAssets/Levels/Graveyard_Test.Graveyard_Test_C' with ClassGeneratedBy '/Game/SkaGameAssets/Levels/Graveyard_Test.Graveyard_Test:PersistentLevel.Graveyard_Test'
[2017.06.22-20.01.12:167][293]LogBlueprintUserMessages: Early EndPlayMap Detection: Level '/Game/SkaGameAssets/Levels/Graveyard_Test.Graveyard_Test:PersistentLevel' has LevelScriptBlueprint '/Game/SkaGameAssets/Levels/Graveyard_Test.Graveyard_Test:PersistentLevel.Graveyard_Test' with GeneratedClass '/Game/SkaGameAssets/Levels/Graveyard_Test.Graveyard_Test_C' with ClassGeneratedBy '/Game/SkaGameAssets/Levels/Graveyard_Test.Graveyard_Test:PersistentLevel.Graveyard_Test'
[2017.06.22-20.01.12:217][293]LogBlueprintUserMessages: Late EndPlayMap Detection: Level '/Game/SkaGameAssets/Levels/Graveyard_Test.Graveyard_Test:PersistentLevel' has LevelScriptBlueprint '/Game/SkaGameAssets/Levels/Graveyard_Test.Graveyard_Test:PersistentLevel.Graveyard_Test' with GeneratedClass '/Game/SkaGameAssets/Levels/Graveyard_Test.Graveyard_Test_C' with ClassGeneratedBy '/Game/SkaGameAssets/Levels/Graveyard_Test.Graveyard_Test:PersistentLevel.Graveyard_Test'
[2017.06.22-20.01.17:744][895]LogSlate: Took 0.000276 seconds to synchronously load lazily loaded font '../../../Engine/Content/Slate/Fonts/Roboto-Light.ttf' (159K)
[2017.06.22-20.01.18:192][895]LogContentBrowser: Native class hierarchy updated for 'BlueprintGraph' in 0.0010 seconds. Added 112 classes and 0 folders.
[2017.06.22-20.01.18:751][895]LogSlate: Took 0.000297 seconds to synchronously load lazily loaded font '../../../Engine/Content/Slate/Fonts/Roboto-Regular.ttf' (155K)
[2017.06.22-20.01.18:825][895]LogSlate: Took 0.000394 seconds to synchronously load lazily loaded font '../../../Engine/Content/Editor/Slate/Fonts/Roboto-BoldCondensed.ttf' (158K)
[2017.06.22-20.01.19:181][896]LogSlate: Took 0.000385 seconds to synchronously load lazily loaded font '../../../Engine/Content/Editor/Slate/Fonts/Roboto-Italic.ttf' (157K)
[2017.06.22-20.01.20:179][939]LogRenderer: Reallocating scene render targets to support 1208x744 NumSamples 1 (Frame:13879).
[2017.06.22-20.02.06:922][234]LogEditorViewport: Clicking on Actor (LMB): combatTrigger_C (combatTrigger)
[2017.06.22-20.02.16:689][858]LogTexture:Display: Building textures: buttonA (AutoDXT, 500X500) - 114 MB total VRAM
[2017.06.22-20.02.33:014][932]LogTexture:Display: Building textures: hitparticle2 (AutoDXT, 256X256) - 114 MB total VRAM
[2017.06.22-20.02.35:283][ 79]LogTexture:Display: Building textures: hitparticle5 (AutoDXT, 256X256) - 114 MB total VRAM
