Log file open, 05/23/17 11:15:33
LogInit:Display: Running engine for game: SkaGame3
LogPlatformFile: Not using cached read wrapper
LogInit:Display: RandInit(-1206709187) SRandInit(-1206709187).
LogTaskGraph: Started task graph with 5 named threads and 8 total threads with 1 sets of task threads.
LogStats: Stats thread started at 0.082399
LogInit: Using libcurl 7.47.1
LogInit:  - built for x86_64-pc-win32
LogInit:  - supports SSL with OpenSSL/1.0.2g
LogInit:  - supports HTTP deflate (compression) using libz 1.2.8
LogInit:  - other features:
LogInit:      CURL_VERSION_SSL
LogInit:      CURL_VERSION_LIBZ
LogInit:      CURL_VERSION_IPV6
LogInit:      CURL_VERSION_ASYNCHDNS
LogInit:      CURL_VERSION_LARGEFILE
LogInit:      CURL_VERSION_IDN
LogInit:  CurlRequestOptions (configurable via config and command line):
LogInit:  - bVerifyPeer = false  - Libcurl will NOT verify peer certificate
LogInit:  - bUseHttpProxy = false  - Libcurl will NOT use HTTP proxy
LogInit:  - bDontReuseConnections = false  - Libcurl will reuse connections
LogInit:  - CertBundlePath = nullptr  - Libcurl will use whatever was configured at build time.
OCULUS: Info: [CAPI] LibOVR module is located at C:\Program Files\Oculus\Support\oculus-runtime\LibOVRRT64_1.dll
OCULUS: Debug: Connected to the server running version (prod = 1).1.14.0(build = 378771) feature version = 0. Client runs version (prod = 1).1.14.0(build = 378771) feature version = 0
LogHMD: GearVR: Emulating GearVR using Oculus Rift!
LogInit: Build: ++UE4+Release-4.15-CL-3450819
LogInit: Engine Version: 4.15.3-3450819+++UE4+Release-4.15
LogInit: Compatible Engine Version: 4.15.0-3299760+++UE4+Release-4.15
LogInit: Net CL: 3299760
LogDevObjectVersion: Number of dev versions registered: 14
LogDevObjectVersion:   Dev-Blueprints (B0D832E4-1F89-4F0D-ACCF-7EB736FD4AA2): 8
LogDevObjectVersion:   Dev-Build (E1C64328-A22C-4D53-A36C-8E866417BD8C): 0
LogDevObjectVersion:   Dev-Core (375EC13C-06E4-48FB-B500-84F0262A717E): 2
LogDevObjectVersion:   Dev-Editor (E4B068ED-F494-42E9-A231-DA0B2E46BB41): 14
LogDevObjectVersion:   Dev-Framework (CFFC743F-43B0-4480-9391-14DF171D2073): 22
LogDevObjectVersion:   Dev-Mobile (B02B49B5-BB20-44E9-A304-32B752E40360): 0
LogDevObjectVersion:   Dev-Networking (A4E4105C-59A1-49B5-A7C5-40C4547EDFEE): 0
LogDevObjectVersion:   Dev-Online (39C831C9-5AE6-47DC-9A44-9C173E1C8E7C): 0
LogDevObjectVersion:   Dev-Physics (78F01B33-EBEA-4F98-B9B4-84EACCB95AA2): 0
LogDevObjectVersion:   Dev-Platform (6631380F-2D4D-43E0-8009-CF276956A95A): 0
LogDevObjectVersion:   Dev-Rendering (12F88B9F-8875-4AFC-A67C-D90C383ABD29): 12
LogDevObjectVersion:   Dev-Sequencer (7B5AE74C-D270-4C10-A958-57980B212A5A): 3
LogDevObjectVersion:   Dev-VR (D7296918-1DD6-4BDD-9DE2-64A83CC13884): 0
LogDevObjectVersion:   Dev-LoadTimes (C2A15278-BFE7-4AFE-6C17-90FF531DF755): 1
LogInit: Compiled (64-bit): May 21 2017 11:02:34
LogInit: Compiled with Visual C++: 19.00.23026.00
LogInit: Build Configuration: Development
LogInit: Branch Name: ++UE4+Release-4.15
LogInit: Command line: -EpicPortal 
LogInit: Base directory: C:/Program Files/Epic Games/UE_4.15/Engine/Binaries/Win64/
LogInit: Installed Engine Build: 1
LogInit: Presizing for max 8388607 objects, including 0 objects not considered by GC, pre-allocating 0 bytes for permanent pool.
LogInit: Object subsystem initialized
[2017.05.23-15.15.35:021][  0]LogInit: Selected Device Profile: [Windows]
[2017.05.23-15.15.35:021][  0]LogInit: Applying CVar settings loaded from the selected device profile: [Windows]
[2017.05.23-15.15.35:027][  0]LogInit: Computer: ETB118-005
[2017.05.23-15.15.35:027][  0]LogInit: User: LabUser
[2017.05.23-15.15.35:027][  0]LogInit: CPU Page size=65536, Cores=4
[2017.05.23-15.15.35:027][  0]LogInit: High frequency timer resolution =3.410088 MHz
[2017.05.23-15.15.35:027][  0]LogMemory: Memory total: Physical=31.9GB (32GB approx)
[2017.05.23-15.15.35:027][  0]LogMemory: Platform Memory Stats for Windows
[2017.05.23-15.15.35:027][  0]LogMemory: Process Physical Memory: 269.36 MB used, 269.36 MB peak
[2017.05.23-15.15.35:027][  0]LogMemory: Process Virtual Memory: 265.86 MB used, 265.86 MB peak
[2017.05.23-15.15.35:027][  0]LogMemory: Physical Memory: 7894.66 MB used,  24815.36 MB free, 32710.02 MB total
[2017.05.23-15.15.35:027][  0]LogMemory: Virtual Memory: 686.41 MB used,  24815.36 MB free, 134217728.00 MB total
[2017.05.23-15.15.35:099][  0]LogTextLocalizationManager: No specific translations for ('en-US') exist, so ('en') translations will be used.
[2017.05.23-15.15.35:729][  0]LogD3D11RHI: D3D11 adapters:
[2017.05.23-15.15.35:749][  0]LogD3D11RHI:    0. 'NVIDIA Quadro K4200' (Feature Level 11_0)
[2017.05.23-15.15.35:749][  0]LogD3D11RHI:       4063/0/16355 MB DedicatedVideo/DedicatedSystem/SharedSystem, Outputs:2, VendorId:0x10de
[2017.05.23-15.15.35:750][  0]LogD3D11RHI:    1. 'Microsoft Basic Render Driver' (Feature Level 11_0)
[2017.05.23-15.15.35:750][  0]LogD3D11RHI:       0/0/16355 MB DedicatedVideo/DedicatedSystem/SharedSystem, Outputs:0, VendorId:0x1414
[2017.05.23-15.15.35:750][  0]LogD3D11RHI: Chosen D3D11 Adapter: 0
[2017.05.23-15.15.35:755][  0]LogD3D11RHI: Creating new Direct3DDevice
[2017.05.23-15.15.35:756][  0]LogD3D11RHI:     GPU DeviceId: 0x11b4 (for the marketing name, search the web for "GPU Device Id")
[2017.05.23-15.15.35:756][  0]LogWindows: EnumDisplayDevices:
[2017.05.23-15.15.35:756][  0]LogWindows:    0. 'NVIDIA Quadro K4200' (P:1 D:1)
[2017.05.23-15.15.35:756][  0]LogWindows:    1. 'NVIDIA Quadro K4200' (P:0 D:1)
[2017.05.23-15.15.35:756][  0]LogWindows:    2. 'NVIDIA Quadro K4200' (P:0 D:0)
[2017.05.23-15.15.35:757][  0]LogWindows:    3. 'NVIDIA Quadro K4200' (P:0 D:0)
[2017.05.23-15.15.35:757][  0]LogWindows:    4. 'DameWare Development Mirror Driver 64-bit' (P:0 D:0)
[2017.05.23-15.15.35:757][  0]LogWindows: DebugString: GetVideoDriverDetailsInvalid PrimaryIsNotTheChoosenAdapter FoundDriverCount:4 
[2017.05.23-15.15.35:757][  0]LogD3D11RHI:     Adapter Name: NVIDIA Quadro K4200
[2017.05.23-15.15.35:757][  0]LogD3D11RHI:   Driver Version: 377.35 (internal:21.21.13.7735, unified:377.35)
[2017.05.23-15.15.35:757][  0]LogD3D11RHI:      Driver Date: 5-1-2017
[2017.05.23-15.15.35:757][  0]LogRHI: Texture pool is 1361 MB (70% of 1945 MB)
[2017.05.23-15.15.35:770][  0]LogD3D11RHI:Warning: Timestamp queries are currently disabled on this hardware due to instability. Realtime GPU stats will not be available. You can override this behaviour by setting r.NVIDIATimestampWorkaround to 0
[2017.05.23-15.15.35:771][  0]LogD3D11RHI: Async texture creation enabled
[2017.05.23-15.15.35:787][  0]LogD3D11RHI: GPU Timing Frequency: 1000.000000 (Debug: 2 2)
[2017.05.23-15.15.35:790][  0]LogShaderCompilers: Guid format shader working directory is 2 characters bigger than the processId version (D:/SkaGameSVN/SkaGame/SkaGame/skagame/SkaGame/Intermediate/Shaders/WorkingDirectory/10500/).
[2017.05.23-15.15.35:790][  0]LogShaderCompilers: Cleaned the shader compiler working directory 'C:/Users/LabUser/AppData/Local/Temp/UnrealShaderWorkingDir/C6C89FD547078BAF8ABBE4B29925B3A9/'.
[2017.05.23-15.15.35:790][  0]LogShaderCompilers:Display: Using Local Shader Compiler.
[2017.05.23-15.15.36:758][  0]LogTemp:Display: Loaded TP AllDesktopTargetPlatform
[2017.05.23-15.15.36:815][  0]LogTemp:Display: Loaded TP MacClientTargetPlatform
[2017.05.23-15.15.36:871][  0]LogTemp:Display: Loaded TP MacNoEditorTargetPlatform
[2017.05.23-15.15.36:926][  0]LogTemp:Display: Loaded TP MacServerTargetPlatform
[2017.05.23-15.15.36:983][  0]LogTemp:Display: Loaded TP MacTargetPlatform
[2017.05.23-15.15.37:040][  0]LogTemp:Display: Loaded TP WindowsClientTargetPlatform
[2017.05.23-15.15.37:095][  0]LogTemp:Display: Loaded TP WindowsNoEditorTargetPlatform
[2017.05.23-15.15.37:150][  0]LogTemp:Display: Loaded TP WindowsServerTargetPlatform
[2017.05.23-15.15.37:196][  0]LogTemp:Display: Loaded TP WindowsTargetPlatform
[2017.05.23-15.15.37:250][  0]LogTemp:Display: Loaded TP AndroidTargetPlatform
[2017.05.23-15.15.37:304][  0]LogTemp:Display: Loaded TP Android_ASTCTargetPlatform
[2017.05.23-15.15.37:358][  0]LogTemp:Display: Loaded TP Android_ATCTargetPlatform
[2017.05.23-15.15.37:412][  0]LogTemp:Display: Loaded TP Android_DXTTargetPlatform
[2017.05.23-15.15.37:465][  0]LogTemp:Display: Loaded TP Android_ETC1TargetPlatform
[2017.05.23-15.15.37:520][  0]LogTemp:Display: Loaded TP Android_ETC2TargetPlatform
[2017.05.23-15.15.37:626][  0]LogTemp:Display: Loaded TP Android_MultiTargetPlatform
[2017.05.23-15.15.37:626][  0]LogTemp:Display: Loaded TP Android_PVRTCTargetPlatform
[2017.05.23-15.15.37:665][  0]LogTemp:Display: Loaded TP HTML5TargetPlatform
[2017.05.23-15.15.37:761][  0]LogTemp:Display: Loaded TP IOSTargetPlatform
[2017.05.23-15.15.37:793][  0]LogTemp:Display: Loaded TP TVOSTargetPlatform
[2017.05.23-15.15.37:848][  0]LogTemp:Display: Loaded TP LinuxClientTargetPlatform
[2017.05.23-15.15.37:902][  0]LogTemp:Display: Loaded TP LinuxNoEditorTargetPlatform
[2017.05.23-15.15.37:955][  0]LogTemp:Display: Loaded TP LinuxServerTargetPlatform
[2017.05.23-15.15.38:009][  0]LogTemp:Display: Loaded TP LinuxTargetPlatform
[2017.05.23-15.15.38:009][  0]LogTargetPlatformManager:Display: Building Assets For Windows
[2017.05.23-15.15.38:457][  0]LogDerivedDataCache:Display: Max Cache Size: 512 MB
[2017.05.23-15.15.38:502][  0]LogDerivedDataCache: Loaded boot cache 0.04s 50MB C:/Users/LabUser/AppData/Local/UnrealEngine/4.15/DerivedDataCache/Boot.ddc.
[2017.05.23-15.15.38:502][  0]LogDerivedDataCache:Display: Loaded Boot cache: C:/Users/LabUser/AppData/Local/UnrealEngine/4.15/DerivedDataCache/Boot.ddc
[2017.05.23-15.15.38:502][  0]LogDerivedDataCache: FDerivedDataBackendGraph:  Pak pak cache file D:/SkaGameSVN/SkaGame/SkaGame/skagame/SkaGame/DerivedDataCache/DDC.ddp not found, will not use a pak cache.
[2017.05.23-15.15.38:502][  0]LogDerivedDataCache: Unable to find inner node Pak for hierarchical cache Hierarchy.
[2017.05.23-15.15.38:502][  0]LogDerivedDataCache: FDerivedDataBackendGraph:  CompressedPak pak cache file D:/SkaGameSVN/SkaGame/SkaGame/skagame/SkaGame/DerivedDataCache/Compressed.ddp not found, will not use a pak cache.
[2017.05.23-15.15.38:502][  0]LogDerivedDataCache: Unable to find inner node CompressedPak for hierarchical cache Hierarchy.
[2017.05.23-15.15.38:518][  0]LogDerivedDataCache:Display: Pak cache opened for reading ../../../Engine/DerivedDataCache/Compressed.ddp.
[2017.05.23-15.15.38:531][  0]LogDerivedDataCache: Using Local data cache path C:/Users/LabUser/AppData/Local/UnrealEngine/Common/DerivedDataCache: Writable
[2017.05.23-15.15.38:539][  0]LogSlate: Using Freetype 2.6.0
[2017.05.23-15.15.38:540][  0]LogSlate: SlateFontCache - WITH_FREETYPE: 1, WITH_HARFBUZZ: 1
[2017.05.23-15.15.38:540][  0]LogSlate: SlateFontCache - WITH_FREETYPE: 1, WITH_HARFBUZZ: 1
[2017.05.23-15.15.38:810][  0]LogInit: Selected Device Profile: [Windows]
[2017.05.23-15.15.38:812][  0]LogContentStreaming: Texture pool size is 0.00 MB
[2017.05.23-15.15.39:012][  0]LogMeshUtilities: Using QuadricMeshReduction for automatic static mesh reduction
[2017.05.23-15.15.39:055][  0]LogSimplygon: Simplygon DLL not present - disabling.
[2017.05.23-15.15.39:109][  0]LogMeshUtilities: Using SimplygonSwarm for distributed automatic mesh merging
[2017.05.23-15.15.39:109][  0]LogMeshUtilities: No automatic skeletal mesh reduction module available
[2017.05.23-15.15.39:109][  0]LogMeshUtilities: No automatic mesh merging module available
[2017.05.23-15.15.39:583][  0]LogNetVersion: GetLocalNetworkVersion: CL: 3299760, ProjectName: skagame3, ProjectVersion: , EngineNetworkVersion: 2, GameNetworkVersion: 0, NetworkChecksum: 2118841436
[2017.05.23-15.15.39:628][  0]LogAssetRegistry: FAssetRegistry took 0.0220 seconds to start up
[2017.05.23-15.15.39:673][  0]LogPackageLocalizationCache: Processed 3 localized package path(s) for 2 prioritized culture(s) in 0.021405 seconds
[2017.05.23-15.15.39:678][  0]LogUObjectArray: 32493 objects as part of root set at end of initial load.
[2017.05.23-15.15.39:678][  0]LogUObjectAllocator: 7077024 out of 0 bytes used by permanent object pool.
[2017.05.23-15.15.39:678][  0]LogUObjectArray: CloseDisregardForGC: 0/0 objects in disregard for GC pool
[2017.05.23-15.15.39:741][  0]LogInit: WinSock: version 1.1 (2.2), MaxSocks=32767, MaxUdp=65467
[2017.05.23-15.15.41:442][  0]LogTcpMessaging: Initializing TcpMessaging bridge
[2017.05.23-15.15.41:485][  0]LogUdpMessaging: Initializing bridge on interface 0.0.0.0:0 to multicast group 230.0.0.1:6666.
[2017.05.23-15.15.41:947][  0]LogMaterial: Uniform references updated for custom material expression Custom.
[2017.05.23-15.15.42:410][  0]SourceControl: Info Source control is disabled
[2017.05.23-15.15.42:411][  0]SourceControl: Info Source control is disabled
[2017.05.23-15.15.42:463][  0]SourceControl: Info Source control is disabled
[2017.05.23-15.15.42:512][  0]SourceControl: Info Source control is disabled
[2017.05.23-15.15.43:819][  0]LogEngine: Initializing Engine...
[2017.05.23-15.15.43:820][  0]LogHMD: Oculus plugin initialized. Version: 4.15.3-3450819+++UE4+Release-4.15, LibOVR: 1.14.0, SDK: 1.10.0, built May 21 2017, 11:08:57
[2017.05.23-15.15.43:912][  0]LogStats: UGameplayTagsManager::ConstructGameplayTagTree: Construct from data asset -  0.000 s
[2017.05.23-15.15.43:912][  0]LogStats: UGameplayTagsManager::ConstructGameplayTagTree: GameplayTagTreeChangedEvent.Broadcast -  0.000 s
[2017.05.23-15.15.44:043][  0]LogAIModule: Creating AISystem for world Untitled
[2017.05.23-15.15.44:050][  0]LogInit: XAudio2 using 'Speakers (Dell AC511 USB SoundBar)' : 2 channels at 44.1 kHz using 16 bits per sample (channel mask 0x3)
[2017.05.23-15.15.44:067][  0]LogInit: FAudioDevice initialized.
[2017.05.23-15.15.44:090][  0]LogDerivedDataCache: Saved boot cache 0.02s 50MB C:/Users/LabUser/AppData/Local/UnrealEngine/4.15/DerivedDataCache/Boot.ddc.
[2017.05.23-15.15.44:094][  0]LogInit: Texture streaming: Enabled
[2017.05.23-15.15.44:188][  0]LogEngineSessionManager: EngineSessionManager initialized
[2017.05.23-15.15.44:276][  0]LogInit: Transaction tracking system initialized
[2017.05.23-15.15.44:629][  0]BlueprintLog: New page: Editor Load
[2017.05.23-15.15.45:540][  0]LocalizationService: Info Localization service is disabled
[2017.05.23-15.15.46:214][  0]LogConsoleResponse:Display: 
[2017.05.23-15.15.46:327][  0]LogCook:Display: Max memory allowance for cook 16384mb min free memory 0mb
[2017.05.23-15.15.46:327][  0]LogCook:Display: Mobile HDR setting 1
[2017.05.23-15.15.46:574][  0]LogFileCache: Scanning file cache for directory 'D:/SkaGameSVN/SkaGame/SkaGame/skagame/SkaGame/Content/' took 0.01s
[2017.05.23-15.15.47:433][  0]SourceControl: Info Source control is disabled
[2017.05.23-15.15.47:490][  0]LogWindowsTextInputMethodSystem:Display: IME system now deactivated.
[2017.05.23-15.15.47:514][  0]LogSlate: Took 0.000191 seconds to synchronously load lazily loaded font '../../../Engine/Content/Slate/Fonts/Roboto-Regular.ttf' (155K)
[2017.05.23-15.15.59:091][  0]LogWindowsTextInputMethodSystem:Display: IME system now deactivated.
[2017.05.23-15.15.59:092][  0]LogWindowsTextInputMethodSystem:Display: IME system now deactivated.
[2017.05.23-15.15.59:095][  0]Cmd: MAP LOAD FILE="D:/SkaGameSVN/SkaGame/SkaGame/skagame/SkaGame/Content/SideScrollerBP/Maps/SideScrollerExampleMap.umap" TEMPLATE=0 SHOWPROGRESS=1 FEATURELEVEL=3
[2017.05.23-15.15.59:096][  0]LightingResults: New page: Lighting Build
[2017.05.23-15.15.59:166][  0]MapCheck: New page: Map Check
[2017.05.23-15.15.59:166][  0]LightingResults: New page: Lighting Build
[2017.05.23-15.15.59:472][  0]LogMaterial: Missing cached shader map for material Bone, compiling. 
[2017.05.23-15.15.59:472][  0]LogTemp:Display: Added material ShaderMap 0x0000013E3BD2D980 with Material 0x0000013E3C157D00 to ShaderMapsBeingCompiled
[2017.05.23-15.15.59:509][  0]LogTemp:Display: Kicking off shader compilation for Bone, GameThreadShaderMap 0x0000013E3BD2D980
[2017.05.23-15.15.59:510][  0]LogTexture:Display: Building textures: CLUT00 (BGRA8, 1X128) - 74 MB total VRAM
[2017.05.23-15.15.59:511][  0]LogMaterial: Missing cached shader map for material CLUT00Material, compiling. 
[2017.05.23-15.15.59:512][  0]LogTemp:Display: Added material ShaderMap 0x0000013E547E2E80 with Material 0x0000013E3B908280 to ShaderMapsBeingCompiled
[2017.05.23-15.15.59:517][  0]LogTemp:Display: Kicking off shader compilation for CLUT00Material, GameThreadShaderMap 0x0000013E547E2E80
[2017.05.23-15.15.59:555][  0]LogAIModule: Creating AISystem for world SideScrollerExampleMap
[2017.05.23-15.15.59:590][  0]LogEditorServer: Finished looking for orphan Actors (0.000 secs)
[2017.05.23-15.15.59:591][  0]Cmd: MAP CHECKDEP NOCLEARLOG
[2017.05.23-15.15.59:662][  0]MapCheck: Info Map check complete: 0 Error(s), 0 Warning(s), took 70.306ms to complete.
[2017.05.23-15.15.59:662][  0]LogFileHelpers: Loading map 'SideScrollerExampleMap' took 0.567
[2017.05.23-15.15.59:843][  0]LogStats:Warning: MetaData mismatch. Did you assign a stat to two groups? New //STATGROUP_Threads//SplashScreenThread///Thread_2888_0///####STATCAT_Advanced#### old //STATGROUP_Threads//SplashScreenThread///Thread_2b2c_0///####STATCAT_Advanced####
[2017.05.23-15.15.59:843][  0]LogCollectionManager: Loaded 0 collections in 0.002690 seconds
[2017.05.23-15.15.59:981][  0]LogFileCache: Scanning file cache for directory 'D:/SkaGameSVN/SkaGame/SkaGame/skagame/SkaGame/Saved/Collections/' took 0.01s
[2017.05.23-15.15.59:981][  0]LogFileCache: Scanning file cache for directory 'D:/SkaGameSVN/SkaGame/SkaGame/skagame/SkaGame/Content/Developers/LabUser/Collections/' took 0.01s
[2017.05.23-15.15.59:981][  0]LogFileCache: Scanning file cache for directory 'D:/SkaGameSVN/SkaGame/SkaGame/skagame/SkaGame/Content/Collections/' took 0.01s
[2017.05.23-15.15.59:981][  0]LogCollectionManager: Rebuilt the GUID cache for 0 collections in 0.000002 seconds
[2017.05.23-15.15.59:993][  0]LogContentBrowser: Native class hierarchy populated in 0.0115 seconds. Added 2245 classes and 453 folders.
[2017.05.23-15.16.00:111][  0]LogContentBrowser: Native class hierarchy updated for 'WidgetCarousel' in 0.0008 seconds. Added 0 classes and 0 folders.
[2017.05.23-15.16.00:187][  0]LogContentBrowser: Native class hierarchy updated for 'AddContentDialog' in 0.0009 seconds. Added 0 classes and 0 folders.
[2017.05.23-15.16.00:264][  0]LogContentBrowser: Native class hierarchy updated for 'SceneOutliner' in 0.0009 seconds. Added 1 classes and 2 folders.
[2017.05.23-15.16.00:337][  0]LogCrashTracker: Crashtracker disabled due to settings.
[2017.05.23-15.16.00:488][  0]LogContentBrowser: Native class hierarchy updated for 'HierarchicalLODOutliner' in 0.0010 seconds. Added 1 classes and 2 folders.
[2017.05.23-15.16.00:488][  0]LogLoad: (Engine Initialization) Total time: 28.00 seconds
[2017.05.23-15.16.00:488][  0]LogLoad: (Engine Initialization) Total Blueprint compile time: 0.12 seconds
[2017.05.23-15.16.00:488][  0]LogExternalProfiler: Found external profiler: VSPerf
[2017.05.23-15.16.00:488][  0]LogExternalProfiler: Using external profiler: VSPerf
[2017.05.23-15.16.00:498][  0]LogOcInput: OculusInput pre-init called
[2017.05.23-15.16.00:517][  0]LogOcInput: OculusInput is initialized. Init status 0. Runtime version: 1.14.0
[2017.05.23-15.16.00:551][  0]LogContentStreaming: Texture pool size now 1000 MB
[2017.05.23-15.16.00:553][  0]LogSlate: Took 0.000252 seconds to synchronously load lazily loaded font '../../../Engine/Content/Slate/Fonts/Roboto-Bold.ttf' (160K)
[2017.05.23-15.16.00:560][  0]LogSlate: Took 0.000274 seconds to synchronously load lazily loaded font '../../../Engine/Content/Editor/Slate/Fonts/FontAwesome.ttf' (139K)
[2017.05.23-15.16.00:717][  0]LogSlate: Took 0.000364 seconds to synchronously load lazily loaded font '../../../Engine/Content/Slate/Fonts/Roboto-Light.ttf' (159K)
[2017.05.23-15.16.00:764][  1]LogAssetRegistry: Asset discovery search completed in 21.1581 seconds
[2017.05.23-15.16.00:764][  1]LogCollectionManager: Rebuilt the object cache for 0 collections in 0.000009 seconds (found 0 objects)
[2017.05.23-15.16.00:764][  1]LogCollectionManager: Fixed up redirectors for 0 collections in 0.000027 seconds (updated 0 objects)
[2017.05.23-15.16.00:801][  2]LogRenderer: Reallocating scene render targets to support 820x564 NumSamples 1 (Frame:2).
[2017.05.23-15.16.01:778][ 47]LogSlate: Took 0.000513 seconds to synchronously load lazily loaded font '../../../Engine/Content/Slate/Fonts/Roboto-Light.ttf' (159K)
[2017.05.23-15.16.02:369][ 96]LogTemp:Display: Finished compile of shader map 0x0000013E547E2E80
[2017.05.23-15.16.02:369][ 96]LogTemp:Display: Shader map CLUT00Material complete, GameThreadShaderMap 0x0000013E547E2E80, marking material CLUT00Material as finished
[2017.05.23-15.16.02:369][ 96]LogTemp:Display: Marking material as finished 0x0000013E3B908280
[2017.05.23-15.16.02:399][ 99]LogTemp:Display: Finished compile of shader map 0x0000013E3BD2D980
[2017.05.23-15.16.02:399][ 99]LogTemp:Display: Shader map Bone complete, GameThreadShaderMap 0x0000013E3BD2D980, marking material Bone as finished
[2017.05.23-15.16.02:399][ 99]LogTemp:Display: Marking material as finished 0x0000013E3C157D00
[2017.05.23-15.30.07:445][488]LogTemp: Repeting last play command: Selected Viewport
[2017.05.23-15.30.07:454][488]LogBlueprintUserMessages: Early PlayInEditor Detection: Level '/Game/SideScrollerBP/Maps/SideScrollerExampleMap.SideScrollerExampleMap:PersistentLevel' has LevelScriptBlueprint '/Game/SideScrollerBP/Maps/SideScrollerExampleMap.SideScrollerExampleMap:PersistentLevel.SideScrollerExampleMap' with GeneratedClass '/Game/SideScrollerBP/Maps/SideScrollerExampleMap.SideScrollerExampleMap_C' with ClassGeneratedBy '/Game/SideScrollerBP/Maps/SideScrollerExampleMap.SideScrollerExampleMap:PersistentLevel.SideScrollerExampleMap'
[2017.05.23-15.30.07:454][488]LogPlayLevel: PlayLevel: No blueprints needed recompiling
[2017.05.23-15.30.07:455][488]PIE: New page: PIE session: SideScrollerExampleMap (May 23, 2017, 7:30:07 AM)
[2017.05.23-15.30.07:455][488]LogPlayLevel: Creating play world package: /Game/SideScrollerBP/Maps/UEDPIE_0_SideScrollerExampleMap
[2017.05.23-15.30.07:477][488]LogPlayLevel: PIE: StaticDuplicateObject took: (0.022245s)
[2017.05.23-15.30.07:478][488]LogAIModule: Creating AISystem for world SideScrollerExampleMap
[2017.05.23-15.30.07:478][488]LogPlayLevel: PIE: World Init took: (0.001021s)
[2017.05.23-15.30.07:478][488]LogPlayLevel: PIE: Created PIE world by copying editor world from /Game/SideScrollerBP/Maps/SideScrollerExampleMap.SideScrollerExampleMap to /Game/SideScrollerBP/Maps/UEDPIE_0_SideScrollerExampleMap.SideScrollerExampleMap (0.023608s)
[2017.05.23-15.30.07:503][488]LogInit: XAudio2 using 'Speakers (Dell AC511 USB SoundBar)' : 2 channels at 44.1 kHz using 16 bits per sample (channel mask 0x3)
[2017.05.23-15.30.07:510][488]LogInit: FAudioDevice initialized.
[2017.05.23-15.30.07:558][488]LogLoad: Game class is 'SideScrollerGameMode_C'
[2017.05.23-15.30.07:560][488]LogWorld: Bringing World /Game/SideScrollerBP/Maps/UEDPIE_0_SideScrollerExampleMap.SideScrollerExampleMap up for play (max tick rate 0) at 2017.05.23-11.30.07
[2017.05.23-15.30.07:561][488]LogWorld: Bringing up level for play took: 0.001266
[2017.05.23-15.30.07:615][488]LogContentBrowser: Native class hierarchy updated for 'MovieSceneCapture' in 0.0006 seconds. Added 11 classes and 0 folders.
[2017.05.23-15.30.07:616][488]PIE: Info Play in editor start time for /Game/SideScrollerBP/Maps/UEDPIE_0_SideScrollerExampleMap -0.684
[2017.05.23-15.30.07:616][488]LogBlueprintUserMessages: Late PlayInEditor Detection: Level '/Game/SideScrollerBP/Maps/SideScrollerExampleMap.SideScrollerExampleMap:PersistentLevel' has LevelScriptBlueprint '/Game/SideScrollerBP/Maps/SideScrollerExampleMap.SideScrollerExampleMap:PersistentLevel.SideScrollerExampleMap' with GeneratedClass '/Game/SideScrollerBP/Maps/SideScrollerExampleMap.SideScrollerExampleMap_C' with ClassGeneratedBy '/Game/SideScrollerBP/Maps/SideScrollerExampleMap.SideScrollerExampleMap:PersistentLevel.SideScrollerExampleMap'
[2017.05.23-15.30.14:619][323]LogBlueprintUserMessages: Early EndPlayMap Detection: Level '/Game/SideScrollerBP/Maps/SideScrollerExampleMap.SideScrollerExampleMap:PersistentLevel' has LevelScriptBlueprint '/Game/SideScrollerBP/Maps/SideScrollerExampleMap.SideScrollerExampleMap:PersistentLevel.SideScrollerExampleMap' with GeneratedClass '/Game/SideScrollerBP/Maps/SideScrollerExampleMap.SideScrollerExampleMap_C' with ClassGeneratedBy '/Game/SideScrollerBP/Maps/SideScrollerExampleMap.SideScrollerExampleMap:PersistentLevel.SideScrollerExampleMap'
[2017.05.23-15.30.14:651][323]LogBlueprintUserMessages: Late EndPlayMap Detection: Level '/Game/SideScrollerBP/Maps/SideScrollerExampleMap.SideScrollerExampleMap:PersistentLevel' has LevelScriptBlueprint '/Game/SideScrollerBP/Maps/SideScrollerExampleMap.SideScrollerExampleMap:PersistentLevel.SideScrollerExampleMap' with GeneratedClass '/Game/SideScrollerBP/Maps/SideScrollerExampleMap.SideScrollerExampleMap_C' with ClassGeneratedBy '/Game/SideScrollerBP/Maps/SideScrollerExampleMap.SideScrollerExampleMap:PersistentLevel.SideScrollerExampleMap'
[2017.05.23-15.30.15:922][469]LogRenderer: Reallocating scene render targets to support 1208x576 NumSamples 1 (Frame:102369).
[2017.05.23-15.30.17:206][621]LogTemp: Repeting last play command: Selected Viewport
[2017.05.23-15.30.17:215][621]LogBlueprintUserMessages: Early PlayInEditor Detection: Level '/Game/SideScrollerBP/Maps/SideScrollerExampleMap.SideScrollerExampleMap:PersistentLevel' has LevelScriptBlueprint '/Game/SideScrollerBP/Maps/SideScrollerExampleMap.SideScrollerExampleMap:PersistentLevel.SideScrollerExampleMap' with GeneratedClass '/Game/SideScrollerBP/Maps/SideScrollerExampleMap.SideScrollerExampleMap_C' with ClassGeneratedBy '/Game/SideScrollerBP/Maps/SideScrollerExampleMap.SideScrollerExampleMap:PersistentLevel.SideScrollerExampleMap'
[2017.05.23-15.30.17:215][621]LogPlayLevel: PlayLevel: No blueprints needed recompiling
[2017.05.23-15.30.17:215][621]PIE: New page: PIE session: SideScrollerExampleMap (May 23, 2017, 7:30:17 AM)
[2017.05.23-15.30.17:215][621]LogPlayLevel: Creating play world package: /Game/SideScrollerBP/Maps/UEDPIE_0_SideScrollerExampleMap
[2017.05.23-15.30.17:232][621]LogPlayLevel: PIE: StaticDuplicateObject took: (0.016776s)
[2017.05.23-15.30.17:233][621]LogAIModule: Creating AISystem for world SideScrollerExampleMap
[2017.05.23-15.30.17:233][621]LogPlayLevel: PIE: World Init took: (0.000812s)
[2017.05.23-15.30.17:233][621]LogPlayLevel: PIE: Created PIE world by copying editor world from /Game/SideScrollerBP/Maps/SideScrollerExampleMap.SideScrollerExampleMap to /Game/SideScrollerBP/Maps/UEDPIE_0_SideScrollerExampleMap.SideScrollerExampleMap (0.017806s)
[2017.05.23-15.30.17:245][621]LogInit: XAudio2 using 'Speakers (Dell AC511 USB SoundBar)' : 2 channels at 44.1 kHz using 16 bits per sample (channel mask 0x3)
[2017.05.23-15.30.17:251][621]LogInit: FAudioDevice initialized.
[2017.05.23-15.30.17:283][621]LogLoad: Game class is 'SideScrollerGameMode_C'
[2017.05.23-15.30.17:286][621]LogWorld: Bringing World /Game/SideScrollerBP/Maps/UEDPIE_0_SideScrollerExampleMap.SideScrollerExampleMap up for play (max tick rate 0) at 2017.05.23-11.30.17
[2017.05.23-15.30.17:286][621]LogWorld: Bringing up level for play took: 0.001224
[2017.05.23-15.30.17:287][621]PIE: Info Play in editor start time for /Game/SideScrollerBP/Maps/UEDPIE_0_SideScrollerExampleMap 0.987
[2017.05.23-15.30.17:287][621]LogBlueprintUserMessages: Late PlayInEditor Detection: Level '/Game/SideScrollerBP/Maps/SideScrollerExampleMap.SideScrollerExampleMap:PersistentLevel' has LevelScriptBlueprint '/Game/SideScrollerBP/Maps/SideScrollerExampleMap.SideScrollerExampleMap:PersistentLevel.SideScrollerExampleMap' with GeneratedClass '/Game/SideScrollerBP/Maps/SideScrollerExampleMap.SideScrollerExampleMap_C' with ClassGeneratedBy '/Game/SideScrollerBP/Maps/SideScrollerExampleMap.SideScrollerExampleMap:PersistentLevel.SideScrollerExampleMap'
[2017.05.23-15.30.19:312][860]LogBlueprintUserMessages: Early EndPlayMap Detection: Level '/Game/SideScrollerBP/Maps/SideScrollerExampleMap.SideScrollerExampleMap:PersistentLevel' has LevelScriptBlueprint '/Game/SideScrollerBP/Maps/SideScrollerExampleMap.SideScrollerExampleMap:PersistentLevel.SideScrollerExampleMap' with GeneratedClass '/Game/SideScrollerBP/Maps/SideScrollerExampleMap.SideScrollerExampleMap_C' with ClassGeneratedBy '/Game/SideScrollerBP/Maps/SideScrollerExampleMap.SideScrollerExampleMap:PersistentLevel.SideScrollerExampleMap'
[2017.05.23-15.30.19:343][860]LogBlueprintUserMessages: Late EndPlayMap Detection: Level '/Game/SideScrollerBP/Maps/SideScrollerExampleMap.SideScrollerExampleMap:PersistentLevel' has LevelScriptBlueprint '/Game/SideScrollerBP/Maps/SideScrollerExampleMap.SideScrollerExampleMap:PersistentLevel.SideScrollerExampleMap' with GeneratedClass '/Game/SideScrollerBP/Maps/SideScrollerExampleMap.SideScrollerExampleMap_C' with ClassGeneratedBy '/Game/SideScrollerBP/Maps/SideScrollerExampleMap.SideScrollerExampleMap:PersistentLevel.SideScrollerExampleMap'
[2017.05.23-15.30.19:917][927]LogTemp: Repeting last play command: Selected Viewport
[2017.05.23-15.30.19:925][927]LogBlueprintUserMessages: Early PlayInEditor Detection: Level '/Game/SideScrollerBP/Maps/SideScrollerExampleMap.SideScrollerExampleMap:PersistentLevel' has LevelScriptBlueprint '/Game/SideScrollerBP/Maps/SideScrollerExampleMap.SideScrollerExampleMap:PersistentLevel.SideScrollerExampleMap' with GeneratedClass '/Game/SideScrollerBP/Maps/SideScrollerExampleMap.SideScrollerExampleMap_C' with ClassGeneratedBy '/Game/SideScrollerBP/Maps/SideScrollerExampleMap.SideScrollerExampleMap:PersistentLevel.SideScrollerExampleMap'
[2017.05.23-15.30.19:925][927]LogPlayLevel: PlayLevel: No blueprints needed recompiling
[2017.05.23-15.30.19:926][927]PIE: New page: PIE session: SideScrollerExampleMap (May 23, 2017, 7:30:19 AM)
[2017.05.23-15.30.19:926][927]LogPlayLevel: Creating play world package: /Game/SideScrollerBP/Maps/UEDPIE_0_SideScrollerExampleMap
[2017.05.23-15.30.19:939][927]LogPlayLevel: PIE: StaticDuplicateObject took: (0.013215s)
[2017.05.23-15.30.19:939][927]LogAIModule: Creating AISystem for world SideScrollerExampleMap
[2017.05.23-15.30.19:940][927]LogPlayLevel: PIE: World Init took: (0.000798s)
[2017.05.23-15.30.19:940][927]LogPlayLevel: PIE: Created PIE world by copying editor world from /Game/SideScrollerBP/Maps/SideScrollerExampleMap.SideScrollerExampleMap to /Game/SideScrollerBP/Maps/UEDPIE_0_SideScrollerExampleMap.SideScrollerExampleMap (0.014229s)
[2017.05.23-15.30.19:953][927]LogInit: XAudio2 using 'Speakers (Dell AC511 USB SoundBar)' : 2 channels at 44.1 kHz using 16 bits per sample (channel mask 0x3)
[2017.05.23-15.30.19:959][927]LogInit: FAudioDevice initialized.
[2017.05.23-15.30.19:986][927]LogLoad: Game class is 'SideScrollerGameMode_C'
[2017.05.23-15.30.19:988][927]LogWorld: Bringing World /Game/SideScrollerBP/Maps/UEDPIE_0_SideScrollerExampleMap.SideScrollerExampleMap up for play (max tick rate 0) at 2017.05.23-11.30.19
[2017.05.23-15.30.19:988][927]LogWorld: Bringing up level for play took: 0.001144
[2017.05.23-15.30.19:989][927]PIE: Info Play in editor start time for /Game/SideScrollerBP/Maps/UEDPIE_0_SideScrollerExampleMap -0.31
[2017.05.23-15.30.19:989][927]LogBlueprintUserMessages: Late PlayInEditor Detection: Level '/Game/SideScrollerBP/Maps/SideScrollerExampleMap.SideScrollerExampleMap:PersistentLevel' has LevelScriptBlueprint '/Game/SideScrollerBP/Maps/SideScrollerExampleMap.SideScrollerExampleMap:PersistentLevel.SideScrollerExampleMap' with GeneratedClass '/Game/SideScrollerBP/Maps/SideScrollerExampleMap.SideScrollerExampleMap_C' with ClassGeneratedBy '/Game/SideScrollerBP/Maps/SideScrollerExampleMap.SideScrollerExampleMap:PersistentLevel.SideScrollerExampleMap'
[2017.05.23-15.30.29:277][ 38]LogBlueprintUserMessages: Early EndPlayMap Detection: Level '/Game/SideScrollerBP/Maps/SideScrollerExampleMap.SideScrollerExampleMap:PersistentLevel' has LevelScriptBlueprint '/Game/SideScrollerBP/Maps/SideScrollerExampleMap.SideScrollerExampleMap:PersistentLevel.SideScrollerExampleMap' with GeneratedClass '/Game/SideScrollerBP/Maps/SideScrollerExampleMap.SideScrollerExampleMap_C' with ClassGeneratedBy '/Game/SideScrollerBP/Maps/SideScrollerExampleMap.SideScrollerExampleMap:PersistentLevel.SideScrollerExampleMap'
[2017.05.23-15.30.29:309][ 38]LogBlueprintUserMessages: Late EndPlayMap Detection: Level '/Game/SideScrollerBP/Maps/SideScrollerExampleMap.SideScrollerExampleMap:PersistentLevel' has LevelScriptBlueprint '/Game/SideScrollerBP/Maps/SideScrollerExampleMap.SideScrollerExampleMap:PersistentLevel.SideScrollerExampleMap' with GeneratedClass '/Game/SideScrollerBP/Maps/SideScrollerExampleMap.SideScrollerExampleMap_C' with ClassGeneratedBy '/Game/SideScrollerBP/Maps/SideScrollerExampleMap.SideScrollerExampleMap:PersistentLevel.SideScrollerExampleMap'
[2017.05.23-15.30.35:477][774]LogTemp: Repeting last play command: Selected Viewport
[2017.05.23-15.30.35:486][774]LogBlueprintUserMessages: Early PlayInEditor Detection: Level '/Game/SideScrollerBP/Maps/SideScrollerExampleMap.SideScrollerExampleMap:PersistentLevel' has LevelScriptBlueprint '/Game/SideScrollerBP/Maps/SideScrollerExampleMap.SideScrollerExampleMap:PersistentLevel.SideScrollerExampleMap' with GeneratedClass '/Game/SideScrollerBP/Maps/SideScrollerExampleMap.SideScrollerExampleMap_C' with ClassGeneratedBy '/Game/SideScrollerBP/Maps/SideScrollerExampleMap.SideScrollerExampleMap:PersistentLevel.SideScrollerExampleMap'
[2017.05.23-15.30.35:486][774]LogPlayLevel: PlayLevel: No blueprints needed recompiling
[2017.05.23-15.30.35:486][774]PIE: New page: PIE session: SideScrollerExampleMap (May 23, 2017, 7:30:35 AM)
[2017.05.23-15.30.35:486][774]LogPlayLevel: Creating play world package: /Game/SideScrollerBP/Maps/UEDPIE_0_SideScrollerExampleMap
[2017.05.23-15.30.35:503][774]LogPlayLevel: PIE: StaticDuplicateObject took: (0.016769s)
[2017.05.23-15.30.35:504][774]LogAIModule: Creating AISystem for world SideScrollerExampleMap
[2017.05.23-15.30.35:504][774]LogPlayLevel: PIE: World Init took: (0.000750s)
[2017.05.23-15.30.35:504][774]LogPlayLevel: PIE: Created PIE world by copying editor world from /Game/SideScrollerBP/Maps/SideScrollerExampleMap.SideScrollerExampleMap to /Game/SideScrollerBP/Maps/UEDPIE_0_SideScrollerExampleMap.SideScrollerExampleMap (0.017751s)
[2017.05.23-15.30.35:517][774]LogInit: XAudio2 using 'Speakers (Dell AC511 USB SoundBar)' : 2 channels at 44.1 kHz using 16 bits per sample (channel mask 0x3)
[2017.05.23-15.30.35:523][774]LogInit: FAudioDevice initialized.
[2017.05.23-15.30.35:553][774]LogLoad: Game class is 'SideScrollerGameMode_C'
[2017.05.23-15.30.35:555][774]LogWorld: Bringing World /Game/SideScrollerBP/Maps/UEDPIE_0_SideScrollerExampleMap.SideScrollerExampleMap up for play (max tick rate 0) at 2017.05.23-11.30.35
[2017.05.23-15.30.35:555][774]LogWorld: Bringing up level for play took: 0.001177
[2017.05.23-15.30.35:555][774]PIE: Info Play in editor start time for /Game/SideScrollerBP/Maps/UEDPIE_0_SideScrollerExampleMap -0.744
[2017.05.23-15.30.35:556][774]LogBlueprintUserMessages: Late PlayInEditor Detection: Level '/Game/SideScrollerBP/Maps/SideScrollerExampleMap.SideScrollerExampleMap:PersistentLevel' has LevelScriptBlueprint '/Game/SideScrollerBP/Maps/SideScrollerExampleMap.SideScrollerExampleMap:PersistentLevel.SideScrollerExampleMap' with GeneratedClass '/Game/SideScrollerBP/Maps/SideScrollerExampleMap.SideScrollerExampleMap_C' with ClassGeneratedBy '/Game/SideScrollerBP/Maps/SideScrollerExampleMap.SideScrollerExampleMap:PersistentLevel.SideScrollerExampleMap'
[2017.05.23-15.30.40:645][380]LogBlueprintUserMessages: Early EndPlayMap Detection: Level '/Game/SideScrollerBP/Maps/SideScrollerExampleMap.SideScrollerExampleMap:PersistentLevel' has LevelScriptBlueprint '/Game/SideScrollerBP/Maps/SideScrollerExampleMap.SideScrollerExampleMap:PersistentLevel.SideScrollerExampleMap' with GeneratedClass '/Game/SideScrollerBP/Maps/SideScrollerExampleMap.SideScrollerExampleMap_C' with ClassGeneratedBy '/Game/SideScrollerBP/Maps/SideScrollerExampleMap.SideScrollerExampleMap:PersistentLevel.SideScrollerExampleMap'
[2017.05.23-15.30.40:677][380]LogBlueprintUserMessages: Late EndPlayMap Detection: Level '/Game/SideScrollerBP/Maps/SideScrollerExampleMap.SideScrollerExampleMap:PersistentLevel' has LevelScriptBlueprint '/Game/SideScrollerBP/Maps/SideScrollerExampleMap.SideScrollerExampleMap:PersistentLevel.SideScrollerExampleMap' with GeneratedClass '/Game/SideScrollerBP/Maps/SideScrollerExampleMap.SideScrollerExampleMap_C' with ClassGeneratedBy '/Game/SideScrollerBP/Maps/SideScrollerExampleMap.SideScrollerExampleMap:PersistentLevel.SideScrollerExampleMap'
[2017.05.23-15.30.44:702][846]LogEditorViewport: Clicking on Actor (LMB): SideScrollerCharacter_C (SideScrollerCharacter)
[2017.05.23-15.30.48:119][189]LogSlate: Took 0.000242 seconds to synchronously load lazily loaded font '../../../Engine/Content/Editor/Slate/Fonts/Roboto-Italic.ttf' (157K)
[2017.05.23-15.30.50:369][409]LogSlate: Took 0.000194 seconds to synchronously load lazily loaded font '../../../Engine/Content/Slate/Fonts/Roboto-Light.ttf' (159K)
[2017.05.23-15.30.50:795][409]LogContentBrowser: Native class hierarchy updated for 'BlueprintGraph' in 0.0009 seconds. Added 112 classes and 0 folders.
[2017.05.23-15.30.51:395][409]LogSlate: Took 0.000245 seconds to synchronously load lazily loaded font '../../../Engine/Content/Editor/Slate/Fonts/Roboto-BoldCondensed.ttf' (158K)
[2017.05.23-15.31.01:715][187]Cmd: QUIT_EDITOR
[2017.05.23-15.31.02:280][187]LogWindowsTextInputMethodSystem:Display: IME system now deactivated.
[2017.05.23-15.31.02:299][187]LogExit: Preparing to exit.
[2017.05.23-15.31.02:874][187]LogExit: Editor shut down
[2017.05.23-15.31.02:874][187]LogExit: Transaction tracking system shut down
[2017.05.23-15.31.02:951][187]LogObj: Freed 0b from 0 cluster array pools.
[2017.05.23-15.31.02:951][187]LogExit: Object subsystem successfully closed.
[2017.05.23-15.31.02:963][187]LogD3D11RHI: Shutdown
[2017.05.23-15.31.02:963][187]LogD3D11RHI: CleanupD3DDevice
[2017.05.23-15.31.03:018][187]LogD3D11RHI: ~FD3D11DynamicRHI
[2017.05.23-15.31.03:039][187]LogModuleManager: Shutting down and abandoning module BlueprintGraph (504)
[2017.05.23-15.31.03:039][187]LogModuleManager: Shutting down and abandoning module BlueprintProfiler (502)
[2017.05.23-15.31.03:039][187]LogModuleManager: Shutting down and abandoning module MovieSceneCapture (500)
[2017.05.23-15.31.03:039][187]LogModuleManager: Shutting down and abandoning module HierarchicalLODOutliner (498)
[2017.05.23-15.31.03:039][187]LogModuleManager: Shutting down and abandoning module CrashTracker (496)
[2017.05.23-15.31.03:039][187]LogModuleManager: Shutting down and abandoning module SceneOutliner (494)
[2017.05.23-15.31.03:039][187]LogModuleManager: Shutting down and abandoning module AddContentDialog (492)
[2017.05.23-15.31.03:039][187]LogDirectoryWatcher: A directory notification for 'C:/Program Files/Epic Games/UE_4.15/FeaturePacks/' was aborted.
[2017.05.23-15.31.03:040][187]LogModuleManager: Shutting down and abandoning module WidgetCarousel (491)
[2017.05.23-15.31.03:040][187]LogModuleManager: Shutting down and abandoning module EditorWidgets (488)
[2017.05.23-15.31.03:040][187]LogModuleManager: Shutting down and abandoning module CollectionManager (486)
[2017.05.23-15.31.03:040][187]LogDirectoryWatcher: A directory notification for 'D:/SkaGameSVN/SkaGame/SkaGame/skagame/SkaGame/Content/Collections/' was aborted.
[2017.05.23-15.31.03:040][187]LogDirectoryWatcher: A directory notification for 'D:/SkaGameSVN/SkaGame/SkaGame/skagame/SkaGame/Content/Developers/LabUser/Collections/' was aborted.
[2017.05.23-15.31.03:040][187]LogDirectoryWatcher: A directory notification for 'D:/SkaGameSVN/SkaGame/SkaGame/skagame/SkaGame/Saved/Collections/' was aborted.
[2017.05.23-15.31.03:041][187]LogModuleManager: Shutting down and abandoning module StatsViewer (484)
[2017.05.23-15.31.03:041][187]LogModuleManager: Shutting down and abandoning module FoliageEdit (482)
[2017.05.23-15.31.03:041][187]LogModuleManager: Shutting down and abandoning module LandscapeEditor (480)
[2017.05.23-15.31.03:041][187]LogModuleManager: Shutting down and abandoning module SceneDepthPickerMode (478)
[2017.05.23-15.31.03:041][187]LogModuleManager: Shutting down and abandoning module ActorPickerMode (476)
[2017.05.23-15.31.03:041][187]LogModuleManager: Shutting down and abandoning module GeometryMode (474)
[2017.05.23-15.31.03:041][187]LogModuleManager: Shutting down and abandoning module TextureAlignMode (472)
[2017.05.23-15.31.03:041][187]LogModuleManager: Shutting down and abandoning module BspMode (470)
[2017.05.23-15.31.03:041][187]LogModuleManager: Shutting down and abandoning module HardwareSurvey (468)
[2017.05.23-15.31.03:041][187]LogModuleManager: Shutting down and abandoning module SequenceRecorderSections (466)
[2017.05.23-15.31.03:041][187]LogModuleManager: Shutting down and abandoning module AutomationWorker (464)
[2017.05.23-15.31.03:041][187]LogModuleManager: Shutting down and abandoning module MatineeToLevelSequence (462)
[2017.05.23-15.31.03:041][187]LogModuleManager: Shutting down and abandoning module LevelSequenceEditor (460)
[2017.05.23-15.31.03:041][187]LogModuleManager: Shutting down and abandoning module PlacementMode (459)
[2017.05.23-15.31.03:041][187]LogModuleManager: Shutting down and abandoning module WmfMediaFactory (456)
[2017.05.23-15.31.03:041][187]LogModuleManager: Shutting down and abandoning module WmfMediaEditor (454)
[2017.05.23-15.31.03:041][187]LogModuleManager: Shutting down and abandoning module MfMediaFactory (452)
[2017.05.23-15.31.03:041][187]LogModuleManager: Shutting down and abandoning module MfMediaEditor (450)
[2017.05.23-15.31.03:041][187]LogModuleManager: Shutting down and abandoning module AvfMediaFactory (448)
[2017.05.23-15.31.03:041][187]LogModuleManager: Shutting down and abandoning module AvfMediaEditor (446)
[2017.05.23-15.31.03:041][187]LogModuleManager: Shutting down and abandoning module AndroidMediaFactory (444)
[2017.05.23-15.31.03:041][187]LogModuleManager: Shutting down and abandoning module Media (443)
[2017.05.23-15.31.03:041][187]LogModuleManager: Shutting down and abandoning module AndroidMediaEditor (440)
[2017.05.23-15.31.03:041][187]LogModuleManager: Shutting down and abandoning module CharacterAI (438)
[2017.05.23-15.31.03:041][187]LogModuleManager: Shutting down and abandoning module AudioCapture (436)
[2017.05.23-15.31.03:041][187]LogModuleManager: Shutting down and abandoning module SequenceRecorder (435)
[2017.05.23-15.31.03:041][187]LogModuleManager: Shutting down and abandoning module SmartSnapping (432)
[2017.05.23-15.31.03:041][187]LogModuleManager: Shutting down and abandoning module SessionServices (430)
[2017.05.23-15.31.03:041][187]LogModuleManager: Shutting down and abandoning module ViewportSnapping (428)
[2017.05.23-15.31.03:041][187]LogModuleManager: Shutting down and abandoning module ViewportInteraction (426)
[2017.05.23-15.31.03:041][187]LogModuleManager: Shutting down and abandoning module LogVisualizer (424)
[2017.05.23-15.31.03:041][187]LogModuleManager: Shutting down and abandoning module IntroTutorials (422)
[2017.05.23-15.31.03:041][187]LogModuleManager: Shutting down and abandoning module GameProjectGeneration (421)
[2017.05.23-15.31.03:041][187]LogModuleManager: Shutting down and abandoning module EditorLiveStreaming (418)
[2017.05.23-15.31.03:041][187]LogModuleManager: Shutting down and abandoning module IOSPlatformEditor (416)
[2017.05.23-15.31.03:041][187]LogModuleManager: Shutting down and abandoning module HTML5PlatformEditor (414)
[2017.05.23-15.31.03:041][187]LogModuleManager: Shutting down and abandoning module AndroidPlatformEditor (412)
[2017.05.23-15.31.03:041][187]LogModuleManager: Shutting down and abandoning module AndroidDeviceDetection (411)
[2017.05.23-15.31.03:155][187]LogModuleManager: Shutting down and abandoning module IOSRuntimeSettings (408)
[2017.05.23-15.31.03:155][187]LogModuleManager: Shutting down and abandoning module AndroidRuntimeSettings (406)
[2017.05.23-15.31.03:155][187]LogModuleManager: Shutting down and abandoning module InputBindingEditor (404)
[2017.05.23-15.31.03:155][187]LogModuleManager: Shutting down and abandoning module NiagaraEditor (402)
[2017.05.23-15.31.03:155][187]LogModuleManager: Shutting down and abandoning module MergeActors (400)
[2017.05.23-15.31.03:155][187]LogModuleManager: Shutting down and abandoning module SizeMap (398)
[2017.05.23-15.31.03:155][187]LogModuleManager: Shutting down and abandoning module TreeMap (396)
[2017.05.23-15.31.03:155][187]LogModuleManager: Shutting down and abandoning module ReferenceViewer (394)
[2017.05.23-15.31.03:155][187]LogModuleManager: Shutting down and abandoning module LocalizationDashboard (392)
[2017.05.23-15.31.03:155][187]LogModuleManager: Shutting down and abandoning module LocalizationService (391)
[2017.05.23-15.31.03:155][187]LogModuleManager: Shutting down and abandoning module HardwareTargeting (388)
[2017.05.23-15.31.03:155][187]LogModuleManager: Shutting down and abandoning module DeviceProfileEditor (386)
[2017.05.23-15.31.03:155][187]LogModuleManager: Shutting down and abandoning module UndoHistory (384)
[2017.05.23-15.31.03:155][187]LogModuleManager: Shutting down and abandoning module UserFeedback (382)
[2017.05.23-15.31.03:155][187]LogModuleManager: Shutting down and abandoning module XmlParser (380)
[2017.05.23-15.31.03:155][187]LogModuleManager: Shutting down and abandoning module Blutility (378)
[2017.05.23-15.31.03:155][187]LogModuleManager: Shutting down and abandoning module ProjectSettingsViewer (376)
[2017.05.23-15.31.03:155][187]LogModuleManager: Shutting down and abandoning module ProjectTargetPlatformEditor (375)
[2017.05.23-15.31.03:156][187]LogModuleManager: Shutting down and abandoning module EditorSettingsViewer (372)
[2017.05.23-15.31.03:156][187]LogModuleManager: Shutting down and abandoning module SettingsEditor (370)
[2017.05.23-15.31.03:156][187]LogModuleManager: Shutting down and abandoning module ProjectLauncher (368)
[2017.05.23-15.31.03:156][187]LogModuleManager: Shutting down and abandoning module SessionFrontend (366)
[2017.05.23-15.31.03:156][187]LogModuleManager: Shutting down and abandoning module ProfilerClient (364)
[2017.05.23-15.31.03:156][187]LogModuleManager: Shutting down and abandoning module DeviceManager (362)
[2017.05.23-15.31.03:156][187]LogModuleManager: Shutting down and abandoning module TargetDeviceServices (361)
[2017.05.23-15.31.03:211][187]LogModuleManager: Shutting down and abandoning module AutomationController (358)
[2017.05.23-15.31.03:211][187]LogModuleManager: Shutting down and abandoning module AutomationWindow (356)
[2017.05.23-15.31.03:211][187]LogModuleManager: Shutting down and abandoning module Layers (354)
[2017.05.23-15.31.03:211][187]LogModuleManager: Shutting down and abandoning module ComponentVisualizers (352)
[2017.05.23-15.31.03:211][187]LogModuleManager: Shutting down and abandoning module DetailCustomizations (350)
[2017.05.23-15.31.03:211][187]LogModuleManager: Shutting down and abandoning module PackagesDialog (348)
[2017.05.23-15.31.03:211][187]LogModuleManager: Shutting down and abandoning module Persona (346)
[2017.05.23-15.31.03:211][187]LogModuleManager: Shutting down and abandoning module AnimGraph (345)
[2017.05.23-15.31.03:211][187]LogModuleManager: Shutting down and abandoning module Kismet (342)
[2017.05.23-15.31.03:216][187]LogModuleManager: Shutting down and abandoning module GraphEditor (340)
[2017.05.23-15.31.03:216][187]LogModuleManager: Shutting down and abandoning module ClassViewer (338)
[2017.05.23-15.31.03:216][187]LogModuleManager: Shutting down and abandoning module Toolbox (336)
[2017.05.23-15.31.03:216][187]LogModuleManager: Shutting down and abandoning module ModuleUI (334)
[2017.05.23-15.31.03:216][187]LogModuleManager: Shutting down and abandoning module MovieSceneTools (332)
[2017.05.23-15.31.03:216][187]LogModuleManager: Shutting down and abandoning module OutputLog (330)
[2017.05.23-15.31.03:216][187]LogModuleManager: Shutting down and abandoning module GammaUI (328)
[2017.05.23-15.31.03:216][187]LogModuleManager: Shutting down and abandoning module Documentation (326)
[2017.05.23-15.31.03:216][187]LogModuleManager: Shutting down and abandoning module Niagara (324)
[2017.05.23-15.31.03:216][187]LogModuleManager: Shutting down and abandoning module StreamingPauseRendering (322)
[2017.05.23-15.31.03:216][187]LogModuleManager: Shutting down and abandoning module AnalyticsET (320)
[2017.05.23-15.31.03:216][187]LogModuleManager: Shutting down and abandoning module PortalServices (318)
[2017.05.23-15.31.03:216][187]LogModuleManager: Shutting down and abandoning module PortalRpc (316)
[2017.05.23-15.31.03:216][187]LogModuleManager: Shutting down and abandoning module MessagingRpc (314)
[2017.05.23-15.31.03:216][187]LogModuleManager: Shutting down and abandoning module AIModule (312)
[2017.05.23-15.31.03:216][187]LogModuleManager: Shutting down and abandoning module GameplayDebugger (311)
[2017.05.23-15.31.03:216][187]LogModuleManager: Shutting down and abandoning module AITestSuite (309)
[2017.05.23-15.31.03:216][187]LogModuleManager: Shutting down and abandoning module ProfilerService (306)
[2017.05.23-15.31.03:304][187]LogModuleManager: Shutting down and abandoning module TaskGraph (304)
[2017.05.23-15.31.03:304][187]LogModuleManager: Shutting down and abandoning module SteamVRController (302)
[2017.05.23-15.31.03:304][187]LogModuleManager: Shutting down and abandoning module SteamVR (300)
[2017.05.23-15.31.03:304][187]LogModuleManager: Shutting down and abandoning module ProceduralMeshComponentEditor (298)
[2017.05.23-15.31.03:304][187]LogModuleManager: Shutting down and abandoning module ProceduralMeshComponent (296)
[2017.05.23-15.31.03:304][187]LogModuleManager: Shutting down and abandoning module OculusLibrary (294)
[2017.05.23-15.31.03:304][187]LogModuleManager: Shutting down and abandoning module OculusInput (292)
[2017.05.23-15.31.03:304][187]LogModuleManager: Shutting down and abandoning module MobilePatchingUtils (290)
[2017.05.23-15.31.03:304][187]LogModuleManager: Shutting down and abandoning module CustomMeshComponent (288)
[2017.05.23-15.31.03:304][187]LogModuleManager: Shutting down and abandoning module CableComponent (286)
[2017.05.23-15.31.03:304][187]LogModuleManager: Shutting down and abandoning module ArchVisCharacter (284)
[2017.05.23-15.31.03:304][187]LogModuleManager: Shutting down and abandoning module MediaPlayerEditor (280)
[2017.05.23-15.31.03:304][187]LogModuleManager: Shutting down and abandoning module HTML5Networking (278)
[2017.05.23-15.31.03:304][187]LogModuleManager: Shutting down and abandoning module AlembicImporter (276)
[2017.05.23-15.31.03:304][187]LogModuleManager: Shutting down and abandoning module AlembicLibrary (275)
[2017.05.23-15.31.03:304][187]LogModuleManager: Shutting down and abandoning module GeometryCache (274)
[2017.05.23-15.31.03:304][187]LogModuleManager: Shutting down and abandoning module GeometryCacheEd (273)
[2017.05.23-15.31.03:304][187]LogModuleManager: Shutting down and abandoning module SuperSearchEditor (268)
[2017.05.23-15.31.03:304][187]LogModuleManager: Shutting down and abandoning module SuperSearch (267)
[2017.05.23-15.31.03:304][187]LogModuleManager: Shutting down and abandoning module SpeedTreeImporter (264)
[2017.05.23-15.31.03:304][187]LogModuleManager: Shutting down and abandoning module PluginBrowser (262)
[2017.05.23-15.31.03:304][187]LogModuleManager: Shutting down and abandoning module MobileLauncherProfileWizard (260)
[2017.05.23-15.31.03:304][187]LogModuleManager: Shutting down and abandoning module EpicSurvey (258)
[2017.05.23-15.31.03:304][187]LogModuleManager: Shutting down and abandoning module VisualStudioSourceCodeAccess (256)
[2017.05.23-15.31.03:304][187]LogModuleManager: Shutting down and abandoning module DesktopPlatform (255)
[2017.05.23-15.31.03:304][187]LogModuleManager: Shutting down and abandoning module UObjectPlugin (252)
[2017.05.23-15.31.03:304][187]LogModuleManager: Shutting down and abandoning module SubversionSourceControl (250)
[2017.05.23-15.31.03:304][187]LogModuleManager: Shutting down and abandoning module PerforceSourceControl (248)
[2017.05.23-15.31.03:304][187]LogModuleManager: Shutting down and abandoning module GitSourceControl (246)
[2017.05.23-15.31.03:304][187]LogModuleManager: Shutting down and abandoning module SourceControl (245)
[2017.05.23-15.31.03:304][187]LogModuleManager: Shutting down and abandoning module LightPropagationVolumeEditor (242)
[2017.05.23-15.31.03:304][187]LogModuleManager: Shutting down and abandoning module PaperTiledImporter (240)
[2017.05.23-15.31.03:304][187]LogModuleManager: Shutting down and abandoning module PaperSpriteSheetImporter (238)
[2017.05.23-15.31.03:304][187]LogModuleManager: Shutting down and abandoning module Paper2DEditor (236)
[2017.05.23-15.31.03:305][187]LogModuleManager: Shutting down and abandoning module MeshPaint (235)
[2017.05.23-15.31.03:305][187]LogModuleManager: Shutting down and abandoning module LevelEditor (233)
[2017.05.23-15.31.03:305][187]LogModuleManager: Shutting down and abandoning module PixelInspectorModule (232)
[2017.05.23-15.31.03:305][187]LogModuleManager: Shutting down and abandoning module MainFrame (230)
[2017.05.23-15.31.03:305][187]LogModuleManager: Shutting down and abandoning module HotReload (229)
[2017.05.23-15.31.03:306][187]LogModuleManager: Shutting down and abandoning module ContentBrowser (225)
[2017.05.23-15.31.03:307][187]LogModuleManager: Shutting down and abandoning module PhysXVehiclesEditor (222)
[2017.05.23-15.31.03:307][187]LogModuleManager: Shutting down and abandoning module PhysXVehicles (220)
[2017.05.23-15.31.03:307][187]LogModuleManager: Shutting down and abandoning module LocationServicesBPLibrary (218)
[2017.05.23-15.31.03:307][187]LogModuleManager: Shutting down and abandoning module UdpMessaging (216)
[2017.05.23-15.31.03:408][187]LogModuleManager: Shutting down and abandoning module TcpMessaging (214)
[2017.05.23-15.31.03:683][187]LogModuleManager: Shutting down and abandoning module GameplayTagsEditor (212)
[2017.05.23-15.31.03:683][187]LogModuleManager: Shutting down and abandoning module FacialAnimationEditor (210)
[2017.05.23-15.31.03:683][187]LogModuleManager: Shutting down and abandoning module FacialAnimation (208)
[2017.05.23-15.31.03:683][187]LogModuleManager: Shutting down and abandoning module LightPropagationVolumeRuntime (206)
[2017.05.23-15.31.03:683][187]LogModuleManager: Shutting down and abandoning module Paper2D (204)
[2017.05.23-15.31.03:683][187]LogModuleManager: Shutting down and abandoning module WindowsMoviePlayer (202)
[2017.05.23-15.31.03:683][187]LogModuleManager: Shutting down and abandoning module WmfMedia (200)
[2017.05.23-15.31.03:683][187]LogModuleManager: Shutting down and abandoning module MfMedia (198)
[2017.05.23-15.31.03:683][187]LogModuleManager: Shutting down and abandoning module MediaAssets (196)
[2017.05.23-15.31.03:683][187]LogModuleManager: Shutting down and abandoning module GameLiveStreaming (194)
[2017.05.23-15.31.03:683][187]LogModuleManager: Shutting down and abandoning module VREditor (192)
[2017.05.23-15.31.03:683][187]LogModuleManager: Shutting down and abandoning module GameplayTasksEditor (190)
[2017.05.23-15.31.03:683][187]LogModuleManager: Shutting down and abandoning module BehaviorTreeEditor (188)
[2017.05.23-15.31.03:683][187]LogModuleManager: Shutting down and abandoning module FunctionalTesting (186)
[2017.05.23-15.31.03:683][187]LogModuleManager: Shutting down and abandoning module CollisionAnalyzer (184)
[2017.05.23-15.31.03:683][187]LogModuleManager: Shutting down and abandoning module UMG (182)
[2017.05.23-15.31.03:683][187]LogModuleManager: Shutting down and abandoning module UMGEditor (181)
[2017.05.23-15.31.03:683][187]LogModuleManager: Shutting down and abandoning module Sequencer (180)
[2017.05.23-15.31.03:683][187]LogModuleManager: Shutting down and abandoning module AssetTools (178)
[2017.05.23-15.31.03:684][187]LogModuleManager: Shutting down and abandoning module MessageLog (177)
[2017.05.23-15.31.03:684][187]LogModuleManager: Shutting down and abandoning module WorkspaceMenuStructure (176)
[2017.05.23-15.31.03:684][187]LogModuleManager: Shutting down and abandoning module SlateReflector (170)
[2017.05.23-15.31.03:684][187]LogModuleManager: Shutting down and abandoning module Slate (168)
[2017.05.23-15.31.03:684][187]LogModuleManager: Shutting down and abandoning module EditorStyle (166)
[2017.05.23-15.31.03:686][187]LogModuleManager: Shutting down and abandoning module SourceCodeAccess (164)
[2017.05.23-15.31.03:686][187]LogModuleManager: Shutting down and abandoning module HeadMountedDisplay (162)
[2017.05.23-15.31.03:686][187]LogModuleManager: Shutting down and abandoning module XAudio2 (160)
[2017.05.23-15.31.03:686][187]LogModuleManager: Shutting down and abandoning module Networking (158)
[2017.05.23-15.31.03:686][187]LogModuleManager: Shutting down and abandoning module Core (154)
[2017.05.23-15.31.03:686][187]LogModuleManager: Shutting down and abandoning module AssetRegistry (152)
[2017.05.23-15.31.03:751][187]LogDirectoryWatcher: A directory notification for '../../../Engine/Content/' was aborted.
[2017.05.23-15.31.03:751][187]LogDirectoryWatcher: A directory notification for 'D:/SkaGameSVN/SkaGame/SkaGame/skagame/SkaGame/Content/' was aborted.
[2017.05.23-15.31.03:751][187]LogDirectoryWatcher: A directory notification for '../../../Engine/Plugins/2D/Paper2D/Content/' was aborted.
[2017.05.23-15.31.03:751][187]LogModuleManager: Shutting down and abandoning module DirectoryWatcher (151)
[2017.05.23-15.31.03:751][187]LogModuleManager: Shutting down and abandoning module KismetCompiler (148)
[2017.05.23-15.31.03:751][187]LogModuleManager: Shutting down and abandoning module PhysXFormats (146)
[2017.05.23-15.31.03:751][187]LogModuleManager: Shutting down and abandoning module MeshUtilities (144)
[2017.05.23-15.31.03:751][187]LogModuleManager: Shutting down and abandoning module SimplygonSwarm (143)
[2017.05.23-15.31.03:751][187]LogModuleManager: Shutting down and abandoning module SimplygonMeshReduction (141)
[2017.05.23-15.31.03:751][187]LogModuleManager: Shutting down and abandoning module QuadricMeshReduction (139)
[2017.05.23-15.31.03:751][187]LogModuleManager: Shutting down and abandoning module PropertyEditor (137)
[2017.05.23-15.31.03:751][187]LogModuleManager: Shutting down and abandoning module DerivedDataCache (134)
[2017.05.23-15.31.03:781][187]LogDerivedDataCache: Shutdown
[2017.05.23-15.31.03:781][187]LogModuleManager: Shutting down and abandoning module TargetPlatform (132)
[2017.05.23-15.31.03:781][187]LogModuleManager: Shutting down and abandoning module VulkanShaderFormat (131)
[2017.05.23-15.31.03:781][187]LogModuleManager: Shutting down and abandoning module ShaderFormatOpenGL (129)
[2017.05.23-15.31.03:781][187]LogModuleManager: Shutting down and abandoning module ShaderFormatD3D (127)
[2017.05.23-15.31.03:781][187]LogModuleManager: Shutting down and abandoning module MetalShaderFormat (125)
[2017.05.23-15.31.03:781][187]LogModuleManager: Shutting down and abandoning module TextureFormatUncompressed (123)
[2017.05.23-15.31.03:781][187]LogModuleManager: Shutting down and abandoning module TextureFormatPVR (121)
[2017.05.23-15.31.03:781][187]LogModuleManager: Shutting down and abandoning module TextureFormatDXT (119)
[2017.05.23-15.31.03:781][187]LogModuleManager: Shutting down and abandoning module TextureFormatIntelISPCTexComp (117)
[2017.05.23-15.31.03:781][187]LogModuleManager: Shutting down and abandoning module TextureFormatASTC (115)
[2017.05.23-15.31.03:781][187]LogModuleManager: Shutting down and abandoning module ImageWrapper (114)
[2017.05.23-15.31.03:781][187]LogModuleManager: Shutting down and abandoning module TextureFormatAndroid (111)
[2017.05.23-15.31.03:781][187]LogModuleManager: Shutting down and abandoning module AudioFormatOpus (109)
[2017.05.23-15.31.03:781][187]LogModuleManager: Shutting down and abandoning module AudioFormatOgg (107)
[2017.05.23-15.31.03:781][187]LogModuleManager: Shutting down and abandoning module AudioFormatADPCM (105)
[2017.05.23-15.31.03:781][187]LogModuleManager: Shutting down and abandoning module LinuxTargetPlatform (103)
[2017.05.23-15.31.03:781][187]LogModuleManager: Shutting down and abandoning module LinuxServerTargetPlatform (101)
[2017.05.23-15.31.03:781][187]LogModuleManager: Shutting down and abandoning module LinuxNoEditorTargetPlatform (99)
[2017.05.23-15.31.03:781][187]LogModuleManager: Shutting down and abandoning module LinuxClientTargetPlatform (97)
[2017.05.23-15.31.03:781][187]LogModuleManager: Shutting down and abandoning module TVOSTargetPlatform (95)
[2017.05.23-15.31.03:781][187]LogModuleManager: Shutting down and abandoning module Messaging (93)
[2017.05.23-15.31.03:781][187]LogModuleManager: Shutting down and abandoning module IOSTargetPlatform (91)
[2017.05.23-15.31.03:781][187]LogModuleManager: Shutting down and abandoning module HTML5TargetPlatform (89)
[2017.05.23-15.31.03:781][187]LogModuleManager: Shutting down and abandoning module Android_PVRTCTargetPlatform (87)
[2017.05.23-15.31.03:781][187]LogModuleManager: Shutting down and abandoning module Android_MultiTargetPlatform (85)
[2017.05.23-15.31.03:781][187]LogModuleManager: Shutting down and abandoning module Android_ETC2TargetPlatform (83)
[2017.05.23-15.31.03:781][187]LogModuleManager: Shutting down and abandoning module Android_ETC1TargetPlatform (81)
[2017.05.23-15.31.03:781][187]LogModuleManager: Shutting down and abandoning module Android_DXTTargetPlatform (79)
[2017.05.23-15.31.03:781][187]LogModuleManager: Shutting down and abandoning module Android_ATCTargetPlatform (77)
[2017.05.23-15.31.03:781][187]LogModuleManager: Shutting down and abandoning module Android_ASTCTargetPlatform (75)
[2017.05.23-15.31.03:781][187]LogModuleManager: Shutting down and abandoning module AndroidTargetPlatform (73)
[2017.05.23-15.31.03:781][187]LogModuleManager: Shutting down and abandoning module WindowsTargetPlatform (71)
[2017.05.23-15.31.03:781][187]LogModuleManager: Shutting down and abandoning module WindowsServerTargetPlatform (69)
[2017.05.23-15.31.03:781][187]LogModuleManager: Shutting down and abandoning module WindowsNoEditorTargetPlatform (67)
[2017.05.23-15.31.03:781][187]LogModuleManager: Shutting down and abandoning module WindowsClientTargetPlatform (65)
[2017.05.23-15.31.03:781][187]LogModuleManager: Shutting down and abandoning module MacTargetPlatform (63)
[2017.05.23-15.31.03:781][187]LogModuleManager: Shutting down and abandoning module MacServerTargetPlatform (61)
[2017.05.23-15.31.03:781][187]LogModuleManager: Shutting down and abandoning module MacNoEditorTargetPlatform (59)
[2017.05.23-15.31.03:781][187]LogModuleManager: Shutting down and abandoning module MacClientTargetPlatform (57)
[2017.05.23-15.31.03:781][187]LogModuleManager: Shutting down and abandoning module AllDesktopTargetPlatform (55)
[2017.05.23-15.31.03:781][187]LogModuleManager: Shutting down and abandoning module InputCore (52)
[2017.05.23-15.31.03:782][187]LogModuleManager: Shutting down and abandoning module Settings (50)
[2017.05.23-15.31.03:782][187]LogModuleManager: Shutting down and abandoning module OculusRift (48)
[2017.05.23-15.31.03:782][187]LogHMD: Oculus shutdown.
[2017.05.23-15.31.03:782][187]LogModuleManager: Shutting down and abandoning module GearVR (46)
[2017.05.23-15.31.03:782][187]LogModuleManager: Shutting down and abandoning module ExampleDeviceProfileSelector (44)
[2017.05.23-15.31.03:782][187]LogModuleManager: Shutting down and abandoning module OnlineBlueprintSupport (42)
[2017.05.23-15.31.03:782][187]LogModuleManager: Shutting down and abandoning module OnlineSubsystem (38)
[2017.05.23-15.31.03:782][187]LogOnline:Display: Unloading online subsystem: NULL
[2017.05.23-15.31.03:782][187]LogModuleManager: Shutting down and abandoning module XMPP (37)
[2017.05.23-15.31.03:782][187]LogModuleManager: Shutting down and abandoning module HTTP (35)
[2017.05.23-15.31.03:782][187]LogHttp:Display: Http module shutting down, but needs to wait on 1 outstanding Http requests:
[2017.05.23-15.31.03:782][187]LogHttp:Display: 	verb=[POST] url=[https://datarouter.ol.epicgames.com/datarouter/api/v1/public/data?SessionID=%7B263ED195-40F9-CDA7-23B8-C5BF49D26FEA%7D&AppID=UEEditor.Rocket.Release&AppVersion=4.15.3-3450819%2B%2B%2BUE4%2BRelease-4.15&UserID=52acccce407e24ece51e80b212d3eba6%7C96e91b22db194cfa8006f4b66d834199%7Cd6dd1204-f5c6-42c6-a2fd-2fedd17b9ba3&AppEnvironment=datacollector-binary&UploadType=eteventstream] status=Processing
[2017.05.23-15.31.03:815][187]LogModuleManager: Shutting down and abandoning module SSL (34)
[2017.05.23-15.31.03:816][187]LogModuleManager: Shutting down and abandoning module AudioEditor (30)
[2017.05.23-15.31.03:816][187]LogModuleManager: Shutting down and abandoning module TextureCompressor (28)
[2017.05.23-15.31.03:816][187]LogModuleManager: Shutting down and abandoning module ShaderCore (26)
[2017.05.23-15.31.03:816][187]LogModuleManager: Shutting down and abandoning module Landscape (24)
[2017.05.23-15.31.03:816][187]LogModuleManager: Shutting down and abandoning module SlateRHIRenderer (22)
[2017.05.23-15.31.03:817][187]LogModuleManager: Shutting down and abandoning module OpenGLDrv (20)
[2017.05.23-15.31.03:817][187]LogModuleManager: Shutting down and abandoning module D3D11RHI (18)
[2017.05.23-15.31.03:817][187]LogModuleManager: Shutting down and abandoning module AnimGraphRuntime (16)
[2017.05.23-15.31.03:817][187]LogModuleManager: Shutting down and abandoning module Renderer (14)
[2017.05.23-15.31.03:817][187]LogModuleManager: Shutting down and abandoning module Engine (12)
[2017.05.23-15.31.03:817][187]LogModuleManager: Shutting down and abandoning module CoreUObject (10)
[2017.05.23-15.31.03:817][187]LogModuleManager: Shutting down and abandoning module NetworkFile (8)
[2017.05.23-15.31.03:817][187]LogModuleManager: Shutting down and abandoning module StreamingFile (6)
[2017.05.23-15.31.03:817][187]LogModuleManager: Shutting down and abandoning module SandboxFile (4)
[2017.05.23-15.31.03:817][187]LogModuleManager: Shutting down and abandoning module PakFile (2)
[2017.05.23-15.31.03:818][187]LogExit: Exiting.
[2017.05.23-15.31.03:828][187]Log file closed, 05/23/17 11:31:03
