Log file open, 06/02/17 11:27:56
LogInit:Display: Running engine for game: SkaGame3
LogPlatformFile: Not using cached read wrapper
LogInit:Display: RandInit(-1570055656) SRandInit(-1570055656).
LogTaskGraph: Started task graph with 5 named threads and 8 total threads with 1 sets of task threads.
LogStats: Stats thread started at 0.075205
LogInit: Using libcurl 7.47.1
LogInit:  - built for x86_64-pc-win32
LogInit:  - supports SSL with OpenSSL/1.0.2g
LogInit:  - supports HTTP deflate (compression) using libz 1.2.8
LogInit:  - other features:
LogInit:      CURL_VERSION_SSL
LogInit:      CURL_VERSION_LIBZ
LogInit:      CURL_VERSION_IPV6
LogInit:      CURL_VERSION_ASYNCHDNS
LogInit:      CURL_VERSION_LARGEFILE
LogInit:      CURL_VERSION_IDN
LogInit:  CurlRequestOptions (configurable via config and command line):
LogInit:  - bVerifyPeer = false  - Libcurl will NOT verify peer certificate
LogInit:  - bUseHttpProxy = false  - Libcurl will NOT use HTTP proxy
LogInit:  - bDontReuseConnections = false  - Libcurl will reuse connections
LogInit:  - CertBundlePath = nullptr  - Libcurl will use whatever was configured at build time.
LogInit: Build: ++UE4+Release-4.15-CL-3450819
LogInit: Engine Version: 4.15.3-3450819+++UE4+Release-4.15
LogInit: Compatible Engine Version: 4.15.0-3299760+++UE4+Release-4.15
LogInit: Net CL: 3299760
LogDevObjectVersion: Number of dev versions registered: 14
LogDevObjectVersion:   Dev-Blueprints (B0D832E4-1F89-4F0D-ACCF-7EB736FD4AA2): 8
LogDevObjectVersion:   Dev-Build (E1C64328-A22C-4D53-A36C-8E866417BD8C): 0
LogDevObjectVersion:   Dev-Core (375EC13C-06E4-48FB-B500-84F0262A717E): 2
LogDevObjectVersion:   Dev-Editor (E4B068ED-F494-42E9-A231-DA0B2E46BB41): 14
LogDevObjectVersion:   Dev-Framework (CFFC743F-43B0-4480-9391-14DF171D2073): 22
LogDevObjectVersion:   Dev-Mobile (B02B49B5-BB20-44E9-A304-32B752E40360): 0
LogDevObjectVersion:   Dev-Networking (A4E4105C-59A1-49B5-A7C5-40C4547EDFEE): 0
LogDevObjectVersion:   Dev-Online (39C831C9-5AE6-47DC-9A44-9C173E1C8E7C): 0
LogDevObjectVersion:   Dev-Physics (78F01B33-EBEA-4F98-B9B4-84EACCB95AA2): 0
LogDevObjectVersion:   Dev-Platform (6631380F-2D4D-43E0-8009-CF276956A95A): 0
LogDevObjectVersion:   Dev-Rendering (12F88B9F-8875-4AFC-A67C-D90C383ABD29): 12
LogDevObjectVersion:   Dev-Sequencer (7B5AE74C-D270-4C10-A958-57980B212A5A): 3
LogDevObjectVersion:   Dev-VR (D7296918-1DD6-4BDD-9DE2-64A83CC13884): 0
LogDevObjectVersion:   Dev-LoadTimes (C2A15278-BFE7-4AFE-6C17-90FF531DF755): 1
LogInit: Compiled (64-bit): May 21 2017 11:02:34
LogInit: Compiled with Visual C++: 19.00.23026.00
LogInit: Build Configuration: Development
LogInit: Branch Name: ++UE4+Release-4.15
LogInit: Command line: -EpicPortal 
LogInit: Base directory: C:/Program Files/Epic Games/UE_4.15/Engine/Binaries/Win64/
LogInit: Installed Engine Build: 1
LogInit: Presizing for max 8388607 objects, including 0 objects not considered by GC, pre-allocating 0 bytes for permanent pool.
LogInit: Object subsystem initialized
[2017.06.02-15.27.57:725][  0]LogInit: Selected Device Profile: [Windows]
[2017.06.02-15.27.57:725][  0]LogInit: Applying CVar settings loaded from the selected device profile: [Windows]
[2017.06.02-15.27.57:739][  0]LogInit: Computer: DESKTOP-58CNULQ
[2017.06.02-15.27.57:739][  0]LogInit: User: Ethan
[2017.06.02-15.27.57:739][  0]LogInit: CPU Page size=65536, Cores=4
[2017.06.02-15.27.57:739][  0]LogInit: High frequency timer resolution =3.312789 MHz
[2017.06.02-15.27.57:740][  0]LogMemory: Memory total: Physical=15.9GB (16GB approx)
[2017.06.02-15.27.57:740][  0]LogMemory: Platform Memory Stats for Windows
[2017.06.02-15.27.57:740][  0]LogMemory: Process Physical Memory: 263.86 MB used, 263.86 MB peak
[2017.06.02-15.27.57:740][  0]LogMemory: Process Virtual Memory: 262.88 MB used, 262.88 MB peak
[2017.06.02-15.27.57:740][  0]LogMemory: Physical Memory: 7086.45 MB used,  9192.73 MB free, 16279.18 MB total
[2017.06.02-15.27.57:740][  0]LogMemory: Virtual Memory: 645.44 MB used,  9192.73 MB free, 134217728.00 MB total
[2017.06.02-15.27.57:833][  0]LogTextLocalizationManager: No specific translations for ('en-US') exist, so ('en') translations will be used.
[2017.06.02-15.27.58:485][  0]LogD3D11RHI: D3D11 adapters:
[2017.06.02-15.27.58:970][  0]LogD3D11RHI:    0. 'NVIDIA GeForce GTX 660' (Feature Level 11_0)
[2017.06.02-15.27.58:970][  0]LogD3D11RHI:       1505/0/8139 MB DedicatedVideo/DedicatedSystem/SharedSystem, Outputs:1, VendorId:0x10de
[2017.06.02-15.27.58:972][  0]LogD3D11RHI:    1. 'Intel(R) HD Graphics 4000' (Feature Level 11_0)
[2017.06.02-15.27.58:972][  0]LogD3D11RHI:       32/0/1760 MB DedicatedVideo/DedicatedSystem/SharedSystem, Outputs:1, VendorId:0x8086
[2017.06.02-15.27.58:973][  0]LogD3D11RHI:    2. 'Microsoft Basic Render Driver' (Feature Level 11_0)
[2017.06.02-15.27.58:973][  0]LogD3D11RHI:       0/0/8139 MB DedicatedVideo/DedicatedSystem/SharedSystem, Outputs:0, VendorId:0x1414
[2017.06.02-15.27.58:973][  0]LogD3D11RHI: Chosen D3D11 Adapter: 0
[2017.06.02-15.27.58:977][  0]LogD3D11RHI: Creating new Direct3DDevice
[2017.06.02-15.27.58:978][  0]LogD3D11RHI:     GPU DeviceId: 0x1185 (for the marketing name, search the web for "GPU Device Id")
[2017.06.02-15.27.58:978][  0]LogWindows: EnumDisplayDevices:
[2017.06.02-15.27.58:978][  0]LogWindows:    0. 'NVIDIA GeForce GTX 660' (P:1 D:1)
[2017.06.02-15.27.58:978][  0]LogWindows:    1. 'NVIDIA GeForce GTX 660' (P:0 D:0)
[2017.06.02-15.27.58:978][  0]LogWindows:    2. 'NVIDIA GeForce GTX 660' (P:0 D:0)
[2017.06.02-15.27.58:978][  0]LogWindows:    3. 'NVIDIA GeForce GTX 660' (P:0 D:0)
[2017.06.02-15.27.58:978][  0]LogWindows:    4. 'Intel(R) HD Graphics 4000' (P:0 D:1)
[2017.06.02-15.27.58:979][  0]LogWindows:    5. 'Intel(R) HD Graphics 4000' (P:0 D:0)
[2017.06.02-15.27.58:979][  0]LogWindows: DebugString: PrimaryIsNotTheChoosenAdapter PrimaryIsNotTheChoosenAdapter FoundDriverCount:4 
[2017.06.02-15.27.58:979][  0]LogD3D11RHI:     Adapter Name: NVIDIA GeForce GTX 660
[2017.06.02-15.27.58:979][  0]LogD3D11RHI:   Driver Version: 376.53 (internal:21.21.13.7653, unified:376.53)
[2017.06.02-15.27.58:979][  0]LogD3D11RHI:      Driver Date: 12-29-2016
[2017.06.02-15.27.58:979][  0]LogRHI: Texture pool is 1053 MB (70% of 1505 MB)
[2017.06.02-15.27.59:435][  0]LogD3D11RHI:Warning: Timestamp queries are currently disabled on this hardware due to instability. Realtime GPU stats will not be available. You can override this behaviour by setting r.NVIDIATimestampWorkaround to 0
[2017.06.02-15.27.59:436][  0]LogD3D11RHI: Async texture creation enabled
[2017.06.02-15.27.59:464][  0]LogD3D11RHI: GPU Timing Frequency: 1000.000000 (Debug: 2 1)
[2017.06.02-15.27.59:513][  0]LogShaderCompilers: Guid format shader working directory is 8 characters bigger than the processId version (../../../../../../SVN/SkaGame2/SkaGame/Intermediate/Shaders/WorkingDirectory/6396/).
[2017.06.02-15.27.59:513][  0]LogShaderCompilers: Cleaned the shader compiler working directory 'C:/Users/Ethan/AppData/Local/Temp/UnrealShaderWorkingDir/A48312EB41AE3375457698A5411E967B/'.
[2017.06.02-15.27.59:513][  0]LogShaderCompilers:Display: Using Local Shader Compiler.
[2017.06.02-15.28.00:566][  0]LogTemp:Display: Loaded TP AllDesktopTargetPlatform
[2017.06.02-15.28.00:624][  0]LogTemp:Display: Loaded TP MacClientTargetPlatform
[2017.06.02-15.28.00:682][  0]LogTemp:Display: Loaded TP MacNoEditorTargetPlatform
[2017.06.02-15.28.00:739][  0]LogTemp:Display: Loaded TP MacServerTargetPlatform
[2017.06.02-15.28.00:797][  0]LogTemp:Display: Loaded TP MacTargetPlatform
[2017.06.02-15.28.00:854][  0]LogTemp:Display: Loaded TP WindowsClientTargetPlatform
[2017.06.02-15.28.00:911][  0]LogTemp:Display: Loaded TP WindowsNoEditorTargetPlatform
[2017.06.02-15.28.00:970][  0]LogTemp:Display: Loaded TP WindowsServerTargetPlatform
[2017.06.02-15.28.01:017][  0]LogTemp:Display: Loaded TP WindowsTargetPlatform
[2017.06.02-15.28.01:072][  0]LogTemp:Display: Loaded TP AndroidTargetPlatform
[2017.06.02-15.28.01:129][  0]LogTemp:Display: Loaded TP Android_ASTCTargetPlatform
[2017.06.02-15.28.01:185][  0]LogTemp:Display: Loaded TP Android_ATCTargetPlatform
[2017.06.02-15.28.01:242][  0]LogTemp:Display: Loaded TP Android_DXTTargetPlatform
[2017.06.02-15.28.01:298][  0]LogTemp:Display: Loaded TP Android_ETC1TargetPlatform
[2017.06.02-15.28.01:353][  0]LogTemp:Display: Loaded TP Android_ETC2TargetPlatform
[2017.06.02-15.28.01:465][  0]LogTemp:Display: Loaded TP Android_MultiTargetPlatform
[2017.06.02-15.28.01:465][  0]LogTemp:Display: Loaded TP Android_PVRTCTargetPlatform
[2017.06.02-15.28.01:504][  0]LogTemp:Display: Loaded TP HTML5TargetPlatform
[2017.06.02-15.28.01:606][  0]LogTemp:Display: Loaded TP IOSTargetPlatform
[2017.06.02-15.28.01:644][  0]LogTemp:Display: Loaded TP TVOSTargetPlatform
[2017.06.02-15.28.01:700][  0]LogTemp:Display: Loaded TP LinuxClientTargetPlatform
[2017.06.02-15.28.01:759][  0]LogTemp:Display: Loaded TP LinuxNoEditorTargetPlatform
[2017.06.02-15.28.01:816][  0]LogTemp:Display: Loaded TP LinuxServerTargetPlatform
[2017.06.02-15.28.01:873][  0]LogTemp:Display: Loaded TP LinuxTargetPlatform
[2017.06.02-15.28.01:873][  0]LogTargetPlatformManager:Display: Building Assets For Windows
[2017.06.02-15.28.02:323][  0]LogDerivedDataCache:Display: Max Cache Size: 512 MB
[2017.06.02-15.28.02:369][  0]LogDerivedDataCache: Loaded boot cache 0.05s 50MB C:/Users/Ethan/AppData/Local/UnrealEngine/4.15/DerivedDataCache/Boot.ddc.
[2017.06.02-15.28.02:369][  0]LogDerivedDataCache:Display: Loaded Boot cache: C:/Users/Ethan/AppData/Local/UnrealEngine/4.15/DerivedDataCache/Boot.ddc
[2017.06.02-15.28.02:369][  0]LogDerivedDataCache: FDerivedDataBackendGraph:  Pak pak cache file ../../../../../../SVN/SkaGame2/SkaGame/DerivedDataCache/DDC.ddp not found, will not use a pak cache.
[2017.06.02-15.28.02:369][  0]LogDerivedDataCache: Unable to find inner node Pak for hierarchical cache Hierarchy.
[2017.06.02-15.28.02:369][  0]LogDerivedDataCache: FDerivedDataBackendGraph:  CompressedPak pak cache file ../../../../../../SVN/SkaGame2/SkaGame/DerivedDataCache/Compressed.ddp not found, will not use a pak cache.
[2017.06.02-15.28.02:369][  0]LogDerivedDataCache: Unable to find inner node CompressedPak for hierarchical cache Hierarchy.
[2017.06.02-15.28.02:387][  0]LogDerivedDataCache:Display: Pak cache opened for reading ../../../Engine/DerivedDataCache/Compressed.ddp.
[2017.06.02-15.28.02:399][  0]LogDerivedDataCache: Using Local data cache path C:/Users/Ethan/AppData/Local/UnrealEngine/Common/DerivedDataCache: Writable
[2017.06.02-15.28.02:408][  0]LogSlate: Using Freetype 2.6.0
[2017.06.02-15.28.02:409][  0]LogSlate: SlateFontCache - WITH_FREETYPE: 1, WITH_HARFBUZZ: 1
[2017.06.02-15.28.02:409][  0]LogSlate: SlateFontCache - WITH_FREETYPE: 1, WITH_HARFBUZZ: 1
[2017.06.02-15.28.02:699][  0]LogInit: Selected Device Profile: [Windows]
[2017.06.02-15.28.02:702][  0]LogContentStreaming: Texture pool size is 0.00 MB
[2017.06.02-15.28.02:916][  0]LogMeshUtilities: Using QuadricMeshReduction for automatic static mesh reduction
[2017.06.02-15.28.02:962][  0]LogSimplygon: Simplygon DLL not present - disabling.
[2017.06.02-15.28.03:011][  0]LogMeshUtilities: Using SimplygonSwarm for distributed automatic mesh merging
[2017.06.02-15.28.03:011][  0]LogMeshUtilities: No automatic skeletal mesh reduction module available
[2017.06.02-15.28.03:011][  0]LogMeshUtilities: No automatic mesh merging module available
[2017.06.02-15.28.03:527][  0]LogNetVersion: GetLocalNetworkVersion: CL: 3299760, ProjectName: skagame3, ProjectVersion: , EngineNetworkVersion: 2, GameNetworkVersion: 0, NetworkChecksum: 2118841436
[2017.06.02-15.28.03:573][  0]LogAssetRegistry: FAssetRegistry took 0.0215 seconds to start up
[2017.06.02-15.28.03:617][  0]LogPackageLocalizationCache: Processed 3 localized package path(s) for 2 prioritized culture(s) in 0.021603 seconds
[2017.06.02-15.28.03:622][  0]LogUObjectArray: 32493 objects as part of root set at end of initial load.
[2017.06.02-15.28.03:622][  0]LogUObjectAllocator: 7077024 out of 0 bytes used by permanent object pool.
[2017.06.02-15.28.03:622][  0]LogUObjectArray: CloseDisregardForGC: 0/0 objects in disregard for GC pool
[2017.06.02-15.28.03:691][  0]LogInit: WinSock: version 1.1 (2.2), MaxSocks=32767, MaxUdp=65467
[2017.06.02-15.28.05:286][  0]LogTcpMessaging: Initializing TcpMessaging bridge
[2017.06.02-15.28.05:325][  0]LogUdpMessaging: Initializing bridge on interface 0.0.0.0:0 to multicast group 230.0.0.1:6666.
[2017.06.02-15.28.05:781][  0]LogMaterial: Uniform references updated for custom material expression Custom.
[2017.06.02-15.28.06:166][  0]SourceControl: Info Source control is disabled
[2017.06.02-15.28.06:166][  0]SourceControl: Info Source control is disabled
[2017.06.02-15.28.06:212][  0]SourceControl: Info Source control is disabled
[2017.06.02-15.28.06:260][  0]SourceControl: Info Source control is disabled
[2017.06.02-15.28.07:520][  0]LogEngine: Initializing Engine...
[2017.06.02-15.28.07:521][  0]LogHMD: Failed to initialize OpenVR with code 110
[2017.06.02-15.28.07:631][  0]LogStats: UGameplayTagsManager::ConstructGameplayTagTree: Construct from data asset -  0.000 s
[2017.06.02-15.28.07:631][  0]LogStats: UGameplayTagsManager::ConstructGameplayTagTree: GameplayTagTreeChangedEvent.Broadcast -  0.000 s
[2017.06.02-15.28.07:759][  0]LogAIModule: Creating AISystem for world Untitled
[2017.06.02-15.28.07:778][  0]LogInit: XAudio2 using 'Speakers (5- Logitech G930 Gaming Headset)' : 8 channels at 48 kHz using 16 bits per sample (channel mask 0x63f)
[2017.06.02-15.28.07:795][  0]LogInit: FAudioDevice initialized.
[2017.06.02-15.28.07:819][  0]LogDerivedDataCache: Saved boot cache 0.02s 50MB C:/Users/Ethan/AppData/Local/UnrealEngine/4.15/DerivedDataCache/Boot.ddc.
[2017.06.02-15.28.07:826][  0]LogInit: Texture streaming: Enabled
[2017.06.02-15.28.07:929][  0]LogEngineSessionManager: EngineSessionManager initialized
[2017.06.02-15.28.08:022][  0]LogInit: Transaction tracking system initialized
[2017.06.02-15.28.08:382][  0]BlueprintLog: New page: Editor Load
[2017.06.02-15.28.09:337][  0]LocalizationService: Info Localization service is disabled
[2017.06.02-15.28.10:054][  0]LogConsoleResponse:Display: 
[2017.06.02-15.28.10:185][  0]LogCook:Display: Max memory allowance for cook 16384mb min free memory 0mb
[2017.06.02-15.28.10:185][  0]LogCook:Display: Mobile HDR setting 1
[2017.06.02-15.28.11:228][  0]LogFileCache: Scanning file cache for directory 'C:/SVN/SkaGame2/SkaGame/Content/' took 0.02s
[2017.06.02-15.28.11:275][  0]SourceControl: Info Source control is disabled
[2017.06.02-15.28.11:276][  0]Cmd: MAP LOAD FILE="../../../../../../SVN/SkaGame2/SkaGame/Content/SideScrollerBP/Maps/SideScrollerExampleMap.umap" TEMPLATE=0 SHOWPROGRESS=1 FEATURELEVEL=3
[2017.06.02-15.28.11:276][  0]LogEditorServer:Warning: Can't find file '../../../../../../SVN/SkaGame2/SkaGame/Content/SideScrollerBP/Maps/SideScrollerExampleMap.umap'
[2017.06.02-15.28.11:276][  0]Cmd: MAP CHECKDEP NOCLEARLOG
[2017.06.02-15.28.11:316][  0]MapCheck: Info Map check complete: 0 Error(s), 0 Warning(s), took 39.664ms to complete.
[2017.06.02-15.28.11:316][  0]LogFileHelpers: Loading map 'SideScrollerExampleMap' took 0.040
[2017.06.02-15.28.11:523][  0]LogCollectionManager: Loaded 0 collections in 0.001535 seconds
[2017.06.02-15.28.11:605][  0]LogFileCache: Scanning file cache for directory 'C:/SVN/SkaGame2/SkaGame/Saved/Collections/' took 0.01s
[2017.06.02-15.28.11:605][  0]LogFileCache: Scanning file cache for directory 'C:/SVN/SkaGame2/SkaGame/Content/Developers/Ethan/Collections/' took 0.01s
[2017.06.02-15.28.11:605][  0]LogFileCache: Scanning file cache for directory 'C:/SVN/SkaGame2/SkaGame/Content/Collections/' took 0.01s
[2017.06.02-15.28.11:605][  0]LogCollectionManager: Rebuilt the GUID cache for 0 collections in 0.000002 seconds
[2017.06.02-15.28.11:617][  0]LogContentBrowser: Native class hierarchy populated in 0.0121 seconds. Added 2245 classes and 453 folders.
[2017.06.02-15.28.11:684][  0]LogContentBrowser: Native class hierarchy updated for 'WidgetCarousel' in 0.0007 seconds. Added 0 classes and 0 folders.
[2017.06.02-15.28.11:944][  0]LogContentBrowser: Native class hierarchy updated for 'AddContentDialog' in 0.0005 seconds. Added 0 classes and 0 folders.
[2017.06.02-15.28.11:992][  0]LogContentBrowser: Native class hierarchy updated for 'SceneOutliner' in 0.0005 seconds. Added 1 classes and 2 folders.
[2017.06.02-15.28.12:041][  0]LogCrashTracker: Crashtracker disabled due to settings.
[2017.06.02-15.28.12:047][  0]LogUObjectGlobals:Warning: Failed to find object 'Class None.'
[2017.06.02-15.28.12:113][  0]LogContentBrowser: Native class hierarchy updated for 'HierarchicalLODOutliner' in 0.0005 seconds. Added 1 classes and 2 folders.
[2017.06.02-15.28.12:113][  0]LogLoad: (Engine Initialization) Total time: 16.46 seconds
[2017.06.02-15.28.12:113][  0]LogLoad: (Engine Initialization) Total Blueprint compile time: 0.05 seconds
[2017.06.02-15.28.12:113][  0]LogExternalProfiler: Found external profiler: VSPerf
[2017.06.02-15.28.12:113][  0]LogExternalProfiler: Using external profiler: VSPerf
[2017.06.02-15.28.12:452][  0]LogOcInput: OculusInput pre-init called
[2017.06.02-15.28.12:471][  0]LogContentStreaming: Texture pool size now 1000 MB
[2017.06.02-15.28.12:472][  0]LogSlate: Took 0.000227 seconds to synchronously load lazily loaded font '../../../Engine/Content/Slate/Fonts/Roboto-Regular.ttf' (155K)
[2017.06.02-15.28.12:476][  0]LogSlate: Took 0.000210 seconds to synchronously load lazily loaded font '../../../Engine/Content/Slate/Fonts/Roboto-Bold.ttf' (160K)
[2017.06.02-15.28.12:486][  0]LogSlate: Took 0.004375 seconds to synchronously load lazily loaded font '../../../Engine/Content/Editor/Slate/Fonts/FontAwesome.ttf' (139K)
[2017.06.02-15.28.12:672][  0]LogRenderer: Reallocating scene render targets to support 1208x556 NumSamples 1 (Frame:2).
[2017.06.02-15.28.12:794][  1]LogAssetRegistry: Asset discovery search completed in 9.2435 seconds
[2017.06.02-15.28.12:795][  1]LogCollectionManager: Rebuilt the object cache for 0 collections in 0.000007 seconds (found 0 objects)
[2017.06.02-15.28.12:795][  1]LogCollectionManager: Fixed up redirectors for 0 collections in 0.000028 seconds (updated 0 objects)
[2017.06.02-15.28.13:458][  3]LogSlate: Took 0.003743 seconds to synchronously load lazily loaded font '../../../Engine/Content/Slate/Fonts/Roboto-Light.ttf' (159K)
[2017.06.02-15.28.16:793][ 13]LogSlate: Took 0.000280 seconds to synchronously load lazily loaded font '../../../Engine/Content/Slate/Fonts/Roboto-Light.ttf' (159K)
[2017.06.02-15.30.14:746][590]LogTemp: Repeting last play command: Selected Viewport
[2017.06.02-15.30.14:767][590]LogPlayLevel: PlayLevel: No blueprints needed recompiling
[2017.06.02-15.30.14:768][590]PIE: New page: PIE session: Untitled_0 (Jun 2, 2017, 7:30:14 AM)
[2017.06.02-15.30.14:768][590]LogPlayLevel: Creating play world package: /Temp/UEDPIE_0_Untitled_0
[2017.06.02-15.30.14:769][590]LogPlayLevel: PIE: StaticDuplicateObject took: (0.000657s)
[2017.06.02-15.30.14:769][590]LogAIModule: Creating AISystem for world Untitled
[2017.06.02-15.30.14:769][590]LogPlayLevel: PIE: World Init took: (0.000645s)
[2017.06.02-15.30.14:769][590]LogPlayLevel: PIE: Created PIE world by copying editor world from /Temp/Untitled_0.Untitled to /Temp/UEDPIE_0_Untitled_0.Untitled (0.001481s)
[2017.06.02-15.30.14:790][590]LogInit: XAudio2 using 'Speakers (5- Logitech G930 Gaming Headset)' : 8 channels at 48 kHz using 16 bits per sample (channel mask 0x63f)
[2017.06.02-15.30.14:805][590]LogInit: FAudioDevice initialized.
[2017.06.02-15.30.15:146][590]LogLoad: Game class is 'SideScrollerGameMode_C'
[2017.06.02-15.30.15:148][590]LogWorld: Bringing World /Temp/UEDPIE_0_Untitled_0.Untitled up for play (max tick rate 0) at 2017.06.02-11.30.15
[2017.06.02-15.30.15:148][590]LogWorld: Bringing up level for play took: 0.000647
[2017.06.02-15.30.15:191][590]LogContentBrowser: Native class hierarchy updated for 'MovieSceneCapture' in 0.0006 seconds. Added 11 classes and 0 folders.
[2017.06.02-15.30.15:194][590]PIE: Info Play in editor start time for /Temp/UEDPIE_0_Untitled_0 0.384
[2017.06.02-15.30.31:014][424]LogSlate: Took 0.000148 seconds to synchronously load lazily loaded font '../../../Engine/Content/Slate/Fonts/Roboto-Light.ttf' (159K)
[2017.06.02-15.30.31:376][424]LogAIModule: Creating AISystem for world Graveyard_Test
[2017.06.02-15.30.31:404][424]Cmd: MAP LOAD FILE="../../../../../../SVN/SkaGame2/SkaGame/Content/Levels/Graveyard_Test.umap" TEMPLATE=0 SHOWPROGRESS=1 FEATURELEVEL=3
[2017.06.02-15.30.31:404][424]LightingResults: New page: Lighting Build
[2017.06.02-15.30.31:445][424]LogContentBrowser: Native class hierarchy updated for 'StatsViewer' in 0.0005 seconds. Added 5 classes and 0 folders.
[2017.06.02-15.30.31:447][424]LoadErrors: New page: Loading map: Graveyard_Test.umap
[2017.06.02-15.30.31:447][424]MapCheck: New page: Map Check
[2017.06.02-15.30.31:447][424]LightingResults: New page: Lighting Build
[2017.06.02-15.30.31:464][424]LogEditorServer: Finished looking for orphan Actors (0.000 secs)
[2017.06.02-15.30.31:509][424]Cmd: MAP CHECKDEP NOCLEARLOG
[2017.06.02-15.30.31:556][424]MapCheck: Info Map check complete: 0 Error(s), 0 Warning(s), took 46.56ms to complete.
[2017.06.02-15.30.31:556][424]LogFileHelpers: Loading map 'Graveyard_Test' took 0.153
[2017.06.02-15.30.38:573][197]LogTemp: Repeting last play command: Selected Viewport
[2017.06.02-15.30.38:596][197]LogBlueprintUserMessages: Early PlayInEditor Detection: Level '/Game/Levels/Graveyard_Test.Graveyard_Test:PersistentLevel' has LevelScriptBlueprint '/Game/Levels/Graveyard_Test.Graveyard_Test:PersistentLevel.Graveyard_Test' with GeneratedClass '/Game/Levels/Graveyard_Test.Graveyard_Test_C' with ClassGeneratedBy '/Game/Levels/Graveyard_Test.Graveyard_Test:PersistentLevel.Graveyard_Test'
[2017.06.02-15.30.38:596][197]LogPlayLevel: PlayLevel: No blueprints needed recompiling
[2017.06.02-15.30.38:596][197]PIE: New page: PIE session: Graveyard_Test (Jun 2, 2017, 7:30:38 AM)
[2017.06.02-15.30.38:596][197]LogPlayLevel: Creating play world package: /Game/Levels/UEDPIE_0_Graveyard_Test
[2017.06.02-15.30.38:619][197]LogPlayLevel: PIE: StaticDuplicateObject took: (0.022127s)
[2017.06.02-15.30.38:619][197]LogAIModule: Creating AISystem for world Graveyard_Test
[2017.06.02-15.30.38:619][197]LogPlayLevel: PIE: World Init took: (0.000770s)
[2017.06.02-15.30.38:620][197]LogPlayLevel: PIE: Created PIE world by copying editor world from /Game/Levels/Graveyard_Test.Graveyard_Test to /Game/Levels/UEDPIE_0_Graveyard_Test.Graveyard_Test (0.023162s)
[2017.06.02-15.30.38:646][197]LogInit: XAudio2 using 'Speakers (5- Logitech G930 Gaming Headset)' : 8 channels at 48 kHz using 16 bits per sample (channel mask 0x63f)
[2017.06.02-15.30.38:663][197]LogInit: FAudioDevice initialized.
[2017.06.02-15.30.38:697][197]LogLoad: Game class is 'SideScrollerGameMode_C'
[2017.06.02-15.30.38:699][197]LogWorld: Bringing World /Game/Levels/UEDPIE_0_Graveyard_Test.Graveyard_Test up for play (max tick rate 0) at 2017.06.02-11.30.38
[2017.06.02-15.30.38:700][197]LogWorld: Bringing up level for play took: 0.002131
[2017.06.02-15.30.38:702][197]PIE: Info Play in editor start time for /Game/Levels/UEDPIE_0_Graveyard_Test -0.108
[2017.06.02-15.30.38:702][197]LogBlueprintUserMessages: Late PlayInEditor Detection: Level '/Game/Levels/Graveyard_Test.Graveyard_Test:PersistentLevel' has LevelScriptBlueprint '/Game/Levels/Graveyard_Test.Graveyard_Test:PersistentLevel.Graveyard_Test' with GeneratedClass '/Game/Levels/Graveyard_Test.Graveyard_Test_C' with ClassGeneratedBy '/Game/Levels/Graveyard_Test.Graveyard_Test:PersistentLevel.Graveyard_Test'
[2017.06.02-15.32.37:509][437]LogBlueprintUserMessages: Early EndPlayMap Detection: Level '/Game/Levels/Graveyard_Test.Graveyard_Test:PersistentLevel' has LevelScriptBlueprint '/Game/Levels/Graveyard_Test.Graveyard_Test:PersistentLevel.Graveyard_Test' with GeneratedClass '/Game/Levels/Graveyard_Test.Graveyard_Test_C' with ClassGeneratedBy '/Game/Levels/Graveyard_Test.Graveyard_Test:PersistentLevel.Graveyard_Test'
[2017.06.02-15.32.37:540][437]LogBlueprintUserMessages: Late EndPlayMap Detection: Level '/Game/Levels/Graveyard_Test.Graveyard_Test:PersistentLevel' has LevelScriptBlueprint '/Game/Levels/Graveyard_Test.Graveyard_Test:PersistentLevel.Graveyard_Test' with GeneratedClass '/Game/Levels/Graveyard_Test.Graveyard_Test_C' with ClassGeneratedBy '/Game/Levels/Graveyard_Test.Graveyard_Test:PersistentLevel.Graveyard_Test'
[2017.06.02-15.32.39:821][676]LogEditorViewport: Clicking on Actor (LMB): BlockingVolume (BlockingVolume3)
[2017.06.02-15.40.23:240][655]LogTemp: Repeting last play command: Selected Viewport
[2017.06.02-15.40.23:265][655]LogBlueprintUserMessages: Early PlayInEditor Detection: Level '/Game/Levels/Graveyard_Test.Graveyard_Test:PersistentLevel' has LevelScriptBlueprint '/Game/Levels/Graveyard_Test.Graveyard_Test:PersistentLevel.Graveyard_Test' with GeneratedClass '/Game/Levels/Graveyard_Test.Graveyard_Test_C' with ClassGeneratedBy '/Game/Levels/Graveyard_Test.Graveyard_Test:PersistentLevel.Graveyard_Test'
[2017.06.02-15.40.23:266][655]LogPlayLevel: PlayLevel: No blueprints needed recompiling
[2017.06.02-15.40.23:266][655]PIE: New page: PIE session: Graveyard_Test (Jun 2, 2017, 7:40:23 AM)
[2017.06.02-15.40.23:266][655]LogPlayLevel: Creating play world package: /Game/Levels/UEDPIE_0_Graveyard_Test
[2017.06.02-15.40.23:289][655]LogPlayLevel: PIE: StaticDuplicateObject took: (0.022816s)
[2017.06.02-15.40.23:290][655]LogAIModule: Creating AISystem for world Graveyard_Test
[2017.06.02-15.40.23:290][655]LogPlayLevel: PIE: World Init took: (0.001179s)
[2017.06.02-15.40.23:290][655]LogPlayLevel: PIE: Created PIE world by copying editor world from /Game/Levels/Graveyard_Test.Graveyard_Test to /Game/Levels/UEDPIE_0_Graveyard_Test.Graveyard_Test (0.024271s)
[2017.06.02-15.40.23:321][655]LogInit: XAudio2 using 'Speakers (5- Logitech G930 Gaming Headset)' : 8 channels at 48 kHz using 16 bits per sample (channel mask 0x63f)
[2017.06.02-15.40.23:338][655]LogInit: FAudioDevice initialized.
[2017.06.02-15.40.23:369][655]LogLoad: Game class is 'SideScrollerGameMode_C'
[2017.06.02-15.40.23:372][655]LogWorld: Bringing World /Game/Levels/UEDPIE_0_Graveyard_Test.Graveyard_Test up for play (max tick rate 0) at 2017.06.02-11.40.23
[2017.06.02-15.40.23:372][655]LogWorld: Bringing up level for play took: 0.002126
[2017.06.02-15.40.23:374][655]PIE: Info Play in editor start time for /Game/Levels/UEDPIE_0_Graveyard_Test 0.564
[2017.06.02-15.40.23:393][655]LogBlueprintUserMessages: Late PlayInEditor Detection: Level '/Game/Levels/Graveyard_Test.Graveyard_Test:PersistentLevel' has LevelScriptBlueprint '/Game/Levels/Graveyard_Test.Graveyard_Test:PersistentLevel.Graveyard_Test' with GeneratedClass '/Game/Levels/Graveyard_Test.Graveyard_Test_C' with ClassGeneratedBy '/Game/Levels/Graveyard_Test.Graveyard_Test:PersistentLevel.Graveyard_Test'
[2017.06.02-15.40.32:377][697]LogBlueprintUserMessages: Early EndPlayMap Detection: Level '/Game/Levels/Graveyard_Test.Graveyard_Test:PersistentLevel' has LevelScriptBlueprint '/Game/Levels/Graveyard_Test.Graveyard_Test:PersistentLevel.Graveyard_Test' with GeneratedClass '/Game/Levels/Graveyard_Test.Graveyard_Test_C' with ClassGeneratedBy '/Game/Levels/Graveyard_Test.Graveyard_Test:PersistentLevel.Graveyard_Test'
[2017.06.02-15.40.32:434][697]LogBlueprintUserMessages: Late EndPlayMap Detection: Level '/Game/Levels/Graveyard_Test.Graveyard_Test:PersistentLevel' has LevelScriptBlueprint '/Game/Levels/Graveyard_Test.Graveyard_Test:PersistentLevel.Graveyard_Test' with GeneratedClass '/Game/Levels/Graveyard_Test.Graveyard_Test_C' with ClassGeneratedBy '/Game/Levels/Graveyard_Test.Graveyard_Test:PersistentLevel.Graveyard_Test'
[2017.06.02-15.40.46:205][316]LogEditorViewport: Clicking on Actor (LMB): SideScrollerCharacter_C (SideScrollerCharacter)
[2017.06.02-15.40.47:098][387]LogSlate: Took 0.003726 seconds to synchronously load lazily loaded font '../../../Engine/Content/Editor/Slate/Fonts/Roboto-Italic.ttf' (157K)
[2017.06.02-15.40.49:586][602]LogContentBrowser: Native class hierarchy updated for 'BlueprintGraph' in 0.0011 seconds. Added 112 classes and 0 folders.
[2017.06.02-15.40.50:444][602]LogSlate: Took 0.003244 seconds to synchronously load lazily loaded font '../../../Engine/Content/Editor/Slate/Fonts/Roboto-BoldCondensed.ttf' (158K)
[2017.06.02-15.41.11:148][720]BlueprintLog: New page: Compile SideScrollerCharacter
[2017.06.02-15.41.12:162][744]LogSavePackage: Save=51.53ms
[2017.06.02-15.41.12:162][744]LogSavePackage: Moving '../../../../../../SVN/SkaGame2/SkaGame/Saved/SideScrollerCharacter731BCA2D4CF43323CA9960B782608674.tmp' to '../../../../../../SVN/SkaGame2/SkaGame/Content/SkaGameAssets/Brad/Blueprints/SideScrollerCharacter.uasset'
[2017.06.02-15.41.12:164][744]LogSavePackage:Display: Finished SavePackage ../../../../../../SVN/SkaGame2/SkaGame/Content/SkaGameAssets/Brad/Blueprints/SideScrollerCharacter.uasset
[2017.06.02-15.41.13:008][795]LogTemp: Repeting last play command: Selected Viewport
[2017.06.02-15.41.13:035][795]LogBlueprintUserMessages: Early PlayInEditor Detection: Level '/Game/Levels/Graveyard_Test.Graveyard_Test:PersistentLevel' has LevelScriptBlueprint '/Game/Levels/Graveyard_Test.Graveyard_Test:PersistentLevel.Graveyard_Test' with GeneratedClass '/Game/Levels/Graveyard_Test.Graveyard_Test_C' with ClassGeneratedBy '/Game/Levels/Graveyard_Test.Graveyard_Test:PersistentLevel.Graveyard_Test'
[2017.06.02-15.41.13:035][795]LogPlayLevel: PlayLevel: No blueprints needed recompiling
[2017.06.02-15.41.13:036][795]PIE: New page: PIE session: Graveyard_Test (Jun 2, 2017, 7:41:13 AM)
[2017.06.02-15.41.13:036][795]LogPlayLevel: Creating play world package: /Game/Levels/UEDPIE_0_Graveyard_Test
[2017.06.02-15.41.13:056][795]LogPlayLevel: PIE: StaticDuplicateObject took: (0.020655s)
[2017.06.02-15.41.13:057][795]LogAIModule: Creating AISystem for world Graveyard_Test
[2017.06.02-15.41.13:057][795]LogPlayLevel: PIE: World Init took: (0.001023s)
[2017.06.02-15.41.13:058][795]LogPlayLevel: PIE: Created PIE world by copying editor world from /Game/Levels/Graveyard_Test.Graveyard_Test to /Game/Levels/UEDPIE_0_Graveyard_Test.Graveyard_Test (0.021973s)
[2017.06.02-15.41.13:115][795]LogInit: XAudio2 using 'Speakers (5- Logitech G930 Gaming Headset)' : 8 channels at 48 kHz using 16 bits per sample (channel mask 0x63f)
[2017.06.02-15.41.13:129][795]LogInit: FAudioDevice initialized.
[2017.06.02-15.41.13:157][795]LogLoad: Game class is 'SideScrollerGameMode_C'
[2017.06.02-15.41.13:159][795]LogWorld: Bringing World /Game/Levels/UEDPIE_0_Graveyard_Test.Graveyard_Test up for play (max tick rate 0) at 2017.06.02-11.41.13
[2017.06.02-15.41.13:160][795]LogWorld: Bringing up level for play took: 0.001984
[2017.06.02-15.41.13:161][795]PIE: Info Play in editor start time for /Game/Levels/UEDPIE_0_Graveyard_Test 0.352
[2017.06.02-15.41.13:162][795]LogBlueprintUserMessages: Late PlayInEditor Detection: Level '/Game/Levels/Graveyard_Test.Graveyard_Test:PersistentLevel' has LevelScriptBlueprint '/Game/Levels/Graveyard_Test.Graveyard_Test:PersistentLevel.Graveyard_Test' with GeneratedClass '/Game/Levels/Graveyard_Test.Graveyard_Test_C' with ClassGeneratedBy '/Game/Levels/Graveyard_Test.Graveyard_Test:PersistentLevel.Graveyard_Test'
[2017.06.02-15.41.44:835][ 41]LogBlueprintUserMessages: Early EndPlayMap Detection: Level '/Game/Levels/Graveyard_Test.Graveyard_Test:PersistentLevel' has LevelScriptBlueprint '/Game/Levels/Graveyard_Test.Graveyard_Test:PersistentLevel.Graveyard_Test' with GeneratedClass '/Game/Levels/Graveyard_Test.Graveyard_Test_C' with ClassGeneratedBy '/Game/Levels/Graveyard_Test.Graveyard_Test:PersistentLevel.Graveyard_Test'
[2017.06.02-15.41.44:951][ 41]LogBlueprintUserMessages: Late EndPlayMap Detection: Level '/Game/Levels/Graveyard_Test.Graveyard_Test:PersistentLevel' has LevelScriptBlueprint '/Game/Levels/Graveyard_Test.Graveyard_Test:PersistentLevel.Graveyard_Test' with GeneratedClass '/Game/Levels/Graveyard_Test.Graveyard_Test_C' with ClassGeneratedBy '/Game/Levels/Graveyard_Test.Graveyard_Test:PersistentLevel.Graveyard_Test'
[2017.06.02-15.42.52:419][772]LogTemp: Repeting last play command: Selected Viewport
[2017.06.02-15.42.52:442][772]LogBlueprintUserMessages: Early PlayInEditor Detection: Level '/Game/Levels/Graveyard_Test.Graveyard_Test:PersistentLevel' has LevelScriptBlueprint '/Game/Levels/Graveyard_Test.Graveyard_Test:PersistentLevel.Graveyard_Test' with GeneratedClass '/Game/Levels/Graveyard_Test.Graveyard_Test_C' with ClassGeneratedBy '/Game/Levels/Graveyard_Test.Graveyard_Test:PersistentLevel.Graveyard_Test'
[2017.06.02-15.42.52:442][772]LogPlayLevel: PlayLevel: No blueprints needed recompiling
[2017.06.02-15.42.52:442][772]PIE: New page: PIE session: Graveyard_Test (Jun 2, 2017, 7:42:52 AM)
[2017.06.02-15.42.52:442][772]LogPlayLevel: Creating play world package: /Game/Levels/UEDPIE_0_Graveyard_Test
[2017.06.02-15.42.52:465][772]LogPlayLevel: PIE: StaticDuplicateObject took: (0.022520s)
[2017.06.02-15.42.52:465][772]LogAIModule: Creating AISystem for world Graveyard_Test
[2017.06.02-15.42.52:466][772]LogPlayLevel: PIE: World Init took: (0.001053s)
[2017.06.02-15.42.52:466][772]LogPlayLevel: PIE: Created PIE world by copying editor world from /Game/Levels/Graveyard_Test.Graveyard_Test to /Game/Levels/UEDPIE_0_Graveyard_Test.Graveyard_Test (0.023889s)
[2017.06.02-15.42.52:524][772]LogInit: XAudio2 using 'Speakers (5- Logitech G930 Gaming Headset)' : 8 channels at 48 kHz using 16 bits per sample (channel mask 0x63f)
[2017.06.02-15.42.52:539][772]LogInit: FAudioDevice initialized.
[2017.06.02-15.42.52:572][772]LogLoad: Game class is 'SideScrollerGameMode_C'
[2017.06.02-15.42.52:575][772]LogWorld: Bringing World /Game/Levels/UEDPIE_0_Graveyard_Test.Graveyard_Test up for play (max tick rate 0) at 2017.06.02-11.42.52
[2017.06.02-15.42.52:576][772]LogWorld: Bringing up level for play took: 0.002063
[2017.06.02-15.42.52:577][772]PIE: Info Play in editor start time for /Game/Levels/UEDPIE_0_Graveyard_Test -0.232
[2017.06.02-15.42.52:578][772]LogBlueprintUserMessages: Late PlayInEditor Detection: Level '/Game/Levels/Graveyard_Test.Graveyard_Test:PersistentLevel' has LevelScriptBlueprint '/Game/Levels/Graveyard_Test.Graveyard_Test:PersistentLevel.Graveyard_Test' with GeneratedClass '/Game/Levels/Graveyard_Test.Graveyard_Test_C' with ClassGeneratedBy '/Game/Levels/Graveyard_Test.Graveyard_Test:PersistentLevel.Graveyard_Test'
[2017.06.02-15.43.23:917][955]LogBlueprintUserMessages: Early EndPlayMap Detection: Level '/Game/Levels/Graveyard_Test.Graveyard_Test:PersistentLevel' has LevelScriptBlueprint '/Game/Levels/Graveyard_Test.Graveyard_Test:PersistentLevel.Graveyard_Test' with GeneratedClass '/Game/Levels/Graveyard_Test.Graveyard_Test_C' with ClassGeneratedBy '/Game/Levels/Graveyard_Test.Graveyard_Test:PersistentLevel.Graveyard_Test'
[2017.06.02-15.43.24:029][955]LogBlueprintUserMessages: Late EndPlayMap Detection: Level '/Game/Levels/Graveyard_Test.Graveyard_Test:PersistentLevel' has LevelScriptBlueprint '/Game/Levels/Graveyard_Test.Graveyard_Test:PersistentLevel.Graveyard_Test' with GeneratedClass '/Game/Levels/Graveyard_Test.Graveyard_Test_C' with ClassGeneratedBy '/Game/Levels/Graveyard_Test.Graveyard_Test:PersistentLevel.Graveyard_Test'
[2017.06.02-15.44.06:212][ 35]LogRenderer: Reallocating scene render targets to support 1208x696 NumSamples 1 (Frame:23215).
[2017.06.02-15.45.17:232][901]LogPhysics:Warning: Initialising Body : Scale3D is (nearly) zero: Component: SideScrollerCharacter_78.RightHandCollision 
[2017.06.02-15.45.17:254][902]LogPhysics:Warning: Initialising Body : Scale3D is (nearly) zero: Component: SideScrollerCharacter_78.RightHandCollision 
[2017.06.02-15.47.55:853][272]BlueprintLog: New page: Compile SideScrollerCharacter
[2017.06.02-15.47.56:099][272]PIE:Warning: Warning AttachTo: '/Game/Levels/Graveyard_Test.Graveyard_Test:PersistentLevel.SideScrollerCharacter_78.CollisionCylinder' root component cannot be attached to other components in the same actor. Aborting.
[2017.06.02-15.47.56:245][272]PIE:Warning: Warning AttachTo: '/Engine/Transient.World_5:PersistentLevel.SideScrollerCharacter_C_0.CollisionCylinder' root component cannot be attached to other components in the same actor. Aborting.
[2017.06.02-15.47.56:331][272]PIE:Warning: Warning AttachTo: '/Engine/Transient.World_6:PersistentLevel.SideScrollerCharacter_C_10.CollisionCylinder' root component cannot be attached to other components in the same actor. Aborting.
[2017.06.02-15.47.56:507][272]PIE:Warning: Warning AttachTo: '/Game/Levels/Graveyard_Test.Graveyard_Test:PersistentLevel.SideScrollerCharacter_78.CollisionCylinder' root component cannot be attached to other components in the same actor. Aborting.
[2017.06.02-15.47.56:508][272]PIE:Warning: Warning AttachTo: '/Engine/Transient.World_5:PersistentLevel.SideScrollerCharacter_C_0.CollisionCylinder' root component cannot be attached to other components in the same actor. Aborting.
[2017.06.02-15.47.56:510][272]PIE:Warning: Warning AttachTo: '/Engine/Transient.World_6:PersistentLevel.SideScrollerCharacter_C_10.CollisionCylinder' root component cannot be attached to other components in the same actor. Aborting.
[2017.06.02-15.47.56:511][272]PIE:Warning: Warning AttachTo: '/Engine/Transient.World_6:PersistentLevel.SideScrollerCharacter_C_12.CollisionCylinder' root component cannot be attached to other components in the same actor. Aborting.
[2017.06.02-15.47.57:463][331]PIE:Warning: Warning AttachTo: '/Engine/Transient.World_5:PersistentLevel.SideScrollerCharacter_C_0.CollisionCylinder' root component cannot be attached to other components in the same actor. Aborting.
[2017.06.02-15.49.08:904][744]Cmd: OBJ SAVEPACKAGE PACKAGE="/Game/Levels/Graveyard_Test" FILE="../../../../../../SVN/SkaGame2/SkaGame/Saved/Autosaves/Game/Levels/Graveyard_Test_Auto1.umap" SILENT=true AUTOSAVING=true KEEPDIRTY=false
[2017.06.02-15.49.09:092][744]LogSavePackage: Save=171.61ms
[2017.06.02-15.49.09:092][744]LogSavePackage: Moving '../../../../../../SVN/SkaGame2/SkaGame/Saved/Graveyard_Test_Auto16304040B4A5E5BB547DA12BF612471EE.tmp' to '../../../../../../SVN/SkaGame2/SkaGame/Saved/Autosaves/Game/Levels/Graveyard_Test_Auto1.umap'
[2017.06.02-15.49.09:093][744]LogSavePackage:Display: Finished SavePackage ../../../../../../SVN/SkaGame2/SkaGame/Saved/Autosaves/Game/Levels/Graveyard_Test_Auto1.umap
[2017.06.02-15.49.09:097][744]LogFileHelpers: Editor autosave (incl. sublevels) for '/Game/Levels/Graveyard_Test' took 0.211
[2017.06.02-15.49.09:097][744]LogFileHelpers: Editor autosave (incl. sublevels) for all levels took 0.211
[2017.06.02-15.49.09:099][744]OBJ SavePackage: Generating thumbnails for [1] asset(s) in package [/Game/SkaGameAssets/Brad/Blueprints/SideScrollerCharacter] ([1] browsable assets)...
[2017.06.02-15.49.09:116][744]OBJ SavePackage:     Rendered thumbnail for [Blueprint /Game/SkaGameAssets/Brad/Blueprints/SideScrollerCharacter.SideScrollerCharacter]
[2017.06.02-15.49.09:116][744]OBJ SavePackage: Finished generating thumbnails for package [/Game/SkaGameAssets/Brad/Blueprints/SideScrollerCharacter]
[2017.06.02-15.49.09:184][744]LogSavePackage: Save=57.21ms
[2017.06.02-15.49.09:184][744]LogSavePackage: Moving '../../../../../../SVN/SkaGame2/SkaGame/Saved/SideScrollerCharacter_Auto1D259B3674172F050D945F58F76B2FC67.tmp' to '../../../../../../SVN/SkaGame2/SkaGame/Saved/Autosaves/Game/SkaGameAssets/Brad/Blueprints/SideScrollerCharacter_Auto1.uasset'
[2017.06.02-15.49.09:185][744]LogSavePackage:Display: Finished SavePackage ../../../../../../SVN/SkaGame2/SkaGame/Saved/Autosaves/Game/SkaGameAssets/Brad/Blueprints/SideScrollerCharacter_Auto1.uasset
[2017.06.02-15.49.09:185][744]LogFileHelpers: Auto-saving content packages took 0.087
[2017.06.02-16.30.42:401][275]LogSavePackage: Save=49.22ms
[2017.06.02-16.30.42:401][275]LogSavePackage: Moving '../../../../../../SVN/SkaGame2/SkaGame/Saved/SideScrollerCharacterA09AE88B4006E96532DEC89F1ED77B5E.tmp' to '../../../../../../SVN/SkaGame2/SkaGame/Content/SkaGameAssets/Brad/Blueprints/SideScrollerCharacter.uasset'
[2017.06.02-16.30.42:406][275]LogSavePackage:Display: Finished SavePackage ../../../../../../SVN/SkaGame2/SkaGame/Content/SkaGameAssets/Brad/Blueprints/SideScrollerCharacter.uasset
[2017.06.02-16.31.03:714][713]BlueprintLog: New page: Compile SideScrollerCharacter
[2017.06.02-16.31.51:570][511]BlueprintLog: New page: Compile SideScrollerCharacter
[2017.06.02-16.31.52:495][533]LogSavePackage: Save=63.52ms
[2017.06.02-16.31.52:495][533]LogSavePackage: Moving '../../../../../../SVN/SkaGame2/SkaGame/Saved/SideScrollerCharacter0C2384994FCEC8C821FA4BB337D475AB.tmp' to '../../../../../../SVN/SkaGame2/SkaGame/Content/SkaGameAssets/Brad/Blueprints/SideScrollerCharacter.uasset'
[2017.06.02-16.31.52:497][533]LogSavePackage:Display: Finished SavePackage ../../../../../../SVN/SkaGame2/SkaGame/Content/SkaGameAssets/Brad/Blueprints/SideScrollerCharacter.uasset
[2017.06.02-16.32.09:394][614]LogTemp: Repeting last play command: Selected Viewport
[2017.06.02-16.32.09:422][614]LogBlueprintUserMessages: Early PlayInEditor Detection: Level '/Game/Levels/Graveyard_Test.Graveyard_Test:PersistentLevel' has LevelScriptBlueprint '/Game/Levels/Graveyard_Test.Graveyard_Test:PersistentLevel.Graveyard_Test' with GeneratedClass '/Game/Levels/Graveyard_Test.Graveyard_Test_C' with ClassGeneratedBy '/Game/Levels/Graveyard_Test.Graveyard_Test:PersistentLevel.Graveyard_Test'
[2017.06.02-16.32.09:422][614]LogPlayLevel: PlayLevel: No blueprints needed recompiling
[2017.06.02-16.32.09:422][614]PIE: New page: PIE session: Graveyard_Test (Jun 2, 2017, 8:32:09 AM)
[2017.06.02-16.32.09:422][614]LogPlayLevel: Creating play world package: /Game/Levels/UEDPIE_0_Graveyard_Test
[2017.06.02-16.32.09:445][614]LogPlayLevel: PIE: StaticDuplicateObject took: (0.023199s)
[2017.06.02-16.32.09:446][614]LogAIModule: Creating AISystem for world Graveyard_Test
[2017.06.02-16.32.09:446][614]LogPlayLevel: PIE: World Init took: (0.000778s)
[2017.06.02-16.32.09:446][614]LogPlayLevel: PIE: Created PIE world by copying editor world from /Game/Levels/Graveyard_Test.Graveyard_Test to /Game/Levels/UEDPIE_0_Graveyard_Test.Graveyard_Test (0.024242s)
[2017.06.02-16.32.09:503][614]LogInit: XAudio2 using 'Speakers (5- Logitech G930 Gaming Headset)' : 8 channels at 48 kHz using 16 bits per sample (channel mask 0x63f)
[2017.06.02-16.32.09:520][614]LogInit: FAudioDevice initialized.
[2017.06.02-16.32.09:551][614]LogLoad: Game class is 'SideScrollerGameMode_C'
[2017.06.02-16.32.09:554][614]LogWorld: Bringing World /Game/Levels/UEDPIE_0_Graveyard_Test.Graveyard_Test up for play (max tick rate 0) at 2017.06.02-12.32.09
[2017.06.02-16.32.09:554][614]LogWorld: Bringing up level for play took: 0.002099
[2017.06.02-16.32.09:557][614]PIE: Info Play in editor start time for /Game/Levels/UEDPIE_0_Graveyard_Test 0.747
[2017.06.02-16.32.09:557][614]LogBlueprintUserMessages: Late PlayInEditor Detection: Level '/Game/Levels/Graveyard_Test.Graveyard_Test:PersistentLevel' has LevelScriptBlueprint '/Game/Levels/Graveyard_Test.Graveyard_Test:PersistentLevel.Graveyard_Test' with GeneratedClass '/Game/Levels/Graveyard_Test.Graveyard_Test_C' with ClassGeneratedBy '/Game/Levels/Graveyard_Test.Graveyard_Test:PersistentLevel.Graveyard_Test'
[2017.06.02-16.32.13:775][ 84]LogBlueprintUserMessages: Early EndPlayMap Detection: Level '/Game/Levels/Graveyard_Test.Graveyard_Test:PersistentLevel' has LevelScriptBlueprint '/Game/Levels/Graveyard_Test.Graveyard_Test:PersistentLevel.Graveyard_Test' with GeneratedClass '/Game/Levels/Graveyard_Test.Graveyard_Test_C' with ClassGeneratedBy '/Game/Levels/Graveyard_Test.Graveyard_Test:PersistentLevel.Graveyard_Test'
[2017.06.02-16.32.13:874][ 84]LogBlueprintUserMessages: Late EndPlayMap Detection: Level '/Game/Levels/Graveyard_Test.Graveyard_Test:PersistentLevel' has LevelScriptBlueprint '/Game/Levels/Graveyard_Test.Graveyard_Test:PersistentLevel.Graveyard_Test' with GeneratedClass '/Game/Levels/Graveyard_Test.Graveyard_Test_C' with ClassGeneratedBy '/Game/Levels/Graveyard_Test.Graveyard_Test:PersistentLevel.Graveyard_Test'
[2017.06.02-16.32.16:178][254]LogEditorViewport: Clicking on Actor (LMB): BP_Sky_Sphere_C (SkySphereBlueprint)
[2017.06.02-16.32.17:366][322]LogEditorViewport: Clicking on Actor (LMB): BP_Sky_Sphere_C (SkySphereBlueprint)
[2017.06.02-16.32.24:035][956]Cmd: OBJ SAVEPACKAGE PACKAGE="/Game/Levels/Graveyard_Test" FILE="../../../../../../SVN/SkaGame2/SkaGame/Content/Levels/Graveyard_Test.umap" SILENT=true AUTOSAVING=false KEEPDIRTY=false
[2017.06.02-16.32.24:242][956]LogSavePackage: Save=171.30ms
[2017.06.02-16.32.24:242][956]LogSavePackage: Moving '../../../../../../SVN/SkaGame2/SkaGame/Saved/Graveyard_Test70A6FA5F4C1FDBD4F1E42C89D45A37A8.tmp' to '../../../../../../SVN/SkaGame2/SkaGame/Content/Levels/Graveyard_Test.umap'
[2017.06.02-16.32.24:245][956]LogSavePackage:Display: Finished SavePackage ../../../../../../SVN/SkaGame2/SkaGame/Content/Levels/Graveyard_Test.umap
[2017.06.02-16.32.24:292][956]Cmd: OBJ SAVEPACKAGE PACKAGE="/Game/Levels/Graveyard_Test_BuiltData" FILE="../../../../../../SVN/SkaGame2/SkaGame/Content/Levels/Graveyard_Test_BuiltData.uasset" SILENT=true
[2017.06.02-16.32.24:381][956]LogSavePackage: Save=81.20ms
[2017.06.02-16.32.24:381][956]LogSavePackage: Moving '../../../../../../SVN/SkaGame2/SkaGame/Saved/Graveyard_Test_BuiltData9484F96C4A52F5377BC6EABCE093315F.tmp' to '../../../../../../SVN/SkaGame2/SkaGame/Content/Levels/Graveyard_Test_BuiltData.uasset'
[2017.06.02-16.32.24:382][956]LogSavePackage:Display: Finished SavePackage ../../../../../../SVN/SkaGame2/SkaGame/Content/Levels/Graveyard_Test_BuiltData.uasset
[2017.06.02-16.33.19:566][465]LogEditorViewport: Clicking on Actor (LMB): BP_Sky_Sphere_C (SkySphereBlueprint)
[2017.06.02-16.55.27:490][208]Cmd: QUIT_EDITOR
[2017.06.02-16.55.28:192][208]LogWindowsTextInputMethodSystem:Display: IME system now deactivated.
[2017.06.02-16.55.28:218][208]LogExit: Preparing to exit.
[2017.06.02-16.55.28:559][208]LogDirectoryWatcher: A directory notification for 'C:/SVN/SkaGame2/SkaGame/Content/' was aborted.
[2017.06.02-16.55.28:592][208]LogExit: Editor shut down
[2017.06.02-16.55.28:592][208]LogExit: Transaction tracking system shut down
[2017.06.02-16.55.28:685][208]LogObj: Freed 0b from 0 cluster array pools.
[2017.06.02-16.55.28:686][208]LogExit: Object subsystem successfully closed.
[2017.06.02-16.55.28:695][208]LogD3D11RHI: Shutdown
[2017.06.02-16.55.28:695][208]LogD3D11RHI: CleanupD3DDevice
[2017.06.02-16.55.28:782][208]LogD3D11RHI: ~FD3D11DynamicRHI
[2017.06.02-16.55.28:796][208]LogModuleManager: Shutting down and abandoning module BlueprintGraph (504)
[2017.06.02-16.55.28:796][208]LogModuleManager: Shutting down and abandoning module BlueprintProfiler (502)
[2017.06.02-16.55.28:796][208]LogModuleManager: Shutting down and abandoning module StatsViewer (500)
[2017.06.02-16.55.28:796][208]LogModuleManager: Shutting down and abandoning module MovieSceneCapture (498)
[2017.06.02-16.55.28:796][208]LogModuleManager: Shutting down and abandoning module HierarchicalLODOutliner (496)
[2017.06.02-16.55.28:796][208]LogModuleManager: Shutting down and abandoning module CrashTracker (494)
[2017.06.02-16.55.28:796][208]LogModuleManager: Shutting down and abandoning module SceneOutliner (492)
[2017.06.02-16.55.28:796][208]LogModuleManager: Shutting down and abandoning module AddContentDialog (490)
[2017.06.02-16.55.28:796][208]LogDirectoryWatcher: A directory notification for 'C:/Program Files/Epic Games/UE_4.15/FeaturePacks/' was aborted.
[2017.06.02-16.55.28:799][208]LogModuleManager: Shutting down and abandoning module WidgetCarousel (489)
[2017.06.02-16.55.28:799][208]LogModuleManager: Shutting down and abandoning module EditorWidgets (486)
[2017.06.02-16.55.28:799][208]LogModuleManager: Shutting down and abandoning module CollectionManager (484)
[2017.06.02-16.55.28:799][208]LogDirectoryWatcher: A directory notification for 'C:/SVN/SkaGame2/SkaGame/Content/Collections/' was aborted.
[2017.06.02-16.55.28:799][208]LogDirectoryWatcher: A directory notification for 'C:/SVN/SkaGame2/SkaGame/Content/Developers/Ethan/Collections/' was aborted.
[2017.06.02-16.55.28:800][208]LogDirectoryWatcher: A directory notification for 'C:/SVN/SkaGame2/SkaGame/Saved/Collections/' was aborted.
[2017.06.02-16.55.28:800][208]LogModuleManager: Shutting down and abandoning module FoliageEdit (482)
[2017.06.02-16.55.28:800][208]LogModuleManager: Shutting down and abandoning module LandscapeEditor (480)
[2017.06.02-16.55.28:800][208]LogModuleManager: Shutting down and abandoning module SceneDepthPickerMode (478)
[2017.06.02-16.55.28:800][208]LogModuleManager: Shutting down and abandoning module ActorPickerMode (476)
[2017.06.02-16.55.28:800][208]LogModuleManager: Shutting down and abandoning module GeometryMode (474)
[2017.06.02-16.55.28:800][208]LogModuleManager: Shutting down and abandoning module TextureAlignMode (472)
[2017.06.02-16.55.28:800][208]LogModuleManager: Shutting down and abandoning module BspMode (470)
[2017.06.02-16.55.28:800][208]LogModuleManager: Shutting down and abandoning module HardwareSurvey (468)
[2017.06.02-16.55.28:800][208]LogModuleManager: Shutting down and abandoning module SequenceRecorderSections (466)
[2017.06.02-16.55.28:800][208]LogModuleManager: Shutting down and abandoning module AutomationWorker (464)
[2017.06.02-16.55.28:800][208]LogModuleManager: Shutting down and abandoning module MatineeToLevelSequence (462)
[2017.06.02-16.55.28:800][208]LogModuleManager: Shutting down and abandoning module LevelSequenceEditor (460)
[2017.06.02-16.55.28:800][208]LogModuleManager: Shutting down and abandoning module PlacementMode (459)
[2017.06.02-16.55.28:800][208]LogModuleManager: Shutting down and abandoning module WmfMediaFactory (456)
[2017.06.02-16.55.28:800][208]LogModuleManager: Shutting down and abandoning module WmfMediaEditor (454)
[2017.06.02-16.55.28:800][208]LogModuleManager: Shutting down and abandoning module MfMediaFactory (452)
[2017.06.02-16.55.28:800][208]LogModuleManager: Shutting down and abandoning module MfMediaEditor (450)
[2017.06.02-16.55.28:800][208]LogModuleManager: Shutting down and abandoning module AvfMediaFactory (448)
[2017.06.02-16.55.28:800][208]LogModuleManager: Shutting down and abandoning module AvfMediaEditor (446)
[2017.06.02-16.55.28:800][208]LogModuleManager: Shutting down and abandoning module AndroidMediaFactory (444)
[2017.06.02-16.55.28:800][208]LogModuleManager: Shutting down and abandoning module Media (443)
[2017.06.02-16.55.28:800][208]LogModuleManager: Shutting down and abandoning module AndroidMediaEditor (440)
[2017.06.02-16.55.28:800][208]LogModuleManager: Shutting down and abandoning module CharacterAI (438)
[2017.06.02-16.55.28:800][208]LogModuleManager: Shutting down and abandoning module AudioCapture (436)
[2017.06.02-16.55.28:800][208]LogModuleManager: Shutting down and abandoning module SequenceRecorder (435)
[2017.06.02-16.55.28:800][208]LogModuleManager: Shutting down and abandoning module SmartSnapping (432)
[2017.06.02-16.55.28:800][208]LogModuleManager: Shutting down and abandoning module SessionServices (430)
[2017.06.02-16.55.28:800][208]LogModuleManager: Shutting down and abandoning module ViewportSnapping (428)
[2017.06.02-16.55.28:800][208]LogModuleManager: Shutting down and abandoning module ViewportInteraction (426)
[2017.06.02-16.55.28:800][208]LogModuleManager: Shutting down and abandoning module LogVisualizer (424)
[2017.06.02-16.55.28:800][208]LogModuleManager: Shutting down and abandoning module IntroTutorials (422)
[2017.06.02-16.55.28:800][208]LogModuleManager: Shutting down and abandoning module GameProjectGeneration (421)
[2017.06.02-16.55.28:800][208]LogModuleManager: Shutting down and abandoning module EditorLiveStreaming (418)
[2017.06.02-16.55.28:800][208]LogModuleManager: Shutting down and abandoning module IOSPlatformEditor (416)
[2017.06.02-16.55.28:800][208]LogModuleManager: Shutting down and abandoning module HTML5PlatformEditor (414)
[2017.06.02-16.55.28:800][208]LogModuleManager: Shutting down and abandoning module AndroidPlatformEditor (412)
[2017.06.02-16.55.28:800][208]LogModuleManager: Shutting down and abandoning module AndroidDeviceDetection (411)
[2017.06.02-16.55.28:829][208]LogModuleManager: Shutting down and abandoning module IOSRuntimeSettings (408)
[2017.06.02-16.55.28:830][208]LogModuleManager: Shutting down and abandoning module AndroidRuntimeSettings (406)
[2017.06.02-16.55.28:830][208]LogModuleManager: Shutting down and abandoning module InputBindingEditor (404)
[2017.06.02-16.55.28:830][208]LogModuleManager: Shutting down and abandoning module NiagaraEditor (402)
[2017.06.02-16.55.28:830][208]LogModuleManager: Shutting down and abandoning module MergeActors (400)
[2017.06.02-16.55.28:830][208]LogModuleManager: Shutting down and abandoning module SizeMap (398)
[2017.06.02-16.55.28:830][208]LogModuleManager: Shutting down and abandoning module TreeMap (396)
[2017.06.02-16.55.28:830][208]LogModuleManager: Shutting down and abandoning module ReferenceViewer (394)
[2017.06.02-16.55.28:830][208]LogModuleManager: Shutting down and abandoning module LocalizationDashboard (392)
[2017.06.02-16.55.28:830][208]LogModuleManager: Shutting down and abandoning module LocalizationService (391)
[2017.06.02-16.55.28:830][208]LogModuleManager: Shutting down and abandoning module HardwareTargeting (388)
[2017.06.02-16.55.28:830][208]LogModuleManager: Shutting down and abandoning module DeviceProfileEditor (386)
[2017.06.02-16.55.28:830][208]LogModuleManager: Shutting down and abandoning module UndoHistory (384)
[2017.06.02-16.55.28:830][208]LogModuleManager: Shutting down and abandoning module UserFeedback (382)
[2017.06.02-16.55.28:830][208]LogModuleManager: Shutting down and abandoning module XmlParser (380)
[2017.06.02-16.55.28:830][208]LogModuleManager: Shutting down and abandoning module Blutility (378)
[2017.06.02-16.55.28:830][208]LogModuleManager: Shutting down and abandoning module ProjectSettingsViewer (376)
[2017.06.02-16.55.28:830][208]LogModuleManager: Shutting down and abandoning module ProjectTargetPlatformEditor (375)
[2017.06.02-16.55.28:830][208]LogModuleManager: Shutting down and abandoning module EditorSettingsViewer (372)
[2017.06.02-16.55.28:830][208]LogModuleManager: Shutting down and abandoning module SettingsEditor (370)
[2017.06.02-16.55.28:830][208]LogModuleManager: Shutting down and abandoning module ProjectLauncher (368)
[2017.06.02-16.55.28:830][208]LogModuleManager: Shutting down and abandoning module SessionFrontend (366)
[2017.06.02-16.55.28:830][208]LogModuleManager: Shutting down and abandoning module ProfilerClient (364)
[2017.06.02-16.55.28:830][208]LogModuleManager: Shutting down and abandoning module DeviceManager (362)
[2017.06.02-16.55.28:830][208]LogModuleManager: Shutting down and abandoning module TargetDeviceServices (361)
[2017.06.02-16.55.28:873][208]LogModuleManager: Shutting down and abandoning module AutomationController (358)
[2017.06.02-16.55.28:873][208]LogModuleManager: Shutting down and abandoning module AutomationWindow (356)
[2017.06.02-16.55.28:873][208]LogModuleManager: Shutting down and abandoning module Layers (354)
[2017.06.02-16.55.28:873][208]LogModuleManager: Shutting down and abandoning module ComponentVisualizers (352)
[2017.06.02-16.55.28:873][208]LogModuleManager: Shutting down and abandoning module DetailCustomizations (350)
[2017.06.02-16.55.28:873][208]LogModuleManager: Shutting down and abandoning module PackagesDialog (348)
[2017.06.02-16.55.28:873][208]LogModuleManager: Shutting down and abandoning module Persona (346)
[2017.06.02-16.55.28:873][208]LogModuleManager: Shutting down and abandoning module AnimGraph (345)
[2017.06.02-16.55.28:873][208]LogModuleManager: Shutting down and abandoning module Kismet (342)
[2017.06.02-16.55.28:881][208]LogModuleManager: Shutting down and abandoning module GraphEditor (340)
[2017.06.02-16.55.28:881][208]LogModuleManager: Shutting down and abandoning module ClassViewer (338)
[2017.06.02-16.55.28:881][208]LogModuleManager: Shutting down and abandoning module Toolbox (336)
[2017.06.02-16.55.28:881][208]LogModuleManager: Shutting down and abandoning module ModuleUI (334)
[2017.06.02-16.55.28:881][208]LogModuleManager: Shutting down and abandoning module MovieSceneTools (332)
[2017.06.02-16.55.28:881][208]LogModuleManager: Shutting down and abandoning module OutputLog (330)
[2017.06.02-16.55.28:881][208]LogModuleManager: Shutting down and abandoning module GammaUI (328)
[2017.06.02-16.55.28:881][208]LogModuleManager: Shutting down and abandoning module Documentation (326)
[2017.06.02-16.55.28:881][208]LogModuleManager: Shutting down and abandoning module Niagara (324)
[2017.06.02-16.55.28:881][208]LogModuleManager: Shutting down and abandoning module StreamingPauseRendering (322)
[2017.06.02-16.55.28:881][208]LogModuleManager: Shutting down and abandoning module AnalyticsET (320)
[2017.06.02-16.55.28:881][208]LogModuleManager: Shutting down and abandoning module PortalServices (318)
[2017.06.02-16.55.28:881][208]LogModuleManager: Shutting down and abandoning module PortalRpc (316)
[2017.06.02-16.55.28:881][208]LogModuleManager: Shutting down and abandoning module MessagingRpc (314)
[2017.06.02-16.55.28:881][208]LogModuleManager: Shutting down and abandoning module AIModule (312)
[2017.06.02-16.55.28:881][208]LogModuleManager: Shutting down and abandoning module GameplayDebugger (311)
[2017.06.02-16.55.28:881][208]LogModuleManager: Shutting down and abandoning module AITestSuite (309)
[2017.06.02-16.55.28:881][208]LogModuleManager: Shutting down and abandoning module ProfilerService (306)
[2017.06.02-16.55.28:946][208]LogModuleManager: Shutting down and abandoning module TaskGraph (304)
[2017.06.02-16.55.28:946][208]LogModuleManager: Shutting down and abandoning module SteamVRController (302)
[2017.06.02-16.55.28:946][208]LogModuleManager: Shutting down and abandoning module SteamVR (300)
[2017.06.02-16.55.28:946][208]LogModuleManager: Shutting down and abandoning module ProceduralMeshComponentEditor (298)
[2017.06.02-16.55.28:946][208]LogModuleManager: Shutting down and abandoning module ProceduralMeshComponent (296)
[2017.06.02-16.55.28:946][208]LogModuleManager: Shutting down and abandoning module OculusLibrary (294)
[2017.06.02-16.55.28:946][208]LogModuleManager: Shutting down and abandoning module OculusInput (292)
[2017.06.02-16.55.28:946][208]LogModuleManager: Shutting down and abandoning module MobilePatchingUtils (290)
[2017.06.02-16.55.28:946][208]LogModuleManager: Shutting down and abandoning module CustomMeshComponent (288)
[2017.06.02-16.55.28:946][208]LogModuleManager: Shutting down and abandoning module CableComponent (286)
[2017.06.02-16.55.28:946][208]LogModuleManager: Shutting down and abandoning module ArchVisCharacter (284)
[2017.06.02-16.55.28:946][208]LogModuleManager: Shutting down and abandoning module MediaPlayerEditor (280)
[2017.06.02-16.55.28:946][208]LogModuleManager: Shutting down and abandoning module HTML5Networking (278)
[2017.06.02-16.55.28:946][208]LogModuleManager: Shutting down and abandoning module AlembicImporter (276)
[2017.06.02-16.55.28:946][208]LogModuleManager: Shutting down and abandoning module AlembicLibrary (275)
[2017.06.02-16.55.28:946][208]LogModuleManager: Shutting down and abandoning module GeometryCache (274)
[2017.06.02-16.55.28:946][208]LogModuleManager: Shutting down and abandoning module GeometryCacheEd (273)
[2017.06.02-16.55.28:946][208]LogModuleManager: Shutting down and abandoning module SuperSearchEditor (268)
[2017.06.02-16.55.28:946][208]LogModuleManager: Shutting down and abandoning module SuperSearch (267)
[2017.06.02-16.55.28:946][208]LogModuleManager: Shutting down and abandoning module SpeedTreeImporter (264)
[2017.06.02-16.55.28:946][208]LogModuleManager: Shutting down and abandoning module PluginBrowser (262)
[2017.06.02-16.55.28:946][208]LogModuleManager: Shutting down and abandoning module MobileLauncherProfileWizard (260)
[2017.06.02-16.55.28:946][208]LogModuleManager: Shutting down and abandoning module EpicSurvey (258)
[2017.06.02-16.55.28:946][208]LogModuleManager: Shutting down and abandoning module VisualStudioSourceCodeAccess (256)
[2017.06.02-16.55.28:946][208]LogModuleManager: Shutting down and abandoning module DesktopPlatform (255)
[2017.06.02-16.55.28:946][208]LogModuleManager: Shutting down and abandoning module UObjectPlugin (252)
[2017.06.02-16.55.28:946][208]LogModuleManager: Shutting down and abandoning module SubversionSourceControl (250)
[2017.06.02-16.55.28:946][208]LogModuleManager: Shutting down and abandoning module PerforceSourceControl (248)
[2017.06.02-16.55.28:946][208]LogModuleManager: Shutting down and abandoning module GitSourceControl (246)
[2017.06.02-16.55.28:946][208]LogModuleManager: Shutting down and abandoning module SourceControl (245)
[2017.06.02-16.55.28:946][208]LogModuleManager: Shutting down and abandoning module LightPropagationVolumeEditor (242)
[2017.06.02-16.55.28:946][208]LogModuleManager: Shutting down and abandoning module PaperTiledImporter (240)
[2017.06.02-16.55.28:946][208]LogModuleManager: Shutting down and abandoning module PaperSpriteSheetImporter (238)
[2017.06.02-16.55.28:946][208]LogModuleManager: Shutting down and abandoning module Paper2DEditor (236)
[2017.06.02-16.55.28:946][208]LogModuleManager: Shutting down and abandoning module MeshPaint (235)
[2017.06.02-16.55.28:946][208]LogModuleManager: Shutting down and abandoning module LevelEditor (233)
[2017.06.02-16.55.28:947][208]LogModuleManager: Shutting down and abandoning module PixelInspectorModule (232)
[2017.06.02-16.55.28:947][208]LogModuleManager: Shutting down and abandoning module MainFrame (230)
[2017.06.02-16.55.28:947][208]LogModuleManager: Shutting down and abandoning module HotReload (229)
[2017.06.02-16.55.28:947][208]LogModuleManager: Shutting down and abandoning module ContentBrowser (225)
[2017.06.02-16.55.28:948][208]LogModuleManager: Shutting down and abandoning module PhysXVehiclesEditor (222)
[2017.06.02-16.55.28:948][208]LogModuleManager: Shutting down and abandoning module PhysXVehicles (220)
[2017.06.02-16.55.28:948][208]LogModuleManager: Shutting down and abandoning module LocationServicesBPLibrary (218)
[2017.06.02-16.55.28:948][208]LogModuleManager: Shutting down and abandoning module UdpMessaging (216)
[2017.06.02-16.55.29:049][208]LogModuleManager: Shutting down and abandoning module TcpMessaging (214)
[2017.06.02-16.55.29:417][208]LogModuleManager: Shutting down and abandoning module GameplayTagsEditor (212)
[2017.06.02-16.55.29:417][208]LogModuleManager: Shutting down and abandoning module FacialAnimationEditor (210)
[2017.06.02-16.55.29:417][208]LogModuleManager: Shutting down and abandoning module FacialAnimation (208)
[2017.06.02-16.55.29:417][208]LogModuleManager: Shutting down and abandoning module LightPropagationVolumeRuntime (206)
[2017.06.02-16.55.29:417][208]LogModuleManager: Shutting down and abandoning module Paper2D (204)
[2017.06.02-16.55.29:417][208]LogModuleManager: Shutting down and abandoning module WindowsMoviePlayer (202)
[2017.06.02-16.55.29:417][208]LogModuleManager: Shutting down and abandoning module WmfMedia (200)
[2017.06.02-16.55.29:417][208]LogModuleManager: Shutting down and abandoning module MfMedia (198)
[2017.06.02-16.55.29:417][208]LogModuleManager: Shutting down and abandoning module MediaAssets (196)
[2017.06.02-16.55.29:417][208]LogModuleManager: Shutting down and abandoning module GameLiveStreaming (194)
[2017.06.02-16.55.29:417][208]LogModuleManager: Shutting down and abandoning module VREditor (192)
[2017.06.02-16.55.29:417][208]LogModuleManager: Shutting down and abandoning module GameplayTasksEditor (190)
[2017.06.02-16.55.29:417][208]LogModuleManager: Shutting down and abandoning module BehaviorTreeEditor (188)
[2017.06.02-16.55.29:417][208]LogModuleManager: Shutting down and abandoning module FunctionalTesting (186)
[2017.06.02-16.55.29:417][208]LogModuleManager: Shutting down and abandoning module CollisionAnalyzer (184)
[2017.06.02-16.55.29:417][208]LogModuleManager: Shutting down and abandoning module UMG (182)
[2017.06.02-16.55.29:417][208]LogModuleManager: Shutting down and abandoning module UMGEditor (181)
[2017.06.02-16.55.29:417][208]LogModuleManager: Shutting down and abandoning module Sequencer (180)
[2017.06.02-16.55.29:417][208]LogModuleManager: Shutting down and abandoning module AssetTools (178)
[2017.06.02-16.55.29:417][208]LogModuleManager: Shutting down and abandoning module MessageLog (177)
[2017.06.02-16.55.29:417][208]LogModuleManager: Shutting down and abandoning module WorkspaceMenuStructure (176)
[2017.06.02-16.55.29:417][208]LogModuleManager: Shutting down and abandoning module SlateReflector (170)
[2017.06.02-16.55.29:417][208]LogModuleManager: Shutting down and abandoning module Slate (168)
[2017.06.02-16.55.29:417][208]LogModuleManager: Shutting down and abandoning module EditorStyle (166)
[2017.06.02-16.55.29:419][208]LogModuleManager: Shutting down and abandoning module SourceCodeAccess (164)
[2017.06.02-16.55.29:419][208]LogModuleManager: Shutting down and abandoning module HeadMountedDisplay (162)
[2017.06.02-16.55.29:419][208]LogModuleManager: Shutting down and abandoning module XAudio2 (160)
[2017.06.02-16.55.29:419][208]LogModuleManager: Shutting down and abandoning module Networking (158)
[2017.06.02-16.55.29:419][208]LogModuleManager: Shutting down and abandoning module Core (154)
[2017.06.02-16.55.29:419][208]LogModuleManager: Shutting down and abandoning module AssetRegistry (152)
[2017.06.02-16.55.29:621][208]LogDirectoryWatcher: A directory notification for '../../../Engine/Content/' was aborted.
[2017.06.02-16.55.29:621][208]LogDirectoryWatcher: A directory notification for '../../../../../../SVN/SkaGame2/SkaGame/Content/' was aborted.
[2017.06.02-16.55.29:621][208]LogDirectoryWatcher: A directory notification for '../../../Engine/Plugins/2D/Paper2D/Content/' was aborted.
[2017.06.02-16.55.29:622][208]LogModuleManager: Shutting down and abandoning module DirectoryWatcher (151)
[2017.06.02-16.55.29:622][208]LogModuleManager: Shutting down and abandoning module KismetCompiler (148)
[2017.06.02-16.55.29:622][208]LogModuleManager: Shutting down and abandoning module PhysXFormats (146)
[2017.06.02-16.55.29:622][208]LogModuleManager: Shutting down and abandoning module MeshUtilities (144)
[2017.06.02-16.55.29:622][208]LogModuleManager: Shutting down and abandoning module SimplygonSwarm (143)
[2017.06.02-16.55.29:622][208]LogModuleManager: Shutting down and abandoning module SimplygonMeshReduction (141)
[2017.06.02-16.55.29:622][208]LogModuleManager: Shutting down and abandoning module QuadricMeshReduction (139)
[2017.06.02-16.55.29:622][208]LogModuleManager: Shutting down and abandoning module PropertyEditor (137)
[2017.06.02-16.55.29:622][208]LogModuleManager: Shutting down and abandoning module DerivedDataCache (134)
[2017.06.02-16.55.29:720][208]LogDerivedDataCache: Shutdown
[2017.06.02-16.55.29:720][208]LogModuleManager: Shutting down and abandoning module TargetPlatform (132)
[2017.06.02-16.55.29:720][208]LogModuleManager: Shutting down and abandoning module VulkanShaderFormat (131)
[2017.06.02-16.55.29:720][208]LogModuleManager: Shutting down and abandoning module ShaderFormatOpenGL (129)
[2017.06.02-16.55.29:720][208]LogModuleManager: Shutting down and abandoning module ShaderFormatD3D (127)
[2017.06.02-16.55.29:720][208]LogModuleManager: Shutting down and abandoning module MetalShaderFormat (125)
[2017.06.02-16.55.29:720][208]LogModuleManager: Shutting down and abandoning module TextureFormatUncompressed (123)
[2017.06.02-16.55.29:720][208]LogModuleManager: Shutting down and abandoning module TextureFormatPVR (121)
[2017.06.02-16.55.29:720][208]LogModuleManager: Shutting down and abandoning module TextureFormatDXT (119)
[2017.06.02-16.55.29:720][208]LogModuleManager: Shutting down and abandoning module TextureFormatIntelISPCTexComp (117)
[2017.06.02-16.55.29:720][208]LogModuleManager: Shutting down and abandoning module TextureFormatASTC (115)
[2017.06.02-16.55.29:720][208]LogModuleManager: Shutting down and abandoning module ImageWrapper (114)
[2017.06.02-16.55.29:720][208]LogModuleManager: Shutting down and abandoning module TextureFormatAndroid (111)
[2017.06.02-16.55.29:720][208]LogModuleManager: Shutting down and abandoning module AudioFormatOpus (109)
[2017.06.02-16.55.29:720][208]LogModuleManager: Shutting down and abandoning module AudioFormatOgg (107)
[2017.06.02-16.55.29:720][208]LogModuleManager: Shutting down and abandoning module AudioFormatADPCM (105)
[2017.06.02-16.55.29:720][208]LogModuleManager: Shutting down and abandoning module LinuxTargetPlatform (103)
[2017.06.02-16.55.29:720][208]LogModuleManager: Shutting down and abandoning module LinuxServerTargetPlatform (101)
[2017.06.02-16.55.29:720][208]LogModuleManager: Shutting down and abandoning module LinuxNoEditorTargetPlatform (99)
[2017.06.02-16.55.29:720][208]LogModuleManager: Shutting down and abandoning module LinuxClientTargetPlatform (97)
[2017.06.02-16.55.29:720][208]LogModuleManager: Shutting down and abandoning module TVOSTargetPlatform (95)
[2017.06.02-16.55.29:720][208]LogModuleManager: Shutting down and abandoning module Messaging (93)
[2017.06.02-16.55.29:720][208]LogModuleManager: Shutting down and abandoning module IOSTargetPlatform (91)
[2017.06.02-16.55.29:720][208]LogModuleManager: Shutting down and abandoning module HTML5TargetPlatform (89)
[2017.06.02-16.55.29:720][208]LogModuleManager: Shutting down and abandoning module Android_PVRTCTargetPlatform (87)
[2017.06.02-16.55.29:720][208]LogModuleManager: Shutting down and abandoning module Android_MultiTargetPlatform (85)
[2017.06.02-16.55.29:720][208]LogModuleManager: Shutting down and abandoning module Android_ETC2TargetPlatform (83)
[2017.06.02-16.55.29:720][208]LogModuleManager: Shutting down and abandoning module Android_ETC1TargetPlatform (81)
[2017.06.02-16.55.29:720][208]LogModuleManager: Shutting down and abandoning module Android_DXTTargetPlatform (79)
[2017.06.02-16.55.29:720][208]LogModuleManager: Shutting down and abandoning module Android_ATCTargetPlatform (77)
[2017.06.02-16.55.29:720][208]LogModuleManager: Shutting down and abandoning module Android_ASTCTargetPlatform (75)
[2017.06.02-16.55.29:720][208]LogModuleManager: Shutting down and abandoning module AndroidTargetPlatform (73)
[2017.06.02-16.55.29:720][208]LogModuleManager: Shutting down and abandoning module WindowsTargetPlatform (71)
[2017.06.02-16.55.29:720][208]LogModuleManager: Shutting down and abandoning module WindowsServerTargetPlatform (69)
[2017.06.02-16.55.29:720][208]LogModuleManager: Shutting down and abandoning module WindowsNoEditorTargetPlatform (67)
[2017.06.02-16.55.29:720][208]LogModuleManager: Shutting down and abandoning module WindowsClientTargetPlatform (65)
[2017.06.02-16.55.29:720][208]LogModuleManager: Shutting down and abandoning module MacTargetPlatform (63)
[2017.06.02-16.55.29:720][208]LogModuleManager: Shutting down and abandoning module MacServerTargetPlatform (61)
[2017.06.02-16.55.29:720][208]LogModuleManager: Shutting down and abandoning module MacNoEditorTargetPlatform (59)
[2017.06.02-16.55.29:720][208]LogModuleManager: Shutting down and abandoning module MacClientTargetPlatform (57)
[2017.06.02-16.55.29:720][208]LogModuleManager: Shutting down and abandoning module AllDesktopTargetPlatform (55)
[2017.06.02-16.55.29:720][208]LogModuleManager: Shutting down and abandoning module InputCore (52)
[2017.06.02-16.55.29:720][208]LogModuleManager: Shutting down and abandoning module Settings (50)
[2017.06.02-16.55.29:720][208]LogModuleManager: Shutting down and abandoning module OculusRift (48)
[2017.06.02-16.55.29:720][208]LogModuleManager: Shutting down and abandoning module GearVR (46)
[2017.06.02-16.55.29:720][208]LogModuleManager: Shutting down and abandoning module ExampleDeviceProfileSelector (44)
[2017.06.02-16.55.29:720][208]LogModuleManager: Shutting down and abandoning module OnlineBlueprintSupport (42)
[2017.06.02-16.55.29:720][208]LogModuleManager: Shutting down and abandoning module OnlineSubsystem (38)
[2017.06.02-16.55.29:720][208]LogOnline:Display: Unloading online subsystem: NULL
[2017.06.02-16.55.29:720][208]LogModuleManager: Shutting down and abandoning module XMPP (37)
[2017.06.02-16.55.29:720][208]LogModuleManager: Shutting down and abandoning module HTTP (35)
[2017.06.02-16.55.29:720][208]LogHttp:Display: Http module shutting down, but needs to wait on 1 outstanding Http requests:
[2017.06.02-16.55.29:720][208]LogHttp:Display: 	verb=[POST] url=[https://datarouter.ol.epicgames.com/datarouter/api/v1/public/data?SessionID=%7B4379ADBC-4AFC-9B77-8B45-41ACA11204BB%7D&AppID=UEEditor.Rocket.Release&AppVersion=4.15.3-3450819%2B%2B%2BUE4%2BRelease-4.15&UserID=27a260b74bf32bfc714e53b0493334c1%7C96e91b22db194cfa8006f4b66d834199%7C3dabaf2d-b3bf-48c3-a165-143585034302&AppEnvironment=datacollector-binary&UploadType=eteventstream] status=Processing
[2017.06.02-16.55.29:734][208]LogModuleManager: Shutting down and abandoning module SSL (34)
[2017.06.02-16.55.29:736][208]LogModuleManager: Shutting down and abandoning module AudioEditor (30)
[2017.06.02-16.55.29:736][208]LogModuleManager: Shutting down and abandoning module TextureCompressor (28)
[2017.06.02-16.55.29:736][208]LogModuleManager: Shutting down and abandoning module ShaderCore (26)
[2017.06.02-16.55.29:736][208]LogModuleManager: Shutting down and abandoning module Landscape (24)
[2017.06.02-16.55.29:736][208]LogModuleManager: Shutting down and abandoning module SlateRHIRenderer (22)
[2017.06.02-16.55.29:738][208]LogModuleManager: Shutting down and abandoning module OpenGLDrv (20)
[2017.06.02-16.55.29:738][208]LogModuleManager: Shutting down and abandoning module D3D11RHI (18)
[2017.06.02-16.55.29:738][208]LogModuleManager: Shutting down and abandoning module AnimGraphRuntime (16)
[2017.06.02-16.55.29:738][208]LogModuleManager: Shutting down and abandoning module Renderer (14)
[2017.06.02-16.55.29:738][208]LogModuleManager: Shutting down and abandoning module Engine (12)
[2017.06.02-16.55.29:739][208]LogModuleManager: Shutting down and abandoning module CoreUObject (10)
[2017.06.02-16.55.29:739][208]LogModuleManager: Shutting down and abandoning module NetworkFile (8)
[2017.06.02-16.55.29:739][208]LogModuleManager: Shutting down and abandoning module StreamingFile (6)
[2017.06.02-16.55.29:739][208]LogModuleManager: Shutting down and abandoning module SandboxFile (4)
[2017.06.02-16.55.29:739][208]LogModuleManager: Shutting down and abandoning module PakFile (2)
[2017.06.02-16.55.29:740][208]LogExit: Exiting.
[2017.06.02-16.55.29:742][208]Log file closed, 06/02/17 12:55:29
