Log file open, 07/06/17 08:44:36
LogInit:Display: Running engine for game: SkaGame3
LogPlatformFile: Not using cached read wrapper
LogInit:Display: RandInit(1381474378) SRandInit(1381474378).
LogTaskGraph: Started task graph with 5 named threads and 8 total threads with 1 sets of task threads.
LogStats: Stats thread started at 0.080638
LogInit: Using libcurl 7.47.1
LogInit:  - built for x86_64-pc-win32
LogInit:  - supports SSL with OpenSSL/1.0.2g
LogInit:  - supports HTTP deflate (compression) using libz 1.2.8
LogInit:  - other features:
LogInit:      CURL_VERSION_SSL
LogInit:      CURL_VERSION_LIBZ
LogInit:      CURL_VERSION_IPV6
LogInit:      CURL_VERSION_ASYNCHDNS
LogInit:      CURL_VERSION_LARGEFILE
LogInit:      CURL_VERSION_IDN
LogInit:  CurlRequestOptions (configurable via config and command line):
LogInit:  - bVerifyPeer = false  - Libcurl will NOT verify peer certificate
LogInit:  - bUseHttpProxy = false  - Libcurl will NOT use HTTP proxy
LogInit:  - bDontReuseConnections = false  - Libcurl will reuse connections
LogInit:  - CertBundlePath = nullptr  - Libcurl will use whatever was configured at build time.
LogInit: Build: ++UE4+Release-4.15-CL-3450819
LogInit: Engine Version: 4.15.3-3450819+++UE4+Release-4.15
LogInit: Compatible Engine Version: 4.15.0-3299760+++UE4+Release-4.15
LogInit: Net CL: 3299760
LogDevObjectVersion: Number of dev versions registered: 14
LogDevObjectVersion:   Dev-Blueprints (B0D832E4-1F89-4F0D-ACCF-7EB736FD4AA2): 8
LogDevObjectVersion:   Dev-Build (E1C64328-A22C-4D53-A36C-8E866417BD8C): 0
LogDevObjectVersion:   Dev-Core (375EC13C-06E4-48FB-B500-84F0262A717E): 2
LogDevObjectVersion:   Dev-Editor (E4B068ED-F494-42E9-A231-DA0B2E46BB41): 14
LogDevObjectVersion:   Dev-Framework (CFFC743F-43B0-4480-9391-14DF171D2073): 22
LogDevObjectVersion:   Dev-Mobile (B02B49B5-BB20-44E9-A304-32B752E40360): 0
LogDevObjectVersion:   Dev-Networking (A4E4105C-59A1-49B5-A7C5-40C4547EDFEE): 0
LogDevObjectVersion:   Dev-Online (39C831C9-5AE6-47DC-9A44-9C173E1C8E7C): 0
LogDevObjectVersion:   Dev-Physics (78F01B33-EBEA-4F98-B9B4-84EACCB95AA2): 0
LogDevObjectVersion:   Dev-Platform (6631380F-2D4D-43E0-8009-CF276956A95A): 0
LogDevObjectVersion:   Dev-Rendering (12F88B9F-8875-4AFC-A67C-D90C383ABD29): 12
LogDevObjectVersion:   Dev-Sequencer (7B5AE74C-D270-4C10-A958-57980B212A5A): 3
LogDevObjectVersion:   Dev-VR (D7296918-1DD6-4BDD-9DE2-64A83CC13884): 0
LogDevObjectVersion:   Dev-LoadTimes (C2A15278-BFE7-4AFE-6C17-90FF531DF755): 1
LogInit: Compiled (64-bit): May 21 2017 11:02:34
LogInit: Compiled with Visual C++: 19.00.23026.00
LogInit: Build Configuration: Development
LogInit: Branch Name: ++UE4+Release-4.15
LogInit: Command line: -EpicPortal 
LogInit: Base directory: C:/Program Files/Epic Games/UE_4.15/Engine/Binaries/Win64/
LogInit: Installed Engine Build: 1
LogInit: Presizing for max 8388607 objects, including 0 objects not considered by GC, pre-allocating 0 bytes for permanent pool.
LogInit: Object subsystem initialized
[2017.07.06-12.44.37:182][  0]LogInit: Selected Device Profile: [Windows]
[2017.07.06-12.44.37:182][  0]LogInit: Applying CVar settings loaded from the selected device profile: [Windows]
[2017.07.06-12.44.37:201][  0]LogInit: Computer: DESKTOP-58CNULQ
[2017.07.06-12.44.37:201][  0]LogInit: User: Ethan
[2017.07.06-12.44.37:201][  0]LogInit: CPU Page size=65536, Cores=4
[2017.07.06-12.44.37:201][  0]LogInit: High frequency timer resolution =3.312786 MHz
[2017.07.06-12.44.37:201][  0]LogMemory: Memory total: Physical=15.9GB (16GB approx)
[2017.07.06-12.44.37:201][  0]LogMemory: Platform Memory Stats for Windows
[2017.07.06-12.44.37:201][  0]LogMemory: Process Physical Memory: 264.14 MB used, 264.14 MB peak
[2017.07.06-12.44.37:201][  0]LogMemory: Process Virtual Memory: 262.72 MB used, 262.72 MB peak
[2017.07.06-12.44.37:201][  0]LogMemory: Physical Memory: 6489.88 MB used,  9789.31 MB free, 16279.18 MB total
[2017.07.06-12.44.37:201][  0]LogMemory: Virtual Memory: 645.44 MB used,  9789.31 MB free, 134217728.00 MB total
[2017.07.06-12.44.37:297][  0]LogTextLocalizationManager: No specific translations for ('en-US') exist, so ('en') translations will be used.
[2017.07.06-12.44.37:927][  0]LogD3D11RHI: D3D11 adapters:
[2017.07.06-12.44.38:450][  0]LogD3D11RHI:    0. 'NVIDIA GeForce GTX 660' (Feature Level 11_0)
[2017.07.06-12.44.38:450][  0]LogD3D11RHI:       1505/0/8139 MB DedicatedVideo/DedicatedSystem/SharedSystem, Outputs:1, VendorId:0x10de
[2017.07.06-12.44.38:454][  0]LogD3D11RHI:    1. 'Intel(R) HD Graphics 4000' (Feature Level 11_0)
[2017.07.06-12.44.38:454][  0]LogD3D11RHI:       32/0/1760 MB DedicatedVideo/DedicatedSystem/SharedSystem, Outputs:1, VendorId:0x8086
[2017.07.06-12.44.38:455][  0]LogD3D11RHI:    2. 'Microsoft Basic Render Driver' (Feature Level 11_0)
[2017.07.06-12.44.38:455][  0]LogD3D11RHI:       0/0/8139 MB DedicatedVideo/DedicatedSystem/SharedSystem, Outputs:0, VendorId:0x1414
[2017.07.06-12.44.38:455][  0]LogD3D11RHI: Chosen D3D11 Adapter: 0
[2017.07.06-12.44.38:459][  0]LogD3D11RHI: Creating new Direct3DDevice
[2017.07.06-12.44.38:459][  0]LogD3D11RHI:     GPU DeviceId: 0x1185 (for the marketing name, search the web for "GPU Device Id")
[2017.07.06-12.44.38:459][  0]LogWindows: EnumDisplayDevices:
[2017.07.06-12.44.38:459][  0]LogWindows:    0. 'NVIDIA GeForce GTX 660' (P:1 D:1)
[2017.07.06-12.44.38:459][  0]LogWindows:    1. 'NVIDIA GeForce GTX 660' (P:0 D:0)
[2017.07.06-12.44.38:459][  0]LogWindows:    2. 'NVIDIA GeForce GTX 660' (P:0 D:0)
[2017.07.06-12.44.38:459][  0]LogWindows:    3. 'NVIDIA GeForce GTX 660' (P:0 D:0)
[2017.07.06-12.44.38:460][  0]LogWindows:    4. 'Intel(R) HD Graphics 4000' (P:0 D:1)
[2017.07.06-12.44.38:460][  0]LogWindows:    5. 'Intel(R) HD Graphics 4000' (P:0 D:0)
[2017.07.06-12.44.38:460][  0]LogWindows: DebugString: PrimaryIsNotTheChoosenAdapter PrimaryIsNotTheChoosenAdapter FoundDriverCount:4 
[2017.07.06-12.44.38:460][  0]LogD3D11RHI:     Adapter Name: NVIDIA GeForce GTX 660
[2017.07.06-12.44.38:460][  0]LogD3D11RHI:   Driver Version: 376.53 (internal:21.21.13.7653, unified:376.53)
[2017.07.06-12.44.38:460][  0]LogD3D11RHI:      Driver Date: 12-29-2016
[2017.07.06-12.44.38:460][  0]LogRHI: Texture pool is 1053 MB (70% of 1505 MB)
[2017.07.06-12.44.38:947][  0]LogD3D11RHI:Warning: Timestamp queries are currently disabled on this hardware due to instability. Realtime GPU stats will not be available. You can override this behaviour by setting r.NVIDIATimestampWorkaround to 0
[2017.07.06-12.44.38:948][  0]LogD3D11RHI: Async texture creation enabled
[2017.07.06-12.44.48:975][  0]LogD3D11RHI: GPU Timing Frequency: 1000.000000 (Debug: 2 2)
[2017.07.06-12.44.49:024][  0]LogShaderCompilers: Guid format shader working directory is -3 characters bigger than the processId version (../../../../../../SVN/Fetch Test/SkaGame/SkaGame/Intermediate/Shaders/WorkingDirectory/12876/).
[2017.07.06-12.44.49:025][  0]LogShaderCompilers: Cleaned the shader compiler working directory 'C:/Users/Ethan/AppData/Local/Temp/UnrealShaderWorkingDir/C08E41534513259BDA8B3CAA93F341E5/'.
[2017.07.06-12.44.49:025][  0]LogShaderCompilers:Display: Using Local Shader Compiler.
[2017.07.06-12.44.50:154][  0]LogTemp:Display: Loaded TP AllDesktopTargetPlatform
[2017.07.06-12.44.50:219][  0]LogTemp:Display: Loaded TP MacClientTargetPlatform
[2017.07.06-12.44.50:281][  0]LogTemp:Display: Loaded TP MacNoEditorTargetPlatform
[2017.07.06-12.44.50:343][  0]LogTemp:Display: Loaded TP MacServerTargetPlatform
[2017.07.06-12.44.50:406][  0]LogTemp:Display: Loaded TP MacTargetPlatform
[2017.07.06-12.44.50:466][  0]LogTemp:Display: Loaded TP WindowsClientTargetPlatform
[2017.07.06-12.44.50:525][  0]LogTemp:Display: Loaded TP WindowsNoEditorTargetPlatform
[2017.07.06-12.44.50:589][  0]LogTemp:Display: Loaded TP WindowsServerTargetPlatform
[2017.07.06-12.44.50:642][  0]LogTemp:Display: Loaded TP WindowsTargetPlatform
[2017.07.06-12.44.50:701][  0]LogTemp:Display: Loaded TP AndroidTargetPlatform
[2017.07.06-12.44.50:760][  0]LogTemp:Display: Loaded TP Android_ASTCTargetPlatform
[2017.07.06-12.44.50:821][  0]LogTemp:Display: Loaded TP Android_ATCTargetPlatform
[2017.07.06-12.44.50:888][  0]LogTemp:Display: Loaded TP Android_DXTTargetPlatform
[2017.07.06-12.44.50:946][  0]LogTemp:Display: Loaded TP Android_ETC1TargetPlatform
[2017.07.06-12.44.51:007][  0]LogTemp:Display: Loaded TP Android_ETC2TargetPlatform
[2017.07.06-12.44.51:129][  0]LogTemp:Display: Loaded TP Android_MultiTargetPlatform
[2017.07.06-12.44.51:129][  0]LogTemp:Display: Loaded TP Android_PVRTCTargetPlatform
[2017.07.06-12.44.51:170][  0]LogTemp:Display: Loaded TP HTML5TargetPlatform
[2017.07.06-12.44.51:273][  0]LogTemp:Display: Loaded TP IOSTargetPlatform
[2017.07.06-12.44.51:313][  0]LogTemp:Display: Loaded TP TVOSTargetPlatform
[2017.07.06-12.44.51:375][  0]LogTemp:Display: Loaded TP LinuxClientTargetPlatform
[2017.07.06-12.44.51:439][  0]LogTemp:Display: Loaded TP LinuxNoEditorTargetPlatform
[2017.07.06-12.44.51:499][  0]LogTemp:Display: Loaded TP LinuxServerTargetPlatform
[2017.07.06-12.44.51:566][  0]LogTemp:Display: Loaded TP LinuxTargetPlatform
[2017.07.06-12.44.51:566][  0]LogTargetPlatformManager:Display: Building Assets For Windows
[2017.07.06-12.44.52:073][  0]LogDerivedDataCache:Display: Max Cache Size: 512 MB
[2017.07.06-12.44.52:124][  0]LogDerivedDataCache: Loaded boot cache 0.05s 50MB C:/Users/Ethan/AppData/Local/UnrealEngine/4.15/DerivedDataCache/Boot.ddc.
[2017.07.06-12.44.52:124][  0]LogDerivedDataCache:Display: Loaded Boot cache: C:/Users/Ethan/AppData/Local/UnrealEngine/4.15/DerivedDataCache/Boot.ddc
[2017.07.06-12.44.52:124][  0]LogDerivedDataCache: FDerivedDataBackendGraph:  Pak pak cache file ../../../../../../SVN/Fetch Test/SkaGame/SkaGame/DerivedDataCache/DDC.ddp not found, will not use a pak cache.
[2017.07.06-12.44.52:124][  0]LogDerivedDataCache: Unable to find inner node Pak for hierarchical cache Hierarchy.
[2017.07.06-12.44.52:124][  0]LogDerivedDataCache: FDerivedDataBackendGraph:  CompressedPak pak cache file ../../../../../../SVN/Fetch Test/SkaGame/SkaGame/DerivedDataCache/Compressed.ddp not found, will not use a pak cache.
[2017.07.06-12.44.52:124][  0]LogDerivedDataCache: Unable to find inner node CompressedPak for hierarchical cache Hierarchy.
[2017.07.06-12.44.52:144][  0]LogDerivedDataCache:Display: Pak cache opened for reading ../../../Engine/DerivedDataCache/Compressed.ddp.
[2017.07.06-12.44.52:156][  0]LogDerivedDataCache: Using Local data cache path C:/Users/Ethan/AppData/Local/UnrealEngine/Common/DerivedDataCache: Writable
[2017.07.06-12.44.52:165][  0]LogSlate: Using Freetype 2.6.0
[2017.07.06-12.44.52:166][  0]LogSlate: SlateFontCache - WITH_FREETYPE: 1, WITH_HARFBUZZ: 1
[2017.07.06-12.44.52:166][  0]LogSlate: SlateFontCache - WITH_FREETYPE: 1, WITH_HARFBUZZ: 1
[2017.07.06-12.44.52:481][  0]LogInit: Selected Device Profile: [Windows]
[2017.07.06-12.44.52:485][  0]LogContentStreaming: Texture pool size is 0.00 MB
[2017.07.06-12.44.52:703][  0]LogMeshUtilities: Using QuadricMeshReduction for automatic static mesh reduction
[2017.07.06-12.44.52:751][  0]LogSimplygon: Simplygon DLL not present - disabling.
[2017.07.06-12.44.52:800][  0]LogMeshUtilities: Using SimplygonSwarm for distributed automatic mesh merging
[2017.07.06-12.44.52:800][  0]LogMeshUtilities: No automatic skeletal mesh reduction module available
[2017.07.06-12.44.52:800][  0]LogMeshUtilities: No automatic mesh merging module available
[2017.07.06-12.44.53:368][  0]LogNetVersion: GetLocalNetworkVersion: CL: 3299760, ProjectName: skagame3, ProjectVersion: , EngineNetworkVersion: 2, GameNetworkVersion: 0, NetworkChecksum: 2118841436
[2017.07.06-12.44.53:416][  0]LogAssetRegistry: FAssetRegistry took 0.0216 seconds to start up
[2017.07.06-12.44.53:470][  0]LogPackageLocalizationCache: Processed 3 localized package path(s) for 2 prioritized culture(s) in 0.026629 seconds
[2017.07.06-12.44.53:474][  0]LogUObjectArray: 32493 objects as part of root set at end of initial load.
[2017.07.06-12.44.53:474][  0]LogUObjectAllocator: 7077024 out of 0 bytes used by permanent object pool.
[2017.07.06-12.44.53:474][  0]LogUObjectArray: CloseDisregardForGC: 0/0 objects in disregard for GC pool
[2017.07.06-12.44.53:542][  0]LogInit: WinSock: version 1.1 (2.2), MaxSocks=32767, MaxUdp=65467
[2017.07.06-12.44.55:253][  0]LogTcpMessaging: Initializing TcpMessaging bridge
[2017.07.06-12.44.55:295][  0]LogUdpMessaging: Initializing bridge on interface 0.0.0.0:0 to multicast group 230.0.0.1:6666.
[2017.07.06-12.44.55:785][  0]LogMaterial: Uniform references updated for custom material expression Custom.
[2017.07.06-12.44.56:193][  0]SourceControl: Info Source control is disabled
[2017.07.06-12.44.56:194][  0]SourceControl: Info Source control is disabled
[2017.07.06-12.44.56:248][  0]SourceControl: Info Source control is disabled
[2017.07.06-12.44.56:301][  0]SourceControl: Info Source control is disabled
[2017.07.06-12.44.57:653][  0]LogEngine: Initializing Engine...
[2017.07.06-12.44.57:654][  0]LogHMD: Failed to initialize OpenVR with code 110
[2017.07.06-12.44.57:767][  0]LogStats: UGameplayTagsManager::ConstructGameplayTagTree: Construct from data asset -  0.000 s
[2017.07.06-12.44.57:767][  0]LogStats: UGameplayTagsManager::ConstructGameplayTagTree: GameplayTagTreeChangedEvent.Broadcast -  0.000 s
[2017.07.06-12.44.57:901][  0]LogAIModule: Creating AISystem for world Untitled
[2017.07.06-12.44.57:926][  0]LogInit: XAudio2 using 'Speakers (2- Logitech G930 Gaming Headset)' : 8 channels at 48 kHz using 16 bits per sample (channel mask 0x63f)
[2017.07.06-12.44.57:947][  0]LogInit: FAudioDevice initialized.
[2017.07.06-12.44.57:972][  0]LogDerivedDataCache: Saved boot cache 0.02s 50MB C:/Users/Ethan/AppData/Local/UnrealEngine/4.15/DerivedDataCache/Boot.ddc.
[2017.07.06-12.44.57:978][  0]LogInit: Texture streaming: Enabled
[2017.07.06-12.44.58:089][  0]LogEngineSessionManager: EngineSessionManager initialized
[2017.07.06-12.44.58:187][  0]LogInit: Transaction tracking system initialized
[2017.07.06-12.44.58:579][  0]BlueprintLog: New page: Editor Load
[2017.07.06-12.44.59:588][  0]LocalizationService: Info Localization service is disabled
[2017.07.06-12.45.00:358][  0]LogConsoleResponse:Display: 
[2017.07.06-12.45.00:504][  0]LogCook:Display: Max memory allowance for cook 16384mb min free memory 0mb
[2017.07.06-12.45.00:504][  0]LogCook:Display: Mobile HDR setting 1
[2017.07.06-12.45.00:927][  0]LogFileCache: Scanning file cache for directory 'C:/SVN/Fetch Test/SkaGame/SkaGame/Content/' took 0.02s
[2017.07.06-12.45.01:621][  0]SourceControl: Info Source control is disabled
[2017.07.06-12.45.01:621][  0]Cmd: MAP LOAD FILE="../../../../../../SVN/Fetch Test/SkaGame/SkaGame/Content/SkaGameAssets/Levels/MainMenu.umap" TEMPLATE=0 SHOWPROGRESS=1 FEATURELEVEL=3
[2017.07.06-12.45.01:641][  0]LightingResults: New page: Lighting Build
[2017.07.06-12.45.01:688][  0]MapCheck: New page: Map Check
[2017.07.06-12.45.01:688][  0]LightingResults: New page: Lighting Build
[2017.07.06-12.45.01:701][  0]LogAIModule: Creating AISystem for world MainMenu
[2017.07.06-12.45.01:719][  0]LogEditorServer: Finished looking for orphan Actors (0.000 secs)
[2017.07.06-12.45.01:720][  0]Cmd: MAP CHECKDEP NOCLEARLOG
[2017.07.06-12.45.01:762][  0]MapCheck: Info Map check complete: 0 Error(s), 0 Warning(s), took 42.725ms to complete.
[2017.07.06-12.45.01:762][  0]LogFileHelpers: Loading map 'MainMenu' took 0.141
[2017.07.06-12.45.01:830][  0]LogWindowsTextInputMethodSystem:Display: IME system now deactivated.
[2017.07.06-12.45.02:003][  0]LogCollectionManager: Loaded 0 collections in 0.001383 seconds
[2017.07.06-12.45.02:132][  0]LogFileCache: Scanning file cache for directory 'C:/SVN/Fetch Test/SkaGame/SkaGame/Saved/Collections/' took 0.01s
[2017.07.06-12.45.02:132][  0]LogFileCache: Scanning file cache for directory 'C:/SVN/Fetch Test/SkaGame/SkaGame/Content/Developers/Ethan/Collections/' took 0.01s
[2017.07.06-12.45.02:132][  0]LogFileCache: Scanning file cache for directory 'C:/SVN/Fetch Test/SkaGame/SkaGame/Content/Collections/' took 0.01s
[2017.07.06-12.45.02:132][  0]LogCollectionManager: Rebuilt the GUID cache for 0 collections in 0.000002 seconds
[2017.07.06-12.45.02:147][  0]LogContentBrowser: Native class hierarchy populated in 0.0120 seconds. Added 2245 classes and 453 folders.
[2017.07.06-12.45.02:224][  0]LogContentBrowser: Native class hierarchy updated for 'WidgetCarousel' in 0.0005 seconds. Added 0 classes and 0 folders.
[2017.07.06-12.45.02:601][  0]LogContentBrowser: Native class hierarchy updated for 'AddContentDialog' in 0.0007 seconds. Added 0 classes and 0 folders.
[2017.07.06-12.45.02:662][  0]LogContentBrowser: Native class hierarchy updated for 'SceneOutliner' in 0.0006 seconds. Added 1 classes and 2 folders.
[2017.07.06-12.45.02:883][  0]LogCrashTracker: Crashtracker disabled due to settings.
[2017.07.06-12.45.02:894][  0]LogUObjectGlobals:Warning: Failed to find object 'Class None.'
[2017.07.06-12.45.02:965][  0]LogContentBrowser: Native class hierarchy updated for 'HierarchicalLODOutliner' in 0.0006 seconds. Added 1 classes and 2 folders.
[2017.07.06-12.45.02:965][  0]LogLoad: (Engine Initialization) Total time: 27.93 seconds
[2017.07.06-12.45.02:965][  0]LogLoad: (Engine Initialization) Total Blueprint compile time: 0.04 seconds
[2017.07.06-12.45.02:965][  0]LogExternalProfiler: Found external profiler: VSPerf
[2017.07.06-12.45.02:965][  0]LogExternalProfiler: Using external profiler: VSPerf
[2017.07.06-12.45.02:974][  0]LogOcInput: OculusInput pre-init called
[2017.07.06-12.45.02:998][  0]LogContentStreaming: Texture pool size now 1000 MB
[2017.07.06-12.45.02:999][  0]LogSlate: Took 0.000222 seconds to synchronously load lazily loaded font '../../../Engine/Content/Slate/Fonts/Roboto-Regular.ttf' (155K)
[2017.07.06-12.45.03:003][  0]LogSlate: Took 0.000165 seconds to synchronously load lazily loaded font '../../../Engine/Content/Slate/Fonts/Roboto-Bold.ttf' (160K)
[2017.07.06-12.45.03:018][  0]LogSlate: Took 0.007390 seconds to synchronously load lazily loaded font '../../../Engine/Content/Editor/Slate/Fonts/FontAwesome.ttf' (139K)
[2017.07.06-12.45.03:205][  0]LogSlate: Took 0.005539 seconds to synchronously load lazily loaded font '../../../Engine/Content/Slate/Fonts/Roboto-Light.ttf' (159K)
[2017.07.06-12.45.03:252][  0]LogRenderer: Reallocating scene render targets to support 1304x612 NumSamples 1 (Frame:2).
[2017.07.06-12.45.03:375][  2]LogAssetRegistry: Asset discovery search completed in 9.9812 seconds
[2017.07.06-12.45.03:375][  2]LogCollectionManager: Rebuilt the object cache for 0 collections in 0.000006 seconds (found 0 objects)
[2017.07.06-12.45.03:375][  2]LogCollectionManager: Fixed up redirectors for 0 collections in 0.000021 seconds (updated 0 objects)
[2017.07.06-12.45.04:006][ 74]LogSlate: Took 0.000215 seconds to synchronously load lazily loaded font '../../../Engine/Content/Slate/Fonts/Roboto-Light.ttf' (159K)
[2017.07.06-12.50.20:874][842]LogSlate: Took 0.000157 seconds to synchronously load lazily loaded font '../../../Engine/Content/Slate/Fonts/Roboto-Light.ttf' (159K)
[2017.07.06-12.50.20:991][842]LogSavePackage: Save=17.30ms
[2017.07.06-12.50.20:991][842]LogSavePackage: Moving '../../../../../../SVN/Fetch Test/SkaGame/SkaGame/Saved/PunchFX02A7ADFA5249238E51334BBBBDDB982F8F.tmp' to '../../../../../../SVN/Fetch Test/SkaGame/SkaGame/Content/SkaGameAssets/Particles_Billboards/PunchFX02.uasset'
[2017.07.06-12.50.20:996][842]LogSavePackage:Display: Finished SavePackage ../../../../../../SVN/Fetch Test/SkaGame/SkaGame/Content/SkaGameAssets/Particles_Billboards/PunchFX02.uasset
[2017.07.06-12.50.21:029][842]LogSavePackage: Save=15.97ms
[2017.07.06-12.50.21:029][842]LogSavePackage: Moving '../../../../../../SVN/Fetch Test/SkaGame/SkaGame/Saved/PunchFX030EB0163E48896459DA1CA58779C40CC0.tmp' to '../../../../../../SVN/Fetch Test/SkaGame/SkaGame/Content/SkaGameAssets/Particles_Billboards/PunchFX03.uasset'
[2017.07.06-12.50.21:031][842]LogSavePackage:Display: Finished SavePackage ../../../../../../SVN/Fetch Test/SkaGame/SkaGame/Content/SkaGameAssets/Particles_Billboards/PunchFX03.uasset
[2017.07.06-12.50.21:060][842]LogSavePackage: Save=14.11ms
[2017.07.06-12.50.21:060][842]LogSavePackage: Moving '../../../../../../SVN/Fetch Test/SkaGame/SkaGame/Saved/PunchFX04C37812D245562E5357DA749E4BFF2E86.tmp' to '../../../../../../SVN/Fetch Test/SkaGame/SkaGame/Content/SkaGameAssets/Particles_Billboards/PunchFX04.uasset'
[2017.07.06-12.50.21:062][842]LogSavePackage:Display: Finished SavePackage ../../../../../../SVN/Fetch Test/SkaGame/SkaGame/Content/SkaGameAssets/Particles_Billboards/PunchFX04.uasset
[2017.07.06-12.50.21:094][842]LogSavePackage: Save=17.38ms
[2017.07.06-12.50.21:094][842]LogSavePackage: Moving '../../../../../../SVN/Fetch Test/SkaGame/SkaGame/Saved/Smoke_particle8129D3A848AB7FAEB7C0DF9EDAEF8B9D.tmp' to '../../../../../../SVN/Fetch Test/SkaGame/SkaGame/Content/SkaGameAssets/Particles_Billboards/Smoke_particle.uasset'
[2017.07.06-12.50.21:096][842]LogSavePackage:Display: Finished SavePackage ../../../../../../SVN/Fetch Test/SkaGame/SkaGame/Content/SkaGameAssets/Particles_Billboards/Smoke_particle.uasset
[2017.07.06-12.53.57:638][324]Cmd: SELECT NONE
[2017.07.06-12.54.25:733][506]Cmd: OBJ SAVEPACKAGE PACKAGE="/Game/SkaGameAssets/Particles/hitparticle4" FILE="../../../../../../SVN/Fetch Test/SkaGame/SkaGame/Content/SkaGameAssets/Particles/hitparticle4.uasset" SILENT=true
[2017.07.06-12.54.25:747][506]LogSavePackage: Save=4.39ms
[2017.07.06-12.54.25:747][506]LogSavePackage: Moving '../../../../../../SVN/Fetch Test/SkaGame/SkaGame/Saved/hitparticle409466EA6406CF4C06CA486B7BAE49E6B.tmp' to '../../../../../../SVN/Fetch Test/SkaGame/SkaGame/Content/SkaGameAssets/Particles/hitparticle4.uasset'
[2017.07.06-12.54.25:749][506]LogSavePackage:Display: Finished SavePackage ../../../../../../SVN/Fetch Test/SkaGame/SkaGame/Content/SkaGameAssets/Particles/hitparticle4.uasset
[2017.07.06-12.54.25:771][506]Cmd: OBJ SAVEPACKAGE PACKAGE="/Game/SkaGameAssets/Particles/Hitparticle4_mat" FILE="../../../../../../SVN/Fetch Test/SkaGame/SkaGame/Content/SkaGameAssets/Particles/Hitparticle4_mat.uasset" SILENT=true
[2017.07.06-12.54.25:794][506]LogSavePackage: Save=13.31ms
[2017.07.06-12.54.25:794][506]LogSavePackage: Moving '../../../../../../SVN/Fetch Test/SkaGame/SkaGame/Saved/Hitparticle4_mat8570FD664C4A5692C74D7997EFAC468C.tmp' to '../../../../../../SVN/Fetch Test/SkaGame/SkaGame/Content/SkaGameAssets/Particles/Hitparticle4_mat.uasset'
[2017.07.06-12.54.25:795][506]LogSavePackage:Display: Finished SavePackage ../../../../../../SVN/Fetch Test/SkaGame/SkaGame/Content/SkaGameAssets/Particles/Hitparticle4_mat.uasset
[2017.07.06-12.57.23:593][686]LogSlate: Took 0.000294 seconds to synchronously load lazily loaded font '../../../Engine/Content/Slate/Fonts/Roboto-Regular.ttf' (155K)
[2017.07.06-12.57.23:805][686]LogContentBrowser: Native class hierarchy updated for 'BlueprintGraph' in 0.0016 seconds. Added 112 classes and 0 folders.
[2017.07.06-12.57.24:935][686]AnimBlueprint:Warning: Warning SLOTNODE: 'RootMotion' in animation instance class Brad_Anim_BP_C already exists. Remove duplicates from the animation graph for this class.
[2017.07.06-12.57.24:941][686]AnimBlueprint:Warning: Warning SLOTNODE: 'RootMotion' in animation instance class Brad_Anim_BP_C already exists. Remove duplicates from the animation graph for this class.
[2017.07.06-12.57.24:953][686]LogSlate: Took 0.004797 seconds to synchronously load lazily loaded font '../../../Engine/Content/Editor/Slate/Fonts/Roboto-BoldCondensed.ttf' (158K)
[2017.07.06-12.57.25:490][687]LogSlate: Took 0.007030 seconds to synchronously load lazily loaded font '../../../Engine/Content/Editor/Slate/Fonts/Roboto-Italic.ttf' (157K)
[2017.07.06-12.58.49:853][311]LogFileHelpers: Editor autosave (incl. sublevels) for '/Game/SkaGameAssets/Levels/MainMenu' took 0.030
[2017.07.06-12.58.49:855][311]OBJ SavePackage: Generating thumbnails for [1] asset(s) in package [/Game/SkaGameAssets/Brad/Blueprints/SideScrollerCharacter] ([1] browsable assets)...
[2017.07.06-12.58.49:875][311]OBJ SavePackage:     Rendered thumbnail for [Blueprint /Game/SkaGameAssets/Brad/Blueprints/SideScrollerCharacter.SideScrollerCharacter]
[2017.07.06-12.58.49:876][311]OBJ SavePackage: Finished generating thumbnails for package [/Game/SkaGameAssets/Brad/Blueprints/SideScrollerCharacter]
[2017.07.06-12.58.50:026][311]LogSavePackage: Save=137.78ms
[2017.07.06-12.58.50:026][311]LogSavePackage: Moving '../../../../../../SVN/Fetch Test/SkaGame/SkaGame/Saved/SideScrollerCharacter_Auto10C8471AE4E67EA6EBBD45C97A894E65C.tmp' to '../../../../../../SVN/Fetch Test/SkaGame/SkaGame/Saved/Autosaves/Game/SkaGameAssets/Brad/Blueprints/SideScrollerCharacter_Auto1.uasset'
[2017.07.06-12.58.50:027][311]LogSavePackage:Display: Finished SavePackage ../../../../../../SVN/Fetch Test/SkaGame/SkaGame/Saved/Autosaves/Game/SkaGameAssets/Brad/Blueprints/SideScrollerCharacter_Auto1.uasset
[2017.07.06-12.58.50:027][311]LogFileHelpers: Auto-saving content packages took 0.173
[2017.07.06-12.59.17:430][972]AnimBlueprint:Warning: Warning SLOTNODE: 'RootMotion' in animation instance class Brad_Anim_BP_C already exists. Remove duplicates from the animation graph for this class.
[2017.07.06-12.59.17:433][972]AnimBlueprint:Warning: Warning SLOTNODE: 'RootMotion' in animation instance class Brad_Anim_BP_C already exists. Remove duplicates from the animation graph for this class.
[2017.07.06-12.59.29:563][657]AnimBlueprint:Warning: Warning SLOTNODE: 'RootMotion' in animation instance class Brad_Anim_BP_C already exists. Remove duplicates from the animation graph for this class.
[2017.07.06-12.59.29:565][657]AnimBlueprint:Warning: Warning SLOTNODE: 'RootMotion' in animation instance class Brad_Anim_BP_C already exists. Remove duplicates from the animation graph for this class.
[2017.07.06-12.59.47:323][687]BlueprintLog: New page: Compile SideScrollerCharacter
[2017.07.06-12.59.47:490][687]AnimBlueprint:Warning: Warning SLOTNODE: 'RootMotion' in animation instance class Brad_Anim_BP_C already exists. Remove duplicates from the animation graph for this class.
[2017.07.06-12.59.47:491][687]AnimBlueprint:Warning: Warning SLOTNODE: 'RootMotion' in animation instance class Brad_Anim_BP_C already exists. Remove duplicates from the animation graph for this class.
[2017.07.06-12.59.47:493][687]AnimBlueprint:Warning: Warning SLOTNODE: 'RootMotion' in animation instance class Brad_Anim_BP_C already exists. Remove duplicates from the animation graph for this class.
[2017.07.06-12.59.47:494][687]AnimBlueprint:Warning: Warning SLOTNODE: 'RootMotion' in animation instance class Brad_Anim_BP_C already exists. Remove duplicates from the animation graph for this class.
[2017.07.06-12.59.47:874][687]AnimBlueprint:Warning: Warning SLOTNODE: 'RootMotion' in animation instance class Brad_Anim_BP_C already exists. Remove duplicates from the animation graph for this class.
[2017.07.06-12.59.47:877][687]AnimBlueprint:Warning: Warning SLOTNODE: 'RootMotion' in animation instance class Brad_Anim_BP_C already exists. Remove duplicates from the animation graph for this class.
[2017.07.06-12.59.47:878][687]AnimBlueprint:Warning: Warning SLOTNODE: 'RootMotion' in animation instance class Brad_Anim_BP_C already exists. Remove duplicates from the animation graph for this class.
[2017.07.06-12.59.47:916][687]AnimBlueprint:Warning: Warning SLOTNODE: 'RootMotion' in animation instance class Brad_Anim_BP_C already exists. Remove duplicates from the animation graph for this class.
[2017.07.06-12.59.47:918][687]AnimBlueprint:Warning: Warning SLOTNODE: 'RootMotion' in animation instance class Brad_Anim_BP_C already exists. Remove duplicates from the animation graph for this class.
[2017.07.06-12.59.47:920][687]AnimBlueprint:Warning: Warning SLOTNODE: 'RootMotion' in animation instance class Brad_Anim_BP_C already exists. Remove duplicates from the animation graph for this class.
[2017.07.06-12.59.49:941][791]AnimBlueprint:Warning: Warning SLOTNODE: 'RootMotion' in animation instance class Brad_Anim_BP_C already exists. Remove duplicates from the animation graph for this class.
[2017.07.06-12.59.49:985][792]LogRenderer: Reallocating scene render targets to support 1304x640 NumSamples 1 (Frame:56601).
[2017.07.06-13.03.16:718][293]AnimBlueprint:Warning: Warning SLOTNODE: 'RootMotion' in animation instance class Brad_Anim_BP_C already exists. Remove duplicates from the animation graph for this class.
[2017.07.06-13.03.16:721][293]AnimBlueprint:Warning: Warning SLOTNODE: 'RootMotion' in animation instance class Brad_Anim_BP_C already exists. Remove duplicates from the animation graph for this class.
[2017.07.06-13.03.16:722][293]AnimBlueprint:Warning: Warning SLOTNODE: 'RootMotion' in animation instance class Brad_Anim_BP_C already exists. Remove duplicates from the animation graph for this class.
[2017.07.06-13.03.21:834][605]BlueprintLog: New page: Compile SideScrollerCharacter
[2017.07.06-13.03.21:990][605]AnimBlueprint:Warning: Warning SLOTNODE: 'RootMotion' in animation instance class Brad_Anim_BP_C already exists. Remove duplicates from the animation graph for this class.
[2017.07.06-13.03.21:991][605]AnimBlueprint:Warning: Warning SLOTNODE: 'RootMotion' in animation instance class Brad_Anim_BP_C already exists. Remove duplicates from the animation graph for this class.
[2017.07.06-13.03.21:992][605]AnimBlueprint:Warning: Warning SLOTNODE: 'RootMotion' in animation instance class Brad_Anim_BP_C already exists. Remove duplicates from the animation graph for this class.
[2017.07.06-13.03.21:993][605]AnimBlueprint:Warning: Warning SLOTNODE: 'RootMotion' in animation instance class Brad_Anim_BP_C already exists. Remove duplicates from the animation graph for this class.
[2017.07.06-13.03.21:994][605]AnimBlueprint:Warning: Warning SLOTNODE: 'RootMotion' in animation instance class Brad_Anim_BP_C already exists. Remove duplicates from the animation graph for this class.
[2017.07.06-13.03.21:996][605]AnimBlueprint:Warning: Warning SLOTNODE: 'RootMotion' in animation instance class Brad_Anim_BP_C already exists. Remove duplicates from the animation graph for this class.
[2017.07.06-13.03.22:499][605]AnimBlueprint:Warning: Warning SLOTNODE: 'RootMotion' in animation instance class Brad_Anim_BP_C already exists. Remove duplicates from the animation graph for this class.
[2017.07.06-13.03.22:502][605]AnimBlueprint:Warning: Warning SLOTNODE: 'RootMotion' in animation instance class Brad_Anim_BP_C already exists. Remove duplicates from the animation graph for this class.
[2017.07.06-13.03.22:503][605]AnimBlueprint:Warning: Warning SLOTNODE: 'RootMotion' in animation instance class Brad_Anim_BP_C already exists. Remove duplicates from the animation graph for this class.
[2017.07.06-13.03.22:504][605]AnimBlueprint:Warning: Warning SLOTNODE: 'RootMotion' in animation instance class Brad_Anim_BP_C already exists. Remove duplicates from the animation graph for this class.
[2017.07.06-13.03.22:545][605]AnimBlueprint:Warning: Warning SLOTNODE: 'RootMotion' in animation instance class Brad_Anim_BP_C already exists. Remove duplicates from the animation graph for this class.
[2017.07.06-13.03.22:549][605]AnimBlueprint:Warning: Warning SLOTNODE: 'RootMotion' in animation instance class Brad_Anim_BP_C already exists. Remove duplicates from the animation graph for this class.
[2017.07.06-13.03.22:552][605]AnimBlueprint:Warning: Warning SLOTNODE: 'RootMotion' in animation instance class Brad_Anim_BP_C already exists. Remove duplicates from the animation graph for this class.
[2017.07.06-13.03.22:553][605]AnimBlueprint:Warning: Warning SLOTNODE: 'RootMotion' in animation instance class Brad_Anim_BP_C already exists. Remove duplicates from the animation graph for this class.
[2017.07.06-13.03.22:960][613]AnimBlueprint:Warning: Warning SLOTNODE: 'RootMotion' in animation instance class Brad_Anim_BP_C already exists. Remove duplicates from the animation graph for this class.
[2017.07.06-13.03.37:060][436]AnimBlueprint:Warning: Warning SLOTNODE: 'RootMotion' in animation instance class Brad_Anim_BP_C already exists. Remove duplicates from the animation graph for this class.
[2017.07.06-13.03.37:063][436]AnimBlueprint:Warning: Warning SLOTNODE: 'RootMotion' in animation instance class Brad_Anim_BP_C already exists. Remove duplicates from the animation graph for this class.
[2017.07.06-13.03.37:066][436]AnimBlueprint:Warning: Warning SLOTNODE: 'RootMotion' in animation instance class Brad_Anim_BP_C already exists. Remove duplicates from the animation graph for this class.
[2017.07.06-13.03.37:067][436]AnimBlueprint:Warning: Warning SLOTNODE: 'RootMotion' in animation instance class Brad_Anim_BP_C already exists. Remove duplicates from the animation graph for this class.
[2017.07.06-13.03.37:085][436]AnimBlueprint:Warning: Warning SLOTNODE: 'RootMotion' in animation instance class Brad_Anim_BP_C already exists. Remove duplicates from the animation graph for this class.
[2017.07.06-13.03.47:368][ 77]AnimBlueprint:Warning: Warning SLOTNODE: 'RootMotion' in animation instance class Brad_Anim_BP_C already exists. Remove duplicates from the animation graph for this class.
[2017.07.06-13.03.47:370][ 77]AnimBlueprint:Warning: Warning SLOTNODE: 'RootMotion' in animation instance class Brad_Anim_BP_C already exists. Remove duplicates from the animation graph for this class.
[2017.07.06-13.03.47:371][ 77]AnimBlueprint:Warning: Warning SLOTNODE: 'RootMotion' in animation instance class Brad_Anim_BP_C already exists. Remove duplicates from the animation graph for this class.
[2017.07.06-13.03.47:373][ 77]AnimBlueprint:Warning: Warning SLOTNODE: 'RootMotion' in animation instance class Brad_Anim_BP_C already exists. Remove duplicates from the animation graph for this class.
[2017.07.06-13.03.47:389][ 77]AnimBlueprint:Warning: Warning SLOTNODE: 'RootMotion' in animation instance class Brad_Anim_BP_C already exists. Remove duplicates from the animation graph for this class.
[2017.07.06-13.03.56:224][652]BlueprintLog: New page: Compile SideScrollerCharacter
[2017.07.06-13.03.56:417][652]AnimBlueprint:Warning: Warning SLOTNODE: 'RootMotion' in animation instance class Brad_Anim_BP_C already exists. Remove duplicates from the animation graph for this class.
[2017.07.06-13.03.56:419][652]AnimBlueprint:Warning: Warning SLOTNODE: 'RootMotion' in animation instance class Brad_Anim_BP_C already exists. Remove duplicates from the animation graph for this class.
[2017.07.06-13.03.56:421][652]AnimBlueprint:Warning: Warning SLOTNODE: 'RootMotion' in animation instance class Brad_Anim_BP_C already exists. Remove duplicates from the animation graph for this class.
[2017.07.06-13.03.56:422][652]AnimBlueprint:Warning: Warning SLOTNODE: 'RootMotion' in animation instance class Brad_Anim_BP_C already exists. Remove duplicates from the animation graph for this class.
[2017.07.06-13.03.56:508][652]AnimBlueprint:Warning: Warning SLOTNODE: 'RootMotion' in animation instance class Brad_Anim_BP_C already exists. Remove duplicates from the animation graph for this class.
[2017.07.06-13.03.56:509][652]AnimBlueprint:Warning: Warning SLOTNODE: 'RootMotion' in animation instance class Brad_Anim_BP_C already exists. Remove duplicates from the animation graph for this class.
[2017.07.06-13.03.56:509][652]AnimBlueprint:Warning: Warning SLOTNODE: 'RootMotion' in animation instance class Brad_Anim_BP_C already exists. Remove duplicates from the animation graph for this class.
[2017.07.06-13.03.56:509][652]AnimBlueprint:Warning: Warning SLOTNODE: 'RootMotion' in animation instance class Brad_Anim_BP_C already exists. Remove duplicates from the animation graph for this class.
[2017.07.06-13.03.56:601][652]AnimBlueprint:Warning: Warning SLOTNODE: 'RootMotion' in animation instance class Brad_Anim_BP_C already exists. Remove duplicates from the animation graph for this class.
[2017.07.06-13.03.56:603][652]AnimBlueprint:Warning: Warning SLOTNODE: 'RootMotion' in animation instance class Brad_Anim_BP_C already exists. Remove duplicates from the animation graph for this class.
[2017.07.06-13.03.56:604][652]AnimBlueprint:Warning: Warning SLOTNODE: 'RootMotion' in animation instance class Brad_Anim_BP_C already exists. Remove duplicates from the animation graph for this class.
[2017.07.06-13.03.56:605][652]AnimBlueprint:Warning: Warning SLOTNODE: 'RootMotion' in animation instance class Brad_Anim_BP_C already exists. Remove duplicates from the animation graph for this class.
[2017.07.06-13.03.56:643][652]AnimBlueprint:Warning: Warning SLOTNODE: 'RootMotion' in animation instance class Brad_Anim_BP_C already exists. Remove duplicates from the animation graph for this class.
[2017.07.06-13.03.56:645][652]AnimBlueprint:Warning: Warning SLOTNODE: 'RootMotion' in animation instance class Brad_Anim_BP_C already exists. Remove duplicates from the animation graph for this class.
[2017.07.06-13.03.56:647][652]AnimBlueprint:Warning: Warning SLOTNODE: 'RootMotion' in animation instance class Brad_Anim_BP_C already exists. Remove duplicates from the animation graph for this class.
[2017.07.06-13.03.56:649][652]AnimBlueprint:Warning: Warning SLOTNODE: 'RootMotion' in animation instance class Brad_Anim_BP_C already exists. Remove duplicates from the animation graph for this class.
[2017.07.06-13.03.56:736][652]AnimBlueprint:Warning: Warning SLOTNODE: 'RootMotion' in animation instance class Brad_Anim_BP_C already exists. Remove duplicates from the animation graph for this class.
[2017.07.06-13.04.00:308][874]AnimBlueprint:Warning: Warning SLOTNODE: 'RootMotion' in animation instance class Brad_Anim_BP_C already exists. Remove duplicates from the animation graph for this class.
[2017.07.06-13.04.00:312][874]AnimBlueprint:Warning: Warning SLOTNODE: 'RootMotion' in animation instance class Brad_Anim_BP_C already exists. Remove duplicates from the animation graph for this class.
[2017.07.06-13.04.00:315][874]AnimBlueprint:Warning: Warning SLOTNODE: 'RootMotion' in animation instance class Brad_Anim_BP_C already exists. Remove duplicates from the animation graph for this class.
[2017.07.06-13.04.00:317][874]AnimBlueprint:Warning: Warning SLOTNODE: 'RootMotion' in animation instance class Brad_Anim_BP_C already exists. Remove duplicates from the animation graph for this class.
[2017.07.06-13.04.00:403][874]AnimBlueprint:Warning: Warning SLOTNODE: 'RootMotion' in animation instance class Brad_Anim_BP_C already exists. Remove duplicates from the animation graph for this class.
[2017.07.06-13.04.04:121][115]AnimBlueprint:Warning: Warning SLOTNODE: 'RootMotion' in animation instance class Brad_Anim_BP_C already exists. Remove duplicates from the animation graph for this class.
[2017.07.06-13.04.04:127][115]AnimBlueprint:Warning: Warning SLOTNODE: 'RootMotion' in animation instance class Brad_Anim_BP_C already exists. Remove duplicates from the animation graph for this class.
[2017.07.06-13.04.04:129][115]AnimBlueprint:Warning: Warning SLOTNODE: 'RootMotion' in animation instance class Brad_Anim_BP_C already exists. Remove duplicates from the animation graph for this class.
[2017.07.06-13.04.04:131][115]AnimBlueprint:Warning: Warning SLOTNODE: 'RootMotion' in animation instance class Brad_Anim_BP_C already exists. Remove duplicates from the animation graph for this class.
[2017.07.06-13.04.04:236][115]AnimBlueprint:Warning: Warning SLOTNODE: 'RootMotion' in animation instance class Brad_Anim_BP_C already exists. Remove duplicates from the animation graph for this class.
[2017.07.06-13.04.07:169][298]AnimBlueprint:Warning: Warning SLOTNODE: 'RootMotion' in animation instance class Brad_Anim_BP_C already exists. Remove duplicates from the animation graph for this class.
[2017.07.06-13.04.07:171][298]AnimBlueprint:Warning: Warning SLOTNODE: 'RootMotion' in animation instance class Brad_Anim_BP_C already exists. Remove duplicates from the animation graph for this class.
[2017.07.06-13.04.07:172][298]AnimBlueprint:Warning: Warning SLOTNODE: 'RootMotion' in animation instance class Brad_Anim_BP_C already exists. Remove duplicates from the animation graph for this class.
[2017.07.06-13.04.07:174][298]AnimBlueprint:Warning: Warning SLOTNODE: 'RootMotion' in animation instance class Brad_Anim_BP_C already exists. Remove duplicates from the animation graph for this class.
[2017.07.06-13.04.07:190][298]AnimBlueprint:Warning: Warning SLOTNODE: 'RootMotion' in animation instance class Brad_Anim_BP_C already exists. Remove duplicates from the animation graph for this class.
[2017.07.06-13.04.20:912][401]AnimBlueprint:Warning: Warning SLOTNODE: 'RootMotion' in animation instance class Brad_Anim_BP_C already exists. Remove duplicates from the animation graph for this class.
[2017.07.06-13.04.20:914][401]AnimBlueprint:Warning: Warning SLOTNODE: 'RootMotion' in animation instance class Brad_Anim_BP_C already exists. Remove duplicates from the animation graph for this class.
[2017.07.06-13.04.20:916][401]AnimBlueprint:Warning: Warning SLOTNODE: 'RootMotion' in animation instance class Brad_Anim_BP_C already exists. Remove duplicates from the animation graph for this class.
[2017.07.06-13.04.20:917][401]AnimBlueprint:Warning: Warning SLOTNODE: 'RootMotion' in animation instance class Brad_Anim_BP_C already exists. Remove duplicates from the animation graph for this class.
[2017.07.06-13.05.21:188][941]LogSavePackage: Save=137.95ms
[2017.07.06-13.05.21:188][941]LogSavePackage: Moving '../../../../../../SVN/Fetch Test/SkaGame/SkaGame/Saved/SideScrollerCharacter0C70F0E443145922BB93029F0F822A9A.tmp' to '../../../../../../SVN/Fetch Test/SkaGame/SkaGame/Content/SkaGameAssets/Brad/Blueprints/SideScrollerCharacter.uasset'
[2017.07.06-13.05.21:190][941]LogSavePackage:Display: Finished SavePackage ../../../../../../SVN/Fetch Test/SkaGame/SkaGame/Content/SkaGameAssets/Brad/Blueprints/SideScrollerCharacter.uasset
[2017.07.06-13.05.22:619][ 53]BlueprintLog: New page: Compile SideScrollerCharacter
[2017.07.06-13.05.22:783][ 53]AnimBlueprint:Warning: Warning SLOTNODE: 'RootMotion' in animation instance class Brad_Anim_BP_C already exists. Remove duplicates from the animation graph for this class.
[2017.07.06-13.05.22:784][ 53]AnimBlueprint:Warning: Warning SLOTNODE: 'RootMotion' in animation instance class Brad_Anim_BP_C already exists. Remove duplicates from the animation graph for this class.
[2017.07.06-13.05.22:785][ 53]AnimBlueprint:Warning: Warning SLOTNODE: 'RootMotion' in animation instance class Brad_Anim_BP_C already exists. Remove duplicates from the animation graph for this class.
[2017.07.06-13.05.22:786][ 53]AnimBlueprint:Warning: Warning SLOTNODE: 'RootMotion' in animation instance class Brad_Anim_BP_C already exists. Remove duplicates from the animation graph for this class.
[2017.07.06-13.05.22:787][ 53]AnimBlueprint:Warning: Warning SLOTNODE: 'RootMotion' in animation instance class Brad_Anim_BP_C already exists. Remove duplicates from the animation graph for this class.
[2017.07.06-13.05.22:787][ 53]AnimBlueprint:Warning: Warning SLOTNODE: 'RootMotion' in animation instance class Brad_Anim_BP_C already exists. Remove duplicates from the animation graph for this class.
[2017.07.06-13.05.22:788][ 53]AnimBlueprint:Warning: Warning SLOTNODE: 'RootMotion' in animation instance class Brad_Anim_BP_C already exists. Remove duplicates from the animation graph for this class.
[2017.07.06-13.05.22:789][ 53]AnimBlueprint:Warning: Warning SLOTNODE: 'RootMotion' in animation instance class Brad_Anim_BP_C already exists. Remove duplicates from the animation graph for this class.
[2017.07.06-13.05.23:342][ 53]AnimBlueprint:Warning: Warning SLOTNODE: 'RootMotion' in animation instance class Brad_Anim_BP_C already exists. Remove duplicates from the animation graph for this class.
[2017.07.06-13.05.23:344][ 53]AnimBlueprint:Warning: Warning SLOTNODE: 'RootMotion' in animation instance class Brad_Anim_BP_C already exists. Remove duplicates from the animation graph for this class.
[2017.07.06-13.05.23:346][ 53]AnimBlueprint:Warning: Warning SLOTNODE: 'RootMotion' in animation instance class Brad_Anim_BP_C already exists. Remove duplicates from the animation graph for this class.
[2017.07.06-13.05.23:347][ 53]AnimBlueprint:Warning: Warning SLOTNODE: 'RootMotion' in animation instance class Brad_Anim_BP_C already exists. Remove duplicates from the animation graph for this class.
[2017.07.06-13.05.23:348][ 53]AnimBlueprint:Warning: Warning SLOTNODE: 'RootMotion' in animation instance class Brad_Anim_BP_C already exists. Remove duplicates from the animation graph for this class.
[2017.07.06-13.05.23:403][ 53]AnimBlueprint:Warning: Warning SLOTNODE: 'RootMotion' in animation instance class Brad_Anim_BP_C already exists. Remove duplicates from the animation graph for this class.
[2017.07.06-13.05.23:405][ 53]AnimBlueprint:Warning: Warning SLOTNODE: 'RootMotion' in animation instance class Brad_Anim_BP_C already exists. Remove duplicates from the animation graph for this class.
[2017.07.06-13.05.23:406][ 53]AnimBlueprint:Warning: Warning SLOTNODE: 'RootMotion' in animation instance class Brad_Anim_BP_C already exists. Remove duplicates from the animation graph for this class.
[2017.07.06-13.05.23:407][ 53]AnimBlueprint:Warning: Warning SLOTNODE: 'RootMotion' in animation instance class Brad_Anim_BP_C already exists. Remove duplicates from the animation graph for this class.
[2017.07.06-13.05.23:409][ 53]AnimBlueprint:Warning: Warning SLOTNODE: 'RootMotion' in animation instance class Brad_Anim_BP_C already exists. Remove duplicates from the animation graph for this class.
[2017.07.06-13.05.59:048][294]BlueprintLog: New page: Compile SideScrollerCharacter
[2017.07.06-13.05.59:195][294]AnimBlueprint:Warning: Warning SLOTNODE: 'RootMotion' in animation instance class Brad_Anim_BP_C already exists. Remove duplicates from the animation graph for this class.
[2017.07.06-13.05.59:197][294]AnimBlueprint:Warning: Warning SLOTNODE: 'RootMotion' in animation instance class Brad_Anim_BP_C already exists. Remove duplicates from the animation graph for this class.
[2017.07.06-13.05.59:199][294]AnimBlueprint:Warning: Warning SLOTNODE: 'RootMotion' in animation instance class Brad_Anim_BP_C already exists. Remove duplicates from the animation graph for this class.
[2017.07.06-13.05.59:200][294]AnimBlueprint:Warning: Warning SLOTNODE: 'RootMotion' in animation instance class Brad_Anim_BP_C already exists. Remove duplicates from the animation graph for this class.
[2017.07.06-13.05.59:202][294]AnimBlueprint:Warning: Warning SLOTNODE: 'RootMotion' in animation instance class Brad_Anim_BP_C already exists. Remove duplicates from the animation graph for this class.
[2017.07.06-13.05.59:282][294]AnimBlueprint:Warning: Warning SLOTNODE: 'RootMotion' in animation instance class Brad_Anim_BP_C already exists. Remove duplicates from the animation graph for this class.
[2017.07.06-13.05.59:283][294]AnimBlueprint:Warning: Warning SLOTNODE: 'RootMotion' in animation instance class Brad_Anim_BP_C already exists. Remove duplicates from the animation graph for this class.
[2017.07.06-13.05.59:283][294]AnimBlueprint:Warning: Warning SLOTNODE: 'RootMotion' in animation instance class Brad_Anim_BP_C already exists. Remove duplicates from the animation graph for this class.
[2017.07.06-13.05.59:283][294]AnimBlueprint:Warning: Warning SLOTNODE: 'RootMotion' in animation instance class Brad_Anim_BP_C already exists. Remove duplicates from the animation graph for this class.
[2017.07.06-13.05.59:283][294]AnimBlueprint:Warning: Warning SLOTNODE: 'RootMotion' in animation instance class Brad_Anim_BP_C already exists. Remove duplicates from the animation graph for this class.
[2017.07.06-13.05.59:372][294]AnimBlueprint:Warning: Warning SLOTNODE: 'RootMotion' in animation instance class Brad_Anim_BP_C already exists. Remove duplicates from the animation graph for this class.
[2017.07.06-13.05.59:374][294]AnimBlueprint:Warning: Warning SLOTNODE: 'RootMotion' in animation instance class Brad_Anim_BP_C already exists. Remove duplicates from the animation graph for this class.
[2017.07.06-13.05.59:375][294]AnimBlueprint:Warning: Warning SLOTNODE: 'RootMotion' in animation instance class Brad_Anim_BP_C already exists. Remove duplicates from the animation graph for this class.
[2017.07.06-13.05.59:377][294]AnimBlueprint:Warning: Warning SLOTNODE: 'RootMotion' in animation instance class Brad_Anim_BP_C already exists. Remove duplicates from the animation graph for this class.
[2017.07.06-13.05.59:378][294]AnimBlueprint:Warning: Warning SLOTNODE: 'RootMotion' in animation instance class Brad_Anim_BP_C already exists. Remove duplicates from the animation graph for this class.
[2017.07.06-13.05.59:415][294]AnimBlueprint:Warning: Warning SLOTNODE: 'RootMotion' in animation instance class Brad_Anim_BP_C already exists. Remove duplicates from the animation graph for this class.
[2017.07.06-13.05.59:417][294]AnimBlueprint:Warning: Warning SLOTNODE: 'RootMotion' in animation instance class Brad_Anim_BP_C already exists. Remove duplicates from the animation graph for this class.
[2017.07.06-13.05.59:418][294]AnimBlueprint:Warning: Warning SLOTNODE: 'RootMotion' in animation instance class Brad_Anim_BP_C already exists. Remove duplicates from the animation graph for this class.
[2017.07.06-13.05.59:419][294]AnimBlueprint:Warning: Warning SLOTNODE: 'RootMotion' in animation instance class Brad_Anim_BP_C already exists. Remove duplicates from the animation graph for this class.
[2017.07.06-13.05.59:421][294]AnimBlueprint:Warning: Warning SLOTNODE: 'RootMotion' in animation instance class Brad_Anim_BP_C already exists. Remove duplicates from the animation graph for this class.
[2017.07.06-13.06.08:510][ 21]LogSavePackage: Save=128.72ms
[2017.07.06-13.06.08:510][ 21]LogSavePackage: Moving '../../../../../../SVN/Fetch Test/SkaGame/SkaGame/Saved/SideScrollerCharacter6765493A40BD7F77151D448478E30B12.tmp' to '../../../../../../SVN/Fetch Test/SkaGame/SkaGame/Content/SkaGameAssets/Brad/Blueprints/SideScrollerCharacter.uasset'
[2017.07.06-13.06.08:513][ 21]LogSavePackage:Display: Finished SavePackage ../../../../../../SVN/Fetch Test/SkaGame/SkaGame/Content/SkaGameAssets/Brad/Blueprints/SideScrollerCharacter.uasset
