Log file open, 07/03/17 12:07:02
LogInit:Display: Running engine for game: SkaGame3
LogPlatformFile: Not using cached read wrapper
LogInit:Display: RandInit(-1010228975) SRandInit(-1010228975).
LogTaskGraph: Started task graph with 5 named threads and 8 total threads with 1 sets of task threads.
LogStats: Stats thread started at 0.073301
LogInit: Using libcurl 7.47.1
LogInit:  - built for x86_64-pc-win32
LogInit:  - supports SSL with OpenSSL/1.0.2g
LogInit:  - supports HTTP deflate (compression) using libz 1.2.8
LogInit:  - other features:
LogInit:      CURL_VERSION_SSL
LogInit:      CURL_VERSION_LIBZ
LogInit:      CURL_VERSION_IPV6
LogInit:      CURL_VERSION_ASYNCHDNS
LogInit:      CURL_VERSION_LARGEFILE
LogInit:      CURL_VERSION_IDN
LogInit:  CurlRequestOptions (configurable via config and command line):
LogInit:  - bVerifyPeer = false  - Libcurl will NOT verify peer certificate
LogInit:  - bUseHttpProxy = false  - Libcurl will NOT use HTTP proxy
LogInit:  - bDontReuseConnections = false  - Libcurl will reuse connections
LogInit:  - CertBundlePath = nullptr  - Libcurl will use whatever was configured at build time.
LogInit: Build: ++UE4+Release-4.15-CL-3450819
LogInit: Engine Version: 4.15.3-3450819+++UE4+Release-4.15
LogInit: Compatible Engine Version: 4.15.0-3299760+++UE4+Release-4.15
LogInit: Net CL: 3299760
LogDevObjectVersion: Number of dev versions registered: 14
LogDevObjectVersion:   Dev-Blueprints (B0D832E4-1F89-4F0D-ACCF-7EB736FD4AA2): 8
LogDevObjectVersion:   Dev-Build (E1C64328-A22C-4D53-A36C-8E866417BD8C): 0
LogDevObjectVersion:   Dev-Core (375EC13C-06E4-48FB-B500-84F0262A717E): 2
LogDevObjectVersion:   Dev-Editor (E4B068ED-F494-42E9-A231-DA0B2E46BB41): 14
LogDevObjectVersion:   Dev-Framework (CFFC743F-43B0-4480-9391-14DF171D2073): 22
LogDevObjectVersion:   Dev-Mobile (B02B49B5-BB20-44E9-A304-32B752E40360): 0
LogDevObjectVersion:   Dev-Networking (A4E4105C-59A1-49B5-A7C5-40C4547EDFEE): 0
LogDevObjectVersion:   Dev-Online (39C831C9-5AE6-47DC-9A44-9C173E1C8E7C): 0
LogDevObjectVersion:   Dev-Physics (78F01B33-EBEA-4F98-B9B4-84EACCB95AA2): 0
LogDevObjectVersion:   Dev-Platform (6631380F-2D4D-43E0-8009-CF276956A95A): 0
LogDevObjectVersion:   Dev-Rendering (12F88B9F-8875-4AFC-A67C-D90C383ABD29): 12
LogDevObjectVersion:   Dev-Sequencer (7B5AE74C-D270-4C10-A958-57980B212A5A): 3
LogDevObjectVersion:   Dev-VR (D7296918-1DD6-4BDD-9DE2-64A83CC13884): 0
LogDevObjectVersion:   Dev-LoadTimes (C2A15278-BFE7-4AFE-6C17-90FF531DF755): 1
LogInit: Compiled (64-bit): May 21 2017 11:02:34
LogInit: Compiled with Visual C++: 19.00.23026.00
LogInit: Build Configuration: Development
LogInit: Branch Name: ++UE4+Release-4.15
LogInit: Command line: -EpicPortal 
LogInit: Base directory: C:/Program Files/Epic Games/UE_4.15/Engine/Binaries/Win64/
LogInit: Installed Engine Build: 1
LogInit: Presizing for max 8388607 objects, including 0 objects not considered by GC, pre-allocating 0 bytes for permanent pool.
LogInit: Object subsystem initialized
[2017.07.03-16.07.03:823][  0]LogInit: Selected Device Profile: [Windows]
[2017.07.03-16.07.03:823][  0]LogInit: Applying CVar settings loaded from the selected device profile: [Windows]
[2017.07.03-16.07.03:834][  0]LogInit: Computer: DESKTOP-58CNULQ
[2017.07.03-16.07.03:834][  0]LogInit: User: Ethan
[2017.07.03-16.07.03:834][  0]LogInit: CPU Page size=65536, Cores=4
[2017.07.03-16.07.03:834][  0]LogInit: High frequency timer resolution =3.312786 MHz
[2017.07.03-16.07.03:834][  0]LogMemory: Memory total: Physical=15.9GB (16GB approx)
[2017.07.03-16.07.03:834][  0]LogMemory: Platform Memory Stats for Windows
[2017.07.03-16.07.03:834][  0]LogMemory: Process Physical Memory: 263.52 MB used, 263.52 MB peak
[2017.07.03-16.07.03:834][  0]LogMemory: Process Virtual Memory: 262.77 MB used, 262.77 MB peak
[2017.07.03-16.07.03:834][  0]LogMemory: Physical Memory: 6174.82 MB used,  10104.36 MB free, 16279.18 MB total
[2017.07.03-16.07.03:834][  0]LogMemory: Virtual Memory: 645.44 MB used,  10104.36 MB free, 134217728.00 MB total
[2017.07.03-16.07.03:954][  0]LogTextLocalizationManager: No specific translations for ('en-US') exist, so ('en') translations will be used.
[2017.07.03-16.07.04:558][  0]LogD3D11RHI: D3D11 adapters:
[2017.07.03-16.07.05:045][  0]LogD3D11RHI:    0. 'NVIDIA GeForce GTX 660' (Feature Level 11_0)
[2017.07.03-16.07.05:045][  0]LogD3D11RHI:       1505/0/8139 MB DedicatedVideo/DedicatedSystem/SharedSystem, Outputs:1, VendorId:0x10de
[2017.07.03-16.07.05:050][  0]LogD3D11RHI:    1. 'Intel(R) HD Graphics 4000' (Feature Level 11_0)
[2017.07.03-16.07.05:050][  0]LogD3D11RHI:       32/0/1760 MB DedicatedVideo/DedicatedSystem/SharedSystem, Outputs:1, VendorId:0x8086
[2017.07.03-16.07.05:052][  0]LogD3D11RHI:    2. 'Microsoft Basic Render Driver' (Feature Level 11_0)
[2017.07.03-16.07.05:052][  0]LogD3D11RHI:       0/0/8139 MB DedicatedVideo/DedicatedSystem/SharedSystem, Outputs:0, VendorId:0x1414
[2017.07.03-16.07.05:052][  0]LogD3D11RHI: Chosen D3D11 Adapter: 0
[2017.07.03-16.07.05:060][  0]LogD3D11RHI: Creating new Direct3DDevice
[2017.07.03-16.07.05:060][  0]LogD3D11RHI:     GPU DeviceId: 0x1185 (for the marketing name, search the web for "GPU Device Id")
[2017.07.03-16.07.05:060][  0]LogWindows: EnumDisplayDevices:
[2017.07.03-16.07.05:060][  0]LogWindows:    0. 'NVIDIA GeForce GTX 660' (P:1 D:1)
[2017.07.03-16.07.05:060][  0]LogWindows:    1. 'NVIDIA GeForce GTX 660' (P:0 D:0)
[2017.07.03-16.07.05:060][  0]LogWindows:    2. 'NVIDIA GeForce GTX 660' (P:0 D:0)
[2017.07.03-16.07.05:061][  0]LogWindows:    3. 'NVIDIA GeForce GTX 660' (P:0 D:0)
[2017.07.03-16.07.05:061][  0]LogWindows:    4. 'Intel(R) HD Graphics 4000' (P:0 D:1)
[2017.07.03-16.07.05:062][  0]LogWindows:    5. 'Intel(R) HD Graphics 4000' (P:0 D:0)
[2017.07.03-16.07.05:062][  0]LogWindows: DebugString: PrimaryIsNotTheChoosenAdapter PrimaryIsNotTheChoosenAdapter FoundDriverCount:4 
[2017.07.03-16.07.05:062][  0]LogD3D11RHI:     Adapter Name: NVIDIA GeForce GTX 660
[2017.07.03-16.07.05:062][  0]LogD3D11RHI:   Driver Version: 376.53 (internal:21.21.13.7653, unified:376.53)
[2017.07.03-16.07.05:062][  0]LogD3D11RHI:      Driver Date: 12-29-2016
[2017.07.03-16.07.05:062][  0]LogRHI: Texture pool is 1053 MB (70% of 1505 MB)
[2017.07.03-16.07.05:544][  0]LogD3D11RHI:Warning: Timestamp queries are currently disabled on this hardware due to instability. Realtime GPU stats will not be available. You can override this behaviour by setting r.NVIDIATimestampWorkaround to 0
[2017.07.03-16.07.05:544][  0]LogD3D11RHI: Async texture creation enabled
[2017.07.03-16.07.05:577][  0]LogD3D11RHI: GPU Timing Frequency: 1000.000000 (Debug: 2 2)
[2017.07.03-16.07.05:629][  0]LogShaderCompilers: Guid format shader working directory is 8 characters bigger than the processId version (../../../../../../SVN/SkaGame2/SkaGame/Intermediate/Shaders/WorkingDirectory/1040/).
[2017.07.03-16.07.05:630][  0]LogShaderCompilers: Cleaned the shader compiler working directory 'C:/Users/Ethan/AppData/Local/Temp/UnrealShaderWorkingDir/CFC04887446E82AAF3D21EBDF0D8EE66/'.
[2017.07.03-16.07.05:630][  0]LogShaderCompilers:Display: Using Local Shader Compiler.
[2017.07.03-16.07.06:743][  0]LogTemp:Display: Loaded TP AllDesktopTargetPlatform
[2017.07.03-16.07.06:799][  0]LogTemp:Display: Loaded TP MacClientTargetPlatform
[2017.07.03-16.07.06:855][  0]LogTemp:Display: Loaded TP MacNoEditorTargetPlatform
[2017.07.03-16.07.06:911][  0]LogTemp:Display: Loaded TP MacServerTargetPlatform
[2017.07.03-16.07.06:968][  0]LogTemp:Display: Loaded TP MacTargetPlatform
[2017.07.03-16.07.07:026][  0]LogTemp:Display: Loaded TP WindowsClientTargetPlatform
[2017.07.03-16.07.07:082][  0]LogTemp:Display: Loaded TP WindowsNoEditorTargetPlatform
[2017.07.03-16.07.07:155][  0]LogTemp:Display: Loaded TP WindowsServerTargetPlatform
[2017.07.03-16.07.07:204][  0]LogTemp:Display: Loaded TP WindowsTargetPlatform
[2017.07.03-16.07.07:275][  0]LogTemp:Display: Loaded TP AndroidTargetPlatform
[2017.07.03-16.07.07:330][  0]LogTemp:Display: Loaded TP Android_ASTCTargetPlatform
[2017.07.03-16.07.07:385][  0]LogTemp:Display: Loaded TP Android_ATCTargetPlatform
[2017.07.03-16.07.07:440][  0]LogTemp:Display: Loaded TP Android_DXTTargetPlatform
[2017.07.03-16.07.07:495][  0]LogTemp:Display: Loaded TP Android_ETC1TargetPlatform
[2017.07.03-16.07.07:549][  0]LogTemp:Display: Loaded TP Android_ETC2TargetPlatform
[2017.07.03-16.07.07:658][  0]LogTemp:Display: Loaded TP Android_MultiTargetPlatform
[2017.07.03-16.07.07:658][  0]LogTemp:Display: Loaded TP Android_PVRTCTargetPlatform
[2017.07.03-16.07.07:696][  0]LogTemp:Display: Loaded TP HTML5TargetPlatform
[2017.07.03-16.07.07:794][  0]LogTemp:Display: Loaded TP IOSTargetPlatform
[2017.07.03-16.07.07:831][  0]LogTemp:Display: Loaded TP TVOSTargetPlatform
[2017.07.03-16.07.07:886][  0]LogTemp:Display: Loaded TP LinuxClientTargetPlatform
[2017.07.03-16.07.07:958][  0]LogTemp:Display: Loaded TP LinuxNoEditorTargetPlatform
[2017.07.03-16.07.08:013][  0]LogTemp:Display: Loaded TP LinuxServerTargetPlatform
[2017.07.03-16.07.08:067][  0]LogTemp:Display: Loaded TP LinuxTargetPlatform
[2017.07.03-16.07.08:067][  0]LogTargetPlatformManager:Display: Building Assets For Windows
[2017.07.03-16.07.08:575][  0]LogDerivedDataCache:Display: Max Cache Size: 512 MB
[2017.07.03-16.07.08:635][  0]LogDerivedDataCache: Loaded boot cache 0.06s 50MB C:/Users/Ethan/AppData/Local/UnrealEngine/4.15/DerivedDataCache/Boot.ddc.
[2017.07.03-16.07.08:635][  0]LogDerivedDataCache:Display: Loaded Boot cache: C:/Users/Ethan/AppData/Local/UnrealEngine/4.15/DerivedDataCache/Boot.ddc
[2017.07.03-16.07.08:635][  0]LogDerivedDataCache: FDerivedDataBackendGraph:  Pak pak cache file ../../../../../../SVN/SkaGame2/SkaGame/DerivedDataCache/DDC.ddp not found, will not use a pak cache.
[2017.07.03-16.07.08:635][  0]LogDerivedDataCache: Unable to find inner node Pak for hierarchical cache Hierarchy.
[2017.07.03-16.07.08:635][  0]LogDerivedDataCache: FDerivedDataBackendGraph:  CompressedPak pak cache file ../../../../../../SVN/SkaGame2/SkaGame/DerivedDataCache/Compressed.ddp not found, will not use a pak cache.
[2017.07.03-16.07.08:635][  0]LogDerivedDataCache: Unable to find inner node CompressedPak for hierarchical cache Hierarchy.
[2017.07.03-16.07.08:653][  0]LogDerivedDataCache:Display: Pak cache opened for reading ../../../Engine/DerivedDataCache/Compressed.ddp.
[2017.07.03-16.07.08:664][  0]LogDerivedDataCache: Using Local data cache path C:/Users/Ethan/AppData/Local/UnrealEngine/Common/DerivedDataCache: Writable
[2017.07.03-16.07.08:674][  0]LogSlate: Using Freetype 2.6.0
[2017.07.03-16.07.08:674][  0]LogSlate: SlateFontCache - WITH_FREETYPE: 1, WITH_HARFBUZZ: 1
[2017.07.03-16.07.08:674][  0]LogSlate: SlateFontCache - WITH_FREETYPE: 1, WITH_HARFBUZZ: 1
[2017.07.03-16.07.08:968][  0]LogInit: Selected Device Profile: [Windows]
[2017.07.03-16.07.08:971][  0]LogContentStreaming: Texture pool size is 0.00 MB
[2017.07.03-16.07.09:171][  0]LogMeshUtilities: Using QuadricMeshReduction for automatic static mesh reduction
[2017.07.03-16.07.09:214][  0]LogSimplygon: Simplygon DLL not present - disabling.
[2017.07.03-16.07.09:259][  0]LogMeshUtilities: Using SimplygonSwarm for distributed automatic mesh merging
[2017.07.03-16.07.09:259][  0]LogMeshUtilities: No automatic skeletal mesh reduction module available
[2017.07.03-16.07.09:259][  0]LogMeshUtilities: No automatic mesh merging module available
[2017.07.03-16.07.09:771][  0]LogNetVersion: GetLocalNetworkVersion: CL: 3299760, ProjectName: skagame3, ProjectVersion: , EngineNetworkVersion: 2, GameNetworkVersion: 0, NetworkChecksum: 2118841436
[2017.07.03-16.07.09:817][  0]LogAssetRegistry: FAssetRegistry took 0.0215 seconds to start up
[2017.07.03-16.07.09:859][  0]LogPackageLocalizationCache: Processed 3 localized package path(s) for 2 prioritized culture(s) in 0.020495 seconds
[2017.07.03-16.07.09:864][  0]LogUObjectArray: 32493 objects as part of root set at end of initial load.
[2017.07.03-16.07.09:864][  0]LogUObjectAllocator: 7077024 out of 0 bytes used by permanent object pool.
[2017.07.03-16.07.09:864][  0]LogUObjectArray: CloseDisregardForGC: 0/0 objects in disregard for GC pool
[2017.07.03-16.07.09:928][  0]LogInit: WinSock: version 1.1 (2.2), MaxSocks=32767, MaxUdp=65467
[2017.07.03-16.07.11:494][  0]LogTcpMessaging: Initializing TcpMessaging bridge
[2017.07.03-16.07.11:578][  0]LogUdpMessaging: Initializing bridge on interface 0.0.0.0:0 to multicast group 230.0.0.1:6666.
[2017.07.03-16.07.12:069][  0]LogMaterial: Uniform references updated for custom material expression Custom.
[2017.07.03-16.07.12:433][  0]SourceControl: Info Source control is disabled
[2017.07.03-16.07.12:434][  0]SourceControl: Info Source control is disabled
[2017.07.03-16.07.12:479][  0]SourceControl: Info Source control is disabled
[2017.07.03-16.07.12:524][  0]SourceControl: Info Source control is disabled
[2017.07.03-16.07.13:798][  0]LogEngine: Initializing Engine...
[2017.07.03-16.07.13:798][  0]LogHMD: Failed to initialize OpenVR with code 110
[2017.07.03-16.07.13:905][  0]LogStats: UGameplayTagsManager::ConstructGameplayTagTree: Construct from data asset -  0.000 s
[2017.07.03-16.07.13:905][  0]LogStats: UGameplayTagsManager::ConstructGameplayTagTree: GameplayTagTreeChangedEvent.Broadcast -  0.000 s
[2017.07.03-16.07.14:025][  0]LogAIModule: Creating AISystem for world Untitled
[2017.07.03-16.07.14:047][  0]LogInit: XAudio2 using 'Speakers (2- Logitech G930 Gaming Headset)' : 8 channels at 48 kHz using 16 bits per sample (channel mask 0x63f)
[2017.07.03-16.07.14:065][  0]LogInit: FAudioDevice initialized.
[2017.07.03-16.07.14:089][  0]LogDerivedDataCache: Saved boot cache 0.02s 50MB C:/Users/Ethan/AppData/Local/UnrealEngine/4.15/DerivedDataCache/Boot.ddc.
[2017.07.03-16.07.14:095][  0]LogInit: Texture streaming: Enabled
[2017.07.03-16.07.14:190][  0]LogEngineSessionManager: EngineSessionManager initialized
[2017.07.03-16.07.14:274][  0]LogInit: Transaction tracking system initialized
[2017.07.03-16.07.14:639][  0]BlueprintLog: New page: Editor Load
[2017.07.03-16.07.15:585][  0]LocalizationService: Info Localization service is disabled
[2017.07.03-16.07.16:293][  0]LogConsoleResponse:Display: 
[2017.07.03-16.07.16:428][  0]LogCook:Display: Max memory allowance for cook 16384mb min free memory 0mb
[2017.07.03-16.07.16:428][  0]LogCook:Display: Mobile HDR setting 1
[2017.07.03-16.07.17:437][  0]LogFileCache: Scanning file cache for directory 'C:/SVN/SkaGame2/SkaGame/Content/' took 0.01s
[2017.07.03-16.07.17:481][  0]SourceControl: Info Source control is disabled
[2017.07.03-16.07.17:481][  0]Cmd: MAP LOAD FILE="../../../../../../SVN/SkaGame2/SkaGame/Content/SkaGameAssets/Levels/MainMenu.umap" TEMPLATE=0 SHOWPROGRESS=1 FEATURELEVEL=3
[2017.07.03-16.07.17:482][  0]LightingResults: New page: Lighting Build
[2017.07.03-16.07.17:524][  0]MapCheck: New page: Map Check
[2017.07.03-16.07.17:524][  0]LightingResults: New page: Lighting Build
[2017.07.03-16.07.17:539][  0]LogAIModule: Creating AISystem for world MainMenu
[2017.07.03-16.07.17:557][  0]LogEditorServer: Finished looking for orphan Actors (0.000 secs)
[2017.07.03-16.07.17:557][  0]Cmd: MAP CHECKDEP NOCLEARLOG
[2017.07.03-16.07.17:596][  0]MapCheck: Info Map check complete: 0 Error(s), 0 Warning(s), took 38.536ms to complete.
[2017.07.03-16.07.17:596][  0]LogFileHelpers: Loading map 'MainMenu' took 0.115
[2017.07.03-16.07.17:662][  0]LogWindowsTextInputMethodSystem:Display: IME system now deactivated.
[2017.07.03-16.07.17:788][  0]LogCollectionManager: Loaded 0 collections in 0.001357 seconds
[2017.07.03-16.07.17:872][  0]LogFileCache: Scanning file cache for directory 'C:/SVN/SkaGame2/SkaGame/Saved/Collections/' took 0.01s
[2017.07.03-16.07.17:872][  0]LogFileCache: Scanning file cache for directory 'C:/SVN/SkaGame2/SkaGame/Content/Developers/Ethan/Collections/' took 0.01s
[2017.07.03-16.07.17:872][  0]LogFileCache: Scanning file cache for directory 'C:/SVN/SkaGame2/SkaGame/Content/Collections/' took 0.01s
[2017.07.03-16.07.17:872][  0]LogCollectionManager: Rebuilt the GUID cache for 0 collections in 0.000002 seconds
[2017.07.03-16.07.17:881][  0]LogContentBrowser: Native class hierarchy populated in 0.0089 seconds. Added 2245 classes and 453 folders.
[2017.07.03-16.07.17:946][  0]LogContentBrowser: Native class hierarchy updated for 'WidgetCarousel' in 0.0005 seconds. Added 0 classes and 0 folders.
[2017.07.03-16.07.17:981][  0]LogContentBrowser: Native class hierarchy updated for 'AddContentDialog' in 0.0005 seconds. Added 0 classes and 0 folders.
[2017.07.03-16.07.18:023][  0]LogContentBrowser: Native class hierarchy updated for 'SceneOutliner' in 0.0005 seconds. Added 1 classes and 2 folders.
[2017.07.03-16.07.18:118][  0]LogCrashTracker: Crashtracker disabled due to settings.
[2017.07.03-16.07.18:126][  0]LogUObjectGlobals:Warning: Failed to find object 'Class None.'
[2017.07.03-16.07.18:193][  0]LogContentBrowser: Native class hierarchy updated for 'HierarchicalLODOutliner' in 0.0005 seconds. Added 1 classes and 2 folders.
[2017.07.03-16.07.18:193][  0]LogLoad: (Engine Initialization) Total time: 16.19 seconds
[2017.07.03-16.07.18:193][  0]LogLoad: (Engine Initialization) Total Blueprint compile time: 0.04 seconds
[2017.07.03-16.07.18:193][  0]LogExternalProfiler: Found external profiler: VSPerf
[2017.07.03-16.07.18:193][  0]LogExternalProfiler: Using external profiler: VSPerf
[2017.07.03-16.07.18:202][  0]LogOcInput: OculusInput pre-init called
[2017.07.03-16.07.18:225][  0]LogContentStreaming: Texture pool size now 1000 MB
[2017.07.03-16.07.18:227][  0]LogSlate: Took 0.000225 seconds to synchronously load lazily loaded font '../../../Engine/Content/Slate/Fonts/Roboto-Regular.ttf' (155K)
[2017.07.03-16.07.18:231][  0]LogSlate: Took 0.000197 seconds to synchronously load lazily loaded font '../../../Engine/Content/Slate/Fonts/Roboto-Bold.ttf' (160K)
[2017.07.03-16.07.18:237][  0]LogSlate: Took 0.000200 seconds to synchronously load lazily loaded font '../../../Engine/Content/Editor/Slate/Fonts/FontAwesome.ttf' (139K)
[2017.07.03-16.07.18:356][  0]LogSlate: Took 0.000247 seconds to synchronously load lazily loaded font '../../../Engine/Content/Slate/Fonts/Roboto-Light.ttf' (159K)
[2017.07.03-16.07.18:417][  0]LogRenderer: Reallocating scene render targets to support 1304x612 NumSamples 1 (Frame:2).
[2017.07.03-16.07.18:571][  2]LogAssetRegistry: Asset discovery search completed in 8.7759 seconds
[2017.07.03-16.07.18:572][  2]LogCollectionManager: Rebuilt the object cache for 0 collections in 0.000008 seconds (found 0 objects)
[2017.07.03-16.07.18:572][  2]LogCollectionManager: Fixed up redirectors for 0 collections in 0.000032 seconds (updated 0 objects)
[2017.07.03-16.07.22:236][435]LogTemp: Repeting last play command: Selected Viewport
[2017.07.03-16.07.22:242][435]LogBlueprintUserMessages: Early PlayInEditor Detection: Level '/Game/SkaGameAssets/Levels/MainMenu.MainMenu:PersistentLevel' has LevelScriptBlueprint '/Game/SkaGameAssets/Levels/MainMenu.MainMenu:PersistentLevel.MainMenu' with GeneratedClass '/Game/SkaGameAssets/Levels/MainMenu.MainMenu_C' with ClassGeneratedBy '/Game/SkaGameAssets/Levels/MainMenu.MainMenu:PersistentLevel.MainMenu'
[2017.07.03-16.07.22:242][435]LogPlayLevel: PlayLevel: No blueprints needed recompiling
[2017.07.03-16.07.22:242][435]PIE: New page: PIE session: MainMenu (Jul 3, 2017, 8:07:22 AM)
[2017.07.03-16.07.22:242][435]LogPlayLevel: Creating play world package: /Game/SkaGameAssets/Levels/UEDPIE_0_MainMenu
[2017.07.03-16.07.22:243][435]LogPlayLevel: PIE: StaticDuplicateObject took: (0.000807s)
[2017.07.03-16.07.22:244][435]LogAIModule: Creating AISystem for world MainMenu
[2017.07.03-16.07.22:244][435]LogPlayLevel: PIE: World Init took: (0.000778s)
[2017.07.03-16.07.22:244][435]LogPlayLevel: PIE: Created PIE world by copying editor world from /Game/SkaGameAssets/Levels/MainMenu.MainMenu to /Game/SkaGameAssets/Levels/UEDPIE_0_MainMenu.MainMenu (0.001843s)
[2017.07.03-16.07.22:269][435]LogInit: XAudio2 using 'Speakers (2- Logitech G930 Gaming Headset)' : 8 channels at 48 kHz using 16 bits per sample (channel mask 0x63f)
[2017.07.03-16.07.22:285][435]LogInit: FAudioDevice initialized.
[2017.07.03-16.07.22:714][435]LogLoad: Game class is 'SideScrollerGameMode_C'
[2017.07.03-16.07.22:716][435]LogWorld: Bringing World /Game/SkaGameAssets/Levels/UEDPIE_0_MainMenu.MainMenu up for play (max tick rate 0) at 2017.07.03-12.07.22
[2017.07.03-16.07.22:716][435]LogWorld: Bringing up level for play took: 0.000922
[2017.07.03-16.07.22:717][435]LogSpawn:Warning: SpawnActor failed because no class was specified
[2017.07.03-16.07.22:759][435]LogContentBrowser: Native class hierarchy updated for 'MovieSceneCapture' in 0.0006 seconds. Added 11 classes and 0 folders.
[2017.07.03-16.07.22:762][435]PIE: Info Play in editor start time for /Game/SkaGameAssets/Levels/UEDPIE_0_MainMenu -0.197
[2017.07.03-16.07.22:762][435]LogBlueprintUserMessages: Late PlayInEditor Detection: Level '/Game/SkaGameAssets/Levels/MainMenu.MainMenu:PersistentLevel' has LevelScriptBlueprint '/Game/SkaGameAssets/Levels/MainMenu.MainMenu:PersistentLevel.MainMenu' with GeneratedClass '/Game/SkaGameAssets/Levels/MainMenu.MainMenu_C' with ClassGeneratedBy '/Game/SkaGameAssets/Levels/MainMenu.MainMenu:PersistentLevel.MainMenu'
[2017.07.03-16.07.27:569][  0]LogNet: Browse: /Game/SkaGameAssets/Levels/Graveyard_Act1Final
[2017.07.03-16.07.27:569][  0]LogLoad: LoadMap: /Game/SkaGameAssets/Levels/Graveyard_Act1Final
[2017.07.03-16.07.27:583][  0]Cmd: MEM
[2017.07.03-16.07.27:593][  0]LogMemory: Platform Memory Stats for Windows
[2017.07.03-16.07.27:593][  0]LogMemory: Process Physical Memory: 990.91 MB used, 1015.69 MB peak
[2017.07.03-16.07.27:593][  0]LogMemory: Process Virtual Memory: 1261.79 MB used, 1291.07 MB peak
[2017.07.03-16.07.27:593][  0]LogMemory: Physical Memory: 6400.32 MB used,  9878.86 MB free, 16279.18 MB total
[2017.07.03-16.07.27:593][  0]LogMemory: Virtual Memory: 1983.84 MB used,  9878.86 MB free, 134217728.00 MB total
[2017.07.03-16.07.27:593][  0]LogMemory: 
[2017.07.03-16.07.27:593][  0]Allocator Stats for TBB: (not implemented)
[2017.07.03-16.07.29:068][  0]LogAIModule: Creating AISystem for world Graveyard_Act1Final
[2017.07.03-16.07.29:068][  0]LogLoad: Game class is 'SideScrollerGameMode_C'
[2017.07.03-16.07.29:081][  0]AnimBlueprint:Warning: Warning SLOTNODE: 'RootMotion' in animation instance class Brad_Anim_BP_C already exists. Remove duplicates from the animation graph for this class.
[2017.07.03-16.07.29:092][  0]LogWorld: Bringing World /Game/SkaGameAssets/Levels/UEDPIE_0_Graveyard_Act1Final.Graveyard_Act1Final up for play (max tick rate 0) at 2017.07.03-12.07.29
[2017.07.03-16.07.29:094][  0]LogWorld: Bringing up level for play took: 0.024554
[2017.07.03-16.07.29:095][  0]LogSpawn:Warning: SpawnActor failed because no class was specified
[2017.07.03-16.07.29:096][  0]LogLoad: Took 1.526360 seconds to LoadMap(/Game/SkaGameAssets/Levels/Graveyard_Act1Final)
[2017.07.03-16.08.10:127][616]LogBlueprintUserMessages: Early EndPlayMap Detection: Level '/Game/SkaGameAssets/Levels/MainMenu.MainMenu:PersistentLevel' has LevelScriptBlueprint '/Game/SkaGameAssets/Levels/MainMenu.MainMenu:PersistentLevel.MainMenu' with GeneratedClass '/Game/SkaGameAssets/Levels/MainMenu.MainMenu_C' with ClassGeneratedBy '/Game/SkaGameAssets/Levels/MainMenu.MainMenu:PersistentLevel.MainMenu'
[2017.07.03-16.08.10:167][616]LogBlueprintUserMessages: Late EndPlayMap Detection: Level '/Game/SkaGameAssets/Levels/MainMenu.MainMenu:PersistentLevel' has LevelScriptBlueprint '/Game/SkaGameAssets/Levels/MainMenu.MainMenu:PersistentLevel.MainMenu' with GeneratedClass '/Game/SkaGameAssets/Levels/MainMenu.MainMenu_C' with ClassGeneratedBy '/Game/SkaGameAssets/Levels/MainMenu.MainMenu:PersistentLevel.MainMenu'
