Log file open, 05/27/17 12:06:43
LogInit:Display: Running engine for game: SkaGame3
LogPlatformFile: Not using cached read wrapper
LogInit:Display: RandInit(-1819767447) SRandInit(-1819767447).
LogTaskGraph: Started task graph with 5 named threads and 8 total threads with 1 sets of task threads.
LogStats: Stats thread started at 0.086571
LogInit: Using libcurl 7.47.1
LogInit:  - built for x86_64-pc-win32
LogInit:  - supports SSL with OpenSSL/1.0.2g
LogInit:  - supports HTTP deflate (compression) using libz 1.2.8
LogInit:  - other features:
LogInit:      CURL_VERSION_SSL
LogInit:      CURL_VERSION_LIBZ
LogInit:      CURL_VERSION_IPV6
LogInit:      CURL_VERSION_ASYNCHDNS
LogInit:      CURL_VERSION_LARGEFILE
LogInit:      CURL_VERSION_IDN
LogInit:  CurlRequestOptions (configurable via config and command line):
LogInit:  - bVerifyPeer = false  - Libcurl will NOT verify peer certificate
LogInit:  - bUseHttpProxy = false  - Libcurl will NOT use HTTP proxy
LogInit:  - bDontReuseConnections = false  - Libcurl will reuse connections
LogInit:  - CertBundlePath = nullptr  - Libcurl will use whatever was configured at build time.
LogInit: Build: ++UE4+Release-4.15-CL-3450819
LogInit: Engine Version: 4.15.3-3450819+++UE4+Release-4.15
LogInit: Compatible Engine Version: 4.15.0-3299760+++UE4+Release-4.15
LogInit: Net CL: 3299760
LogDevObjectVersion: Number of dev versions registered: 14
LogDevObjectVersion:   Dev-Blueprints (B0D832E4-1F89-4F0D-ACCF-7EB736FD4AA2): 8
LogDevObjectVersion:   Dev-Build (E1C64328-A22C-4D53-A36C-8E866417BD8C): 0
LogDevObjectVersion:   Dev-Core (375EC13C-06E4-48FB-B500-84F0262A717E): 2
LogDevObjectVersion:   Dev-Editor (E4B068ED-F494-42E9-A231-DA0B2E46BB41): 14
LogDevObjectVersion:   Dev-Framework (CFFC743F-43B0-4480-9391-14DF171D2073): 22
LogDevObjectVersion:   Dev-Mobile (B02B49B5-BB20-44E9-A304-32B752E40360): 0
LogDevObjectVersion:   Dev-Networking (A4E4105C-59A1-49B5-A7C5-40C4547EDFEE): 0
LogDevObjectVersion:   Dev-Online (39C831C9-5AE6-47DC-9A44-9C173E1C8E7C): 0
LogDevObjectVersion:   Dev-Physics (78F01B33-EBEA-4F98-B9B4-84EACCB95AA2): 0
LogDevObjectVersion:   Dev-Platform (6631380F-2D4D-43E0-8009-CF276956A95A): 0
LogDevObjectVersion:   Dev-Rendering (12F88B9F-8875-4AFC-A67C-D90C383ABD29): 12
LogDevObjectVersion:   Dev-Sequencer (7B5AE74C-D270-4C10-A958-57980B212A5A): 3
LogDevObjectVersion:   Dev-VR (D7296918-1DD6-4BDD-9DE2-64A83CC13884): 0
LogDevObjectVersion:   Dev-LoadTimes (C2A15278-BFE7-4AFE-6C17-90FF531DF755): 1
LogInit: Compiled (64-bit): May 21 2017 11:02:34
LogInit: Compiled with Visual C++: 19.00.23026.00
LogInit: Build Configuration: Development
LogInit: Branch Name: ++UE4+Release-4.15
LogInit: Command line: -EpicPortal 
LogInit: Base directory: C:/Program Files/Epic Games/UE_4.15/Engine/Binaries/Win64/
LogInit: Installed Engine Build: 1
LogInit: Presizing for max 8388607 objects, including 0 objects not considered by GC, pre-allocating 0 bytes for permanent pool.
LogInit: Object subsystem initialized
[2017.05.27-16.06.44:304][  0]LogInit: Selected Device Profile: [Windows]
[2017.05.27-16.06.44:304][  0]LogInit: Applying CVar settings loaded from the selected device profile: [Windows]
[2017.05.27-16.06.44:317][  0]LogInit: Computer: DESKTOP-58CNULQ
[2017.05.27-16.06.44:317][  0]LogInit: User: Ethan
[2017.05.27-16.06.44:317][  0]LogInit: CPU Page size=65536, Cores=4
[2017.05.27-16.06.44:317][  0]LogInit: High frequency timer resolution =3.312789 MHz
[2017.05.27-16.06.44:317][  0]LogMemory: Memory total: Physical=15.9GB (16GB approx)
[2017.05.27-16.06.44:317][  0]LogMemory: Platform Memory Stats for Windows
[2017.05.27-16.06.44:317][  0]LogMemory: Process Physical Memory: 264.75 MB used, 264.75 MB peak
[2017.05.27-16.06.44:317][  0]LogMemory: Process Virtual Memory: 262.97 MB used, 262.97 MB peak
[2017.05.27-16.06.44:317][  0]LogMemory: Physical Memory: 6554.84 MB used,  9724.35 MB free, 16279.18 MB total
[2017.05.27-16.06.44:317][  0]LogMemory: Virtual Memory: 645.45 MB used,  9724.35 MB free, 134217728.00 MB total
[2017.05.27-16.06.44:420][  0]LogTextLocalizationManager: No specific translations for ('en-US') exist, so ('en') translations will be used.
[2017.05.27-16.06.45:176][  0]LogD3D11RHI: D3D11 adapters:
[2017.05.27-16.06.45:201][  0]LogD3D11RHI:    0. 'NVIDIA GeForce GTX 660' (Feature Level 11_0)
[2017.05.27-16.06.45:201][  0]LogD3D11RHI:       1505/0/8139 MB DedicatedVideo/DedicatedSystem/SharedSystem, Outputs:1, VendorId:0x10de
[2017.05.27-16.06.45:204][  0]LogD3D11RHI:    1. 'Intel(R) HD Graphics 4000' (Feature Level 11_0)
[2017.05.27-16.06.45:204][  0]LogD3D11RHI:       32/0/1760 MB DedicatedVideo/DedicatedSystem/SharedSystem, Outputs:1, VendorId:0x8086
[2017.05.27-16.06.45:207][  0]LogD3D11RHI:    2. 'Microsoft Basic Render Driver' (Feature Level 11_0)
[2017.05.27-16.06.45:207][  0]LogD3D11RHI:       0/0/8139 MB DedicatedVideo/DedicatedSystem/SharedSystem, Outputs:0, VendorId:0x1414
[2017.05.27-16.06.45:207][  0]LogD3D11RHI: Chosen D3D11 Adapter: 0
[2017.05.27-16.06.45:214][  0]LogD3D11RHI: Creating new Direct3DDevice
[2017.05.27-16.06.45:214][  0]LogD3D11RHI:     GPU DeviceId: 0x1185 (for the marketing name, search the web for "GPU Device Id")
[2017.05.27-16.06.45:214][  0]LogWindows: EnumDisplayDevices:
[2017.05.27-16.06.45:214][  0]LogWindows:    0. 'NVIDIA GeForce GTX 660' (P:1 D:1)
[2017.05.27-16.06.45:214][  0]LogWindows:    1. 'NVIDIA GeForce GTX 660' (P:0 D:0)
[2017.05.27-16.06.45:214][  0]LogWindows:    2. 'NVIDIA GeForce GTX 660' (P:0 D:0)
[2017.05.27-16.06.45:214][  0]LogWindows:    3. 'NVIDIA GeForce GTX 660' (P:0 D:0)
[2017.05.27-16.06.45:214][  0]LogWindows:    4. 'Intel(R) HD Graphics 4000' (P:0 D:1)
[2017.05.27-16.06.45:215][  0]LogWindows:    5. 'Intel(R) HD Graphics 4000' (P:0 D:0)
[2017.05.27-16.06.45:215][  0]LogWindows: DebugString: PrimaryIsNotTheChoosenAdapter PrimaryIsNotTheChoosenAdapter FoundDriverCount:4 
[2017.05.27-16.06.45:215][  0]LogD3D11RHI:     Adapter Name: NVIDIA GeForce GTX 660
[2017.05.27-16.06.45:215][  0]LogD3D11RHI:   Driver Version: 376.53 (internal:21.21.13.7653, unified:376.53)
[2017.05.27-16.06.45:215][  0]LogD3D11RHI:      Driver Date: 12-29-2016
[2017.05.27-16.06.45:215][  0]LogRHI: Texture pool is 1053 MB (70% of 1505 MB)
[2017.05.27-16.06.45:230][  0]LogD3D11RHI:Warning: Timestamp queries are currently disabled on this hardware due to instability. Realtime GPU stats will not be available. You can override this behaviour by setting r.NVIDIATimestampWorkaround to 0
[2017.05.27-16.06.45:231][  0]LogD3D11RHI: Async texture creation enabled
[2017.05.27-16.06.45:242][  0]LogD3D11RHI: GPU Timing Frequency: 1000.000000 (Debug: 2 1)
[2017.05.27-16.06.45:291][  0]LogShaderCompilers: Guid format shader working directory is 7 characters bigger than the processId version (../../../../../../SVN/SkaGame2/SkaGame/Intermediate/Shaders/WorkingDirectory/15008/).
[2017.05.27-16.06.45:291][  0]LogShaderCompilers: Cleaned the shader compiler working directory 'C:/Users/Ethan/AppData/Local/Temp/UnrealShaderWorkingDir/159C7FB444E3D018E4224FBA3709BDEA/'.
[2017.05.27-16.06.45:291][  0]LogShaderCompilers:Display: Using Local Shader Compiler.
[2017.05.27-16.06.46:506][  0]LogTemp:Display: Loaded TP AllDesktopTargetPlatform
[2017.05.27-16.06.46:582][  0]LogTemp:Display: Loaded TP MacClientTargetPlatform
[2017.05.27-16.06.46:640][  0]LogTemp:Display: Loaded TP MacNoEditorTargetPlatform
[2017.05.27-16.06.46:700][  0]LogTemp:Display: Loaded TP MacServerTargetPlatform
[2017.05.27-16.06.46:771][  0]LogTemp:Display: Loaded TP MacTargetPlatform
[2017.05.27-16.06.46:839][  0]LogTemp:Display: Loaded TP WindowsClientTargetPlatform
[2017.05.27-16.06.46:903][  0]LogTemp:Display: Loaded TP WindowsNoEditorTargetPlatform
[2017.05.27-16.06.46:966][  0]LogTemp:Display: Loaded TP WindowsServerTargetPlatform
[2017.05.27-16.06.47:019][  0]LogTemp:Display: Loaded TP WindowsTargetPlatform
[2017.05.27-16.06.47:088][  0]LogTemp:Display: Loaded TP AndroidTargetPlatform
[2017.05.27-16.06.47:162][  0]LogTemp:Display: Loaded TP Android_ASTCTargetPlatform
[2017.05.27-16.06.47:240][  0]LogTemp:Display: Loaded TP Android_ATCTargetPlatform
[2017.05.27-16.06.47:313][  0]LogTemp:Display: Loaded TP Android_DXTTargetPlatform
[2017.05.27-16.06.47:391][  0]LogTemp:Display: Loaded TP Android_ETC1TargetPlatform
[2017.05.27-16.06.47:460][  0]LogTemp:Display: Loaded TP Android_ETC2TargetPlatform
[2017.05.27-16.06.47:588][  0]LogTemp:Display: Loaded TP Android_MultiTargetPlatform
[2017.05.27-16.06.47:588][  0]LogTemp:Display: Loaded TP Android_PVRTCTargetPlatform
[2017.05.27-16.06.47:645][  0]LogTemp:Display: Loaded TP HTML5TargetPlatform
[2017.05.27-16.06.47:774][  0]LogTemp:Display: Loaded TP IOSTargetPlatform
[2017.05.27-16.06.47:826][  0]LogTemp:Display: Loaded TP TVOSTargetPlatform
[2017.05.27-16.06.47:897][  0]LogTemp:Display: Loaded TP LinuxClientTargetPlatform
[2017.05.27-16.06.47:965][  0]LogTemp:Display: Loaded TP LinuxNoEditorTargetPlatform
[2017.05.27-16.06.48:033][  0]LogTemp:Display: Loaded TP LinuxServerTargetPlatform
[2017.05.27-16.06.48:095][  0]LogTemp:Display: Loaded TP LinuxTargetPlatform
[2017.05.27-16.06.48:095][  0]LogTargetPlatformManager:Display: Building Assets For Windows
[2017.05.27-16.06.48:607][  0]LogDerivedDataCache:Display: Max Cache Size: 512 MB
[2017.05.27-16.06.48:659][  0]LogDerivedDataCache: Loaded boot cache 0.05s 50MB C:/Users/Ethan/AppData/Local/UnrealEngine/4.15/DerivedDataCache/Boot.ddc.
[2017.05.27-16.06.48:659][  0]LogDerivedDataCache:Display: Loaded Boot cache: C:/Users/Ethan/AppData/Local/UnrealEngine/4.15/DerivedDataCache/Boot.ddc
[2017.05.27-16.06.48:659][  0]LogDerivedDataCache: FDerivedDataBackendGraph:  Pak pak cache file ../../../../../../SVN/SkaGame2/SkaGame/DerivedDataCache/DDC.ddp not found, will not use a pak cache.
[2017.05.27-16.06.48:659][  0]LogDerivedDataCache: Unable to find inner node Pak for hierarchical cache Hierarchy.
[2017.05.27-16.06.48:659][  0]LogDerivedDataCache: FDerivedDataBackendGraph:  CompressedPak pak cache file ../../../../../../SVN/SkaGame2/SkaGame/DerivedDataCache/Compressed.ddp not found, will not use a pak cache.
[2017.05.27-16.06.48:659][  0]LogDerivedDataCache: Unable to find inner node CompressedPak for hierarchical cache Hierarchy.
[2017.05.27-16.06.48:682][  0]LogDerivedDataCache:Display: Pak cache opened for reading ../../../Engine/DerivedDataCache/Compressed.ddp.
[2017.05.27-16.06.48:694][  0]LogDerivedDataCache: Using Local data cache path C:/Users/Ethan/AppData/Local/UnrealEngine/Common/DerivedDataCache: Writable
[2017.05.27-16.06.48:704][  0]LogSlate: Using Freetype 2.6.0
[2017.05.27-16.06.48:704][  0]LogSlate: SlateFontCache - WITH_FREETYPE: 1, WITH_HARFBUZZ: 1
[2017.05.27-16.06.48:704][  0]LogSlate: SlateFontCache - WITH_FREETYPE: 1, WITH_HARFBUZZ: 1
[2017.05.27-16.06.49:033][  0]LogInit: Selected Device Profile: [Windows]
[2017.05.27-16.06.49:036][  0]LogContentStreaming: Texture pool size is 0.00 MB
[2017.05.27-16.06.49:260][  0]LogMeshUtilities: Using QuadricMeshReduction for automatic static mesh reduction
[2017.05.27-16.06.49:309][  0]LogSimplygon: Simplygon DLL not present - disabling.
[2017.05.27-16.06.49:358][  0]LogMeshUtilities: Using SimplygonSwarm for distributed automatic mesh merging
[2017.05.27-16.06.49:358][  0]LogMeshUtilities: No automatic skeletal mesh reduction module available
[2017.05.27-16.06.49:358][  0]LogMeshUtilities: No automatic mesh merging module available
[2017.05.27-16.06.49:936][  0]LogNetVersion: GetLocalNetworkVersion: CL: 3299760, ProjectName: skagame3, ProjectVersion: , EngineNetworkVersion: 2, GameNetworkVersion: 0, NetworkChecksum: 2118841436
[2017.05.27-16.06.49:995][  0]LogAssetRegistry: FAssetRegistry took 0.0220 seconds to start up
[2017.05.27-16.06.50:091][  0]LogPackageLocalizationCache: Processed 3 localized package path(s) for 2 prioritized culture(s) in 0.047698 seconds
[2017.05.27-16.06.50:101][  0]LogUObjectArray: 32493 objects as part of root set at end of initial load.
[2017.05.27-16.06.50:101][  0]LogUObjectAllocator: 7077032 out of 0 bytes used by permanent object pool.
[2017.05.27-16.06.50:101][  0]LogUObjectArray: CloseDisregardForGC: 0/0 objects in disregard for GC pool
[2017.05.27-16.06.50:201][  0]LogInit: WinSock: version 1.1 (2.2), MaxSocks=32767, MaxUdp=65467
[2017.05.27-16.06.52:182][  0]LogTcpMessaging: Initializing TcpMessaging bridge
[2017.05.27-16.06.52:226][  0]LogUdpMessaging: Initializing bridge on interface 0.0.0.0:0 to multicast group 230.0.0.1:6666.
[2017.05.27-16.06.52:702][  0]LogMaterial: Uniform references updated for custom material expression Custom.
[2017.05.27-16.06.53:110][  0]SourceControl: Info Source control is disabled
[2017.05.27-16.06.53:111][  0]SourceControl: Info Source control is disabled
[2017.05.27-16.06.53:160][  0]SourceControl: Info Source control is disabled
[2017.05.27-16.06.53:216][  0]SourceControl: Info Source control is disabled
[2017.05.27-16.06.54:626][  0]LogEngine: Initializing Engine...
[2017.05.27-16.06.54:626][  0]LogHMD: Failed to initialize OpenVR with code 110
[2017.05.27-16.06.54:741][  0]LogStats: UGameplayTagsManager::ConstructGameplayTagTree: Construct from data asset -  0.000 s
[2017.05.27-16.06.54:741][  0]LogStats: UGameplayTagsManager::ConstructGameplayTagTree: GameplayTagTreeChangedEvent.Broadcast -  0.000 s
[2017.05.27-16.06.54:900][  0]LogAIModule: Creating AISystem for world Untitled
[2017.05.27-16.06.54:920][  0]LogInit: XAudio2 using 'Speakers (5- Logitech G930 Gaming Headset)' : 8 channels at 48 kHz using 16 bits per sample (channel mask 0x63f)
[2017.05.27-16.06.54:938][  0]LogInit: FAudioDevice initialized.
[2017.05.27-16.06.54:965][  0]LogDerivedDataCache: Saved boot cache 0.03s 50MB C:/Users/Ethan/AppData/Local/UnrealEngine/4.15/DerivedDataCache/Boot.ddc.
[2017.05.27-16.06.54:974][  0]LogInit: Texture streaming: Enabled
[2017.05.27-16.06.55:091][  0]LogEngineSessionManager: EngineSessionManager initialized
[2017.05.27-16.06.55:184][  0]LogInit: Transaction tracking system initialized
[2017.05.27-16.06.55:568][  0]BlueprintLog: New page: Editor Load
[2017.05.27-16.06.56:586][  0]LocalizationService: Info Localization service is disabled
[2017.05.27-16.06.57:308][  0]LogConsoleResponse:Display: 
[2017.05.27-16.06.57:444][  0]LogCook:Display: Max memory allowance for cook 16384mb min free memory 0mb
[2017.05.27-16.06.57:444][  0]LogCook:Display: Mobile HDR setting 1
[2017.05.27-16.06.57:623][  0]LogFileCache: Scanning file cache for directory 'C:/SVN/SkaGame2/SkaGame/Content/' took 0.01s
[2017.05.27-16.06.58:664][  0]SourceControl: Info Source control is disabled
[2017.05.27-16.06.58:664][  0]Cmd: MAP LOAD FILE="../../../../../../SVN/SkaGame2/SkaGame/Content/SideScrollerBP/Maps/SideScrollerExampleMap.umap" TEMPLATE=0 SHOWPROGRESS=1 FEATURELEVEL=3
[2017.05.27-16.06.58:664][  0]LightingResults: New page: Lighting Build
[2017.05.27-16.06.58:717][  0]MapCheck: New page: Map Check
[2017.05.27-16.06.58:717][  0]LightingResults: New page: Lighting Build
[2017.05.27-16.06.59:282][  0]LogAIModule: Creating AISystem for world SideScrollerExampleMap
[2017.05.27-16.06.59:320][  0]LogEditorServer: Finished looking for orphan Actors (0.000 secs)
[2017.05.27-16.06.59:320][  0]Cmd: MAP CHECKDEP NOCLEARLOG
[2017.05.27-16.06.59:377][  0]MapCheck: Info Map check complete: 0 Error(s), 0 Warning(s), took 56.919ms to complete.
[2017.05.27-16.06.59:377][  0]LogFileHelpers: Loading map 'SideScrollerExampleMap' took 0.713
[2017.05.27-16.06.59:583][  0]LogCollectionManager: Loaded 0 collections in 0.001906 seconds
[2017.05.27-16.06.59:681][  0]LogFileCache: Scanning file cache for directory 'C:/SVN/SkaGame2/SkaGame/Saved/Collections/' took 0.01s
[2017.05.27-16.06.59:681][  0]LogFileCache: Scanning file cache for directory 'C:/SVN/SkaGame2/SkaGame/Content/Developers/Ethan/Collections/' took 0.01s
[2017.05.27-16.06.59:681][  0]LogFileCache: Scanning file cache for directory 'C:/SVN/SkaGame2/SkaGame/Content/Collections/' took 0.01s
[2017.05.27-16.06.59:681][  0]LogCollectionManager: Rebuilt the GUID cache for 0 collections in 0.000002 seconds
[2017.05.27-16.06.59:692][  0]LogContentBrowser: Native class hierarchy populated in 0.0105 seconds. Added 2245 classes and 453 folders.
[2017.05.27-16.06.59:785][  0]LogContentBrowser: Native class hierarchy updated for 'WidgetCarousel' in 0.0005 seconds. Added 0 classes and 0 folders.
[2017.05.27-16.06.59:831][  0]LogContentBrowser: Native class hierarchy updated for 'AddContentDialog' in 0.0006 seconds. Added 0 classes and 0 folders.
[2017.05.27-16.06.59:886][  0]LogContentBrowser: Native class hierarchy updated for 'SceneOutliner' in 0.0005 seconds. Added 1 classes and 2 folders.
[2017.05.27-16.06.59:952][  0]LogCrashTracker: Crashtracker disabled due to settings.
[2017.05.27-16.06.59:962][  0]LogUObjectGlobals:Warning: Failed to find object 'Class None.'
[2017.05.27-16.07.00:047][  0]LogContentBrowser: Native class hierarchy updated for 'HierarchicalLODOutliner' in 0.0007 seconds. Added 1 classes and 2 folders.
[2017.05.27-16.07.00:047][  0]LogLoad: (Engine Initialization) Total time: 18.06 seconds
[2017.05.27-16.07.00:047][  0]LogLoad: (Engine Initialization) Total Blueprint compile time: 0.22 seconds
[2017.05.27-16.07.00:047][  0]LogExternalProfiler: Found external profiler: VSPerf
[2017.05.27-16.07.00:047][  0]LogExternalProfiler: Using external profiler: VSPerf
[2017.05.27-16.07.00:387][  0]LogOcInput: OculusInput pre-init called
[2017.05.27-16.07.00:409][  0]LogContentStreaming: Texture pool size now 1000 MB
[2017.05.27-16.07.00:410][  0]LogSlate: Took 0.000205 seconds to synchronously load lazily loaded font '../../../Engine/Content/Slate/Fonts/Roboto-Regular.ttf' (155K)
[2017.05.27-16.07.00:414][  0]LogSlate: Took 0.000269 seconds to synchronously load lazily loaded font '../../../Engine/Content/Slate/Fonts/Roboto-Bold.ttf' (160K)
[2017.05.27-16.07.00:420][  0]LogSlate: Took 0.000165 seconds to synchronously load lazily loaded font '../../../Engine/Content/Editor/Slate/Fonts/FontAwesome.ttf' (139K)
[2017.05.27-16.07.00:558][  0]LogSlate: Took 0.000147 seconds to synchronously load lazily loaded font '../../../Engine/Content/Slate/Fonts/Roboto-Light.ttf' (159K)
[2017.05.27-16.07.00:606][  0]LogRenderer: Reallocating scene render targets to support 1208x556 NumSamples 1 (Frame:2).
[2017.05.27-16.07.00:736][  1]LogAssetRegistry: Asset discovery search completed in 10.7633 seconds
[2017.05.27-16.07.00:736][  1]LogCollectionManager: Rebuilt the object cache for 0 collections in 0.000006 seconds (found 0 objects)
[2017.05.27-16.07.00:736][  1]LogCollectionManager: Fixed up redirectors for 0 collections in 0.000021 seconds (updated 0 objects)
[2017.05.27-16.21.12:389][ 63]LogTemp: Repeting last play command: Selected Viewport
[2017.05.27-16.21.12:407][ 63]LogBlueprintUserMessages: Early PlayInEditor Detection: Level '/Game/SideScrollerBP/Maps/SideScrollerExampleMap.SideScrollerExampleMap:PersistentLevel' has LevelScriptBlueprint '/Game/SideScrollerBP/Maps/SideScrollerExampleMap.SideScrollerExampleMap:PersistentLevel.SideScrollerExampleMap' with GeneratedClass '/Game/SideScrollerBP/Maps/SideScrollerExampleMap.SideScrollerExampleMap_C' with ClassGeneratedBy '/Game/SideScrollerBP/Maps/SideScrollerExampleMap.SideScrollerExampleMap:PersistentLevel.SideScrollerExampleMap'
[2017.05.27-16.21.12:407][ 63]LogPlayLevel: PlayLevel: No blueprints needed recompiling
[2017.05.27-16.21.12:407][ 63]PIE: New page: PIE session: SideScrollerExampleMap (May 27, 2017, 8:21:12 AM)
[2017.05.27-16.21.12:407][ 63]LogPlayLevel: Creating play world package: /Game/SideScrollerBP/Maps/UEDPIE_0_SideScrollerExampleMap
[2017.05.27-16.21.12:480][ 63]LogPlayLevel: PIE: StaticDuplicateObject took: (0.073082s)
[2017.05.27-16.21.12:481][ 63]LogAIModule: Creating AISystem for world SideScrollerExampleMap
[2017.05.27-16.21.12:481][ 63]LogPlayLevel: PIE: World Init took: (0.000930s)
[2017.05.27-16.21.12:482][ 63]LogPlayLevel: PIE: Created PIE world by copying editor world from /Game/SideScrollerBP/Maps/SideScrollerExampleMap.SideScrollerExampleMap to /Game/SideScrollerBP/Maps/UEDPIE_0_SideScrollerExampleMap.SideScrollerExampleMap (0.074300s)
[2017.05.27-16.21.12:511][ 63]LogInit: XAudio2 using 'Speakers (5- Logitech G930 Gaming Headset)' : 8 channels at 48 kHz using 16 bits per sample (channel mask 0x63f)
[2017.05.27-16.21.12:527][ 63]LogInit: FAudioDevice initialized.
[2017.05.27-16.21.12:589][ 63]LogLoad: Game class is 'SideScrollerGameMode_C'
[2017.05.27-16.21.12:592][ 63]LogWorld: Bringing World /Game/SideScrollerBP/Maps/UEDPIE_0_SideScrollerExampleMap.SideScrollerExampleMap up for play (max tick rate 0) at 2017.05.27-12.21.12
[2017.05.27-16.21.12:592][ 63]LogWorld: Bringing up level for play took: 0.001720
[2017.05.27-16.21.13:651][ 63]LogContentBrowser: Native class hierarchy updated for 'MovieSceneCapture' in 0.0006 seconds. Added 11 classes and 0 folders.
[2017.05.27-16.21.13:652][ 63]PIE: Info Play in editor start time for /Game/SideScrollerBP/Maps/UEDPIE_0_SideScrollerExampleMap 1.786
[2017.05.27-16.21.13:671][ 63]LogBlueprintUserMessages: Late PlayInEditor Detection: Level '/Game/SideScrollerBP/Maps/SideScrollerExampleMap.SideScrollerExampleMap:PersistentLevel' has LevelScriptBlueprint '/Game/SideScrollerBP/Maps/SideScrollerExampleMap.SideScrollerExampleMap:PersistentLevel.SideScrollerExampleMap' with GeneratedClass '/Game/SideScrollerBP/Maps/SideScrollerExampleMap.SideScrollerExampleMap_C' with ClassGeneratedBy '/Game/SideScrollerBP/Maps/SideScrollerExampleMap.SideScrollerExampleMap:PersistentLevel.SideScrollerExampleMap'
[2017.05.27-16.21.23:382][208]LogBlueprintUserMessages: Early EndPlayMap Detection: Level '/Game/SideScrollerBP/Maps/SideScrollerExampleMap.SideScrollerExampleMap:PersistentLevel' has LevelScriptBlueprint '/Game/SideScrollerBP/Maps/SideScrollerExampleMap.SideScrollerExampleMap:PersistentLevel.SideScrollerExampleMap' with GeneratedClass '/Game/SideScrollerBP/Maps/SideScrollerExampleMap.SideScrollerExampleMap_C' with ClassGeneratedBy '/Game/SideScrollerBP/Maps/SideScrollerExampleMap.SideScrollerExampleMap:PersistentLevel.SideScrollerExampleMap'
[2017.05.27-16.21.23:440][208]LogBlueprintUserMessages: Late EndPlayMap Detection: Level '/Game/SideScrollerBP/Maps/SideScrollerExampleMap.SideScrollerExampleMap:PersistentLevel' has LevelScriptBlueprint '/Game/SideScrollerBP/Maps/SideScrollerExampleMap.SideScrollerExampleMap:PersistentLevel.SideScrollerExampleMap' with GeneratedClass '/Game/SideScrollerBP/Maps/SideScrollerExampleMap.SideScrollerExampleMap_C' with ClassGeneratedBy '/Game/SideScrollerBP/Maps/SideScrollerExampleMap.SideScrollerExampleMap:PersistentLevel.SideScrollerExampleMap'
[2017.05.27-16.23.00:227][721]LogSlate: Took 0.004899 seconds to synchronously load lazily loaded font '../../../Engine/Content/Slate/Fonts/Roboto-Light.ttf' (159K)
[2017.05.27-16.23.00:388][721]LogContentBrowser: Native class hierarchy updated for 'SkeletonEditor' in 0.0005 seconds. Added 1 classes and 2 folders.
[2017.05.27-16.23.00:548][721]LogActorComponent: RegisterComponentWithWorld: (/Engine/Transient.World_4:PersistentLevel.Actor_0.DebugSkelMeshComponent_0) Already registered. Aborting.
[2017.05.27-16.44.28:811][ 95]LogTemp: Repeting last play command: Selected Viewport
[2017.05.27-16.44.28:830][ 95]LogBlueprintUserMessages: Early PlayInEditor Detection: Level '/Game/SideScrollerBP/Maps/SideScrollerExampleMap.SideScrollerExampleMap:PersistentLevel' has LevelScriptBlueprint '/Game/SideScrollerBP/Maps/SideScrollerExampleMap.SideScrollerExampleMap:PersistentLevel.SideScrollerExampleMap' with GeneratedClass '/Game/SideScrollerBP/Maps/SideScrollerExampleMap.SideScrollerExampleMap_C' with ClassGeneratedBy '/Game/SideScrollerBP/Maps/SideScrollerExampleMap.SideScrollerExampleMap:PersistentLevel.SideScrollerExampleMap'
[2017.05.27-16.44.28:830][ 95]LogPlayLevel: PlayLevel: No blueprints needed recompiling
[2017.05.27-16.44.28:830][ 95]PIE: New page: PIE session: SideScrollerExampleMap (May 27, 2017, 8:44:28 AM)
[2017.05.27-16.44.28:830][ 95]LogPlayLevel: Creating play world package: /Game/SideScrollerBP/Maps/UEDPIE_0_SideScrollerExampleMap
[2017.05.27-16.44.28:853][ 95]LogPlayLevel: PIE: StaticDuplicateObject took: (0.022825s)
[2017.05.27-16.44.28:854][ 95]LogAIModule: Creating AISystem for world SideScrollerExampleMap
[2017.05.27-16.44.28:854][ 95]LogPlayLevel: PIE: World Init took: (0.001184s)
[2017.05.27-16.44.28:854][ 95]LogPlayLevel: PIE: Created PIE world by copying editor world from /Game/SideScrollerBP/Maps/SideScrollerExampleMap.SideScrollerExampleMap to /Game/SideScrollerBP/Maps/UEDPIE_0_SideScrollerExampleMap.SideScrollerExampleMap (0.024342s)
[2017.05.27-16.44.28:880][ 95]LogInit: XAudio2 using 'Speakers (5- Logitech G930 Gaming Headset)' : 8 channels at 48 kHz using 16 bits per sample (channel mask 0x63f)
[2017.05.27-16.44.28:895][ 95]LogInit: FAudioDevice initialized.
[2017.05.27-16.44.28:923][ 95]LogLoad: Game class is 'SideScrollerGameMode_C'
[2017.05.27-16.44.28:925][ 95]LogWorld: Bringing World /Game/SideScrollerBP/Maps/UEDPIE_0_SideScrollerExampleMap.SideScrollerExampleMap up for play (max tick rate 0) at 2017.05.27-12.44.28
[2017.05.27-16.44.28:925][ 95]LogWorld: Bringing up level for play took: 0.001650
[2017.05.27-16.44.28:927][ 95]PIE: Info Play in editor start time for /Game/SideScrollerBP/Maps/UEDPIE_0_SideScrollerExampleMap -0.653
[2017.05.27-16.44.28:927][ 95]LogBlueprintUserMessages: Late PlayInEditor Detection: Level '/Game/SideScrollerBP/Maps/SideScrollerExampleMap.SideScrollerExampleMap:PersistentLevel' has LevelScriptBlueprint '/Game/SideScrollerBP/Maps/SideScrollerExampleMap.SideScrollerExampleMap:PersistentLevel.SideScrollerExampleMap' with GeneratedClass '/Game/SideScrollerBP/Maps/SideScrollerExampleMap.SideScrollerExampleMap_C' with ClassGeneratedBy '/Game/SideScrollerBP/Maps/SideScrollerExampleMap.SideScrollerExampleMap:PersistentLevel.SideScrollerExampleMap'
[2017.05.27-16.45.44:715][167]LogBlueprintUserMessages: Early EndPlayMap Detection: Level '/Game/SideScrollerBP/Maps/SideScrollerExampleMap.SideScrollerExampleMap:PersistentLevel' has LevelScriptBlueprint '/Game/SideScrollerBP/Maps/SideScrollerExampleMap.SideScrollerExampleMap:PersistentLevel.SideScrollerExampleMap' with GeneratedClass '/Game/SideScrollerBP/Maps/SideScrollerExampleMap.SideScrollerExampleMap_C' with ClassGeneratedBy '/Game/SideScrollerBP/Maps/SideScrollerExampleMap.SideScrollerExampleMap:PersistentLevel.SideScrollerExampleMap'
[2017.05.27-16.45.44:763][167]LogBlueprintUserMessages: Late EndPlayMap Detection: Level '/Game/SideScrollerBP/Maps/SideScrollerExampleMap.SideScrollerExampleMap:PersistentLevel' has LevelScriptBlueprint '/Game/SideScrollerBP/Maps/SideScrollerExampleMap.SideScrollerExampleMap:PersistentLevel.SideScrollerExampleMap' with GeneratedClass '/Game/SideScrollerBP/Maps/SideScrollerExampleMap.SideScrollerExampleMap_C' with ClassGeneratedBy '/Game/SideScrollerBP/Maps/SideScrollerExampleMap.SideScrollerExampleMap:PersistentLevel.SideScrollerExampleMap'
[2017.05.27-16.55.51:205][348]LogActorComponent: RegisterComponentWithWorld: (/Engine/Transient.World_8:PersistentLevel.Actor_1.DebugSkelMeshComponent_2) Already registered. Aborting.
[2017.05.27-16.55.51:368][348]LogSlate: Took 0.003263 seconds to synchronously load lazily loaded font '../../../Engine/Content/Editor/Slate/Fonts/Roboto-Italic.ttf' (157K)
[2017.05.27-16.55.51:405][348]LogRenderer: Reallocating scene render targets to support 1208x888 NumSamples 1 (Frame:30924).
[2017.05.27-16.56.17:333][733]LogActorComponent: RegisterComponentWithWorld: (/Engine/Transient.World_9:PersistentLevel.Actor_2.DebugSkelMeshComponent_3) Already registered. Aborting.
[2017.05.27-16.57.05:794][587]LogSlate: Took 0.000345 seconds to synchronously load lazily loaded font '../../../Engine/Content/Slate/Fonts/Roboto-Light.ttf' (159K)
[2017.05.27-16.57.14:831][614]LogFileHelpers: Editor autosave (incl. sublevels) for '/Game/SideScrollerBP/Maps/SideScrollerExampleMap' took 0.012
[2017.05.27-16.57.14:833][614]OBJ SavePackage: Generating thumbnails for [1] asset(s) in package [/Game/SkaGameAssets/Brad/Animations/Brad_Punch_Montage] ([1] browsable assets)...
[2017.05.27-16.57.14:916][614]OBJ SavePackage:     Rendered thumbnail for [AnimMontage /Game/SkaGameAssets/Brad/Animations/Brad_Punch_Montage.Brad_Punch_Montage]
[2017.05.27-16.57.14:916][614]OBJ SavePackage: Finished generating thumbnails for package [/Game/SkaGameAssets/Brad/Animations/Brad_Punch_Montage]
[2017.05.27-16.57.14:938][614]LogSavePackage: Save=12.46ms
[2017.05.27-16.57.14:938][614]LogSavePackage: Moving '../../../../../../SVN/SkaGame2/SkaGame/Saved/Brad_Punch_Montage_Auto1C06C271C41C563EBA29AECB232861750.tmp' to '../../../../../../SVN/SkaGame2/SkaGame/Saved/Autosaves/Game/SkaGameAssets/Brad/Animations/Brad_Punch_Montage_Auto1.uasset'
[2017.05.27-16.57.14:939][614]LogSavePackage:Display: Finished SavePackage ../../../../../../SVN/SkaGame2/SkaGame/Saved/Autosaves/Game/SkaGameAssets/Brad/Animations/Brad_Punch_Montage_Auto1.uasset
[2017.05.27-16.57.14:939][614]LogFileHelpers: Auto-saving content packages took 0.107
[2017.05.27-17.02.20:008][694]LogAnimMontage:Warning: AnimCompositeSection : Punch(Punch) already exists. Choose different name.
[2017.05.27-17.07.15:684][623]LogFileHelpers: Editor autosave (incl. sublevels) for '/Game/SideScrollerBP/Maps/SideScrollerExampleMap' took 0.011
[2017.05.27-17.07.15:685][623]OBJ SavePackage: Generating thumbnails for [1] asset(s) in package [/Game/SkaGameAssets/Brad/Animations/Brad_Punch_Montage] ([1] browsable assets)...
[2017.05.27-17.07.15:710][623]OBJ SavePackage:     Rendered thumbnail for [AnimMontage /Game/SkaGameAssets/Brad/Animations/Brad_Punch_Montage.Brad_Punch_Montage]
[2017.05.27-17.07.15:710][623]OBJ SavePackage: Finished generating thumbnails for package [/Game/SkaGameAssets/Brad/Animations/Brad_Punch_Montage]
[2017.05.27-17.07.15:749][623]LogSavePackage: Save=29.35ms
[2017.05.27-17.07.15:749][623]LogSavePackage: Moving '../../../../../../SVN/SkaGame2/SkaGame/Saved/Brad_Punch_Montage_Auto28BCD25C54904BA0C559024BB4A12CD34.tmp' to '../../../../../../SVN/SkaGame2/SkaGame/Saved/Autosaves/Game/SkaGameAssets/Brad/Animations/Brad_Punch_Montage_Auto2.uasset'
[2017.05.27-17.07.15:750][623]LogSavePackage:Display: Finished SavePackage ../../../../../../SVN/SkaGame2/SkaGame/Saved/Autosaves/Game/SkaGameAssets/Brad/Animations/Brad_Punch_Montage_Auto2.uasset
[2017.05.27-17.07.15:750][623]LogFileHelpers: Auto-saving content packages took 0.065
[2017.05.27-17.12.29:698][710]Cmd: TRANSACTION UNDO
[2017.05.27-17.12.29:698][710]LogEditorTransaction: Undo Move Anim Notify
[2017.05.27-17.12.29:719][710]LogActorComponent: RegisterComponentWithWorld: (/Engine/Transient.World_9:PersistentLevel.Actor_2.DebugSkelMeshComponent_3) Already registered. Aborting.
[2017.05.27-17.15.58:415][777]LogSavePackage: Save=6.17ms
[2017.05.27-17.15.58:415][777]LogSavePackage: Moving '../../../../../../SVN/SkaGame2/SkaGame/Saved/BradWalkAnimation_Skeleton35873BC44B25E1863B39AC9AC62E72A6.tmp' to '../../../../../../SVN/SkaGame2/SkaGame/Content/SkaGameAssets/Brad/Character/Meshes/BradWalkAnimation_Skeleton.uasset'
[2017.05.27-17.15.58:417][777]LogSavePackage:Display: Finished SavePackage ../../../../../../SVN/SkaGame2/SkaGame/Content/SkaGameAssets/Brad/Character/Meshes/BradWalkAnimation_Skeleton.uasset
[2017.05.27-17.17.16:452][135]LogFileHelpers: Editor autosave (incl. sublevels) for '/Game/SideScrollerBP/Maps/SideScrollerExampleMap' took 0.015
[2017.05.27-17.17.16:453][135]OBJ SavePackage: Generating thumbnails for [1] asset(s) in package [/Game/SkaGameAssets/Brad/Animations/Brad_Punch_Montage] ([1] browsable assets)...
[2017.05.27-17.17.16:501][135]OBJ SavePackage:     Rendered thumbnail for [AnimMontage /Game/SkaGameAssets/Brad/Animations/Brad_Punch_Montage.Brad_Punch_Montage]
[2017.05.27-17.17.16:501][135]OBJ SavePackage: Finished generating thumbnails for package [/Game/SkaGameAssets/Brad/Animations/Brad_Punch_Montage]
[2017.05.27-17.17.16:523][135]LogSavePackage: Save=12.51ms
[2017.05.27-17.17.16:523][135]LogSavePackage: Moving '../../../../../../SVN/SkaGame2/SkaGame/Saved/Brad_Punch_Montage_Auto3613A6B204D0914F37899C8AA4B2BB9A4.tmp' to '../../../../../../SVN/SkaGame2/SkaGame/Saved/Autosaves/Game/SkaGameAssets/Brad/Animations/Brad_Punch_Montage_Auto3.uasset'
[2017.05.27-17.17.16:524][135]LogSavePackage:Display: Finished SavePackage ../../../../../../SVN/SkaGame2/SkaGame/Saved/Autosaves/Game/SkaGameAssets/Brad/Animations/Brad_Punch_Montage_Auto3.uasset
[2017.05.27-17.17.16:524][135]LogFileHelpers: Auto-saving content packages took 0.072
[2017.05.27-18.09.47:953][448]LogContentBrowser: Native class hierarchy updated for 'BlueprintGraph' in 0.0009 seconds. Added 112 classes and 0 folders.
[2017.05.27-18.09.48:251][448]LogSlate: Took 0.003033 seconds to synchronously load lazily loaded font '../../../Engine/Content/Slate/Fonts/Roboto-Regular.ttf' (155K)
[2017.05.27-18.09.48:375][448]LogSlate: Took 0.003256 seconds to synchronously load lazily loaded font '../../../Engine/Content/Editor/Slate/Fonts/Roboto-BoldCondensed.ttf' (158K)
[2017.05.27-18.11.12:445][541]LogTemp: Repeting last play command: Selected Viewport
[2017.05.27-18.11.12:462][541]LogBlueprintUserMessages: Early PlayInEditor Detection: Level '/Game/SideScrollerBP/Maps/SideScrollerExampleMap.SideScrollerExampleMap:PersistentLevel' has LevelScriptBlueprint '/Game/SideScrollerBP/Maps/SideScrollerExampleMap.SideScrollerExampleMap:PersistentLevel.SideScrollerExampleMap' with GeneratedClass '/Game/SideScrollerBP/Maps/SideScrollerExampleMap.SideScrollerExampleMap_C' with ClassGeneratedBy '/Game/SideScrollerBP/Maps/SideScrollerExampleMap.SideScrollerExampleMap:PersistentLevel.SideScrollerExampleMap'
[2017.05.27-18.11.12:462][541]BlueprintLog: New page: Pre-Play auto-recompile
[2017.05.27-18.11.12:462][541]LogPlayLevel: [PlayLevel] Compiling SideScrollerCharacter before play...
[2017.05.27-18.11.12:764][541]LogPlayLevel: PlayLevel: Blueprint regeneration took 301 ms (1 blueprints)
[2017.05.27-18.11.12:764][541]PIE: New page: PIE session: SideScrollerExampleMap (May 27, 2017, 10:11:12 AM)
[2017.05.27-18.11.12:764][541]LogPlayLevel: Creating play world package: /Game/SideScrollerBP/Maps/UEDPIE_0_SideScrollerExampleMap
[2017.05.27-18.11.12:787][541]LogPlayLevel: PIE: StaticDuplicateObject took: (0.022510s)
[2017.05.27-18.11.12:788][541]LogAIModule: Creating AISystem for world SideScrollerExampleMap
[2017.05.27-18.11.12:788][541]LogPlayLevel: PIE: World Init took: (0.001267s)
[2017.05.27-18.11.12:788][541]LogPlayLevel: PIE: Created PIE world by copying editor world from /Game/SideScrollerBP/Maps/SideScrollerExampleMap.SideScrollerExampleMap to /Game/SideScrollerBP/Maps/UEDPIE_0_SideScrollerExampleMap.SideScrollerExampleMap (0.024080s)
[2017.05.27-18.11.12:820][541]LogInit: XAudio2 using 'Speakers (5- Logitech G930 Gaming Headset)' : 8 channels at 48 kHz using 16 bits per sample (channel mask 0x63f)
[2017.05.27-18.11.12:834][541]LogInit: FAudioDevice initialized.
[2017.05.27-18.11.12:865][541]LogLoad: Game class is 'SideScrollerGameMode_C'
[2017.05.27-18.11.12:867][541]LogWorld: Bringing World /Game/SideScrollerBP/Maps/UEDPIE_0_SideScrollerExampleMap.SideScrollerExampleMap up for play (max tick rate 0) at 2017.05.27-14.11.12
[2017.05.27-18.11.12:867][541]LogWorld: Bringing up level for play took: 0.001532
[2017.05.27-18.11.12:869][541]PIE: Info Play in editor start time for /Game/SideScrollerBP/Maps/UEDPIE_0_SideScrollerExampleMap -0.263
[2017.05.27-18.11.12:869][541]LogBlueprintUserMessages: Late PlayInEditor Detection: Level '/Game/SideScrollerBP/Maps/SideScrollerExampleMap.SideScrollerExampleMap:PersistentLevel' has LevelScriptBlueprint '/Game/SideScrollerBP/Maps/SideScrollerExampleMap.SideScrollerExampleMap:PersistentLevel.SideScrollerExampleMap' with GeneratedClass '/Game/SideScrollerBP/Maps/SideScrollerExampleMap.SideScrollerExampleMap_C' with ClassGeneratedBy '/Game/SideScrollerBP/Maps/SideScrollerExampleMap.SideScrollerExampleMap:PersistentLevel.SideScrollerExampleMap'
[2017.05.27-18.11.31:253][742]LogBlueprintUserMessages: Early EndPlayMap Detection: Level '/Game/SideScrollerBP/Maps/SideScrollerExampleMap.SideScrollerExampleMap:PersistentLevel' has LevelScriptBlueprint '/Game/SideScrollerBP/Maps/SideScrollerExampleMap.SideScrollerExampleMap:PersistentLevel.SideScrollerExampleMap' with GeneratedClass '/Game/SideScrollerBP/Maps/SideScrollerExampleMap.SideScrollerExampleMap_C' with ClassGeneratedBy '/Game/SideScrollerBP/Maps/SideScrollerExampleMap.SideScrollerExampleMap:PersistentLevel.SideScrollerExampleMap'
[2017.05.27-18.11.31:304][742]LogBlueprintUserMessages: Late EndPlayMap Detection: Level '/Game/SideScrollerBP/Maps/SideScrollerExampleMap.SideScrollerExampleMap:PersistentLevel' has LevelScriptBlueprint '/Game/SideScrollerBP/Maps/SideScrollerExampleMap.SideScrollerExampleMap:PersistentLevel.SideScrollerExampleMap' with GeneratedClass '/Game/SideScrollerBP/Maps/SideScrollerExampleMap.SideScrollerExampleMap_C' with ClassGeneratedBy '/Game/SideScrollerBP/Maps/SideScrollerExampleMap.SideScrollerExampleMap:PersistentLevel.SideScrollerExampleMap'
[2017.05.27-18.11.45:822][214]LogTemp: Repeting last play command: Selected Viewport
[2017.05.27-18.11.45:839][214]LogBlueprintUserMessages: Early PlayInEditor Detection: Level '/Game/SideScrollerBP/Maps/SideScrollerExampleMap.SideScrollerExampleMap:PersistentLevel' has LevelScriptBlueprint '/Game/SideScrollerBP/Maps/SideScrollerExampleMap.SideScrollerExampleMap:PersistentLevel.SideScrollerExampleMap' with GeneratedClass '/Game/SideScrollerBP/Maps/SideScrollerExampleMap.SideScrollerExampleMap_C' with ClassGeneratedBy '/Game/SideScrollerBP/Maps/SideScrollerExampleMap.SideScrollerExampleMap:PersistentLevel.SideScrollerExampleMap'
[2017.05.27-18.11.45:839][214]LogPlayLevel: PlayLevel: No blueprints needed recompiling
[2017.05.27-18.11.45:839][214]PIE: New page: PIE session: SideScrollerExampleMap (May 27, 2017, 10:11:45 AM)
[2017.05.27-18.11.45:839][214]LogPlayLevel: Creating play world package: /Game/SideScrollerBP/Maps/UEDPIE_0_SideScrollerExampleMap
[2017.05.27-18.11.45:862][214]LogPlayLevel: PIE: StaticDuplicateObject took: (0.022730s)
[2017.05.27-18.11.45:863][214]LogAIModule: Creating AISystem for world SideScrollerExampleMap
[2017.05.27-18.11.45:863][214]LogPlayLevel: PIE: World Init took: (0.000866s)
[2017.05.27-18.11.45:863][214]LogPlayLevel: PIE: Created PIE world by copying editor world from /Game/SideScrollerBP/Maps/SideScrollerExampleMap.SideScrollerExampleMap to /Game/SideScrollerBP/Maps/UEDPIE_0_SideScrollerExampleMap.SideScrollerExampleMap (0.023848s)
[2017.05.27-18.11.45:892][214]LogInit: XAudio2 using 'Speakers (5- Logitech G930 Gaming Headset)' : 8 channels at 48 kHz using 16 bits per sample (channel mask 0x63f)
[2017.05.27-18.11.45:907][214]LogInit: FAudioDevice initialized.
[2017.05.27-18.11.45:937][214]LogLoad: Game class is 'SideScrollerGameMode_C'
[2017.05.27-18.11.45:939][214]LogWorld: Bringing World /Game/SideScrollerBP/Maps/UEDPIE_0_SideScrollerExampleMap.SideScrollerExampleMap up for play (max tick rate 0) at 2017.05.27-14.11.45
[2017.05.27-18.11.45:940][214]LogWorld: Bringing up level for play took: 0.001536
[2017.05.27-18.11.45:941][214]PIE: Info Play in editor start time for /Game/SideScrollerBP/Maps/UEDPIE_0_SideScrollerExampleMap 0.81
[2017.05.27-18.11.45:941][214]LogBlueprintUserMessages: Late PlayInEditor Detection: Level '/Game/SideScrollerBP/Maps/SideScrollerExampleMap.SideScrollerExampleMap:PersistentLevel' has LevelScriptBlueprint '/Game/SideScrollerBP/Maps/SideScrollerExampleMap.SideScrollerExampleMap:PersistentLevel.SideScrollerExampleMap' with GeneratedClass '/Game/SideScrollerBP/Maps/SideScrollerExampleMap.SideScrollerExampleMap_C' with ClassGeneratedBy '/Game/SideScrollerBP/Maps/SideScrollerExampleMap.SideScrollerExampleMap:PersistentLevel.SideScrollerExampleMap'
[2017.05.27-18.14.01:890][515]LogBlueprintUserMessages: Early EndPlayMap Detection: Level '/Game/SideScrollerBP/Maps/SideScrollerExampleMap.SideScrollerExampleMap:PersistentLevel' has LevelScriptBlueprint '/Game/SideScrollerBP/Maps/SideScrollerExampleMap.SideScrollerExampleMap:PersistentLevel.SideScrollerExampleMap' with GeneratedClass '/Game/SideScrollerBP/Maps/SideScrollerExampleMap.SideScrollerExampleMap_C' with ClassGeneratedBy '/Game/SideScrollerBP/Maps/SideScrollerExampleMap.SideScrollerExampleMap:PersistentLevel.SideScrollerExampleMap'
[2017.05.27-18.14.02:031][515]LogBlueprintUserMessages: Late EndPlayMap Detection: Level '/Game/SideScrollerBP/Maps/SideScrollerExampleMap.SideScrollerExampleMap:PersistentLevel' has LevelScriptBlueprint '/Game/SideScrollerBP/Maps/SideScrollerExampleMap.SideScrollerExampleMap:PersistentLevel.SideScrollerExampleMap' with GeneratedClass '/Game/SideScrollerBP/Maps/SideScrollerExampleMap.SideScrollerExampleMap_C' with ClassGeneratedBy '/Game/SideScrollerBP/Maps/SideScrollerExampleMap.SideScrollerExampleMap:PersistentLevel.SideScrollerExampleMap'
[2017.05.27-18.14.46:584][696]LogTemp: Repeting last play command: Selected Viewport
[2017.05.27-18.14.46:601][696]LogBlueprintUserMessages: Early PlayInEditor Detection: Level '/Game/SideScrollerBP/Maps/SideScrollerExampleMap.SideScrollerExampleMap:PersistentLevel' has LevelScriptBlueprint '/Game/SideScrollerBP/Maps/SideScrollerExampleMap.SideScrollerExampleMap:PersistentLevel.SideScrollerExampleMap' with GeneratedClass '/Game/SideScrollerBP/Maps/SideScrollerExampleMap.SideScrollerExampleMap_C' with ClassGeneratedBy '/Game/SideScrollerBP/Maps/SideScrollerExampleMap.SideScrollerExampleMap:PersistentLevel.SideScrollerExampleMap'
[2017.05.27-18.14.46:601][696]LogPlayLevel: PlayLevel: No blueprints needed recompiling
[2017.05.27-18.14.46:601][696]PIE: New page: PIE session: SideScrollerExampleMap (May 27, 2017, 10:14:46 AM)
[2017.05.27-18.14.46:601][696]LogPlayLevel: Creating play world package: /Game/SideScrollerBP/Maps/UEDPIE_0_SideScrollerExampleMap
[2017.05.27-18.14.46:622][696]LogPlayLevel: PIE: StaticDuplicateObject took: (0.020911s)
[2017.05.27-18.14.46:623][696]LogAIModule: Creating AISystem for world SideScrollerExampleMap
[2017.05.27-18.14.46:623][696]LogPlayLevel: PIE: World Init took: (0.000967s)
[2017.05.27-18.14.46:624][696]LogPlayLevel: PIE: Created PIE world by copying editor world from /Game/SideScrollerBP/Maps/SideScrollerExampleMap.SideScrollerExampleMap to /Game/SideScrollerBP/Maps/UEDPIE_0_SideScrollerExampleMap.SideScrollerExampleMap (0.022186s)
[2017.05.27-18.14.46:652][696]LogInit: XAudio2 using 'Speakers (5- Logitech G930 Gaming Headset)' : 8 channels at 48 kHz using 16 bits per sample (channel mask 0x63f)
[2017.05.27-18.14.46:667][696]LogInit: FAudioDevice initialized.
[2017.05.27-18.14.46:699][696]LogLoad: Game class is 'SideScrollerGameMode_C'
[2017.05.27-18.14.46:701][696]LogWorld: Bringing World /Game/SideScrollerBP/Maps/UEDPIE_0_SideScrollerExampleMap.SideScrollerExampleMap up for play (max tick rate 0) at 2017.05.27-14.14.46
[2017.05.27-18.14.46:701][696]LogWorld: Bringing up level for play took: 0.001600
[2017.05.27-18.14.46:703][696]PIE: Info Play in editor start time for /Game/SideScrollerBP/Maps/UEDPIE_0_SideScrollerExampleMap -0.425
[2017.05.27-18.14.46:703][696]LogBlueprintUserMessages: Late PlayInEditor Detection: Level '/Game/SideScrollerBP/Maps/SideScrollerExampleMap.SideScrollerExampleMap:PersistentLevel' has LevelScriptBlueprint '/Game/SideScrollerBP/Maps/SideScrollerExampleMap.SideScrollerExampleMap:PersistentLevel.SideScrollerExampleMap' with GeneratedClass '/Game/SideScrollerBP/Maps/SideScrollerExampleMap.SideScrollerExampleMap_C' with ClassGeneratedBy '/Game/SideScrollerBP/Maps/SideScrollerExampleMap.SideScrollerExampleMap:PersistentLevel.SideScrollerExampleMap'
[2017.05.27-18.15.20:066][682]LogBlueprintUserMessages: Early EndPlayMap Detection: Level '/Game/SideScrollerBP/Maps/SideScrollerExampleMap.SideScrollerExampleMap:PersistentLevel' has LevelScriptBlueprint '/Game/SideScrollerBP/Maps/SideScrollerExampleMap.SideScrollerExampleMap:PersistentLevel.SideScrollerExampleMap' with GeneratedClass '/Game/SideScrollerBP/Maps/SideScrollerExampleMap.SideScrollerExampleMap_C' with ClassGeneratedBy '/Game/SideScrollerBP/Maps/SideScrollerExampleMap.SideScrollerExampleMap:PersistentLevel.SideScrollerExampleMap'
[2017.05.27-18.15.20:120][682]LogBlueprintUserMessages: Late EndPlayMap Detection: Level '/Game/SideScrollerBP/Maps/SideScrollerExampleMap.SideScrollerExampleMap:PersistentLevel' has LevelScriptBlueprint '/Game/SideScrollerBP/Maps/SideScrollerExampleMap.SideScrollerExampleMap:PersistentLevel.SideScrollerExampleMap' with GeneratedClass '/Game/SideScrollerBP/Maps/SideScrollerExampleMap.SideScrollerExampleMap_C' with ClassGeneratedBy '/Game/SideScrollerBP/Maps/SideScrollerExampleMap.SideScrollerExampleMap:PersistentLevel.SideScrollerExampleMap'
[2017.05.27-18.15.54:164][567]Cmd: SELECT NONE
[2017.05.27-18.16.21:419][163]LogEditorViewport: Clicking on Actor (context menu): StaticMeshActor (Cube)
[2017.05.27-18.16.40:467][860]LogTemp: Repeting last play command: Selected Viewport
[2017.05.27-18.16.40:489][860]LogBlueprintUserMessages: Early PlayInEditor Detection: Level '/Game/SideScrollerBP/Maps/SideScrollerExampleMap.SideScrollerExampleMap:PersistentLevel' has LevelScriptBlueprint '/Game/SideScrollerBP/Maps/SideScrollerExampleMap.SideScrollerExampleMap:PersistentLevel.SideScrollerExampleMap' with GeneratedClass '/Game/SideScrollerBP/Maps/SideScrollerExampleMap.SideScrollerExampleMap_C' with ClassGeneratedBy '/Game/SideScrollerBP/Maps/SideScrollerExampleMap.SideScrollerExampleMap:PersistentLevel.SideScrollerExampleMap'
[2017.05.27-18.16.40:489][860]LogPlayLevel: PlayLevel: No blueprints needed recompiling
[2017.05.27-18.16.40:489][860]PIE: New page: PIE session: SideScrollerExampleMap (May 27, 2017, 10:16:40 AM)
[2017.05.27-18.16.40:489][860]LogPlayLevel: Creating play world package: /Game/SideScrollerBP/Maps/UEDPIE_0_SideScrollerExampleMap
[2017.05.27-18.16.40:510][860]LogPlayLevel: PIE: StaticDuplicateObject took: (0.020681s)
[2017.05.27-18.16.40:511][860]LogAIModule: Creating AISystem for world SideScrollerExampleMap
[2017.05.27-18.16.40:511][860]LogPlayLevel: PIE: World Init took: (0.001101s)
[2017.05.27-18.16.40:511][860]LogPlayLevel: PIE: Created PIE world by copying editor world from /Game/SideScrollerBP/Maps/SideScrollerExampleMap.SideScrollerExampleMap to /Game/SideScrollerBP/Maps/UEDPIE_0_SideScrollerExampleMap.SideScrollerExampleMap (0.022140s)
[2017.05.27-18.16.40:541][860]LogInit: XAudio2 using 'Speakers (5- Logitech G930 Gaming Headset)' : 8 channels at 48 kHz using 16 bits per sample (channel mask 0x63f)
[2017.05.27-18.16.40:556][860]LogInit: FAudioDevice initialized.
[2017.05.27-18.16.40:587][860]LogLoad: Game class is 'SideScrollerGameMode_C'
[2017.05.27-18.16.40:589][860]LogWorld: Bringing World /Game/SideScrollerBP/Maps/UEDPIE_0_SideScrollerExampleMap.SideScrollerExampleMap up for play (max tick rate 0) at 2017.05.27-14.16.40
[2017.05.27-18.16.40:589][860]LogWorld: Bringing up level for play took: 0.001643
[2017.05.27-18.16.40:591][860]PIE: Info Play in editor start time for /Game/SideScrollerBP/Maps/UEDPIE_0_SideScrollerExampleMap -0.535
[2017.05.27-18.16.40:591][860]LogBlueprintUserMessages: Late PlayInEditor Detection: Level '/Game/SideScrollerBP/Maps/SideScrollerExampleMap.SideScrollerExampleMap:PersistentLevel' has LevelScriptBlueprint '/Game/SideScrollerBP/Maps/SideScrollerExampleMap.SideScrollerExampleMap:PersistentLevel.SideScrollerExampleMap' with GeneratedClass '/Game/SideScrollerBP/Maps/SideScrollerExampleMap.SideScrollerExampleMap_C' with ClassGeneratedBy '/Game/SideScrollerBP/Maps/SideScrollerExampleMap.SideScrollerExampleMap:PersistentLevel.SideScrollerExampleMap'
[2017.05.27-18.17.25:674][265]LogBlueprintUserMessages: Early EndPlayMap Detection: Level '/Game/SideScrollerBP/Maps/SideScrollerExampleMap.SideScrollerExampleMap:PersistentLevel' has LevelScriptBlueprint '/Game/SideScrollerBP/Maps/SideScrollerExampleMap.SideScrollerExampleMap:PersistentLevel.SideScrollerExampleMap' with GeneratedClass '/Game/SideScrollerBP/Maps/SideScrollerExampleMap.SideScrollerExampleMap_C' with ClassGeneratedBy '/Game/SideScrollerBP/Maps/SideScrollerExampleMap.SideScrollerExampleMap:PersistentLevel.SideScrollerExampleMap'
[2017.05.27-18.17.25:742][265]LogBlueprintUserMessages: Late EndPlayMap Detection: Level '/Game/SideScrollerBP/Maps/SideScrollerExampleMap.SideScrollerExampleMap:PersistentLevel' has LevelScriptBlueprint '/Game/SideScrollerBP/Maps/SideScrollerExampleMap.SideScrollerExampleMap:PersistentLevel.SideScrollerExampleMap' with GeneratedClass '/Game/SideScrollerBP/Maps/SideScrollerExampleMap.SideScrollerExampleMap_C' with ClassGeneratedBy '/Game/SideScrollerBP/Maps/SideScrollerExampleMap.SideScrollerExampleMap:PersistentLevel.SideScrollerExampleMap'
[2017.05.27-18.17.55:186][357]BlueprintLog: New page: Compile SideScrollerCharacter
[2017.05.27-18.17.56:171][393]LogSavePackage: Save=52.04ms
[2017.05.27-18.17.56:171][393]LogSavePackage: Moving '../../../../../../SVN/SkaGame2/SkaGame/Saved/SideScrollerCharacterA663E2AA41C0A07EC076B388B69CFC5C.tmp' to '../../../../../../SVN/SkaGame2/SkaGame/Content/SkaGameAssets/Brad/Blueprints/SideScrollerCharacter.uasset'
[2017.05.27-18.17.56:173][393]LogSavePackage:Display: Finished SavePackage ../../../../../../SVN/SkaGame2/SkaGame/Content/SkaGameAssets/Brad/Blueprints/SideScrollerCharacter.uasset
[2017.05.27-18.18.07:785][ 21]LogSavePackage: Save=8.06ms
[2017.05.27-18.18.07:785][ 21]LogSavePackage: Moving '../../../../../../SVN/SkaGame2/SkaGame/Saved/Brad_Punch_MontageA1A12EC0440D063EDDAEEBA1D0E73D60.tmp' to '../../../../../../SVN/SkaGame2/SkaGame/Content/SkaGameAssets/Brad/Animations/Brad_Punch_Montage.uasset'
[2017.05.27-18.18.07:790][ 21]LogSavePackage:Display: Finished SavePackage ../../../../../../SVN/SkaGame2/SkaGame/Content/SkaGameAssets/Brad/Animations/Brad_Punch_Montage.uasset
[2017.05.27-18.18.13:083][384]LogActorComponent: RegisterComponentWithWorld: (/Engine/Transient.World_14:PersistentLevel.Actor_3.DebugSkelMeshComponent_6) Already registered. Aborting.
[2017.05.27-18.18.44:770][207]Cmd: OBJ SAVEPACKAGE PACKAGE="/Game/SkaGameAssets/Brad/Animations/Brad_Anim_BP" FILE="../../../../../../SVN/SkaGame2/SkaGame/Content/SkaGameAssets/Brad/Animations/Brad_Anim_BP.uasset" SILENT=true
[2017.05.27-18.18.44:816][207]LogSavePackage: Save=29.76ms
[2017.05.27-18.18.44:816][207]LogSavePackage: Moving '../../../../../../SVN/SkaGame2/SkaGame/Saved/Brad_Anim_BP82E155A44E25A2D8F116B2ABB0EA1B52.tmp' to '../../../../../../SVN/SkaGame2/SkaGame/Content/SkaGameAssets/Brad/Animations/Brad_Anim_BP.uasset'
[2017.05.27-18.18.44:818][207]LogSavePackage:Display: Finished SavePackage ../../../../../../SVN/SkaGame2/SkaGame/Content/SkaGameAssets/Brad/Animations/Brad_Anim_BP.uasset
[2017.05.27-18.21.41:231][731]BlueprintLog: New page: Compile Brad_Anim_BP
[2017.05.27-18.22.41:890][643]LogSavePackage: Save=131.79ms
[2017.05.27-18.22.41:890][643]LogSavePackage: Moving '../../../../../../SVN/SkaGame2/SkaGame/Saved/SideScrollerExampleMap_Auto4B05B7DFB4EAB0265BB2763A24B618103.tmp' to '../../../../../../SVN/SkaGame2/SkaGame/Saved/Autosaves/Game/SideScrollerBP/Maps/SideScrollerExampleMap_Auto4.umap'
[2017.05.27-18.22.41:892][643]LogSavePackage:Display: Finished SavePackage ../../../../../../SVN/SkaGame2/SkaGame/Saved/Autosaves/Game/SideScrollerBP/Maps/SideScrollerExampleMap_Auto4.umap
[2017.05.27-18.22.41:899][643]LogFileHelpers: Editor autosave (incl. sublevels) for '/Game/SideScrollerBP/Maps/SideScrollerExampleMap' took 0.175
[2017.05.27-18.22.41:899][643]LogFileHelpers: Editor autosave (incl. sublevels) for all levels took 0.175
[2017.05.27-18.22.41:901][643]OBJ SavePackage: Generating thumbnails for [1] asset(s) in package [/Game/SkaGameAssets/Brad/Animations/Brad_Anim_BP] ([1] browsable assets)...
[2017.05.27-18.22.41:920][643]OBJ SavePackage:     Rendered thumbnail for [AnimBlueprint /Game/SkaGameAssets/Brad/Animations/Brad_Anim_BP.Brad_Anim_BP]
[2017.05.27-18.22.41:920][643]OBJ SavePackage: Finished generating thumbnails for package [/Game/SkaGameAssets/Brad/Animations/Brad_Anim_BP]
[2017.05.27-18.22.41:958][643]LogSavePackage: Save=31.22ms
[2017.05.27-18.22.41:958][643]LogSavePackage: Moving '../../../../../../SVN/SkaGame2/SkaGame/Saved/Brad_Anim_BP_Auto4852FAD6642791ED1BF0C77A22703B188.tmp' to '../../../../../../SVN/SkaGame2/SkaGame/Saved/Autosaves/Game/SkaGameAssets/Brad/Animations/Brad_Anim_BP_Auto4.uasset'
[2017.05.27-18.22.41:959][643]LogSavePackage:Display: Finished SavePackage ../../../../../../SVN/SkaGame2/SkaGame/Saved/Autosaves/Game/SkaGameAssets/Brad/Animations/Brad_Anim_BP_Auto4.uasset
[2017.05.27-18.22.41:959][643]LogFileHelpers: Auto-saving content packages took 0.059
[2017.05.27-18.32.05:277][357]BlueprintLog: New page: Compile Brad_Anim_BP
[2017.05.27-18.32.42:061][344]LogFileHelpers: Editor autosave (incl. sublevels) for '/Game/SideScrollerBP/Maps/SideScrollerExampleMap' took 0.019
[2017.05.27-18.32.42:063][344]OBJ SavePackage: Generating thumbnails for [1] asset(s) in package [/Game/SkaGameAssets/Brad/Animations/Brad_Anim_BP] ([1] browsable assets)...
[2017.05.27-18.32.42:080][344]OBJ SavePackage:     Rendered thumbnail for [AnimBlueprint /Game/SkaGameAssets/Brad/Animations/Brad_Anim_BP.Brad_Anim_BP]
[2017.05.27-18.32.42:080][344]OBJ SavePackage: Finished generating thumbnails for package [/Game/SkaGameAssets/Brad/Animations/Brad_Anim_BP]
[2017.05.27-18.32.42:138][344]LogSavePackage: Save=37.65ms
[2017.05.27-18.32.42:138][344]LogSavePackage: Moving '../../../../../../SVN/SkaGame2/SkaGame/Saved/Brad_Anim_BP_Auto54E8F57E34E49B6DD0E867998DF32CB33.tmp' to '../../../../../../SVN/SkaGame2/SkaGame/Saved/Autosaves/Game/SkaGameAssets/Brad/Animations/Brad_Anim_BP_Auto5.uasset'
[2017.05.27-18.32.42:139][344]LogSavePackage:Display: Finished SavePackage ../../../../../../SVN/SkaGame2/SkaGame/Saved/Autosaves/Game/SkaGameAssets/Brad/Animations/Brad_Anim_BP_Auto5.uasset
[2017.05.27-18.32.42:139][344]LogFileHelpers: Auto-saving content packages took 0.077
[2017.05.27-18.35.26:053][428]BlueprintLog: New page: Compile Brad_Anim_BP
[2017.05.27-18.38.50:724][119]LogActorComponent: RegisterComponentWithWorld: (/Engine/Transient.World_16:PersistentLevel.Actor_4.DebugSkelMeshComponent_8) Already registered. Aborting.
[2017.05.27-18.38.59:608][794]LogActorComponent: RegisterComponentWithWorld: (/Engine/Transient.World_19:PersistentLevel.Actor_5.DebugSkelMeshComponent_10) Already registered. Aborting.
[2017.05.27-18.39.16:744][742]BlueprintLog: New page: Compile Brad_Anim_BP
[2017.05.27-18.39.56:532][168]BlueprintLog: New page: Compile Brad_Anim_BP
[2017.05.27-18.39.57:421][204]LogEditorViewport: Clicking on Actor (LMB): BP_Sky_Sphere_C (SkySphereBlueprint)
[2017.05.27-18.39.59:621][281]LogTemp: Repeting last play command: Selected Viewport
[2017.05.27-18.39.59:642][281]LogBlueprintUserMessages: Early PlayInEditor Detection: Level '/Game/SideScrollerBP/Maps/SideScrollerExampleMap.SideScrollerExampleMap:PersistentLevel' has LevelScriptBlueprint '/Game/SideScrollerBP/Maps/SideScrollerExampleMap.SideScrollerExampleMap:PersistentLevel.SideScrollerExampleMap' with GeneratedClass '/Game/SideScrollerBP/Maps/SideScrollerExampleMap.SideScrollerExampleMap_C' with ClassGeneratedBy '/Game/SideScrollerBP/Maps/SideScrollerExampleMap.SideScrollerExampleMap:PersistentLevel.SideScrollerExampleMap'
[2017.05.27-18.39.59:642][281]LogPlayLevel: PlayLevel: No blueprints needed recompiling
[2017.05.27-18.39.59:642][281]PIE: New page: PIE session: SideScrollerExampleMap (May 27, 2017, 10:39:59 AM)
[2017.05.27-18.39.59:642][281]LogPlayLevel: Creating play world package: /Game/SideScrollerBP/Maps/UEDPIE_0_SideScrollerExampleMap
[2017.05.27-18.39.59:672][281]LogPlayLevel: PIE: StaticDuplicateObject took: (0.029591s)
[2017.05.27-18.39.59:672][281]LogAIModule: Creating AISystem for world SideScrollerExampleMap
[2017.05.27-18.39.59:673][281]LogPlayLevel: PIE: World Init took: (0.000926s)
[2017.05.27-18.39.59:673][281]LogPlayLevel: PIE: Created PIE world by copying editor world from /Game/SideScrollerBP/Maps/SideScrollerExampleMap.SideScrollerExampleMap to /Game/SideScrollerBP/Maps/UEDPIE_0_SideScrollerExampleMap.SideScrollerExampleMap (0.030799s)
[2017.05.27-18.39.59:711][281]LogInit: XAudio2 using 'Speakers (5- Logitech G930 Gaming Headset)' : 8 channels at 48 kHz using 16 bits per sample (channel mask 0x63f)
[2017.05.27-18.39.59:731][281]LogInit: FAudioDevice initialized.
[2017.05.27-18.39.59:767][281]LogLoad: Game class is 'SideScrollerGameMode_C'
[2017.05.27-18.39.59:770][281]LogWorld: Bringing World /Game/SideScrollerBP/Maps/UEDPIE_0_SideScrollerExampleMap.SideScrollerExampleMap up for play (max tick rate 0) at 2017.05.27-14.39.59
[2017.05.27-18.39.59:770][281]LogWorld: Bringing up level for play took: 0.001562
[2017.05.27-18.39.59:772][281]PIE: Info Play in editor start time for /Game/SideScrollerBP/Maps/UEDPIE_0_SideScrollerExampleMap 0.671
[2017.05.27-18.39.59:772][281]LogBlueprintUserMessages: Late PlayInEditor Detection: Level '/Game/SideScrollerBP/Maps/SideScrollerExampleMap.SideScrollerExampleMap:PersistentLevel' has LevelScriptBlueprint '/Game/SideScrollerBP/Maps/SideScrollerExampleMap.SideScrollerExampleMap:PersistentLevel.SideScrollerExampleMap' with GeneratedClass '/Game/SideScrollerBP/Maps/SideScrollerExampleMap.SideScrollerExampleMap_C' with ClassGeneratedBy '/Game/SideScrollerBP/Maps/SideScrollerExampleMap.SideScrollerExampleMap:PersistentLevel.SideScrollerExampleMap'
[2017.05.27-18.40.13:124][895]LogBlueprintUserMessages: Early EndPlayMap Detection: Level '/Game/SideScrollerBP/Maps/SideScrollerExampleMap.SideScrollerExampleMap:PersistentLevel' has LevelScriptBlueprint '/Game/SideScrollerBP/Maps/SideScrollerExampleMap.SideScrollerExampleMap:PersistentLevel.SideScrollerExampleMap' with GeneratedClass '/Game/SideScrollerBP/Maps/SideScrollerExampleMap.SideScrollerExampleMap_C' with ClassGeneratedBy '/Game/SideScrollerBP/Maps/SideScrollerExampleMap.SideScrollerExampleMap:PersistentLevel.SideScrollerExampleMap'
[2017.05.27-18.40.13:181][895]LogBlueprintUserMessages: Late EndPlayMap Detection: Level '/Game/SideScrollerBP/Maps/SideScrollerExampleMap.SideScrollerExampleMap:PersistentLevel' has LevelScriptBlueprint '/Game/SideScrollerBP/Maps/SideScrollerExampleMap.SideScrollerExampleMap:PersistentLevel.SideScrollerExampleMap' with GeneratedClass '/Game/SideScrollerBP/Maps/SideScrollerExampleMap.SideScrollerExampleMap_C' with ClassGeneratedBy '/Game/SideScrollerBP/Maps/SideScrollerExampleMap.SideScrollerExampleMap:PersistentLevel.SideScrollerExampleMap'
[2017.05.27-18.40.41:895][169]BlueprintLog: New page: Compile Brad_Anim_BP
[2017.05.27-18.40.46:787][444]LogTemp: Repeting last play command: Selected Viewport
[2017.05.27-18.40.46:806][444]LogBlueprintUserMessages: Early PlayInEditor Detection: Level '/Game/SideScrollerBP/Maps/SideScrollerExampleMap.SideScrollerExampleMap:PersistentLevel' has LevelScriptBlueprint '/Game/SideScrollerBP/Maps/SideScrollerExampleMap.SideScrollerExampleMap:PersistentLevel.SideScrollerExampleMap' with GeneratedClass '/Game/SideScrollerBP/Maps/SideScrollerExampleMap.SideScrollerExampleMap_C' with ClassGeneratedBy '/Game/SideScrollerBP/Maps/SideScrollerExampleMap.SideScrollerExampleMap:PersistentLevel.SideScrollerExampleMap'
[2017.05.27-18.40.46:806][444]LogPlayLevel: PlayLevel: No blueprints needed recompiling
[2017.05.27-18.40.46:806][444]PIE: New page: PIE session: SideScrollerExampleMap (May 27, 2017, 10:40:46 AM)
[2017.05.27-18.40.46:806][444]LogPlayLevel: Creating play world package: /Game/SideScrollerBP/Maps/UEDPIE_0_SideScrollerExampleMap
[2017.05.27-18.40.46:833][444]LogPlayLevel: PIE: StaticDuplicateObject took: (0.027034s)
[2017.05.27-18.40.46:835][444]LogAIModule: Creating AISystem for world SideScrollerExampleMap
[2017.05.27-18.40.46:836][444]LogPlayLevel: PIE: World Init took: (0.002252s)
[2017.05.27-18.40.46:836][444]LogPlayLevel: PIE: Created PIE world by copying editor world from /Game/SideScrollerBP/Maps/SideScrollerExampleMap.SideScrollerExampleMap to /Game/SideScrollerBP/Maps/UEDPIE_0_SideScrollerExampleMap.SideScrollerExampleMap (0.029744s)
[2017.05.27-18.40.46:871][444]LogInit: XAudio2 using 'Speakers (5- Logitech G930 Gaming Headset)' : 8 channels at 48 kHz using 16 bits per sample (channel mask 0x63f)
[2017.05.27-18.40.46:888][444]LogInit: FAudioDevice initialized.
[2017.05.27-18.40.46:920][444]LogLoad: Game class is 'SideScrollerGameMode_C'
[2017.05.27-18.40.46:922][444]LogWorld: Bringing World /Game/SideScrollerBP/Maps/UEDPIE_0_SideScrollerExampleMap.SideScrollerExampleMap up for play (max tick rate 0) at 2017.05.27-14.40.46
[2017.05.27-18.40.46:922][444]LogWorld: Bringing up level for play took: 0.001596
[2017.05.27-18.40.46:924][444]PIE: Info Play in editor start time for /Game/SideScrollerBP/Maps/UEDPIE_0_SideScrollerExampleMap -0.176
[2017.05.27-18.40.46:924][444]LogBlueprintUserMessages: Late PlayInEditor Detection: Level '/Game/SideScrollerBP/Maps/SideScrollerExampleMap.SideScrollerExampleMap:PersistentLevel' has LevelScriptBlueprint '/Game/SideScrollerBP/Maps/SideScrollerExampleMap.SideScrollerExampleMap:PersistentLevel.SideScrollerExampleMap' with GeneratedClass '/Game/SideScrollerBP/Maps/SideScrollerExampleMap.SideScrollerExampleMap_C' with ClassGeneratedBy '/Game/SideScrollerBP/Maps/SideScrollerExampleMap.SideScrollerExampleMap:PersistentLevel.SideScrollerExampleMap'
[2017.05.27-18.40.50:271][811]LogBlueprintUserMessages: Early EndPlayMap Detection: Level '/Game/SideScrollerBP/Maps/SideScrollerExampleMap.SideScrollerExampleMap:PersistentLevel' has LevelScriptBlueprint '/Game/SideScrollerBP/Maps/SideScrollerExampleMap.SideScrollerExampleMap:PersistentLevel.SideScrollerExampleMap' with GeneratedClass '/Game/SideScrollerBP/Maps/SideScrollerExampleMap.SideScrollerExampleMap_C' with ClassGeneratedBy '/Game/SideScrollerBP/Maps/SideScrollerExampleMap.SideScrollerExampleMap:PersistentLevel.SideScrollerExampleMap'
[2017.05.27-18.40.50:322][811]LogBlueprintUserMessages: Late EndPlayMap Detection: Level '/Game/SideScrollerBP/Maps/SideScrollerExampleMap.SideScrollerExampleMap:PersistentLevel' has LevelScriptBlueprint '/Game/SideScrollerBP/Maps/SideScrollerExampleMap.SideScrollerExampleMap:PersistentLevel.SideScrollerExampleMap' with GeneratedClass '/Game/SideScrollerBP/Maps/SideScrollerExampleMap.SideScrollerExampleMap_C' with ClassGeneratedBy '/Game/SideScrollerBP/Maps/SideScrollerExampleMap.SideScrollerExampleMap:PersistentLevel.SideScrollerExampleMap'
[2017.05.27-18.41.33:321][957]BlueprintLog: New page: Compile Brad_Anim_BP
[2017.05.27-18.42.59:809][536]LogFileHelpers: Editor autosave (incl. sublevels) for '/Game/SideScrollerBP/Maps/SideScrollerExampleMap' took 0.017
[2017.05.27-18.42.59:811][536]OBJ SavePackage: Generating thumbnails for [1] asset(s) in package [/Game/SkaGameAssets/Brad/Animations/Brad_Anim_BP] ([1] browsable assets)...
[2017.05.27-18.42.59:832][536]OBJ SavePackage:     Rendered thumbnail for [AnimBlueprint /Game/SkaGameAssets/Brad/Animations/Brad_Anim_BP.Brad_Anim_BP]
[2017.05.27-18.42.59:832][536]OBJ SavePackage: Finished generating thumbnails for package [/Game/SkaGameAssets/Brad/Animations/Brad_Anim_BP]
[2017.05.27-18.42.59:880][536]LogSavePackage: Save=33.78ms
[2017.05.27-18.42.59:880][536]LogSavePackage: Moving '../../../../../../SVN/SkaGame2/SkaGame/Saved/Brad_Anim_BP_Auto6A3212DBD488CC92EB0AF7385BE5D5903.tmp' to '../../../../../../SVN/SkaGame2/SkaGame/Saved/Autosaves/Game/SkaGameAssets/Brad/Animations/Brad_Anim_BP_Auto6.uasset'
[2017.05.27-18.42.59:881][536]LogSavePackage:Display: Finished SavePackage ../../../../../../SVN/SkaGame2/SkaGame/Saved/Autosaves/Game/SkaGameAssets/Brad/Animations/Brad_Anim_BP_Auto6.uasset
[2017.05.27-18.42.59:882][536]LogFileHelpers: Auto-saving content packages took 0.072
[2017.05.27-18.46.01:462][912]BlueprintLog: New page: Compile Brad_Anim_BP
[2017.05.27-18.46.17:915][808]LogActorComponent: RegisterComponentWithWorld: (/Engine/Transient.World_21:PersistentLevel.Actor_6.DebugSkelMeshComponent_12) Already registered. Aborting.
[2017.05.27-18.47.29:315][564]BlueprintLog: New page: Compile Brad_Anim_BP
[2017.05.27-18.47.37:005][965]LogTemp: Repeting last play command: Selected Viewport
[2017.05.27-18.47.37:027][965]LogBlueprintUserMessages: Early PlayInEditor Detection: Level '/Game/SideScrollerBP/Maps/SideScrollerExampleMap.SideScrollerExampleMap:PersistentLevel' has LevelScriptBlueprint '/Game/SideScrollerBP/Maps/SideScrollerExampleMap.SideScrollerExampleMap:PersistentLevel.SideScrollerExampleMap' with GeneratedClass '/Game/SideScrollerBP/Maps/SideScrollerExampleMap.SideScrollerExampleMap_C' with ClassGeneratedBy '/Game/SideScrollerBP/Maps/SideScrollerExampleMap.SideScrollerExampleMap:PersistentLevel.SideScrollerExampleMap'
[2017.05.27-18.47.37:027][965]LogPlayLevel: PlayLevel: No blueprints needed recompiling
[2017.05.27-18.47.37:027][965]PIE: New page: PIE session: SideScrollerExampleMap (May 27, 2017, 10:47:37 AM)
[2017.05.27-18.47.37:027][965]LogPlayLevel: Creating play world package: /Game/SideScrollerBP/Maps/UEDPIE_0_SideScrollerExampleMap
[2017.05.27-18.47.37:053][965]LogPlayLevel: PIE: StaticDuplicateObject took: (0.025998s)
[2017.05.27-18.47.37:054][965]LogAIModule: Creating AISystem for world SideScrollerExampleMap
[2017.05.27-18.47.37:054][965]LogPlayLevel: PIE: World Init took: (0.000923s)
[2017.05.27-18.47.37:055][965]LogPlayLevel: PIE: Created PIE world by copying editor world from /Game/SideScrollerBP/Maps/SideScrollerExampleMap.SideScrollerExampleMap to /Game/SideScrollerBP/Maps/UEDPIE_0_SideScrollerExampleMap.SideScrollerExampleMap (0.027250s)
[2017.05.27-18.47.37:089][965]LogInit: XAudio2 using 'Speakers (5- Logitech G930 Gaming Headset)' : 8 channels at 48 kHz using 16 bits per sample (channel mask 0x63f)
[2017.05.27-18.47.37:108][965]LogInit: FAudioDevice initialized.
[2017.05.27-18.47.37:148][965]LogLoad: Game class is 'SideScrollerGameMode_C'
[2017.05.27-18.47.37:151][965]LogWorld: Bringing World /Game/SideScrollerBP/Maps/UEDPIE_0_SideScrollerExampleMap.SideScrollerExampleMap up for play (max tick rate 0) at 2017.05.27-14.47.37
[2017.05.27-18.47.37:151][965]LogWorld: Bringing up level for play took: 0.001613
[2017.05.27-18.47.37:153][965]PIE: Info Play in editor start time for /Game/SideScrollerBP/Maps/UEDPIE_0_SideScrollerExampleMap 0.058
[2017.05.27-18.47.37:153][965]LogBlueprintUserMessages: Late PlayInEditor Detection: Level '/Game/SideScrollerBP/Maps/SideScrollerExampleMap.SideScrollerExampleMap:PersistentLevel' has LevelScriptBlueprint '/Game/SideScrollerBP/Maps/SideScrollerExampleMap.SideScrollerExampleMap:PersistentLevel.SideScrollerExampleMap' with GeneratedClass '/Game/SideScrollerBP/Maps/SideScrollerExampleMap.SideScrollerExampleMap_C' with ClassGeneratedBy '/Game/SideScrollerBP/Maps/SideScrollerExampleMap.SideScrollerExampleMap:PersistentLevel.SideScrollerExampleMap'
[2017.05.27-18.47.41:047][187]LogBlueprintUserMessages: Early EndPlayMap Detection: Level '/Game/SideScrollerBP/Maps/SideScrollerExampleMap.SideScrollerExampleMap:PersistentLevel' has LevelScriptBlueprint '/Game/SideScrollerBP/Maps/SideScrollerExampleMap.SideScrollerExampleMap:PersistentLevel.SideScrollerExampleMap' with GeneratedClass '/Game/SideScrollerBP/Maps/SideScrollerExampleMap.SideScrollerExampleMap_C' with ClassGeneratedBy '/Game/SideScrollerBP/Maps/SideScrollerExampleMap.SideScrollerExampleMap:PersistentLevel.SideScrollerExampleMap'
[2017.05.27-18.47.41:096][187]LogBlueprintUserMessages: Late EndPlayMap Detection: Level '/Game/SideScrollerBP/Maps/SideScrollerExampleMap.SideScrollerExampleMap:PersistentLevel' has LevelScriptBlueprint '/Game/SideScrollerBP/Maps/SideScrollerExampleMap.SideScrollerExampleMap:PersistentLevel.SideScrollerExampleMap' with GeneratedClass '/Game/SideScrollerBP/Maps/SideScrollerExampleMap.SideScrollerExampleMap_C' with ClassGeneratedBy '/Game/SideScrollerBP/Maps/SideScrollerExampleMap.SideScrollerExampleMap:PersistentLevel.SideScrollerExampleMap'
[2017.05.27-18.47.46:746][399]LogTemp: Repeting last play command: Selected Viewport
[2017.05.27-18.47.46:767][399]LogBlueprintUserMessages: Early PlayInEditor Detection: Level '/Game/SideScrollerBP/Maps/SideScrollerExampleMap.SideScrollerExampleMap:PersistentLevel' has LevelScriptBlueprint '/Game/SideScrollerBP/Maps/SideScrollerExampleMap.SideScrollerExampleMap:PersistentLevel.SideScrollerExampleMap' with GeneratedClass '/Game/SideScrollerBP/Maps/SideScrollerExampleMap.SideScrollerExampleMap_C' with ClassGeneratedBy '/Game/SideScrollerBP/Maps/SideScrollerExampleMap.SideScrollerExampleMap:PersistentLevel.SideScrollerExampleMap'
[2017.05.27-18.47.46:767][399]LogPlayLevel: PlayLevel: No blueprints needed recompiling
[2017.05.27-18.47.46:767][399]PIE: New page: PIE session: SideScrollerExampleMap (May 27, 2017, 10:47:46 AM)
[2017.05.27-18.47.46:767][399]LogPlayLevel: Creating play world package: /Game/SideScrollerBP/Maps/UEDPIE_0_SideScrollerExampleMap
[2017.05.27-18.47.46:793][399]LogPlayLevel: PIE: StaticDuplicateObject took: (0.025332s)
[2017.05.27-18.47.46:794][399]LogAIModule: Creating AISystem for world SideScrollerExampleMap
[2017.05.27-18.47.46:794][399]LogPlayLevel: PIE: World Init took: (0.001118s)
[2017.05.27-18.47.46:794][399]LogPlayLevel: PIE: Created PIE world by copying editor world from /Game/SideScrollerBP/Maps/SideScrollerExampleMap.SideScrollerExampleMap to /Game/SideScrollerBP/Maps/UEDPIE_0_SideScrollerExampleMap.SideScrollerExampleMap (0.026785s)
[2017.05.27-18.47.46:832][399]LogInit: XAudio2 using 'Speakers (5- Logitech G930 Gaming Headset)' : 8 channels at 48 kHz using 16 bits per sample (channel mask 0x63f)
[2017.05.27-18.47.46:850][399]LogInit: FAudioDevice initialized.
[2017.05.27-18.47.46:882][399]LogLoad: Game class is 'SideScrollerGameMode_C'
[2017.05.27-18.47.46:884][399]LogWorld: Bringing World /Game/SideScrollerBP/Maps/UEDPIE_0_SideScrollerExampleMap.SideScrollerExampleMap up for play (max tick rate 0) at 2017.05.27-14.47.46
[2017.05.27-18.47.46:884][399]LogWorld: Bringing up level for play took: 0.001548
[2017.05.27-18.47.46:886][399]PIE: Info Play in editor start time for /Game/SideScrollerBP/Maps/UEDPIE_0_SideScrollerExampleMap -0.208
[2017.05.27-18.47.46:886][399]LogBlueprintUserMessages: Late PlayInEditor Detection: Level '/Game/SideScrollerBP/Maps/SideScrollerExampleMap.SideScrollerExampleMap:PersistentLevel' has LevelScriptBlueprint '/Game/SideScrollerBP/Maps/SideScrollerExampleMap.SideScrollerExampleMap:PersistentLevel.SideScrollerExampleMap' with GeneratedClass '/Game/SideScrollerBP/Maps/SideScrollerExampleMap.SideScrollerExampleMap_C' with ClassGeneratedBy '/Game/SideScrollerBP/Maps/SideScrollerExampleMap.SideScrollerExampleMap:PersistentLevel.SideScrollerExampleMap'
[2017.05.27-18.47.56:152][908]LogBlueprintUserMessages: Early EndPlayMap Detection: Level '/Game/SideScrollerBP/Maps/SideScrollerExampleMap.SideScrollerExampleMap:PersistentLevel' has LevelScriptBlueprint '/Game/SideScrollerBP/Maps/SideScrollerExampleMap.SideScrollerExampleMap:PersistentLevel.SideScrollerExampleMap' with GeneratedClass '/Game/SideScrollerBP/Maps/SideScrollerExampleMap.SideScrollerExampleMap_C' with ClassGeneratedBy '/Game/SideScrollerBP/Maps/SideScrollerExampleMap.SideScrollerExampleMap:PersistentLevel.SideScrollerExampleMap'
[2017.05.27-18.47.56:207][908]LogBlueprintUserMessages: Late EndPlayMap Detection: Level '/Game/SideScrollerBP/Maps/SideScrollerExampleMap.SideScrollerExampleMap:PersistentLevel' has LevelScriptBlueprint '/Game/SideScrollerBP/Maps/SideScrollerExampleMap.SideScrollerExampleMap:PersistentLevel.SideScrollerExampleMap' with GeneratedClass '/Game/SideScrollerBP/Maps/SideScrollerExampleMap.SideScrollerExampleMap_C' with ClassGeneratedBy '/Game/SideScrollerBP/Maps/SideScrollerExampleMap.SideScrollerExampleMap:PersistentLevel.SideScrollerExampleMap'
[2017.05.27-18.47.56:486][917]Cmd: SELECT NONE
[2017.05.27-18.48.14:156][715]LogActorComponent: RegisterComponentWithWorld: (/Engine/Transient.World_23:PersistentLevel.Actor_7.DebugSkelMeshComponent_14) Already registered. Aborting.
[2017.05.27-18.48.39:315][568]LogSlate: Only BGRA pngs, bmps or icos are supported in by External Image Picker
[2017.05.27-18.48.39:395][570]LogTemp:Display: Executing iPhonePackager certificates Engine -bundlename com.YourCompany.SkaGame3

[2017.05.27-18.48.39:395][570]LogTemp:Display: CWD: C:\Program Files\Epic Games\UE_4.15\Engine\Binaries\DotNET\IOS

[2017.05.27-18.48.39:395][570]LogTemp:Display: Initial Dir: C:\Program Files\Epic Games\UE_4.15

[2017.05.27-18.48.39:395][570]LogTemp:Display: Env CWD: C:\Program Files\Epic Games\UE_4.15\Engine\Binaries\DotNET\IOS

[2017.05.27-18.48.39:395][570]LogTemp:Display: BranchPath = DESKTOP-58CNULQ/C/Program Files/Epic Games/UE_4.15/Engine/Binaries --- GameBranchPath = DESKTOP-58CNULQ/C/Program Files/Epic Games/UE_4.15/Engine/Binaries

[2017.05.27-18.48.39:467][574]LogTemp:Display: IPP ERROR: Application exception: System.IO.DirectoryNotFoundException: Could not find a part of the path 'C:\Users\Ethan\AppData\Local\Apple Computer\MobileDevice\Provisioning Profiles'.

[2017.05.27-18.48.39:467][574]LogTemp:Display:    at System.IO.__Error.WinIOError(Int32 errorCode, String maybeFullPath)

[2017.05.27-18.48.39:467][574]LogTemp:Display:    at System.IO.FileSystemEnumerableIterator`1.CommonInit()

[2017.05.27-18.48.39:467][574]LogTemp:Display:    at System.IO.Directory.EnumerateFiles(String path, String searchPattern)

[2017.05.27-18.48.39:467][574]LogTemp:Display:    at iPhonePackager.CodeSignatureBuilder.FindProvisions(String CFBundleIdentifier)

[2017.05.27-18.48.39:467][574]LogTemp:Display:    at iPhonePackager.Program.Main(String[] args)

[2017.05.27-18.48.48:343][501]LogTemp: Repeting last play command: Selected Viewport
[2017.05.27-18.48.48:361][501]LogBlueprintUserMessages: Early PlayInEditor Detection: Level '/Game/SideScrollerBP/Maps/SideScrollerExampleMap.SideScrollerExampleMap:PersistentLevel' has LevelScriptBlueprint '/Game/SideScrollerBP/Maps/SideScrollerExampleMap.SideScrollerExampleMap:PersistentLevel.SideScrollerExampleMap' with GeneratedClass '/Game/SideScrollerBP/Maps/SideScrollerExampleMap.SideScrollerExampleMap_C' with ClassGeneratedBy '/Game/SideScrollerBP/Maps/SideScrollerExampleMap.SideScrollerExampleMap:PersistentLevel.SideScrollerExampleMap'
[2017.05.27-18.48.48:361][501]LogPlayLevel: PlayLevel: No blueprints needed recompiling
[2017.05.27-18.48.48:361][501]PIE: New page: PIE session: SideScrollerExampleMap (May 27, 2017, 10:48:48 AM)
[2017.05.27-18.48.48:361][501]LogPlayLevel: Creating play world package: /Game/SideScrollerBP/Maps/UEDPIE_0_SideScrollerExampleMap
[2017.05.27-18.48.48:381][501]LogPlayLevel: PIE: StaticDuplicateObject took: (0.019547s)
[2017.05.27-18.48.48:382][501]LogAIModule: Creating AISystem for world SideScrollerExampleMap
[2017.05.27-18.48.48:382][501]LogPlayLevel: PIE: World Init took: (0.000893s)
[2017.05.27-18.48.48:382][501]LogPlayLevel: PIE: Created PIE world by copying editor world from /Game/SideScrollerBP/Maps/SideScrollerExampleMap.SideScrollerExampleMap to /Game/SideScrollerBP/Maps/UEDPIE_0_SideScrollerExampleMap.SideScrollerExampleMap (0.020744s)
[2017.05.27-18.48.48:412][501]LogInit: XAudio2 using 'Speakers (5- Logitech G930 Gaming Headset)' : 8 channels at 48 kHz using 16 bits per sample (channel mask 0x63f)
[2017.05.27-18.48.48:429][501]LogInit: FAudioDevice initialized.
[2017.05.27-18.48.48:461][501]LogLoad: Game class is 'SideScrollerGameMode_C'
[2017.05.27-18.48.48:463][501]LogWorld: Bringing World /Game/SideScrollerBP/Maps/UEDPIE_0_SideScrollerExampleMap.SideScrollerExampleMap up for play (max tick rate 0) at 2017.05.27-14.48.48
[2017.05.27-18.48.48:463][501]LogWorld: Bringing up level for play took: 0.001540
[2017.05.27-18.48.48:465][501]PIE: Info Play in editor start time for /Game/SideScrollerBP/Maps/UEDPIE_0_SideScrollerExampleMap -0.629
[2017.05.27-18.48.48:465][501]LogBlueprintUserMessages: Late PlayInEditor Detection: Level '/Game/SideScrollerBP/Maps/SideScrollerExampleMap.SideScrollerExampleMap:PersistentLevel' has LevelScriptBlueprint '/Game/SideScrollerBP/Maps/SideScrollerExampleMap.SideScrollerExampleMap:PersistentLevel.SideScrollerExampleMap' with GeneratedClass '/Game/SideScrollerBP/Maps/SideScrollerExampleMap.SideScrollerExampleMap_C' with ClassGeneratedBy '/Game/SideScrollerBP/Maps/SideScrollerExampleMap.SideScrollerExampleMap:PersistentLevel.SideScrollerExampleMap'
[2017.05.27-18.48.51:559][796]LogBlueprintUserMessages: Early EndPlayMap Detection: Level '/Game/SideScrollerBP/Maps/SideScrollerExampleMap.SideScrollerExampleMap:PersistentLevel' has LevelScriptBlueprint '/Game/SideScrollerBP/Maps/SideScrollerExampleMap.SideScrollerExampleMap:PersistentLevel.SideScrollerExampleMap' with GeneratedClass '/Game/SideScrollerBP/Maps/SideScrollerExampleMap.SideScrollerExampleMap_C' with ClassGeneratedBy '/Game/SideScrollerBP/Maps/SideScrollerExampleMap.SideScrollerExampleMap:PersistentLevel.SideScrollerExampleMap'
[2017.05.27-18.48.51:589][796]LogBlueprintUserMessages: Late EndPlayMap Detection: Level '/Game/SideScrollerBP/Maps/SideScrollerExampleMap.SideScrollerExampleMap:PersistentLevel' has LevelScriptBlueprint '/Game/SideScrollerBP/Maps/SideScrollerExampleMap.SideScrollerExampleMap:PersistentLevel.SideScrollerExampleMap' with GeneratedClass '/Game/SideScrollerBP/Maps/SideScrollerExampleMap.SideScrollerExampleMap_C' with ClassGeneratedBy '/Game/SideScrollerBP/Maps/SideScrollerExampleMap.SideScrollerExampleMap:PersistentLevel.SideScrollerExampleMap'
[2017.05.27-18.48.52:972][891]LogTemp: Repeting last play command: Selected Viewport
[2017.05.27-18.48.52:989][891]LogBlueprintUserMessages: Early PlayInEditor Detection: Level '/Game/SideScrollerBP/Maps/SideScrollerExampleMap.SideScrollerExampleMap:PersistentLevel' has LevelScriptBlueprint '/Game/SideScrollerBP/Maps/SideScrollerExampleMap.SideScrollerExampleMap:PersistentLevel.SideScrollerExampleMap' with GeneratedClass '/Game/SideScrollerBP/Maps/SideScrollerExampleMap.SideScrollerExampleMap_C' with ClassGeneratedBy '/Game/SideScrollerBP/Maps/SideScrollerExampleMap.SideScrollerExampleMap:PersistentLevel.SideScrollerExampleMap'
[2017.05.27-18.48.52:989][891]LogPlayLevel: PlayLevel: No blueprints needed recompiling
[2017.05.27-18.48.52:989][891]PIE: New page: PIE session: SideScrollerExampleMap (May 27, 2017, 10:48:52 AM)
[2017.05.27-18.48.52:989][891]LogPlayLevel: Creating play world package: /Game/SideScrollerBP/Maps/UEDPIE_0_SideScrollerExampleMap
[2017.05.27-18.48.53:010][891]LogPlayLevel: PIE: StaticDuplicateObject took: (0.021204s)
[2017.05.27-18.48.53:011][891]LogAIModule: Creating AISystem for world SideScrollerExampleMap
[2017.05.27-18.48.53:011][891]LogPlayLevel: PIE: World Init took: (0.000913s)
[2017.05.27-18.48.53:011][891]LogPlayLevel: PIE: Created PIE world by copying editor world from /Game/SideScrollerBP/Maps/SideScrollerExampleMap.SideScrollerExampleMap to /Game/SideScrollerBP/Maps/UEDPIE_0_SideScrollerExampleMap.SideScrollerExampleMap (0.022352s)
[2017.05.27-18.48.53:042][891]LogInit: XAudio2 using 'Speakers (5- Logitech G930 Gaming Headset)' : 8 channels at 48 kHz using 16 bits per sample (channel mask 0x63f)
[2017.05.27-18.48.53:057][891]LogInit: FAudioDevice initialized.
[2017.05.27-18.48.53:086][891]LogLoad: Game class is 'SideScrollerGameMode_C'
[2017.05.27-18.48.53:088][891]LogWorld: Bringing World /Game/SideScrollerBP/Maps/UEDPIE_0_SideScrollerExampleMap.SideScrollerExampleMap up for play (max tick rate 0) at 2017.05.27-14.48.53
[2017.05.27-18.48.53:089][891]LogWorld: Bringing up level for play took: 0.001515
[2017.05.27-18.48.53:090][891]PIE: Info Play in editor start time for /Game/SideScrollerBP/Maps/UEDPIE_0_SideScrollerExampleMap -0.003
[2017.05.27-18.48.53:090][891]LogBlueprintUserMessages: Late PlayInEditor Detection: Level '/Game/SideScrollerBP/Maps/SideScrollerExampleMap.SideScrollerExampleMap:PersistentLevel' has LevelScriptBlueprint '/Game/SideScrollerBP/Maps/SideScrollerExampleMap.SideScrollerExampleMap:PersistentLevel.SideScrollerExampleMap' with GeneratedClass '/Game/SideScrollerBP/Maps/SideScrollerExampleMap.SideScrollerExampleMap_C' with ClassGeneratedBy '/Game/SideScrollerBP/Maps/SideScrollerExampleMap.SideScrollerExampleMap:PersistentLevel.SideScrollerExampleMap'
[2017.05.27-18.48.54:700][ 57]LogBlueprintUserMessages: Early EndPlayMap Detection: Level '/Game/SideScrollerBP/Maps/SideScrollerExampleMap.SideScrollerExampleMap:PersistentLevel' has LevelScriptBlueprint '/Game/SideScrollerBP/Maps/SideScrollerExampleMap.SideScrollerExampleMap:PersistentLevel.SideScrollerExampleMap' with GeneratedClass '/Game/SideScrollerBP/Maps/SideScrollerExampleMap.SideScrollerExampleMap_C' with ClassGeneratedBy '/Game/SideScrollerBP/Maps/SideScrollerExampleMap.SideScrollerExampleMap:PersistentLevel.SideScrollerExampleMap'
[2017.05.27-18.48.54:733][ 57]LogBlueprintUserMessages: Late EndPlayMap Detection: Level '/Game/SideScrollerBP/Maps/SideScrollerExampleMap.SideScrollerExampleMap:PersistentLevel' has LevelScriptBlueprint '/Game/SideScrollerBP/Maps/SideScrollerExampleMap.SideScrollerExampleMap:PersistentLevel.SideScrollerExampleMap' with GeneratedClass '/Game/SideScrollerBP/Maps/SideScrollerExampleMap.SideScrollerExampleMap_C' with ClassGeneratedBy '/Game/SideScrollerBP/Maps/SideScrollerExampleMap.SideScrollerExampleMap:PersistentLevel.SideScrollerExampleMap'
[2017.05.27-18.49.05:097][940]LogEditorViewport: Clicking on Actor (LMB): SideScrollerCharacter_C (SideScrollerCharacter)
[2017.05.27-18.53.33:397][884]LogUObjectBase:Warning: NULL object
[2017.05.27-18.53.33:534][884]LogStats: FPlatformStackWalk::StackWalkAndDump -  0.136 s
[2017.05.27-18.53.33:534][884]LogOutputDevice:Error: === Handled ensure: ===
[2017.05.27-18.53.33:534][884]LogOutputDevice:Error: 
[2017.05.27-18.53.33:534][884]LogOutputDevice:Error: Ensure condition failed: false [File:D:\Build\++UE4+Release-4.15+Compile\Sync\Engine\Source\Editor\Kismet\Private\SKismetInspector.cpp] [Line: 540]
[2017.05.27-18.53.33:534][884]LogOutputDevice:Error: Object in KismetInspector is invalid, see TTP 281915
[2017.05.27-18.53.33:534][884]LogOutputDevice:Error: Stack: 
[2017.05.27-18.53.33:534][884]LogOutputDevice:Error: UE4Editor-Core.dll!0x00000000426395E6
[2017.05.27-18.53.33:534][884]LogOutputDevice:Error: UE4Editor-Core.dll!0x00000000423E9B82
[2017.05.27-18.53.33:534][884]LogOutputDevice:Error: UE4Editor-Core.dll!0x00000000423FB666
[2017.05.27-18.53.33:534][884]LogOutputDevice:Error: UE4Editor-Kismet.dll!0x0000000037F58AD1
[2017.05.27-18.53.33:534][884]LogOutputDevice:Error: UE4Editor-Kismet.dll!0x0000000037F554F6
[2017.05.27-18.53.33:534][884]LogOutputDevice:Error: UE4Editor-SlateCore.dll!0x0000000047948C02
[2017.05.27-18.53.33:534][884]LogOutputDevice:Error: UE4Editor-SlateCore.dll!0x000000004794778E
[2017.05.27-18.53.33:534][884]LogOutputDevice:Error: UE4Editor-Slate.dll!0x0000000043BBCECC
[2017.05.27-18.53.33:534][884]LogOutputDevice:Error: UE4Editor-SlateCore.dll!0x0000000047948C55
[2017.05.27-18.53.33:534][884]LogOutputDevice:Error: UE4Editor-SlateCore.dll!0x0000000047947ABE
[2017.05.27-18.53.33:534][884]LogOutputDevice:Error: UE4Editor-SlateCore.dll!0x0000000047948C55
[2017.05.27-18.53.33:534][884]LogOutputDevice:Error: UE4Editor-SlateCore.dll!0x0000000047949060
[2017.05.27-18.53.33:534][884]LogOutputDevice:Error: UE4Editor-SlateCore.dll!0x0000000047947C08
[2017.05.27-18.53.33:534][884]LogOutputDevice:Error: UE4Editor-SlateCore.dll!0x0000000047948C55
[2017.05.27-18.53.33:534][884]LogOutputDevice:Error: UE4Editor-SlateCore.dll!0x000000004794778E
[2017.05.27-18.53.33:534][884]LogOutputDevice:Error: UE4Editor-SlateCore.dll!0x0000000047948C55
[2017.05.27-18.53.33:534][884]LogOutputDevice:Error: UE4Editor-SlateCore.dll!0x0000000047949060
[2017.05.27-18.53.33:534][884]LogOutputDevice:Error: UE4Editor-Slate.dll!0x0000000043C391BD
[2017.05.27-18.53.33:534][884]LogOutputDevice:Error: UE4Editor-SlateCore.dll!0x0000000047948C55
[2017.05.27-18.53.33:534][884]LogOutputDevice:Error: UE4Editor-SlateCore.dll!0x000000004794778E
[2017.05.27-18.53.33:534][884]LogOutputDevice:Error: UE4Editor-SlateCore.dll!0x0000000047948C55
[2017.05.27-18.53.33:534][884]LogOutputDevice:Error: UE4Editor-SlateCore.dll!0x0000000047949060
[2017.05.27-18.53.33:534][884]LogOutputDevice:Error: UE4Editor-Slate.dll!0x0000000043C391BD
[2017.05.27-18.53.33:534][884]LogOutputDevice:Error: UE4Editor-SlateCore.dll!0x0000000047948C55
[2017.05.27-18.53.33:534][884]LogOutputDevice:Error: UE4Editor-SlateCore.dll!0x000000004794778E
[2017.05.27-18.53.33:534][884]LogOutputDevice:Error: UE4Editor-SlateCore.dll!0x0000000047948C55
[2017.05.27-18.53.33:534][884]LogOutputDevice:Error: UE4Editor-SlateCore.dll!0x0000000047949060
[2017.05.27-18.53.33:534][884]LogOutputDevice:Error: UE4Editor-Slate.dll!0x0000000043C391BD
[2017.05.27-18.53.33:534][884]LogOutputDevice:Error: UE4Editor-SlateCore.dll!0x0000000047948C55
[2017.05.27-18.53.33:534][884]LogOutputDevice:Error: UE4Editor-SlateCore.dll!0x0000000047947ABE
[2017.05.27-18.53.33:534][884]LogOutputDevice:Error: UE4Editor-SlateCore.dll!0x0000000047948C55
[2017.05.27-18.53.33:534][884]LogOutputDevice:Error: UE4Editor-SlateCore.dll!0x000000004794778E
[2017.05.27-18.53.33:534][884]LogOutputDevice:Error: UE4Editor-SlateCore.dll!0x0000000047948C55
[2017.05.27-18.53.33:534][884]LogOutputDevice:Error: UE4Editor-SlateCore.dll!0x0000000047949060
[2017.05.27-18.53.33:534][884]LogOutputDevice:Error: UE4Editor-SlateCore.dll!0x0000000047947C08
[2017.05.27-18.53.33:534][884]LogOutputDevice:Error: UE4Editor-SlateCore.dll!0x0000000047948C55
[2017.05.27-18.53.33:534][884]LogOutputDevice:Error: UE4Editor-SlateCore.dll!0x000000004794778E
[2017.05.27-18.53.33:534][884]LogOutputDevice:Error: UE4Editor-SlateCore.dll!0x0000000047948C55
[2017.05.27-18.53.33:534][884]LogOutputDevice:Error: UE4Editor-SlateCore.dll!0x000000004794778E
[2017.05.27-18.53.33:534][884]LogOutputDevice:Error: UE4Editor-Slate.dll!0x0000000043BBCECC
[2017.05.27-18.53.33:534][884]LogOutputDevice:Error: UE4Editor-SlateCore.dll!0x0000000047948C55
[2017.05.27-18.53.33:534][884]LogOutputDevice:Error: UE4Editor-SlateCore.dll!0x0000000047947ABE
[2017.05.27-18.53.33:534][884]LogOutputDevice:Error: UE4Editor-SlateCore.dll!0x0000000047948C55
[2017.05.27-18.53.33:534][884]LogOutputDevice:Error: UE4Editor-SlateCore.dll!0x0000000047949060
[2017.05.27-18.53.33:534][884]LogOutputDevice:Error: UE4Editor-SlateCore.dll!0x0000000047947C08
[2017.05.27-18.53.33:534][884]LogOutputDevice:Error: UE4Editor-SlateCore.dll!0x0000000047948C55
[2017.05.27-18.53.33:534][884]LogOutputDevice:Error: UE4Editor-SlateCore.dll!0x000000004794778E
[2017.05.27-18.53.33:534][884]LogOutputDevice:Error: UE4Editor-SlateCore.dll!0x0000000047948C55
[2017.05.27-18.53.33:534][884]LogOutputDevice:Error: UE4Editor-SlateCore.dll!0x0000000047949060
[2017.05.27-18.53.33:534][884]LogOutputDevice:Error: UE4Editor-Slate.dll!0x0000000043C391BD
[2017.05.27-18.53.33:534][884]LogOutputDevice:Error: UE4Editor-SlateCore.dll!0x0000000047948C55
[2017.05.27-18.53.33:534][884]LogOutputDevice:Error: UE4Editor-SlateCore.dll!0x0000000047947ABE
[2017.05.27-18.53.33:534][884]LogOutputDevice:Error: UE4Editor-SlateCore.dll!0x0000000047948C55
[2017.05.27-18.53.33:534][884]LogOutputDevice:Error: UE4Editor-SlateCore.dll!0x000000004794778E
[2017.05.27-18.53.33:534][884]LogOutputDevice:Error: UE4Editor-SlateCore.dll!0x0000000047948C55
[2017.05.27-18.53.33:534][884]LogOutputDevice:Error: UE4Editor-SlateCore.dll!0x0000000047949060
[2017.05.27-18.53.33:534][884]LogOutputDevice:Error: UE4Editor-SlateCore.dll!0x0000000047947C08
[2017.05.27-18.53.33:534][884]LogOutputDevice:Error: UE4Editor-SlateCore.dll!0x0000000047948C55
[2017.05.27-18.53.33:534][884]LogOutputDevice:Error: UE4Editor-SlateCore.dll!0x0000000047949060
[2017.05.27-18.53.33:534][884]LogOutputDevice:Error: UE4Editor-SlateCore.dll!0x0000000047947C08
[2017.05.27-18.53.33:534][884]LogOutputDevice:Error: UE4Editor-SlateCore.dll!0x0000000047948C55
[2017.05.27-18.53.33:534][884]LogOutputDevice:Error: UE4Editor-SlateCore.dll!0x0000000047947ABE
[2017.05.27-18.53.33:534][884]LogOutputDevice:Error: UE4Editor-SlateCore.dll!0x0000000047948C55
[2017.05.27-18.53.33:534][884]LogOutputDevice:Error: UE4Editor-SlateCore.dll!0x000000004794778E
[2017.05.27-18.53.33:534][884]LogOutputDevice:Error: UE4Editor-SlateCore.dll!0x0000000047947CAA
[2017.05.27-18.53.33:534][884]LogOutputDevice:Error: UE4Editor-SlateCore.dll!0x0000000047948C55
[2017.05.27-18.53.33:534][884]LogOutputDevice:Error: UE4Editor-Slate.dll!0x0000000043A030FD
[2017.05.27-18.53.33:534][884]LogOutputDevice:Error: UE4Editor-Slate.dll!0x0000000043A0411C
[2017.05.27-18.53.33:534][884]LogOutputDevice:Error: UE4Editor-Slate.dll!0x0000000043A3CF94
[2017.05.27-18.53.33:534][884]LogOutputDevice:Error: UE4Editor-Slate.dll!0x0000000043A041C0
[2017.05.27-18.53.33:534][884]LogOutputDevice:Error: UE4Editor-Slate.dll!0x0000000043A62674
[2017.05.27-18.53.33:534][884]LogOutputDevice:Error: UE4Editor-Slate.dll!0x0000000043A615C0
[2017.05.27-18.53.33:534][884]LogOutputDevice:Error: UE4Editor.exe!0x00000000EE6FEA1D
[2017.05.27-18.53.33:534][884]LogOutputDevice:Error: UE4Editor.exe!0x00000000EE6EEB40
[2017.05.27-18.53.33:534][884]LogOutputDevice:Error: UE4Editor.exe!0x00000000EE6EEBBA
[2017.05.27-18.53.33:534][884]LogOutputDevice:Error: UE4Editor.exe!0x00000000EE700A29
[2017.05.27-18.53.33:534][884]LogOutputDevice:Error: UE4Editor.exe!0x00000000EE7022B6
[2017.05.27-18.53.33:534][884]LogOutputDevice:Error: KERNEL32.DLL!0x0000000074FF8364
[2017.05.27-18.53.33:534][884]LogOutputDevice:Error: ntdll.dll!0x00000000755470D1
[2017.05.27-18.53.33:534][884]LogOutputDevice:Error: 
[2017.05.27-18.53.33:545][884]LogStats:                SubmitErrorReport -  0.000 s
