"../../../Engine/Content/Functions/Engine_MaterialFunctions01/Opacity/CameraDepthFade.uasset" 0
"../../../Engine/Content/EngineMaterials/T_Default_Material_Grid_M.uasset" 1
"../../../Engine/Content/EngineMaterials/T_Default_Material_Grid_N.uasset" 2
"../../../Engine/Content/EngineMaterials/DefaultMaterial.uasset" 3
"../../../Engine/Content/BasicShapes/Cone.uasset" 4
"../../../Engine/Content/BasicShapes/Cylinder.uasset" 5
"../../../Engine/Content/BasicShapes/Sphere.uasset" 6
"../../../Engine/Content/EditorLandscapeResources/DataLayer.uasset" 7
"../../../Engine/Content/EditorMaterials/GizmoMaterial.uasset" 8
"../../../Engine/Content/EditorMaterials/MAT_Groups_Toggle.uasset" 9
"../../../Engine/Content/EditorMaterials/MAT_Groups_Visibility.uasset" 10
"../../../Engine/Content/EditorMaterials/PreviewShadowIndicator.uasset" 11
"../../../Engine/Content/EditorMaterials/PreviewShadowIndicatorMaterial.uasset" 12
"../../../Engine/Content/EditorMaterials/AssetViewer/EpicQuadPanorama_CC+EV1.uasset" 13
"../../../Engine/Content/EditorMaterials/MatineeGroups/MAT_ColorTrack.uasset" 14
"../../../Engine/Content/EditorMaterials/MatineeGroups/MAT_Groups_Anim.uasset" 15
"../../../Engine/Content/EditorMaterials/MatineeGroups/MAT_Groups_AudioMaster.uasset" 16
"../../../Engine/Content/EditorMaterials/MatineeGroups/MAT_Groups_Director.uasset" 17
"../../../Engine/Content/EditorMaterials/MatineeGroups/MAT_Groups_Event.uasset" 18
"../../../Engine/Content/EditorMaterials/MatineeGroups/MAT_Groups_Fade.uasset" 19
"../../../Engine/Content/EditorMaterials/MatineeGroups/MAT_Groups_Float.uasset" 20
"../../../Engine/Content/EditorMaterials/MatineeGroups/MAT_Groups_Move.uasset" 21
"../../../Engine/Content/EditorMaterials/MatineeGroups/MAT_Groups_Slomo.uasset" 22
"../../../Engine/Content/EditorMaterials/MatineeGroups/MAT_Groups_Sound.uasset" 23
"../../../Engine/Content/EditorMaterials/MatineeGroups/MAT_Groups_Vector.uasset" 24
"../../../Engine/Content/EditorMaterials/ParticleSystems/PSysThumbnail_NoImage.uasset" 25
"../../../Engine/Content/EditorMaterials/ParticleSystems/PSysThumbnail_OOD.uasset" 26
"../../../Engine/Content/EditorMaterials/Camera/CineMat.uasset" 27
"../../../Engine/Content/EditorMaterials/Camera/MI_CineMat_Rig.uasset" 28
"../../../Engine/Content/EditorMeshes/Camera/SM_CraneRig_Arm.uasset" 29
"../../../Engine/Content/EditorMeshes/Camera/SM_CraneRig_Base.uasset" 30
"../../../Engine/Content/EditorMeshes/Camera/SM_CraneRig_Body.uasset" 31
"../../../Engine/Content/EditorMeshes/Camera/SM_CraneRig_Mount.uasset" 32
"../../../Engine/Content/EditorMeshes/Camera/SM_RailRig_Mount.uasset" 33
"../../../Engine/Content/EditorMeshes/Camera/SM_RailRig_Track.uasset" 34
"../../../Engine/Content/EditorMeshes/ColorCalibrator/M_ChromeBall.uasset" 35
"../../../Engine/Content/EditorMeshes/ColorCalibrator/M_ClearCoat.uasset" 36
"../../../Engine/Content/EditorMeshes/ColorCalibrator/M_ClearCoatBlack.uasset" 37
"../../../Engine/Content/EditorMeshes/ColorCalibrator/T_ColorGrid.uasset" 38
"../../../Engine/Content/EditorMeshes/ColorCalibrator/M_ColorGrid.uasset" 39
"../../../Engine/Content/EditorMeshes/ColorCalibrator/M_GreyBall.uasset" 40
"../../../Engine/Content/EditorMeshes/ColorCalibrator/SM_ColorCalibrator.uasset" 41
"../../../Engine/Content/EditorResources/BSPVertex.uasset" 42
"../../../Engine/Content/EditorResources/EmptyActor.uasset" 43
"../../../Engine/Content/EditorResources/RGBTable16x1_AssetViewer.uasset" 44
"../../../Engine/Content/EditorResources/S_Actor.uasset" 45
"../../../Engine/Content/EditorResources/S_Trigger.uasset" 46
"../../../Engine/Content/EditorResources/LightIcons/S_LightError.uasset" 47
"../../../Engine/Content/EditorResources/SequenceRecorder/Countdown.uasset" 48
"../../../Engine/Content/EditorResources/SequenceRecorder/RecordingIndicator.uasset" 49
"../../../Engine/Content/EditorSounds/Notifications/CompileFailed.uasset" 50
"../../../Engine/Content/EditorSounds/Notifications/CompileFailed_Cue.uasset" 51
"../../../Engine/Content/EditorSounds/Notifications/CompileSuccess.uasset" 52
"../../../Engine/Content/EditorSounds/Notifications/CompileStart_Cue.uasset" 53
"../../../Engine/Content/EditorSounds/Notifications/CompileSuccess_Cue.uasset" 54
"../../../Engine/Content/EngineDamageTypes/DmgTypeBP_Environmental.uasset" 55
"../../../Engine/Content/EngineDebugMaterials/HeatmapGradient.uasset" 56
"../../../Engine/Content/EngineDebugMaterials/BoneWeightMaterial.uasset" 57
"../../../Engine/Content/EngineDebugMaterials/DebugMeshMaterial.uasset" 58
"../../../Engine/Content/EngineDebugMaterials/GeomMaterial.uasset" 59
"../../../Engine/Content/EngineFonts/Faces/RobotoBold.uasset" 60
"../../../Engine/Content/EngineFonts/Faces/RobotoBoldItalic.uasset" 61
"../../../Engine/Content/EngineFonts/Faces/RobotoItalic.uasset" 62
"../../../Engine/Content/EngineFonts/Faces/RobotoLight.uasset" 63
"../../../Engine/Content/EngineFonts/Faces/RobotoRegular.uasset" 64
"../../../Engine/Content/EngineFonts/Roboto.uasset" 65
"../../../Engine/Content/EngineFonts/Faces/RobotoTiny.uasset" 66
"../../../Engine/Content/EngineFonts/RobotoTiny.uasset" 67
"../../../Engine/Content/EngineMaterials/DefaultBokeh.uasset" 68
"../../../Engine/Content/EngineMaterials/DefaultDiffuse.uasset" 69
"../../../Engine/Content/EngineMaterials/DefaultDeferredDecalMaterial.uasset" 70
"../../../Engine/Content/EngineMaterials/DefaultLightFunctionMaterial.uasset" 71
"../../../Engine/Content/Functions/Engine_MaterialFunctions02/Utility/BreakOutFloat2Components.uasset" 72
"../../../Engine/Content/EngineMaterials/DefaultPostProcessMaterial.uasset" 73
"../../../Engine/Content/EngineFonts/RobotoDistanceField.uasset" 74
"../../../Engine/Content/EngineMaterials/DefaultTextMaterialOpaque.uasset" 75
"../../../Engine/Content/EngineMaterials/DefaultWhiteGrid.uasset" 76
"../../../Engine/Content/EngineMaterials/EditorBrushMaterial.uasset" 77
"../../../Engine/Content/EngineMaterials/Good64x64TilingNoiseHighFreq.uasset" 78
"../../../Engine/Content/EngineMaterials/MiniFont.uasset" 79
"../../../Engine/Content/EngineMaterials/InvalidLightmapSettings.uasset" 80
"../../../Engine/Content/EngineMaterials/M_InvalidLightmapSettings.uasset" 81
"../../../Engine/Content/EngineMaterials/PhAT_JointLimitMaterial.uasset" 82
"../../../Engine/Content/EngineMaterials/PreintegratedSkinBRDF.uasset" 83
"../../../Engine/Content/EngineMaterials/RemoveSurfaceMaterial.uasset" 84
"../../../Engine/Content/EngineMaterials/WeightMapPlaceholderTexture.uasset" 85
"../../../Engine/Content/EngineResources/WhiteSquareTexture.uasset" 86
"../../../Engine/Content/EngineMaterials/Widget3DPassThrough.uasset" 87
"../../../Engine/Content/EngineMaterials/Widget3DPassThrough_Masked.uasset" 88
"../../../Engine/Content/EngineMaterials/Widget3DPassThrough_Opaque.uasset" 89
"../../../Engine/Content/EngineMaterials/Widget3DPassThrough_Masked_OneSided.uasset" 90
"../../../Engine/Content/EngineMaterials/Widget3DPassThrough_Opaque_OneSided.uasset" 91
"../../../Engine/Content/EngineMaterials/Widget3DPassThrough_Translucent.uasset" 92
"../../../Engine/Content/EngineMaterials/Widget3DPassThrough_Translucent_OneSided.uasset" 93
"../../../Engine/Content/EngineMeshes/Cube.uasset" 94
"../../../Engine/Content/EngineMeshes/Cylinder.uasset" 95
"../../../Engine/Content/EngineMeshes/Sphere.uasset" 96
"../../../Engine/Content/EngineResources/Black.uasset" 97
"../../../Engine/Content/EngineResources/DefaultTexture.uasset" 98
"../../../Engine/Content/EngineResources/DefaultTextureCube.uasset" 99
"../../../Engine/Content/EngineResources/GradientTexture0.uasset" 100
"../../../Engine/Content/EngineSounds/Master.uasset" 101
"../../../Engine/Content/Functions/Engine_MaterialFunctions01/Shading/ConvertFromDiffSpec.uasset" 102
"../../../Engine/Content/Functions/Engine_MaterialFunctions01/Shading/PowerToRoughness.uasset" 103
"../../../Engine/Content/Maps/Templates/Thumbnails/Default.uasset" 104
"../../../Engine/Content/Maps/Templates/Thumbnails/VR-Basic.uasset" 105
"../../../Engine/Content/MobileResources/T_MobileControls_texture.uasset" 106
"../../../Engine/Content/MobileResources/T_MobileMenu2.uasset" 107
"../../../Engine/Content/MobileResources/HUD/AnalogHat.uasset" 108
"../../../Engine/Content/MobileResources/HUD/VirtualJoystick_Background.uasset" 109
"../../../Engine/Content/MobileResources/HUD/VirtualJoystick_Thumb.uasset" 110
"../../../Engine/Content/MobileResources/HUD/DefaultVirtualJoysticks.uasset" 111
"../../../Engine/Content/MobileResources/HUD/LeftVirtualJoystickOnly.uasset" 112
"../../../Engine/Content/MobileResources/HUD/MobileHUDButton1_off.uasset" 113
"../../../Engine/Content/MobileResources/HUD/MobileHUDButton1_on.uasset" 114
"../../../Engine/Content/MobileResources/HUD/MobileHUDButton2_off.uasset" 115
"../../../Engine/Content/MobileResources/HUD/MobileHUDButton2_on.uasset" 116
"../../../Engine/Content/MobileResources/HUD/MobileHUDButton3.uasset" 117
"../../../Engine/Content/MobileResources/HUD/MobileHUDButtonFire.uasset" 118
"../../../Engine/Content/MobileResources/HUD/MobileHUDDirectionPad.uasset" 119
"../../../Engine/Content/MobileResources/HUD/MobileHUDDirectionPad2.uasset" 120
"../../../Engine/Content/MobileResources/HUD/MobileHUDDirectionPad3.uasset" 121
"../../../Engine/Content/MobileResources/HUD/MobileHUDDirectionStick.uasset" 122
"../../../Engine/Content/MobileResources/HUD/T_Castle_ThumbstickInner.uasset" 123
"../../../Engine/Content/MobileResources/HUD/T_Castle_ThumbstickOutter.uasset" 124
"../../../Engine/Content/Tutorial/ContentIntroCurve.uasset" 125
"../../../Engine/Content/Tutorial/Basics/TutorialAssets/icon_tab_Levels_40x.uasset" 126
"../../../Engine/Content/Tutorial/BlueprintTutorials/TutorialAssets/BlueprintInterface_64x.uasset" 127
"../../../Engine/Content/Tutorial/BlueprintTutorials/TutorialAssets/BlueprintMacroLibrary_64x.uasset" 128
"../../../Engine/Content/Tutorial/BlueprintTutorials/TutorialAssets/Blueprint_64x.uasset" 129
"../../../Engine/Content/Tutorial/BlueprintTutorials/TutorialAssets/Tutorial_BP_Interface.uasset" 130
"../../../Engine/Content/Tutorial/Foliage/TutorialAssets/Foliage.uasset" 131
"../../../Engine/Content/Tutorial/Landscape/TutorialAssets/Landscape.uasset" 132
"../../../Engine/Content/Tutorial/Paper2D/TutorialAssets/Paper2DFlipbook_TutorialIcon.uasset" 133
"../../../Engine/Content/Tutorial/Paper2D/TutorialAssets/Paper2DSprite_TutorialIcon.uasset" 134
"../../../Engine/Content/Tutorial/SubEditors/TutorialAssets/icon_Editor_Preferences_General_40x.uasset" 135
"../../../Engine/Content/Tutorial/SubEditors/TutorialAssets/icon_ShowSkeletalMeshes_40x.uasset" 136
"../../../Engine/Content/Tutorial/SubEditors/TutorialAssets/TutorialMaterial.uasset" 137
"../../../Engine/Content/Tutorial/SubEditors/TutorialAssets/T_SmokeSubUV_8X8.uasset" 138
"../../../Engine/Content/Tutorial/SubEditors/TutorialAssets/T_soft_smoke.uasset" 139
"../../../Engine/Content/Tutorial/SubEditors/TutorialAssets/M_smoke_subUV_blackbody.uasset" 140
"../../../Engine/Content/Tutorial/SubEditors/TutorialAssets/TutorialParticleSystem.uasset" 141
"../../../Engine/Content/EngineMaterials/WorldGridMaterial.uasset" 142
"../../../Engine/Content/EditorMeshes/EditorCube.uasset" 143
"../../../Engine/Content/Tutorial/SubEditors/TutorialAssets/Tutorial_DM.uasset" 144
"../../../Engine/Content/VREditor/Devices/Generic/GenericHMDMaterial.uasset" 145
"../../../Engine/Content/VREditor/Devices/Generic/GenericHMD.uasset" 146
"../../../Engine/Content/VREditor/FloatingText/LineMaterial.uasset" 147
"../../../Engine/Content/VREditor/FloatingText/JointSphere.uasset" 148
"../../../Engine/Content/VREditor/FloatingText/LineSegmentCylinder.uasset" 149
"../../../Engine/Content/VREditor/Fonts/VRText_RobotoLarge.uasset" 150
"../../../Engine/Content/VREditor/Fonts/VRTextMaterial.uasset" 151
"../../../Engine/Content/VREditor/Fonts/TranslucentVRTextMaterial.uasset" 152
"../../../Engine/Content/VREditor/LaserPointer/VR_LaserPower_01.uasset" 153
"../../../Engine/Content/VREditor/LaserPointer/LaserPointerMaterial.uasset" 154
"../../../Engine/Content/VREditor/LaserPointer/LaserPointerMaterialInst.uasset" 155
"../../../Engine/Content/VREditor/LaserPointer/TranslucentLaserPointerMaterialInst.uasset" 156
"../../../Engine/Content/VREditor/LaserPointer/LaserPointerMesh.uasset" 157
"../../../Engine/Content/VREditor/Sounds/VR_grab_Cue.uasset" 158
"../../../Engine/Content/VREditor/Sounds/VR_teleport_Cue.uasset" 159
"../../../Engine/Content/VREditor/TransformGizmo/TransformGizmoMaterial.uasset" 160
"../../../Engine/Content/VREditor/TransformGizmo/TranslucentTransformGizmoMaterial.uasset" 161
"../../../Engine/Content/VREditor/TransformGizmo/BoundingBoxCorner.uasset" 162
"../../../Engine/Content/VREditor/TransformGizmo/BoundingBoxEdge.uasset" 163
"../../../Engine/Content/VREditor/TransformGizmo/PlaneTranslationHandle.uasset" 164
"../../../Engine/Content/VREditor/TransformGizmo/RotationHandle.uasset" 165
"../../../Engine/Content/VREditor/TransformGizmo/RotationHandleFull.uasset" 166
"../../../Engine/Content/VREditor/TransformGizmo/StretchingHandle.uasset" 167
"../../../Engine/Content/VREditor/TransformGizmo/TranslateHandleLong.uasset" 168
"../../../Engine/Content/VREditor/TransformGizmo/TranslationHandle.uasset" 169
"../../../Engine/Content/VREditor/TransformGizmo/UniformScaleHandle.uasset" 170
"../../../Engine/Content/VREditor/UI/CloseButtonMesh.uasset" 171
"../../../Engine/Content/VREditor/UI/SelectionBarMesh.uasset" 172
"../../../Engine/Content/Functions/Engine_MaterialFunctions01/Gradient/RadialGradient.uasset" 173
"../../../Engine/Content/VREditor/WorldMovementGrid/SimpleGrid.uasset" 174
"../../../Engine/Content/VREditor/WorldMovementGrid/GridMaterial.uasset" 175
"../../../Engine/Content/Functions/Engine_MaterialFunctions01/Density/ExponentialDensity.uasset" 176
"../../../Engine/Content/VREditor/WorldMovementGrid/GridPostProcess.uasset" 177
"../../../Engine/Content/EditorLandscapeResources/FlattenHeightMat.uasset" 178
"../../../Engine/Content/VREditor/WorldMovementGrid/PlaneMesh.uasset" 179
"../../../SkaGame3/Content/Geometry/Meshes/CubeMaterial.uasset" 180
"../../../SkaGame3/Content/Geometry/Meshes/1M_Cube_Chamfer.uasset" 181
"../../../SkaGame3/Content/Geometry/Meshes/TemplateFloor.uasset" 182
"../../../SkaGame3/Content/Mannequin/Character/Mesh/UE4_Mannequin_Skeleton.uasset" 183
"../../../SkaGame3/Content/Mannequin/Animations/ThirdPersonJump_End.uasset" 184
"../../../SkaGame3/Content/Mannequin/Animations/ThirdPerson_Jump.uasset" 185
"../../../SkaGame3/Content/Mannequin/Animations/ThirdPersonJump_Loop.uasset" 186
"../../../SkaGame3/Content/Mannequin/Animations/ThirdPersonJump_Start.uasset" 187
"../../../SkaGame3/Content/Mannequin/Animations/ThirdPersonIdle.uasset" 188
"../../../SkaGame3/Content/Mannequin/Animations/ThirdPersonRun.uasset" 189
"../../../SkaGame3/Content/Mannequin/Animations/ThirdPersonWalk.uasset" 190
"../../../SkaGame3/Content/Mannequin/Animations/ThirdPerson_IdleRun_2D.uasset" 191
"../../../Engine/Content/EditorBlueprintResources/StandardMacros.uasset" 192
"../../../SkaGame3/Content/Mannequin/Animations/ThirdPerson_AnimBP.uasset" 193
"../../../Engine/Content/Functions/Engine_MaterialFunctions02/Utility/BlendAngleCorrectedNormals.uasset" 194
"../../../Engine/Content/Functions/MaterialLayerFunctions/MatLayerBlend_NormalBlend.uasset" 195
"../../../Engine/Content/Functions/MaterialLayerFunctions/MatLayerBlend_Simple.uasset" 196
"../../../SkaGame3/Content/Mannequin/Character/Materials/MaterialLayers/T_ML_Rubber_Blue_01_D.uasset" 197
"../../../SkaGame3/Content/Mannequin/Character/Materials/MaterialLayers/T_ML_Rubber_Blue_01_N.uasset" 198
"../../../SkaGame3/Content/Mannequin/Character/Materials/MaterialLayers/ML_GlossyBlack_Latex_UE4.uasset" 199
"../../../SkaGame3/Content/Mannequin/Character/Materials/MaterialLayers/ML_Plastic_Shiny_Beige.uasset" 200
"../../../SkaGame3/Content/Mannequin/Character/Textures/UE4_LOGO_CARD.uasset" 201
"../../../SkaGame3/Content/Mannequin/Character/Materials/MaterialLayers/ML_Plastic_Shiny_Beige_LOGO.uasset" 202
"../../../SkaGame3/Content/Mannequin/Character/Materials/MaterialLayers/T_ML_Aluminum01.uasset" 203
"../../../SkaGame3/Content/Mannequin/Character/Materials/MaterialLayers/T_ML_Aluminum01_N.uasset" 204
"../../../SkaGame3/Content/Mannequin/Character/Materials/MaterialLayers/ML_SoftMetal_UE4.uasset" 205
"../../../SkaGame3/Content/Mannequin/Character/Textures/UE4_Mannequin__normals.uasset" 206
"../../../SkaGame3/Content/Mannequin/Character/Textures/UE4_Mannequin_MAT_MASKA.uasset" 207
"../../../SkaGame3/Content/Mannequin/Character/Materials/M_UE4Man_Body.uasset" 208
"../../../SkaGame3/Content/Mannequin/Character/Textures/UE4Man_Logo_N.uasset" 209
"../../../SkaGame3/Content/Mannequin/Character/Materials/M_UE4Man_ChestLogo.uasset" 210
"../../../SkaGame3/Content/Mannequin/Character/Mesh/SK_Mannequin_PhysicsAsset.uasset" 211
"../../../SkaGame3/Content/Mannequin/Character/Mesh/SK_Mannequin.uasset" 212
"../../../SkaGame3/Content/SideScrollerBP/Blueprints/SideScrollerCharacter.uasset" 213
"../../../SkaGame3/Content/SideScrollerBP/Maps/Graveyard_Test_BuiltData.uasset" 214
"../../../SkaGame3/Content/SideScrollerBP/Meshes/CubeMaterial.uasset" 215
"../../../SkaGame3/Content/SideScrollerBP/Meshes/Ramp_Mesh.uasset" 216
"../../../SkaGame3/Content/SkaGameAssets/Brad/Character_Assets/Meshes/Brad_Skeleton.uasset" 217
"../../../SkaGame3/Content/SkaGameAssets/Brad/Animations/Brad__1__Anim_Brad_Armature_Brad_Jump_Falling.uasset" 218
"../../../SkaGame3/Content/SkaGameAssets/Brad/Animations/Brad__1__Anim_Brad_Armature_Brad_Jump_Intro.uasset" 219
"../../../SkaGame3/Content/SkaGameAssets/Brad/Animations/Brad__1__Anim_Brad_Armature_Brad_Jump_Landing.uasset" 220
"../../../SkaGame3/Content/SkaGameAssets/Brad/Animations/Brad_Anim_Brad_Armature_Brad_Idle.uasset" 221
"../../../SkaGame3/Content/SkaGameAssets/Brad/Animations/Brad_Anim_Brad_Armature_Brad_Run.uasset" 222
"../../../SkaGame3/Content/SkaGameAssets/Brad/Animations/Brad_Anim_Brad_Armature_Brad_Walk.uasset" 223
"../../../SkaGame3/Content/SkaGameAssets/Brad/Animations/Brad_Idle_Walk_Run.uasset" 224
"../../../SkaGame3/Content/SkaGameAssets/Brad/Animations/Brad_Anim_BP.uasset" 225
"../../../SkaGame3/Content/SkaGameAssets/Brad/Animations/Brad__1__Anim_Brad_Armature_Brad_Punch1.uasset" 226
"../../../SkaGame3/Content/SkaGameAssets/Brad/Animations/Combo01_Montage.uasset" 227
"../../../SkaGame3/Content/SkaGameAssets/Brad/Animations/Brad__1__Anim_Brad_Armature_Brad_Punch2.uasset" 228
"../../../SkaGame3/Content/SkaGameAssets/Brad/Animations/Combo02_Montage.uasset" 229
"../../../SkaGame3/Content/SkaGameAssets/Brad/Animations/Brad__1__Anim_Brad_Armature_Brad_Punch3.uasset" 230
"../../../SkaGame3/Content/SkaGameAssets/Brad/Animations/Combo03_Montage.uasset" 231
"../../../SkaGame3/Content/SkaGameAssets/Enemies/GhostAssests/AI/HealthInterFace.uasset" 232
"../../../SkaGame3/Content/SkaGameAssets/UI/PostinoStd.uasset" 233
"../../../SkaGame3/Content/SkaGameAssets/UI/PostinoStd_Font.uasset" 234
"../../../SkaGame3/Content/SkaGameAssets/UI/MenuArt/Menu_bone.uasset" 235
"../../../SkaGame3/Content/SkaGameAssets/UI/PauseWidget.uasset" 236
"../../../SkaGame3/Content/SkaGameAssets/Brad/Character_Assets/Materials/LightSource.uasset" 237
"../../../SkaGame3/Content/SkaGameAssets/Materials/CLUT00.uasset" 238
"../../../SkaGame3/Content/SkaGameAssets/Brad/Character_Assets/Materials/Bone.uasset" 239
"../../../SkaGame3/Content/SkaGameAssets/Brad/Character_Assets/Materials/Shirt.uasset" 240
"../../../SkaGame3/Content/SkaGameAssets/Brad/Character_Assets/Materials/Hole.uasset" 241
"../../../SkaGame3/Content/SkaGameAssets/Brad/Character_Assets/Materials/Pants.uasset" 242
"../../../SkaGame3/Content/SkaGameAssets/Brad/Character_Assets/Meshes/Brad.uasset" 243
"../../../SkaGame3/Content/SkaGameAssets/UI/HUD.uasset" 244
"../../../SkaGame3/Content/SkaGameAssets/Brad/Blueprints/SideScrollerCharacter.uasset" 245
"../../../SkaGame3/Content/SkaGameAssets/Materials/LightSource.uasset" 246
"../../../SkaGame3/Content/SkaGameAssets/Materials/Bone.uasset" 247
"../../../SkaGame3/Content/SkaGameAssets/Materials/Bat_color_MAt.uasset" 248
"../../../SkaGame3/Content/SkaGameAssets/Materials/Brass.uasset" 249
"../../../SkaGame3/Content/SkaGameAssets/Meshes/Checkpoint_Cymbal_.uasset" 250
"../../../SkaGame3/Content/SkaGameAssets/BluePrints/PowerUps/checkpoint.uasset" 251
"../../../SkaGame3/Content/SkaGameAssets/Materials/Pants.uasset" 252
"../../../SkaGame3/Content/SkaGameAssets/Materials/Shirt.uasset" 253
"../../../SkaGame3/Content/SkaGameAssets/Meshes/BaseballCap__1_.uasset" 254
"../../../SkaGame3/Content/SkaGameAssets/BluePrints/PowerUps/hat.uasset" 255
"../../../SkaGame3/Content/Geometry/Meshes/1M_Cube.uasset" 256
"../../../SkaGame3/Content/SkaGameAssets/BluePrints/PowerUps/sneakrs.uasset" 257
"../../../SkaGame3/Content/SkaGameAssets/BluePrints/PowerUps/trumpet.uasset" 258
"../../../SkaGame3/Content/SkaGameAssets/Brad/Animations/Brad_Anim_Brad_Armature_Brad_HoldingBoomBox.uasset" 259
"../../../SkaGame3/Content/SkaGameAssets/Brad/Animations/Brad__1__Anim_Brad_Armature_Brad_ArmatureAction.uasset" 260
"../../../SkaGame3/Content/SkaGameAssets/Brad/Animations/Brad__1__Anim_Brad_Armature_Brad_Intro_Checkpoint.uasset" 261
"../../../SkaGame3/Content/SkaGameAssets/Materials/Hole.uasset" 262
"../../../SkaGame3/Content/SkaGameAssets/Brad/Character_Assets/Meshes/Old_Meshes_And_Skeletons/Brad_Animation1_Skeleton.uasset" 263
"../../../SkaGame3/Content/SkaGameAssets/Brad/Character_Assets/Meshes/Old_Meshes_And_Skeletons/Brad_Animation1.uasset" 264
"../../../SkaGame3/Content/SkaGameAssets/Brad/Blueprints/Brad_BP.uasset" 265
"../../../SkaGame3/Content/SkaGameAssets/Meshes/Enemies/Zombie__1__Skeleton.uasset" 266
"../../../SkaGame3/Content/SkaGameAssets/Enemies/Zombie__1__Anim_Zombie_Armature_Zombie_Idle.uasset" 267
"../../../SkaGame3/Content/SkaGameAssets/Enemies/Zombie__1__Anim_Zombie_Armature_Zombie_Shamble_Walk_.uasset" 268
"../../../SkaGame3/Content/SkaGameAssets/Enemies/Zombie_Idle_Walk.uasset" 269
"../../../SkaGame3/Content/SkaGameAssets/Materials/textures/ZombieTex.uasset" 270
"../../../SkaGame3/Content/SkaGameAssets/Materials/Zombie_Mat.uasset" 271
"../../../SkaGame3/Content/SkaGameAssets/Meshes/Enemies/Zombie__1_.uasset" 272
"../../../SkaGame3/Content/SkaGameAssets/BluePrints/Enemies/Zombie_BP.uasset" 273
"../../../SkaGame3/Content/SkaGameAssets/Enemies/Zombie_Anim_BP.uasset" 274
"../../../SkaGame3/Content/SkaGameAssets/Enemies/Zombie__1__Anim_Zombie_Armature_Zombie_Attack.uasset" 275
"../../../SkaGame3/Content/SkaGameAssets/Enemies/Zombie__1__Anim_Zombie_Armature_Zombie_Flinch.uasset" 276
"../../../SkaGame3/Content/SkaGameAssets/Enemies/Zombie__1__Anim_Zombie_Armature_Zombie_Getup.uasset" 277
"../../../SkaGame3/Content/SkaGameAssets/Enemies/Zombie__1__Anim_Zombie_Armature_Zombie_Knockdown.uasset" 278
"../../../SkaGame3/Content/SkaGameAssets/Meshes/Enemies/DarnBat_Skeleton.uasset" 279
"../../../SkaGame3/Content/SkaGameAssets/Enemies/DarnBatAssets/DarnBat_Anim_DarnBat_Skeleton_Darnbat_Idle.uasset" 280
"../../../SkaGame3/Content/SkaGameAssets/Enemies/DarnBatAssets/DarnBat_Anim_DarnBat_Skeleton_Darnbat_Idle2Fly.uasset" 281
"../../../SkaGame3/Content/SkaGameAssets/Enemies/GhostAssests/AI/Ghost_AI_State.uasset" 282
"../../../SkaGame3/Content/SkaGameAssets/Enemies/GhostAssests/AI/GhostBlackBoard.uasset" 283
"../../../SkaGame3/Content/SkaGameAssets/BluePrints/Character_Base.uasset" 284
"../../../SkaGame3/Content/SkaGameAssets/Meshes/Enemies/Ghost_Skeleton.uasset" 285
"../../../SkaGame3/Content/SkaGameAssets/Enemies/GhostAssests/Animations/Ghost_Anim_Ghost_Skeleton_Ghost_Float.uasset" 286
"../../../SkaGame3/Content/SkaGameAssets/Enemies/GhostAssests/Animations/Ghost_Anime_BP.uasset" 287
"../../../SkaGame3/Content/SkaGameAssets/Enemies/GhostAssests/Animations/Ghost_Anim_Ghost_Skeleton_Ghost_Claw.uasset" 288
"../../../SkaGame3/Content/SkaGameAssets/Enemies/GhostAssests/Animations/GhostAttack_Montage.uasset" 289
"../../../SkaGame3/Content/SkaGameAssets/Enemies/GhostAssests/Animations/Ghost_Anim_Ghost_Skeleton_Ghost_Hurt.uasset" 290
"../../../SkaGame3/Content/SkaGameAssets/Enemies/GhostAssests/Animations/GhostHurn_Montage.uasset" 291
"../../../SkaGame3/Content/SkaGameAssets/BluePrints/left_Barrier.uasset" 292
"../../../SkaGame3/Content/SkaGameAssets/BluePrints/right_Barrier.uasset" 293
"../../../SkaGame3/Content/SkaGameAssets/Materials/textures/GhostTexture.uasset" 294
"../../../SkaGame3/Content/SkaGameAssets/Materials/Ghost_Mat.uasset" 295
"../../../SkaGame3/Content/SkaGameAssets/Meshes/Enemies/Ghost_PhysicsAsset.uasset" 296
"../../../SkaGame3/Content/SkaGameAssets/Meshes/Enemies/Ghost.uasset" 297
"../../../SkaGame3/Content/SkaGameAssets/BluePrints/Enemies/Ghost_BP.uasset" 298
"../../../SkaGame3/Content/SkaGameAssets/Enemies/GhostAssests/AI/Attack.uasset" 299
"../../../SkaGame3/Content/SkaGameAssets/Enemies/GhostAssests/AI/Roam.uasset" 300
"../../../SkaGame3/Content/SkaGameAssets/Enemies/GhostAssests/AI/GhostBehaviorTree.uasset" 301
"../../../SkaGame3/Content/SkaGameAssets/Enemies/GhostAssests/AI/Ghost_AI_COn.uasset" 302
"../../../SkaGame3/Content/SkaGameAssets/Enemies/GhostAssests/AI/SetToAttack.uasset" 303
"../../../SkaGame3/Content/SkaGameAssets/Enemies/Materials/BatEye.uasset" 304
"../../../SkaGame3/Content/SkaGameAssets/Enemies/Materials/BatEye_Inst.uasset" 305
"../../../SkaGame3/Content/SkaGameAssets/Enemies/PilPolAssests/AI/PilPol_AI_State.uasset" 306
"../../../SkaGame3/Content/SkaGameAssets/Enemies/PilPolAssests/AI/PilPol_AI_Blackboard.uasset" 307
"../../../SkaGame3/Content/SkaGameAssets/Meshes/Enemies/PilPol_Skeleton.uasset" 308
"../../../SkaGame3/Content/SkaGameAssets/Enemies/PilPolAssests/Animations/PilPol_Anim_Polgergust_Armature_Polgergust_Idle.uasset" 309
"../../../SkaGame3/Content/SkaGameAssets/Enemies/PilPolAssests/Animations/PilPol_Anim_Polgergust_Armature_Polgergust_RunAway.uasset" 310
"../../../SkaGame3/Content/SkaGameAssets/Enemies/PilPolAssests/Animations/Idle_Run.uasset" 311
"../../../SkaGame3/Content/SkaGameAssets/Enemies/PilPolAssests/Animations/PilPol_Anim_BP.uasset" 312
"../../../SkaGame3/Content/SkaGameAssets/Enemies/PilPolAssests/Animations/PilPol_Anim_Polgergust_Armature_Polgergust_HealthNab_Fail.uasset" 313
"../../../SkaGame3/Content/SkaGameAssets/Enemies/PilPolAssests/Animations/PilPol_Anim_Polgergust_Armature_Polgergust_HealthNab_Fail_Montage.uasset" 314
"../../../SkaGame3/Content/SkaGameAssets/Enemies/PilPolAssests/Animations/PilPol_Anim_Polgergust_Armature_Polgergust_HealthNab.uasset" 315
"../../../SkaGame3/Content/SkaGameAssets/Enemies/PilPolAssests/Animations/PilPol_Anim_Polgergust_Armature_Polgergust_HealthNab_Montage.uasset" 316
"../../../SkaGame3/Content/SkaGameAssets/Enemies/PilPolAssests/Animations/PilPol_Anim_Polgergust_Armature_Polgergust_HealthNab_Success.uasset" 317
"../../../SkaGame3/Content/SkaGameAssets/Enemies/PilPolAssests/Animations/PilPol_Anim_Polgergust_Armature_Polgergust_HealthNab_Success_Montage.uasset" 318
"../../../SkaGame3/Content/SkaGameAssets/Enemies/PilPolAssests/Animations/PilPol_Anim_Polgergust_Armature_Polgergust_Hurt.uasset" 319
"../../../SkaGame3/Content/SkaGameAssets/Enemies/PilPolAssests/Animations/PilPol_Anim_Polgergust_Armature_Polgergust_Hurt_Montage.uasset" 320
"../../../SkaGame3/Content/SkaGameAssets/Materials/BatEye.uasset" 321
"../../../SkaGame3/Content/SkaGameAssets/Materials/textures/PilPol_Texture.uasset" 322
"../../../SkaGame3/Content/SkaGameAssets/Materials/PilPol_Texture_Mat.uasset" 323
"../../../SkaGame3/Content/SkaGameAssets/Meshes/Enemies/PilPol_PhysicsAsset.uasset" 324
"../../../SkaGame3/Content/SkaGameAssets/Meshes/Enemies/PilPol.uasset" 325
"../../../SkaGame3/Content/SkaGameAssets/BluePrints/Enemies/PilPol_BP.uasset" 326
"../../../SkaGame3/Content/SkaGameAssets/Enemies/PilPolAssests/AI/Attack2.uasset" 327
"../../../SkaGame3/Content/SkaGameAssets/Enemies/PilPolAssests/AI/PilPol_Roam.uasset" 328
"../../../SkaGame3/Content/SkaGameAssets/Enemies/PilPolAssests/AI/PilPol_AI_BT.uasset" 329
"../../../SkaGame3/Content/SkaGameAssets/Enemies/PilPolAssests/AI/PilPol_AI_Con.uasset" 330
"../../../SkaGame3/Content/SkaGameAssets/Enemies/PilPolAssests/AI/PilPol_SetToAttack.uasset" 331
"../../../SkaGame3/Content/SkaGameAssets/Enemies/PilPolAssests/Animations/PilPol_Anim_Polgergust_Armature_Polgergust_SackThwack.uasset" 332
"../../../SkaGame3/Content/SkaGameAssets/Enemies/PilPolAssests/Animations/PilPol_Anim_Polgergust_Armature_Polgergust_SackThwack_Montage.uasset" 333
"../../../SkaGame3/Content/SkaGameAssets/Meshes/Enemies/GraveLord__1__Skeleton.uasset" 334
"../../../SkaGame3/Content/SkaGameAssets/Enemies/RaveLordAssets/GraveLord__1__Anim_GraveLord_Armature_GraveLord_LAZOR.uasset" 335
"../../../SkaGame3/Content/SkaGameAssets/Enemies/RaveLordAssets/GraveLord__1__Anim_GraveLord_Armature_GraveLord_Swat_Failure.uasset" 336
"../../../SkaGame3/Content/SkaGameAssets/Enemies/RaveLordAssets/GraveLord__1__Anim_GraveLord_Armature_GraveLord_Swat_FollowThrough.uasset" 337
"../../../SkaGame3/Content/SkaGameAssets/Enemies/RaveLordAssets/GraveLord__1__Anim_GraveLord_Armature_GraveLord_Swat_Intro.uasset" 338
"../../../SkaGame3/Content/SkaGameAssets/Enemies/RaveLordAssets/GraveLord__1__Anim_GraveLord_Armature_GraveLord_Swat_Success.uasset" 339
"../../../SkaGame3/Content/SkaGameAssets/Enemies/RaveLordAssets/GraveLord__1__Anim_GraveLord_Armature_GraveLord_Swat_Windup.uasset" 340
"../../../SkaGame3/Content/SkaGameAssets/Levels/More_Leaves_LayerInfo.uasset" 341
"../../../SkaGame3/Content/SkaGameAssets/Materials/BatEye_Inst.uasset" 342
"../../../SkaGame3/Content/SkaGameAssets/Materials/Boulder-1_normal.uasset" 343
"../../../SkaGame3/Content/SkaGameAssets/Materials/checker_tile.uasset" 344
"../../../SkaGame3/Content/SkaGameAssets/Materials/checker_tilenormal.uasset" 345
"../../../SkaGame3/Content/SkaGameAssets/Materials/grassground1.uasset" 346
"../../../SkaGame3/Content/SkaGameAssets/Materials/grassground1normal.uasset" 347
"../../../SkaGame3/Content/SkaGameAssets/Materials/textures/grassground1.uasset" 348
"../../../SkaGame3/Content/SkaGameAssets/Materials/textures/grassground1normal.uasset" 349
"../../../SkaGame3/Content/SkaGameAssets/Materials/Grass_Mat2.uasset" 350
"../../../SkaGame3/Content/SkaGameAssets/Materials/Tombstone_Mat.uasset" 351
"../../../SkaGame3/Content/SkaGameAssets/Materials/Tree_Inst.uasset" 352
"../../../SkaGame3/Content/SkaGameAssets/Materials/textures/background_leaves2.uasset" 353
"../../../SkaGame3/Content/SkaGameAssets/Materials/textures/Cinder-block.uasset" 354
"../../../SkaGame3/Content/SkaGameAssets/Materials/textures/Cinder-blockNormal.uasset" 355
"../../../SkaGame3/Content/SkaGameAssets/Materials/textures/concrete.uasset" 356
"../../../SkaGame3/Content/SkaGameAssets/Materials/textures/concreteNormal.uasset" 357
"../../../SkaGame3/Content/SkaGameAssets/Materials/textures/marbledgranite.uasset" 358
"../../../SkaGame3/Content/SkaGameAssets/Materials/textures/marbledgraniteNormal.uasset" 359
"../../../SkaGame3/Content/SkaGameAssets/Materials/Boulder_Texture.uasset" 360
"../../../SkaGame3/Content/SkaGameAssets/Materials/Cart3.uasset" 361
"../../../SkaGame3/Content/SkaGameAssets/Materials/Boulder_Texture_Mat.uasset" 362
"../../../SkaGame3/Content/SkaGameAssets/Meshes/Boulder.uasset" 363
"../../../SkaGame3/Content/SkaGameAssets/Meshes/Fence1_Iron_.uasset" 364
"../../../SkaGame3/Content/SkaGameAssets/Meshes/Fence2_Wood_.uasset" 365
"../../../SkaGame3/Content/SkaGameAssets/Meshes/Fence3_Chainlink_.uasset" 366
"../../../SkaGame3/Content/SkaGameAssets/Meshes/hillump03.uasset" 367
"../../../SkaGame3/Content/SkaGameAssets/Meshes/Record_Skeleton.uasset" 368
"../../../SkaGame3/Content/SkaGameAssets/Meshes/Record_Anim.uasset" 369
"../../../SkaGame3/Content/SkaGameAssets/Meshes/Spikes.uasset" 370
"../../../SkaGame3/Content/SkaGameAssets/Meshes/Tombstone1.uasset" 371
"../../../SkaGame3/Content/SkaGameAssets/Meshes/Tombstone2.uasset" 372
"../../../SkaGame3/Content/SkaGameAssets/Meshes/Tombstone3.uasset" 373
"../../../SkaGame3/Content/SkaGameAssets/Meshes/Tombstone3_DM.uasset" 374
"../../../SkaGame3/Content/SkaGameAssets/Meshes/Tombstone4.uasset" 375
"../../../SkaGame3/Content/SkaGameAssets/Meshes/Tombstone4_DM.uasset" 376
"../../../SkaGame3/Content/SkaGameAssets/Particles/hitparticle1.uasset" 377
"../../../SkaGame3/Content/SkaGameAssets/Particles/hitparticle2.uasset" 378
"../../../SkaGame3/Content/SkaGameAssets/Particles/hitparticle3.uasset" 379
"../../../SkaGame3/Content/SkaGameAssets/Particles/hitparticle4.uasset" 380
"../../../SkaGame3/Content/SkaGameAssets/Particles/hitparticle5.uasset" 381
"../../../SkaGame3/Content/SkaGameAssets/PowerUPs/Game_BluePrints/left_Barrier.uasset" 382
"../../../SkaGame3/Content/SkaGameAssets/PowerUPs/Game_BluePrints/right_Barrier.uasset" 383
"../../../SkaGame3/Content/SkaGameAssets/Enemies/Materials/GhostTexture.uasset" 384
"../../../SkaGame3/Content/SkaGameAssets/Enemies/Materials/Ghost_Mat.uasset" 385
"../../../SkaGame3/Content/SkaGameAssets/Enemies/Meshes/Ghost_PhysicsAsset.uasset" 386
"../../../SkaGame3/Content/SkaGameAssets/Enemies/Meshes/Ghost_Skeleton.uasset" 387
"../../../SkaGame3/Content/SkaGameAssets/Enemies/Meshes/Ghost.uasset" 388
"../../../SkaGame3/Content/SkaGameAssets/Enemies/Ghost_BP.uasset" 389
"../../../SkaGame3/Content/SkaGameAssets/PowerUPs/Game_BluePrints/combatTrigger.uasset" 390
"../../../SkaGame3/Content/SkaGameAssets/PowerUPs/Materials/MilkCarton_LargeTex.uasset" 391
"../../../SkaGame3/Content/SkaGameAssets/PowerUPs/Materials/MilkCarton_Large_Mat.uasset" 392
"../../../SkaGame3/Content/SkaGameAssets/PowerUPs/Mesh/MilkCarton_Large.uasset" 393
"../../../SkaGame3/Content/SkaGameAssets/PowerUPs/Materials/MilkCarton_SmallTex.uasset" 394
"../../../SkaGame3/Content/SkaGameAssets/PowerUPs/Materials/MilkCarton_Small_Mat.uasset" 395
"../../../SkaGame3/Content/SkaGameAssets/PowerUPs/Mesh/MilkCarton_Small.uasset" 396
"../../../SkaGame3/Content/SkaGameAssets/UI/how2play.uasset" 397
"../../../SkaGame3/Content/SkaGameAssets/UI/Pause.uasset" 398
"../../../SkaGame3/Content/SkaGameAssets/UI/ButtonsAndArt/buttonA.uasset" 399
"../../../SkaGame3/Content/SkaGameAssets/UI/ButtonsAndArt/buttonB.uasset" 400
"../../../SkaGame3/Content/SkaGameAssets/UI/ButtonsAndArt/buttonDown.uasset" 401
"../../../SkaGame3/Content/SkaGameAssets/UI/ButtonsAndArt/buttonLeft.uasset" 402
"../../../SkaGame3/Content/SkaGameAssets/UI/ButtonsAndArt/buttonRight.uasset" 403
"../../../SkaGame3/Content/SkaGameAssets/UI/ButtonsAndArt/buttonUp.uasset" 404
"../../../SkaGame3/Content/SkaGameAssets/UI/ButtonsAndArt/buttonX.uasset" 405
"../../../SkaGame3/Content/SkaGameAssets/UI/ButtonsAndArt/buttonY.uasset" 406
"../../../Engine/Plugins/2D/Paper2D/Content/DummySprite.uasset" 407
"../../../Engine/Plugins/2D/Paper2D/Content/DefaultPaperTerrainMaterial.uasset" 408
"../../../Engine/Plugins/2D/Paper2D/Content/DefaultSpriteMaterial.uasset" 409
"../../../Engine/Plugins/2D/Paper2D/Content/MaskedUnlitSpriteMaterial.uasset" 410
"../../../Engine/Plugins/2D/Paper2D/Content/OpaqueUnlitSpriteMaterial.uasset" 411
"../../../Engine/Plugins/2D/Paper2D/Content/PlaceholderTextures/DummySpriteTexture.uasset" 412
"../../../SkaGame3/Content/jumpPad.uasset" 413
"../../../SkaGame3/Content/SkaGameAssets/Enemies/DarnBatAssets/BluePrints/DarnBatBlackboard.uasset" 414
"../../../SkaGame3/Content/SkaGameAssets/Enemies/DarnBatAssets/BluePrints/PathNode.uasset" 415
"../../../SkaGame3/Content/SkaGameAssets/Enemies/DarnBatAssets/BluePrints/FindNextPoint.uasset" 416
"../../../SkaGame3/Content/SkaGameAssets/Enemies/DarnBatAssets/BluePrints/DarnBatBehaviorTree.uasset" 417
"../../../SkaGame3/Content/SkaGameAssets/BluePrints/combatTrigger.uasset" 418
"../../../Engine/Content/EngineSky/C_Sky_Cloud_Color.uasset" 419
"../../../Engine/Content/EngineSky/C_Sky_Horizon_Color.uasset" 420
"../../../Engine/Content/EngineSky/C_Sky_Zenith_Color.uasset" 421
"../../../Engine/Content/EngineSky/T_Sky_Blue.uasset" 422
"../../../Engine/Content/EngineSky/T_Sky_Clouds_M.uasset" 423
"../../../Engine/Content/EngineSky/T_Sky_Stars.uasset" 424
"../../../Engine/Content/EngineSky/M_Sky_Panning_Clouds2.uasset" 425
"../../../Engine/Content/EngineSky/SM_SkySphere.uasset" 426
"../../../Engine/Content/EngineSky/BP_Sky_Sphere.uasset" 427
"../../../SkaGame3/Content/SkaGameAssets/UI/MenuArt/Menu_Tomb.uasset" 428
"../../../SkaGame3/Content/SkaGameAssets/UI/ControlsWidget.uasset" 429
"../../../SkaGame3/Content/SkaGameAssets/UI/UI_Initialization/ControlsInit.uasset" 430
"../../../SkaGame3/Content/SkaGameAssets/UI/MenuArt/MenuFont.uasset" 431
"../../../SkaGame3/Content/SkaGameAssets/UI/OptionsWidget.uasset" 432
"../../../SkaGame3/Content/SkaGameAssets/UI/UI_Initialization/OptionsInit.uasset" 433
"../../../SkaGame3/Content/SkaGameAssets/UI/MenuArt/Menu_Hat.uasset" 434
"../../../SkaGame3/Content/SkaGameAssets/UI/MenuArt/menu_instruments.uasset" 435
"../../../SkaGame3/Content/SkaGameAssets/UI/MenuWidget.uasset" 436
"../../../SkaGame3/Content/SkaGameAssets/UI/UI_Initialization/menuInit.uasset" 437
"../../../SkaGame3/Content/SideScrollerBP/Blueprints/SideScrollerGameMode.uasset" 438
"../../../SkaGame3/Content/SkaGameAssets/Meshes/JumpDrum_Skeleton.uasset" 439
"../../../SkaGame3/Content/SkaGameAssets/Meshes/Animations/JumpDrum_Anim_JumpDrum_Skeleton_JumpDrum_Idle.uasset" 440
"../../../SkaGame3/Content/SkaGameAssets/Meshes/Animations/JumpDrum_Anim_BP.uasset" 441
"../../../SkaGame3/Content/SkaGameAssets/Meshes/Animations/JumpDrum_Anim_JumpDrum_Skeleton_JumpDrum_Bounce.uasset" 442
"../../../SkaGame3/Content/SkaGameAssets/Meshes/Animations/JumpDrum_Anim_JumpDrum_Skeleton_JumpDrum_Bounce_Montage.uasset" 443
"../../../SkaGame3/Content/SkaGameAssets/Meshes/JumpDrum_PhysicsAsset.uasset" 444
"../../../SkaGame3/Content/SkaGameAssets/Meshes/JumpDrum.uasset" 445
"../../../SkaGame3/Content/SkaGameAssets/BluePrints/JumpPad.uasset" 446
"../../../SkaGame3/Content/SkaGameAssets/Materials/textures/MilkCarton_LargeTex.uasset" 447
"../../../SkaGame3/Content/SkaGameAssets/Materials/MilkCarton_Large_Mat.uasset" 448
"../../../SkaGame3/Content/SkaGameAssets/Meshes/MilkCarton_Large.uasset" 449
"../../../SkaGame3/Content/SkaGameAssets/PowerUPs/bigHealthPack.uasset" 450
"../../../SkaGame3/Content/SkaGameAssets/Materials/textures/MilkCarton_SmallTex.uasset" 451
"../../../SkaGame3/Content/SkaGameAssets/Materials/MilkCarton_Small_Mat.uasset" 452
"../../../SkaGame3/Content/SkaGameAssets/Meshes/MilkCarton_Small.uasset" 453
"../../../SkaGame3/Content/SkaGameAssets/PowerUPs/smallHealthPack.uasset" 454
"../../../SkaGame3/Content/Levels/More_Leaves_LayerInfo.uasset" 455
"../../../SkaGame3/Content/SkaGameAssets/Materials/Grass_LayerInfo.uasset" 456
"../../../SkaGame3/Content/SkaGameAssets/Materials/Leaves_LayerInfo.uasset" 457
"../../../SkaGame3/Content/SkaGameAssets/Levels/Graveyard_Act1Final_BuiltData.uasset" 458
"../../../Engine/Content/BasicShapes/BasicShapeMaterial.uasset" 459
"../../../SkaGame3/Content/SkaGameAssets/Enviroment/Enviroment_Materials/textures/background_leaves2.uasset" 460
"../../../SkaGame3/Content/SkaGameAssets/Enviroment/Enviroment_Materials/textures/background_leavesNormal.uasset" 461
"../../../SkaGame3/Content/SkaGameAssets/Enviroment/Enviroment_Materials/textures/grassground1.uasset" 462
"../../../SkaGame3/Content/SkaGameAssets/Materials/dirtground.uasset" 463
"../../../SkaGame3/Content/SkaGameAssets/Materials/dirtgroundNormal.uasset" 464
"../../../SkaGame3/Content/SkaGameAssets/Enviroment/Enviroment_Materials/Landscape_Mat.uasset" 465
"../../../SkaGame3/Content/SkaGameAssets/Materials/textures/checker_tile.uasset" 466
"../../../SkaGame3/Content/SkaGameAssets/Materials/textures/checker_tilenormal.uasset" 467
"../../../SkaGame3/Content/SkaGameAssets/Materials/checker_tile_Mat.uasset" 468
"../../../SkaGame3/Content/SkaGameAssets/Materials/CLUT00Material.uasset" 469
"../../../SkaGame3/Content/SkaGameAssets/Materials/concrete.uasset" 470
"../../../SkaGame3/Content/SkaGameAssets/Materials/concreteNormal.uasset" 471
"../../../SkaGame3/Content/SkaGameAssets/Materials/Concrete_mat.uasset" 472
"../../../SkaGame3/Content/SkaGameAssets/Materials/marbledgranite.uasset" 473
"../../../SkaGame3/Content/SkaGameAssets/Materials/marbledgraniteNormal.uasset" 474
"../../../SkaGame3/Content/SkaGameAssets/Materials/marbledgranite_Mat.uasset" 475
"../../../SkaGame3/Content/SkaGameAssets/Materials/textures/dirtground.uasset" 476
"../../../SkaGame3/Content/SkaGameAssets/Materials/textures/dirtgroundNormal.uasset" 477
"../../../SkaGame3/Content/SkaGameAssets/Materials/Surface_Mat.uasset" 478
"../../../Engine/Content/EditorMaterials/Cascade/CASC_Cross.uasset" 479
"../../../Engine/Content/EditorMaterials/Cascade/CASC_None.uasset" 480
"../../../Engine/Content/Functions/Engine_MaterialFunctions03/Blends/Blend_ColorBurn.uasset" 481
"../../../SkaGame3/Content/SkaGameAssets/Materials/textures/underground2.uasset" 482
"../../../SkaGame3/Content/SkaGameAssets/Materials/textures/underground2Normal.uasset" 483
"../../../SkaGame3/Content/SkaGameAssets/Materials/Undeground_Mat.uasset" 484
"../../../SkaGame3/Content/SkaGameAssets/Enemies/Materials/Bat_color_MAt.uasset" 485
"../../../Engine/Content/BasicShapes/Cube.uasset" 486
"../../../Engine/Content/EngineMaterials/DefaultPhysicalMaterial.uasset" 487
"../../../SkaGame3/Content/SkaGameAssets/Enviroment/Props/Meshes/BaseballCap.uasset" 488
"../../../SkaGame3/Content/SkaGameAssets/Enviroment/Props/Meshes/Fence1_Iron_.uasset" 489
"../../../SkaGame3/Content/SkaGameAssets/Enviroment/Props/Meshes/Guitaur.uasset" 490
"../../../SkaGame3/Content/SkaGameAssets/Materials/textures/Record_Texture.uasset" 491
"../../../SkaGame3/Content/SkaGameAssets/Materials/Record_Mat.uasset" 492
"../../../SkaGame3/Content/SkaGameAssets/Enviroment/Props/Meshes/Record.uasset" 493
"../../../SkaGame3/Content/SkaGameAssets/Enviroment/Props/Meshes/Saxophone.uasset" 494
"../../../SkaGame3/Content/SkaGameAssets/Enviroment/Props/Materials/Tombstone_Mat.uasset" 495
"../../../SkaGame3/Content/SkaGameAssets/Enviroment/Props/Meshes/Tombstone1.uasset" 496
"../../../SkaGame3/Content/SkaGameAssets/Enviroment/Props/Meshes/Tombstone5.uasset" 497
"../../../SkaGame3/Content/SkaGameAssets/Enviroment/Props/Meshes/Tree.uasset" 498
"../../../SkaGame3/Content/SkaGameAssets/Enviroment/Props/Meshes/Trumbone.uasset" 499
"../../../SkaGame3/Content/SkaGameAssets/Enviroment/Props/Meshes/Trumpet.uasset" 500
"../../../SkaGame3/Content/SkaGameAssets/Meshes/hillump01.uasset" 501
"../../../SkaGame3/Content/SkaGameAssets/Meshes/hillump02.uasset" 502
"../../../SkaGame3/Content/SkaGameAssets/Meshes/skatree.uasset" 503
"../../../SkaGame3/Content/SkaGameAssets/Meshes/Tombstone5.uasset" 504
"../../../SkaGame3/Content/SkaGameAssets/Meshes/Tree.uasset" 505
"../../../SkaGame3/Content/SkaGameAssets/Levels/Graveyard_Act1Final.umap" 506
"../../../SkaGame3/Content/SkaGameAssets/Enemies/RaveLordAssets/GraveLord__1__Anim_GraveLord_Armature_GraveLord_Idle.uasset" 507
"../../../SkaGame3/Content/SkaGameAssets/Enemies/RaveLordAssets/GraveLord__1__Anim_GraveLord_Armature_GraveLord_Hurt.uasset" 508
"../../../SkaGame3/Content/SkaGameAssets/Enemies/RaveLordAssets/GraveLord__1__Anim_GraveLord_Armature_GraveLord_Hurt_Montage.uasset" 509
"../../../SkaGame3/Content/SkaGameAssets/Enemies/RaveLordAssets/GraveLord__1__Anim_GraveLord_Armature_GraveLord_SweepHigh.uasset" 510
"../../../SkaGame3/Content/SkaGameAssets/Enemies/RaveLordAssets/GraveLord__1__Anim_GraveLord_Armature_GraveLord_SweepHigh_Montage.uasset" 511
"../../../SkaGame3/Content/SkaGameAssets/Enemies/RaveLordAssets/GraveLord__1__Anim_GraveLord_Armature_GraveLord_SweepLow.uasset" 512
"../../../SkaGame3/Content/SkaGameAssets/Enemies/RaveLordAssets/GraveLord__1__Anim_GraveLord_Armature_GraveLord_SweepLow_Montage.uasset" 513
"../../../SkaGame3/Content/SkaGameAssets/Enemies/RaveLordAssets/GraveLordState.uasset" 514
"../../../SkaGame3/Content/SkaGameAssets/Materials/GraveLordGlasses.uasset" 515
"../../../SkaGame3/Content/SkaGameAssets/Meshes/Enemies/GraveLord__1__PhysicsAsset.uasset" 516
"../../../SkaGame3/Content/SkaGameAssets/Meshes/Enemies/GraveLord__1_.uasset" 517
"../../../SkaGame3/Content/SkaGameAssets/BluePrints/Enemies/GraveLord_BP.uasset" 518
"../../../SkaGame3/Content/SkaGameAssets/Enemies/RaveLordAssets/Gravelord_Anime_BP.uasset" 519
"../../../SkaGame3/Content/SkaGameAssets/Levels/Graveyard_Act2_BuiltData.uasset" 520
"../../../Engine/Content/BasicShapes/Plane.uasset" 521
"../../../SkaGame3/Content/SkaGameAssets/Levels/Graveyard_Act2.umap" 522
"../../../SkaGame3/Content/SkaGameAssets/Enemies/DarnBatAssets/DarnBat_Anim_DarnBat_Skeleton_DarnBat_Attacking.uasset" 523
"../../../SkaGame3/Content/SkaGameAssets/Enemies/DarnBatAssets/DarnBat_Anim_DarnBat_Skeleton_DarnBat_AttackPrepare.uasset" 524
"../../../SkaGame3/Content/SkaGameAssets/Enemies/DarnBatAssets/DarnBat_Anim_DarnBat_Skeleton_DarnBat_Flying.uasset" 525
"../../../SkaGame3/Content/SkaGameAssets/Enemies/DarnBatAssets/DarnBatAnim_BP.uasset" 526
"../../../SkaGame3/Content/SkaGameAssets/Enemies/DarnBatAssets/BluePrints/DarnBatAI.uasset" 527
"../../../SkaGame3/Content/SkaGameAssets/Enemies/DarnBatAssets/BluePrints/E_AI_State.uasset" 528
"../../../SkaGame3/Content/SkaGameAssets/Meshes/Enemies/DarnBat.uasset" 529
"../../../SkaGame3/Content/SkaGameAssets/BluePrints/Enemies/DarnBat_CharacterBP.uasset" 530
"../../../SkaGame3/Content/SkaGameAssets/Materials/DirectLight.uasset" 531
"../../../SkaGame3/Content/SkaGameAssets/BluePrints/PowerUps/bigHealthPack.uasset" 532
"../../../SkaGame3/Content/SkaGameAssets/BluePrints/PowerUps/smallHealthPack.uasset" 533
"../../../SkaGame3/Content/SkaGameAssets/Levels/Graveyard_Test_BuiltData.uasset" 534
"../../../SkaGame3/Content/SkaGameAssets/Materials/Grass_Mat.uasset" 535
"../../../SkaGame3/Content/SkaGameAssets/Levels/Graveyard_Test.umap" 536
"../../../SkaGame3/Content/SkaGameAssets/Levels/MainMenu.umap" 537
"../../../SkaGame3/Content/SkaGameAssets/Levels/SideScrollerExampleMap_BuiltData.uasset" 538
"../../../SkaGame3/Content/SkaGameAssets/Levels/SideScrollerExampleMap.umap" 539
"../../../Engine/Content/Maps/Entry.umap" 540
