Log file open, 06/20/17 14:04:11
LogInit:Display: Running engine for game: SkaGame3
LogPlatformFile: Not using cached read wrapper
LogInit:Display: RandInit(-1090895767) SRandInit(-1090895767).
LogTaskGraph: Started task graph with 5 named threads and 8 total threads with 1 sets of task threads.
LogStats: Stats thread started at 0.080476
LogInit: Using libcurl 7.47.1
LogInit:  - built for x86_64-pc-win32
LogInit:  - supports SSL with OpenSSL/1.0.2g
LogInit:  - supports HTTP deflate (compression) using libz 1.2.8
LogInit:  - other features:
LogInit:      CURL_VERSION_SSL
LogInit:      CURL_VERSION_LIBZ
LogInit:      CURL_VERSION_IPV6
LogInit:      CURL_VERSION_ASYNCHDNS
LogInit:      CURL_VERSION_LARGEFILE
LogInit:      CURL_VERSION_IDN
LogInit:  CurlRequestOptions (configurable via config and command line):
LogInit:  - bVerifyPeer = false  - Libcurl will NOT verify peer certificate
LogInit:  - bUseHttpProxy = false  - Libcurl will NOT use HTTP proxy
LogInit:  - bDontReuseConnections = false  - Libcurl will reuse connections
LogInit:  - CertBundlePath = nullptr  - Libcurl will use whatever was configured at build time.
OCULUS: Info: [CAPI] LibOVR module is located at C:\Program Files\Oculus\Support\oculus-runtime\LibOVRRT64_1.dll
OCULUS: Debug: Connected to the server running version (prod = 1).1.14.0(build = 378771) feature version = 0. Client runs version (prod = 1).1.14.0(build = 378771) feature version = 0
LogHMD: GearVR: Emulating GearVR using Oculus Rift!
LogInit: Build: ++UE4+Release-4.15-CL-3450819
LogInit: Engine Version: 4.15.3-3450819+++UE4+Release-4.15
LogInit: Compatible Engine Version: 4.15.0-3299760+++UE4+Release-4.15
LogInit: Net CL: 3299760
LogDevObjectVersion: Number of dev versions registered: 14
LogDevObjectVersion:   Dev-Blueprints (B0D832E4-1F89-4F0D-ACCF-7EB736FD4AA2): 8
LogDevObjectVersion:   Dev-Build (E1C64328-A22C-4D53-A36C-8E866417BD8C): 0
LogDevObjectVersion:   Dev-Core (375EC13C-06E4-48FB-B500-84F0262A717E): 2
LogDevObjectVersion:   Dev-Editor (E4B068ED-F494-42E9-A231-DA0B2E46BB41): 14
LogDevObjectVersion:   Dev-Framework (CFFC743F-43B0-4480-9391-14DF171D2073): 22
LogDevObjectVersion:   Dev-Mobile (B02B49B5-BB20-44E9-A304-32B752E40360): 0
LogDevObjectVersion:   Dev-Networking (A4E4105C-59A1-49B5-A7C5-40C4547EDFEE): 0
LogDevObjectVersion:   Dev-Online (39C831C9-5AE6-47DC-9A44-9C173E1C8E7C): 0
LogDevObjectVersion:   Dev-Physics (78F01B33-EBEA-4F98-B9B4-84EACCB95AA2): 0
LogDevObjectVersion:   Dev-Platform (6631380F-2D4D-43E0-8009-CF276956A95A): 0
LogDevObjectVersion:   Dev-Rendering (12F88B9F-8875-4AFC-A67C-D90C383ABD29): 12
LogDevObjectVersion:   Dev-Sequencer (7B5AE74C-D270-4C10-A958-57980B212A5A): 3
LogDevObjectVersion:   Dev-VR (D7296918-1DD6-4BDD-9DE2-64A83CC13884): 0
LogDevObjectVersion:   Dev-LoadTimes (C2A15278-BFE7-4AFE-6C17-90FF531DF755): 1
LogInit: Compiled (64-bit): May 21 2017 11:02:34
LogInit: Compiled with Visual C++: 19.00.23026.00
LogInit: Build Configuration: Development
LogInit: Branch Name: ++UE4+Release-4.15
LogInit: Command line: -EpicPortal 
LogInit: Base directory: C:/Program Files/Epic Games/UE_4.15/Engine/Binaries/Win64/
LogInit: Installed Engine Build: 1
LogInit: Presizing for max 8388607 objects, including 0 objects not considered by GC, pre-allocating 0 bytes for permanent pool.
LogInit: Object subsystem initialized
[2017.06.20-18.04.12:765][  0]LogInit: Selected Device Profile: [Windows]
[2017.06.20-18.04.12:765][  0]LogInit: Applying CVar settings loaded from the selected device profile: [Windows]
[2017.06.20-18.04.12:784][  0]LogInit: Computer: ETB118-003
[2017.06.20-18.04.12:784][  0]LogInit: User: LabUser
[2017.06.20-18.04.12:784][  0]LogInit: CPU Page size=65536, Cores=4
[2017.06.20-18.04.12:784][  0]LogInit: High frequency timer resolution =3.410080 MHz
[2017.06.20-18.04.12:784][  0]LogMemory: Memory total: Physical=31.9GB (32GB approx)
[2017.06.20-18.04.12:784][  0]LogMemory: Platform Memory Stats for Windows
[2017.06.20-18.04.12:784][  0]LogMemory: Process Physical Memory: 271.24 MB used, 271.24 MB peak
[2017.06.20-18.04.12:784][  0]LogMemory: Process Virtual Memory: 265.87 MB used, 265.87 MB peak
[2017.06.20-18.04.12:784][  0]LogMemory: Physical Memory: 5642.04 MB used,  27067.99 MB free, 32710.02 MB total
[2017.06.20-18.04.12:784][  0]LogMemory: Virtual Memory: 686.41 MB used,  27067.99 MB free, 134217728.00 MB total
[2017.06.20-18.04.12:864][  0]LogTextLocalizationManager: No specific translations for ('en-US') exist, so ('en') translations will be used.
[2017.06.20-18.04.13:578][  0]LogD3D11RHI: D3D11 adapters:
[2017.06.20-18.04.13:602][  0]LogD3D11RHI:    0. 'NVIDIA Quadro K4200' (Feature Level 11_0)
[2017.06.20-18.04.13:602][  0]LogD3D11RHI:       4063/0/16355 MB DedicatedVideo/DedicatedSystem/SharedSystem, Outputs:2, VendorId:0x10de
[2017.06.20-18.04.13:603][  0]LogD3D11RHI:    1. 'Microsoft Basic Render Driver' (Feature Level 11_0)
[2017.06.20-18.04.13:604][  0]LogD3D11RHI:       0/0/16355 MB DedicatedVideo/DedicatedSystem/SharedSystem, Outputs:0, VendorId:0x1414
[2017.06.20-18.04.13:604][  0]LogD3D11RHI: Chosen D3D11 Adapter: 0
[2017.06.20-18.04.13:607][  0]LogD3D11RHI: Creating new Direct3DDevice
[2017.06.20-18.04.13:607][  0]LogD3D11RHI:     GPU DeviceId: 0x11b4 (for the marketing name, search the web for "GPU Device Id")
[2017.06.20-18.04.13:607][  0]LogWindows: EnumDisplayDevices:
[2017.06.20-18.04.13:607][  0]LogWindows:    0. 'NVIDIA Quadro K4200' (P:0 D:1)
[2017.06.20-18.04.13:608][  0]LogWindows:    1. 'NVIDIA Quadro K4200' (P:1 D:1)
[2017.06.20-18.04.13:608][  0]LogWindows:    2. 'NVIDIA Quadro K4200' (P:0 D:0)
[2017.06.20-18.04.13:608][  0]LogWindows:    3. 'NVIDIA Quadro K4200' (P:0 D:0)
[2017.06.20-18.04.13:608][  0]LogWindows:    4. 'DameWare Development Mirror Driver 64-bit' (P:0 D:0)
[2017.06.20-18.04.13:608][  0]LogWindows: DebugString: GetVideoDriverDetailsInvalid PrimaryIsNotTheChoosenAdapter FoundDriverCount:4 
[2017.06.20-18.04.13:608][  0]LogD3D11RHI:     Adapter Name: NVIDIA Quadro K4200
[2017.06.20-18.04.13:608][  0]LogD3D11RHI:   Driver Version: 377.35 (internal:21.21.13.7735, unified:377.35)
[2017.06.20-18.04.13:608][  0]LogD3D11RHI:      Driver Date: 5-1-2017
[2017.06.20-18.04.13:608][  0]LogRHI: Texture pool is 1361 MB (70% of 1945 MB)
[2017.06.20-18.04.13:619][  0]LogD3D11RHI:Warning: Timestamp queries are currently disabled on this hardware due to instability. Realtime GPU stats will not be available. You can override this behaviour by setting r.NVIDIATimestampWorkaround to 0
[2017.06.20-18.04.13:620][  0]LogD3D11RHI: Async texture creation enabled
[2017.06.20-18.04.13:636][  0]LogD3D11RHI: GPU Timing Frequency: 1000.000000 (Debug: 2 2)
[2017.06.20-18.04.13:638][  0]LogShaderCompilers: Guid format shader working directory is -16 characters bigger than the processId version (../../../../../../Users/LabUser/Documents/GitHub/skagame/SkaGame/Intermediate/Shaders/WorkingDirectory/4944/).
[2017.06.20-18.04.13:638][  0]LogShaderCompilers: Cleaned the shader compiler working directory 'C:/Users/LabUser/AppData/Local/Temp/UnrealShaderWorkingDir/4740557E473C6B05D22B2CB8BACE932B/'.
[2017.06.20-18.04.13:638][  0]LogShaderCompilers:Display: Using Local Shader Compiler.
[2017.06.20-18.04.14:703][  0]LogTemp:Display: Loaded TP AllDesktopTargetPlatform
[2017.06.20-18.04.14:765][  0]LogTemp:Display: Loaded TP MacClientTargetPlatform
[2017.06.20-18.04.14:826][  0]LogTemp:Display: Loaded TP MacNoEditorTargetPlatform
[2017.06.20-18.04.14:888][  0]LogTemp:Display: Loaded TP MacServerTargetPlatform
[2017.06.20-18.04.14:951][  0]LogTemp:Display: Loaded TP MacTargetPlatform
[2017.06.20-18.04.15:014][  0]LogTemp:Display: Loaded TP WindowsClientTargetPlatform
[2017.06.20-18.04.15:077][  0]LogTemp:Display: Loaded TP WindowsNoEditorTargetPlatform
[2017.06.20-18.04.15:140][  0]LogTemp:Display: Loaded TP WindowsServerTargetPlatform
[2017.06.20-18.04.15:193][  0]LogTemp:Display: Loaded TP WindowsTargetPlatform
[2017.06.20-18.04.15:255][  0]LogTemp:Display: Loaded TP AndroidTargetPlatform
[2017.06.20-18.04.15:317][  0]LogTemp:Display: Loaded TP Android_ASTCTargetPlatform
[2017.06.20-18.04.15:380][  0]LogTemp:Display: Loaded TP Android_ATCTargetPlatform
[2017.06.20-18.04.15:442][  0]LogTemp:Display: Loaded TP Android_DXTTargetPlatform
[2017.06.20-18.04.15:504][  0]LogTemp:Display: Loaded TP Android_ETC1TargetPlatform
[2017.06.20-18.04.15:564][  0]LogTemp:Display: Loaded TP Android_ETC2TargetPlatform
[2017.06.20-18.04.15:687][  0]LogTemp:Display: Loaded TP Android_MultiTargetPlatform
[2017.06.20-18.04.15:687][  0]LogTemp:Display: Loaded TP Android_PVRTCTargetPlatform
[2017.06.20-18.04.15:732][  0]LogTemp:Display: Loaded TP HTML5TargetPlatform
[2017.06.20-18.04.15:835][  0]LogTemp:Display: Loaded TP IOSTargetPlatform
[2017.06.20-18.04.15:870][  0]LogTemp:Display: Loaded TP TVOSTargetPlatform
[2017.06.20-18.04.15:931][  0]LogTemp:Display: Loaded TP LinuxClientTargetPlatform
[2017.06.20-18.04.15:992][  0]LogTemp:Display: Loaded TP LinuxNoEditorTargetPlatform
[2017.06.20-18.04.16:054][  0]LogTemp:Display: Loaded TP LinuxServerTargetPlatform
[2017.06.20-18.04.16:117][  0]LogTemp:Display: Loaded TP LinuxTargetPlatform
[2017.06.20-18.04.16:117][  0]LogTargetPlatformManager:Display: Building Assets For Windows
[2017.06.20-18.04.16:588][  0]LogDerivedDataCache:Display: Max Cache Size: 512 MB
[2017.06.20-18.04.16:637][  0]LogDerivedDataCache: Loaded boot cache 0.05s 50MB C:/Users/LabUser/AppData/Local/UnrealEngine/4.15/DerivedDataCache/Boot.ddc.
[2017.06.20-18.04.16:637][  0]LogDerivedDataCache:Display: Loaded Boot cache: C:/Users/LabUser/AppData/Local/UnrealEngine/4.15/DerivedDataCache/Boot.ddc
[2017.06.20-18.04.16:637][  0]LogDerivedDataCache: FDerivedDataBackendGraph:  Pak pak cache file ../../../../../../Users/LabUser/Documents/GitHub/skagame/SkaGame/DerivedDataCache/DDC.ddp not found, will not use a pak cache.
[2017.06.20-18.04.16:637][  0]LogDerivedDataCache: Unable to find inner node Pak for hierarchical cache Hierarchy.
[2017.06.20-18.04.16:637][  0]LogDerivedDataCache: FDerivedDataBackendGraph:  CompressedPak pak cache file ../../../../../../Users/LabUser/Documents/GitHub/skagame/SkaGame/DerivedDataCache/Compressed.ddp not found, will not use a pak cache.
[2017.06.20-18.04.16:637][  0]LogDerivedDataCache: Unable to find inner node CompressedPak for hierarchical cache Hierarchy.
[2017.06.20-18.04.16:654][  0]LogDerivedDataCache:Display: Pak cache opened for reading ../../../Engine/DerivedDataCache/Compressed.ddp.
[2017.06.20-18.04.16:667][  0]LogDerivedDataCache: Using Local data cache path C:/Users/LabUser/AppData/Local/UnrealEngine/Common/DerivedDataCache: Writable
[2017.06.20-18.04.16:675][  0]LogSlate: Using Freetype 2.6.0
[2017.06.20-18.04.16:676][  0]LogSlate: SlateFontCache - WITH_FREETYPE: 1, WITH_HARFBUZZ: 1
[2017.06.20-18.04.16:676][  0]LogSlate: SlateFontCache - WITH_FREETYPE: 1, WITH_HARFBUZZ: 1
[2017.06.20-18.04.17:008][  0]LogInit: Selected Device Profile: [Windows]
[2017.06.20-18.04.17:010][  0]LogContentStreaming: Texture pool size is 0.00 MB
[2017.06.20-18.04.17:229][  0]LogMeshUtilities: Using QuadricMeshReduction for automatic static mesh reduction
[2017.06.20-18.04.17:282][  0]LogSimplygon: Simplygon DLL not present - disabling.
[2017.06.20-18.04.17:340][  0]LogMeshUtilities: Using SimplygonSwarm for distributed automatic mesh merging
[2017.06.20-18.04.17:340][  0]LogMeshUtilities: No automatic skeletal mesh reduction module available
[2017.06.20-18.04.17:340][  0]LogMeshUtilities: No automatic mesh merging module available
[2017.06.20-18.04.17:865][  0]LogNetVersion: GetLocalNetworkVersion: CL: 3299760, ProjectName: skagame3, ProjectVersion: , EngineNetworkVersion: 2, GameNetworkVersion: 0, NetworkChecksum: 2118841436
[2017.06.20-18.04.17:910][  0]LogAssetRegistry: FAssetRegistry took 0.0213 seconds to start up
[2017.06.20-18.04.17:980][  0]LogPackageLocalizationCache: Processed 3 localized package path(s) for 2 prioritized culture(s) in 0.046567 seconds
[2017.06.20-18.04.17:984][  0]LogUObjectArray: 32493 objects as part of root set at end of initial load.
[2017.06.20-18.04.17:984][  0]LogUObjectAllocator: 7077024 out of 0 bytes used by permanent object pool.
[2017.06.20-18.04.17:984][  0]LogUObjectArray: CloseDisregardForGC: 0/0 objects in disregard for GC pool
[2017.06.20-18.04.18:045][  0]LogInit: WinSock: version 1.1 (2.2), MaxSocks=32767, MaxUdp=65467
[2017.06.20-18.04.19:962][  0]LogTcpMessaging: Initializing TcpMessaging bridge
[2017.06.20-18.04.20:005][  0]LogUdpMessaging: Initializing bridge on interface 0.0.0.0:0 to multicast group 230.0.0.1:6666.
[2017.06.20-18.04.20:532][  0]LogMaterial: Uniform references updated for custom material expression Custom.
[2017.06.20-18.04.20:968][  0]SourceControl: Info Source control is disabled
[2017.06.20-18.04.20:970][  0]SourceControl: Info Source control is disabled
[2017.06.20-18.04.21:027][  0]SourceControl: Info Source control is disabled
[2017.06.20-18.04.21:083][  0]SourceControl: Info Source control is disabled
[2017.06.20-18.04.22:555][  0]LogEngine: Initializing Engine...
[2017.06.20-18.04.22:556][  0]LogHMD: Oculus plugin initialized. Version: 4.15.3-3450819+++UE4+Release-4.15, LibOVR: 1.14.0, SDK: 1.10.0, built May 21 2017, 11:08:57
[2017.06.20-18.04.22:659][  0]LogStats: UGameplayTagsManager::ConstructGameplayTagTree: Construct from data asset -  0.000 s
[2017.06.20-18.04.22:659][  0]LogStats: UGameplayTagsManager::ConstructGameplayTagTree: GameplayTagTreeChangedEvent.Broadcast -  0.000 s
[2017.06.20-18.04.22:802][  0]LogAIModule: Creating AISystem for world Untitled
[2017.06.20-18.04.22:810][  0]LogInit: XAudio2 using 'Speakers (Dell AC511 USB SoundBar)' : 2 channels at 44.1 kHz using 16 bits per sample (channel mask 0x3)
[2017.06.20-18.04.22:820][  0]LogInit: FAudioDevice initialized.
[2017.06.20-18.04.22:845][  0]LogDerivedDataCache: Saved boot cache 0.02s 50MB C:/Users/LabUser/AppData/Local/UnrealEngine/4.15/DerivedDataCache/Boot.ddc.
[2017.06.20-18.04.22:848][  0]LogInit: Texture streaming: Enabled
[2017.06.20-18.04.22:941][  0]LogEngineSessionManager: EngineSessionManager initialized
[2017.06.20-18.04.23:040][  0]LogInit: Transaction tracking system initialized
[2017.06.20-18.04.23:442][  0]BlueprintLog: New page: Editor Load
[2017.06.20-18.04.24:438][  0]LocalizationService: Info Localization service is disabled
[2017.06.20-18.04.25:251][  0]LogConsoleResponse:Display: 
[2017.06.20-18.04.25:372][  0]LogCook:Display: Max memory allowance for cook 16384mb min free memory 0mb
[2017.06.20-18.04.25:372][  0]LogCook:Display: Mobile HDR setting 1
[2017.06.20-18.04.25:772][  0]LogFileCache: Scanning file cache for directory 'C:/Users/LabUser/Documents/GitHub/skagame/SkaGame/Content/' took 0.02s
[2017.06.20-18.04.26:647][  0]SourceControl: Info Source control is disabled
[2017.06.20-18.04.26:647][  0]Cmd: MAP LOAD FILE="../../../../../../Users/LabUser/Documents/GitHub/skagame/SkaGame/Content/Levels/MainMenu.umap" TEMPLATE=0 SHOWPROGRESS=1 FEATURELEVEL=3
[2017.06.20-18.04.26:647][  0]LogEditorServer:Warning: Can't find file '../../../../../../Users/LabUser/Documents/GitHub/skagame/SkaGame/Content/Levels/MainMenu.umap'
[2017.06.20-18.04.26:647][  0]Cmd: MAP CHECKDEP NOCLEARLOG
[2017.06.20-18.04.26:715][  0]MapCheck: Info Map check complete: 0 Error(s), 0 Warning(s), took 67.509ms to complete.
[2017.06.20-18.04.26:715][  0]LogFileHelpers: Loading map 'MainMenu' took 0.068
[2017.06.20-18.04.26:893][  0]LogCollectionManager: Loaded 0 collections in 0.001894 seconds
[2017.06.20-18.04.26:981][  0]LogFileCache: Scanning file cache for directory 'C:/Users/LabUser/Documents/GitHub/skagame/SkaGame/Saved/Collections/' took 0.01s
[2017.06.20-18.04.26:981][  0]LogFileCache: Scanning file cache for directory 'C:/Users/LabUser/Documents/GitHub/skagame/SkaGame/Content/Developers/LabUser/Collections/' took 0.01s
[2017.06.20-18.04.26:981][  0]LogFileCache: Scanning file cache for directory 'C:/Users/LabUser/Documents/GitHub/skagame/SkaGame/Content/Collections/' took 0.01s
[2017.06.20-18.04.26:981][  0]LogCollectionManager: Rebuilt the GUID cache for 0 collections in 0.000001 seconds
[2017.06.20-18.04.26:989][  0]LogContentBrowser: Native class hierarchy populated in 0.0080 seconds. Added 2245 classes and 453 folders.
[2017.06.20-18.04.27:059][  0]LogContentBrowser: Native class hierarchy updated for 'WidgetCarousel' in 0.0006 seconds. Added 0 classes and 0 folders.
[2017.06.20-18.04.27:139][  0]LogContentBrowser: Native class hierarchy updated for 'AddContentDialog' in 0.0005 seconds. Added 0 classes and 0 folders.
[2017.06.20-18.04.27:188][  0]LogContentBrowser: Native class hierarchy updated for 'SceneOutliner' in 0.0006 seconds. Added 1 classes and 2 folders.
[2017.06.20-18.04.27:234][  0]LogCrashTracker: Crashtracker disabled due to settings.
[2017.06.20-18.04.27:239][  0]LogUObjectGlobals:Warning: Failed to find object 'Class None.'
[2017.06.20-18.04.27:311][  0]LogContentBrowser: Native class hierarchy updated for 'HierarchicalLODOutliner' in 0.0006 seconds. Added 1 classes and 2 folders.
[2017.06.20-18.04.27:311][  0]LogLoad: (Engine Initialization) Total time: 17.32 seconds
[2017.06.20-18.04.27:311][  0]LogLoad: (Engine Initialization) Total Blueprint compile time: 0.05 seconds
[2017.06.20-18.04.27:311][  0]LogExternalProfiler: Found external profiler: VSPerf
[2017.06.20-18.04.27:311][  0]LogExternalProfiler: Using external profiler: VSPerf
[2017.06.20-18.04.27:651][  0]LogOcInput: OculusInput pre-init called
[2017.06.20-18.04.27:664][  0]LogOcInput: OculusInput is initialized. Init status 0. Runtime version: 1.14.0
[2017.06.20-18.04.27:681][  0]LogContentStreaming: Texture pool size now 1000 MB
[2017.06.20-18.04.27:682][  0]LogSlate: Took 0.000392 seconds to synchronously load lazily loaded font '../../../Engine/Content/Slate/Fonts/Roboto-Regular.ttf' (155K)
[2017.06.20-18.04.27:686][  0]LogSlate: Took 0.000318 seconds to synchronously load lazily loaded font '../../../Engine/Content/Slate/Fonts/Roboto-Bold.ttf' (160K)
[2017.06.20-18.04.27:691][  0]LogSlate: Took 0.000345 seconds to synchronously load lazily loaded font '../../../Engine/Content/Editor/Slate/Fonts/FontAwesome.ttf' (139K)
[2017.06.20-18.04.27:807][  0]LogRenderer: Reallocating scene render targets to support 1208x576 NumSamples 1 (Frame:2).
[2017.06.20-18.04.27:836][  0]LogSlate: Took 0.000347 seconds to synchronously load lazily loaded font '../../../Engine/Content/Slate/Fonts/Roboto-Light.ttf' (159K)
[2017.06.20-18.04.27:989][  1]LogAssetRegistry: Asset discovery search completed in 10.0999 seconds
[2017.06.20-18.04.27:989][  1]LogCollectionManager: Rebuilt the object cache for 0 collections in 0.000004 seconds (found 0 objects)
[2017.06.20-18.04.27:989][  1]LogCollectionManager: Fixed up redirectors for 0 collections in 0.000016 seconds (updated 0 objects)
[2017.06.20-18.04.28:653][  3]LogSlate: Took 0.000345 seconds to synchronously load lazily loaded font '../../../Engine/Content/Slate/Fonts/Roboto-Light.ttf' (159K)
[2017.06.20-18.04.47:159][360]LogSlate: Took 0.000265 seconds to synchronously load lazily loaded font '../../../Engine/Content/Slate/Fonts/Roboto-Light.ttf' (159K)
[2017.06.20-18.04.47:167][360]LogLinker:Warning: Can't find file '/Game/SkaGameAssets/CelTest'
[2017.06.20-18.04.47:167][360]LogLinker:Warning: Can't find file for asset '/Game/SkaGameAssets/CelTest' while loading ../../../../../../Users/LabUser/Documents/GitHub/skagame/SkaGame/Content/CelTest.uasset.
[2017.06.20-18.04.47:167][360]LoadErrors:Error: Error /Game/CelTest : Can't find file for asset. /Game/SkaGameAssets/CelTest
[2017.06.20-18.04.47:167][360]LogLinker:Warning: Can't find file '/Game/SkaGameAssets/CelTest'
[2017.06.20-18.04.47:167][360]LogLinker:Warning: Can't find file for asset '/Game/SkaGameAssets/CelTest' while loading ../../../../../../Users/LabUser/Documents/GitHub/skagame/SkaGame/Content/CelTest.uasset.
[2017.06.20-18.04.47:167][360]LogLinker:Warning: Can't find file '/Game/SkaGameAssets/CelTest'
[2017.06.20-18.04.47:167][360]LoadErrors: Info Failed to load /Game/SkaGameAssets/CelTest.CelTest Referenced by CelTest
[2017.06.20-18.04.47:168][360]LogLinker:Warning: Can't find file for asset '/Game/SkaGameAssets/CelTest' while loading NULL.
[2017.06.20-18.04.47:173][360]LogLinker:Warning: Can't find file '/Game/SkaGameAssets/GroundTest'
[2017.06.20-18.04.47:174][360]LogLinker:Warning: Can't find file for asset '/Game/SkaGameAssets/GroundTest' while loading ../../../../../../Users/LabUser/Documents/GitHub/skagame/SkaGame/Content/GroundTest.uasset.
[2017.06.20-18.04.47:174][360]LoadErrors:Error: Error /Game/GroundTest : Can't find file for asset. /Game/SkaGameAssets/GroundTest
[2017.06.20-18.04.47:174][360]LogLinker:Warning: Can't find file '/Game/SkaGameAssets/GroundTest'
[2017.06.20-18.04.47:174][360]LogLinker:Warning: Can't find file for asset '/Game/SkaGameAssets/GroundTest' while loading ../../../../../../Users/LabUser/Documents/GitHub/skagame/SkaGame/Content/GroundTest.uasset.
[2017.06.20-18.04.47:174][360]LogLinker:Warning: Can't find file '/Game/SkaGameAssets/GroundTest'
[2017.06.20-18.04.47:174][360]LoadErrors: Info Failed to load /Game/SkaGameAssets/GroundTest.GroundTest Referenced by GroundTest
[2017.06.20-18.04.47:174][360]LogLinker:Warning: Can't find file for asset '/Game/SkaGameAssets/GroundTest' while loading NULL.
[2017.06.20-18.04.47:534][360]LogLinker:Warning: Can't find file '/Game/SkaGameAssets/Brad/Character/Meshes/Brad_PivitFixed1'
[2017.06.20-18.04.47:534][360]LogLinker:Warning: Can't find file for asset '/Game/SkaGameAssets/Brad/Character/Meshes/Brad_PivitFixed1' while loading ../../../../../../Users/LabUser/Documents/GitHub/skagame/SkaGame/Content/SkaGameAssets/Brad/Character/Brad_PivitFixed1.uasset.
[2017.06.20-18.04.47:534][360]LoadErrors:Error: Error /Game/SkaGameAssets/Brad/Character/Brad_PivitFixed1 : Can't find file for asset. /Game/SkaGameAssets/Brad/Character/Meshes/Brad_PivitFixed1
[2017.06.20-18.04.47:534][360]LogLinker:Warning: Can't find file '/Game/SkaGameAssets/Brad/Character/Meshes/Brad_PivitFixed1'
[2017.06.20-18.04.47:534][360]LogLinker:Warning: Can't find file for asset '/Game/SkaGameAssets/Brad/Character/Meshes/Brad_PivitFixed1' while loading ../../../../../../Users/LabUser/Documents/GitHub/skagame/SkaGame/Content/SkaGameAssets/Brad/Character/Brad_PivitFixed1.uasset.
[2017.06.20-18.04.47:535][360]LogLinker:Warning: Can't find file '/Game/SkaGameAssets/Brad/Character/Meshes/Brad_PivitFixed1'
[2017.06.20-18.04.47:535][360]LoadErrors: Info Failed to load /Game/SkaGameAssets/Brad/Character/Meshes/Brad_PivitFixed1.Brad_PivitFixed1 Referenced by Brad_PivitFixed1
[2017.06.20-18.04.47:535][360]LogLinker:Warning: Can't find file for asset '/Game/SkaGameAssets/Brad/Character/Meshes/Brad_PivitFixed1' while loading NULL.
[2017.06.20-18.04.47:553][360]LogLinker:Warning: Can't find file '/Game/SkaGameAssets/Suzanne'
[2017.06.20-18.04.47:553][360]LogLinker:Warning: Can't find file for asset '/Game/SkaGameAssets/Suzanne' while loading ../../../../../../Users/LabUser/Documents/GitHub/skagame/SkaGame/Content/Suzanne.uasset.
[2017.06.20-18.04.47:553][360]LoadErrors:Error: Error /Game/Suzanne : Can't find file for asset. /Game/SkaGameAssets/Suzanne
[2017.06.20-18.04.47:553][360]LogLinker:Warning: Can't find file '/Game/SkaGameAssets/Suzanne'
[2017.06.20-18.04.47:553][360]LogLinker:Warning: Can't find file for asset '/Game/SkaGameAssets/Suzanne' while loading ../../../../../../Users/LabUser/Documents/GitHub/skagame/SkaGame/Content/Suzanne.uasset.
[2017.06.20-18.04.47:553][360]LogLinker:Warning: Can't find file '/Game/SkaGameAssets/Suzanne'
[2017.06.20-18.04.47:553][360]LoadErrors: Info Failed to load /Game/SkaGameAssets/Suzanne.Suzanne Referenced by Suzanne
[2017.06.20-18.04.47:553][360]LogLinker:Warning: Can't find file for asset '/Game/SkaGameAssets/Suzanne' while loading NULL.
[2017.06.20-18.04.47:556][360]LogLinker:Warning: Can't find file '/Game/SkaGameAssets/Suzanne_DM'
[2017.06.20-18.04.47:556][360]LogLinker:Warning: Can't find file for asset '/Game/SkaGameAssets/Suzanne_DM' while loading ../../../../../../Users/LabUser/Documents/GitHub/skagame/SkaGame/Content/Suzanne_DM.uasset.
[2017.06.20-18.04.47:556][360]LoadErrors:Error: Error /Game/Suzanne_DM : Can't find file for asset. /Game/SkaGameAssets/Suzanne_DM
[2017.06.20-18.04.47:556][360]LogLinker:Warning: Can't find file '/Game/SkaGameAssets/Suzanne_DM'
[2017.06.20-18.04.47:556][360]LogLinker:Warning: Can't find file for asset '/Game/SkaGameAssets/Suzanne_DM' while loading ../../../../../../Users/LabUser/Documents/GitHub/skagame/SkaGame/Content/Suzanne_DM.uasset.
[2017.06.20-18.04.47:556][360]LogLinker:Warning: Can't find file '/Game/SkaGameAssets/Suzanne_DM'
[2017.06.20-18.04.47:556][360]LoadErrors: Info Failed to load /Game/SkaGameAssets/Suzanne_DM.Suzanne_DM Referenced by Suzanne_DM
[2017.06.20-18.04.47:556][360]LogLinker:Warning: Can't find file for asset '/Game/SkaGameAssets/Suzanne_DM' while loading NULL.
[2017.06.20-18.04.47:559][360]LogLinker:Warning: Can't find file '/Game/SkaGameAssets/suzyQ'
[2017.06.20-18.04.47:559][360]LogLinker:Warning: Can't find file for asset '/Game/SkaGameAssets/suzyQ' while loading ../../../../../../Users/LabUser/Documents/GitHub/skagame/SkaGame/Content/suzyQ.uasset.
[2017.06.20-18.04.47:559][360]LoadErrors:Error: Error /Game/suzyQ : Can't find file for asset. /Game/SkaGameAssets/suzyQ
[2017.06.20-18.04.47:559][360]LogLinker:Warning: Can't find file '/Game/SkaGameAssets/suzyQ'
[2017.06.20-18.04.47:559][360]LogLinker:Warning: Can't find file for asset '/Game/SkaGameAssets/suzyQ' while loading ../../../../../../Users/LabUser/Documents/GitHub/skagame/SkaGame/Content/suzyQ.uasset.
[2017.06.20-18.04.47:560][360]LogLinker:Warning: Can't find file '/Game/SkaGameAssets/suzyQ'
[2017.06.20-18.04.47:560][360]LoadErrors: Info Failed to load /Game/SkaGameAssets/suzyQ.suzyQ Referenced by suzyQ
[2017.06.20-18.04.47:560][360]LogLinker:Warning: Can't find file for asset '/Game/SkaGameAssets/suzyQ' while loading NULL.
[2017.06.20-18.04.47:562][360]LogLinker:Warning: Can't find file '/Game/SkaGameAssets/suzyQ_Inst'
[2017.06.20-18.04.47:562][360]LogLinker:Warning: Can't find file for asset '/Game/SkaGameAssets/suzyQ_Inst' while loading ../../../../../../Users/LabUser/Documents/GitHub/skagame/SkaGame/Content/suzyQ_Inst.uasset.
[2017.06.20-18.04.47:562][360]LoadErrors:Error: Error /Game/suzyQ_Inst : Can't find file for asset. /Game/SkaGameAssets/suzyQ_Inst
[2017.06.20-18.04.47:562][360]LogLinker:Warning: Can't find file '/Game/SkaGameAssets/suzyQ_Inst'
[2017.06.20-18.04.47:562][360]LogLinker:Warning: Can't find file for asset '/Game/SkaGameAssets/suzyQ_Inst' while loading ../../../../../../Users/LabUser/Documents/GitHub/skagame/SkaGame/Content/suzyQ_Inst.uasset.
[2017.06.20-18.04.47:562][360]LogLinker:Warning: Can't find file '/Game/SkaGameAssets/suzyQ_Inst'
[2017.06.20-18.04.47:563][360]LoadErrors: Info Failed to load /Game/SkaGameAssets/suzyQ_Inst.suzyQ_Inst Referenced by suzyQ_Inst
[2017.06.20-18.04.47:563][360]LogLinker:Warning: Can't find file for asset '/Game/SkaGameAssets/suzyQ_Inst' while loading NULL.
[2017.06.20-18.04.47:628][360]LogAIModule: Creating AISystem for world MainMenu
[2017.06.20-18.04.47:651][360]Cmd: OBJ SAVEPACKAGE PACKAGE="/Game/SkaGameAssets/GroundTest2" FILE="../../../../../../Users/LabUser/Documents/GitHub/skagame/SkaGame/Content/SkaGameAssets/GroundTest2.uasset" SILENT=true
[2017.06.20-18.04.47:664][360]LogSavePackage: Save=1.93ms
[2017.06.20-18.04.47:664][360]LogSavePackage: Moving '../../../../../../Users/LabUser/Documents/GitHub/skagame/SkaGame/Saved/GroundTest2F54EB3A24210A11008C1D2A1494360EC.tmp' to '../../../../../../Users/LabUser/Documents/GitHub/skagame/SkaGame/Content/SkaGameAssets/GroundTest2.uasset'
[2017.06.20-18.04.47:668][360]LogSavePackage:Display: Finished SavePackage ../../../../../../Users/LabUser/Documents/GitHub/skagame/SkaGame/Content/SkaGameAssets/GroundTest2.uasset
[2017.06.20-18.04.47:783][360]LogSpawn:Warning: UWorld::DestroyActor: World has no context! World: MainMenu, Actor: /Game/SkaGameAssets/Levels/MainMenu.MainMenu:PersistentLevel.MainMenu_C_1
[2017.06.20-18.04.47:832][360]LogSavePackage: Save=55.73ms
[2017.06.20-18.04.47:832][360]LogSavePackage: Moving '../../../../../../Users/LabUser/Documents/GitHub/skagame/SkaGame/Saved/MainMenuE8CEE09B41554BE2EE784CAEEC437E6F.tmp' to '../../../../../../Users/LabUser/Documents/GitHub/skagame/SkaGame/Content/SkaGameAssets/Levels/MainMenu.umap'
[2017.06.20-18.04.47:836][360]LogSavePackage:Display: Finished SavePackage ../../../../../../Users/LabUser/Documents/GitHub/skagame/SkaGame/Content/SkaGameAssets/Levels/MainMenu.umap
[2017.06.20-18.04.47:838][360]LogFileHelpers: Saving map 'MainMenu' took 0.168
[2017.06.20-18.05.26:758][251]LogTemp: Repeting last play command: Selected Viewport
[2017.06.20-18.05.26:782][251]LogPlayLevel: PlayLevel: No blueprints needed recompiling
[2017.06.20-18.05.26:782][251]PIE: New page: PIE session: Untitled_0 (Jun 20, 2017, 10:05:26 AM)
[2017.06.20-18.05.26:782][251]LogPlayLevel: Creating play world package: /Temp/UEDPIE_0_Untitled_0
[2017.06.20-18.05.26:783][251]LogPlayLevel: PIE: StaticDuplicateObject took: (0.000568s)
[2017.06.20-18.05.26:783][251]LogAIModule: Creating AISystem for world Untitled
[2017.06.20-18.05.26:783][251]LogPlayLevel: PIE: World Init took: (0.000642s)
[2017.06.20-18.05.26:783][251]LogPlayLevel: PIE: Created PIE world by copying editor world from /Temp/Untitled_0.Untitled to /Temp/UEDPIE_0_Untitled_0.Untitled (0.001489s)
[2017.06.20-18.05.26:799][251]LogInit: XAudio2 using 'Speakers (Dell AC511 USB SoundBar)' : 2 channels at 44.1 kHz using 16 bits per sample (channel mask 0x3)
[2017.06.20-18.05.26:807][251]LogInit: FAudioDevice initialized.
[2017.06.20-18.05.26:853][251]LogLoad: Game class is 'SideScrollerGameMode_C'
[2017.06.20-18.05.26:855][251]LogWorld: Bringing World /Temp/UEDPIE_0_Untitled_0.Untitled up for play (max tick rate 0) at 2017.06.20-14.05.26
[2017.06.20-18.05.26:855][251]LogWorld: Bringing up level for play took: 0.000530
[2017.06.20-18.05.26:903][251]LogContentBrowser: Native class hierarchy updated for 'MovieSceneCapture' in 0.0006 seconds. Added 11 classes and 0 folders.
[2017.06.20-18.05.26:904][251]AnimBlueprint:Warning: Warning SLOTNODE: 'RootMotion' in animation instance class Brad_Anim_BP_C already exists. Remove duplicates from the animation graph for this class.
[2017.06.20-18.05.26:906][251]PIE: Info Play in editor start time for /Temp/UEDPIE_0_Untitled_0 1.111
[2017.06.20-18.05.29:640][564]LogTemp: Repeting last play command: Selected Viewport
[2017.06.20-18.05.29:662][564]LogPlayLevel: PlayLevel: No blueprints needed recompiling
[2017.06.20-18.05.29:662][564]PIE: New page: PIE session: Untitled_0 (Jun 20, 2017, 10:05:29 AM)
[2017.06.20-18.05.29:662][564]LogPlayLevel: Creating play world package: /Temp/UEDPIE_0_Untitled_0
[2017.06.20-18.05.29:662][564]LogPlayLevel: PIE: StaticDuplicateObject took: (0.000494s)
[2017.06.20-18.05.29:663][564]LogAIModule: Creating AISystem for world Untitled
[2017.06.20-18.05.29:663][564]LogPlayLevel: PIE: World Init took: (0.000533s)
[2017.06.20-18.05.29:663][564]LogPlayLevel: PIE: Created PIE world by copying editor world from /Temp/Untitled_0.Untitled to /Temp/UEDPIE_0_Untitled_0.Untitled (0.001193s)
[2017.06.20-18.05.29:678][564]LogInit: XAudio2 using 'Speakers (Dell AC511 USB SoundBar)' : 2 channels at 44.1 kHz using 16 bits per sample (channel mask 0x3)
[2017.06.20-18.05.29:687][564]LogInit: FAudioDevice initialized.
[2017.06.20-18.05.29:720][564]LogLoad: Game class is 'SideScrollerGameMode_C'
[2017.06.20-18.05.29:721][564]LogWorld: Bringing World /Temp/UEDPIE_0_Untitled_0.Untitled up for play (max tick rate 0) at 2017.06.20-14.05.29
[2017.06.20-18.05.29:721][564]LogWorld: Bringing up level for play took: 0.000523
[2017.06.20-18.05.29:722][564]AnimBlueprint:Warning: Warning SLOTNODE: 'RootMotion' in animation instance class Brad_Anim_BP_C already exists. Remove duplicates from the animation graph for this class.
[2017.06.20-18.05.29:723][564]PIE: Info Play in editor start time for /Temp/UEDPIE_0_Untitled_0 -0.072
[2017.06.20-18.05.33:155][970]LogTemp: Repeting last play command: Selected Viewport
[2017.06.20-18.05.33:176][970]LogPlayLevel: PlayLevel: No blueprints needed recompiling
[2017.06.20-18.05.33:177][970]PIE: New page: PIE session: Untitled_0 (Jun 20, 2017, 10:05:33 AM)
[2017.06.20-18.05.33:177][970]LogPlayLevel: Creating play world package: /Temp/UEDPIE_0_Untitled_0
[2017.06.20-18.05.33:177][970]LogPlayLevel: PIE: StaticDuplicateObject took: (0.000542s)
[2017.06.20-18.05.33:178][970]LogAIModule: Creating AISystem for world Untitled
[2017.06.20-18.05.33:178][970]LogPlayLevel: PIE: World Init took: (0.000572s)
[2017.06.20-18.05.33:178][970]LogPlayLevel: PIE: Created PIE world by copying editor world from /Temp/Untitled_0.Untitled to /Temp/UEDPIE_0_Untitled_0.Untitled (0.001327s)
[2017.06.20-18.05.33:192][970]LogInit: XAudio2 using 'Speakers (Dell AC511 USB SoundBar)' : 2 channels at 44.1 kHz using 16 bits per sample (channel mask 0x3)
[2017.06.20-18.05.33:198][970]LogInit: FAudioDevice initialized.
[2017.06.20-18.05.33:227][970]LogLoad: Game class is 'SideScrollerGameMode_C'
[2017.06.20-18.05.33:228][970]LogWorld: Bringing World /Temp/UEDPIE_0_Untitled_0.Untitled up for play (max tick rate 0) at 2017.06.20-14.05.33
[2017.06.20-18.05.33:229][970]LogWorld: Bringing up level for play took: 0.000572
[2017.06.20-18.05.33:229][970]AnimBlueprint:Warning: Warning SLOTNODE: 'RootMotion' in animation instance class Brad_Anim_BP_C already exists. Remove duplicates from the animation graph for this class.
[2017.06.20-18.05.33:230][970]PIE: Info Play in editor start time for /Temp/UEDPIE_0_Untitled_0 -0.565
[2017.06.20-18.05.41:105][890]AnimBlueprint:Warning: Warning SLOTNODE: 'RootMotion' in animation instance class Brad_Anim_BP_C already exists. Remove duplicates from the animation graph for this class.
[2017.06.20-18.05.44:010][185]LogContentBrowser: Native class hierarchy updated for 'BlueprintGraph' in 0.0009 seconds. Added 112 classes and 0 folders.
[2017.06.20-18.05.44:581][185]LogSlate: Took 0.000401 seconds to synchronously load lazily loaded font '../../../Engine/Content/Editor/Slate/Fonts/Roboto-BoldCondensed.ttf' (158K)
[2017.06.20-18.05.52:477][ 85]Cmd: MAP LOAD FILE="../../../../../../Users/LabUser/Documents/GitHub/skagame/SkaGame/Content/SkaGameAssets/Levels/MainMenu.umap" TEMPLATE=0 SHOWPROGRESS=1 FEATURELEVEL=3
[2017.06.20-18.05.52:477][ 85]LightingResults: New page: Lighting Build
[2017.06.20-18.05.52:525][ 85]LogContentBrowser: Native class hierarchy updated for 'StatsViewer' in 0.0006 seconds. Added 5 classes and 0 folders.
[2017.06.20-18.05.52:526][ 85]LoadErrors: New page: Loading map: MainMenu.umap
[2017.06.20-18.05.52:567][ 85]MapCheck: New page: Map Check
[2017.06.20-18.05.52:567][ 85]LightingResults: New page: Lighting Build
[2017.06.20-18.05.52:582][ 85]LogEditorServer: Finished looking for orphan Actors (0.000 secs)
[2017.06.20-18.05.52:625][ 85]Cmd: MAP CHECKDEP NOCLEARLOG
[2017.06.20-18.05.52:711][ 85]MapCheck: Info Map check complete: 0 Error(s), 0 Warning(s), took 86.367ms to complete.
[2017.06.20-18.05.52:712][ 85]LogFileHelpers: Loading map 'MainMenu' took 0.236
[2017.06.20-18.06.00:074][830]LogSlate: Only BGRA pngs, bmps or icos are supported in by External Image Picker
[2017.06.20-18.06.00:307][845]LogTemp:Display: Executing iPhonePackager certificates Engine -bundlename com.YourCompany.SkaGame3

[2017.06.20-18.06.00:307][845]LogTemp:Display: CWD: C:\Program Files\Epic Games\UE_4.15\Engine\Binaries\DotNET\IOS

[2017.06.20-18.06.00:307][845]LogTemp:Display: Initial Dir: C:\Program Files\Epic Games\UE_4.15

[2017.06.20-18.06.00:307][845]LogTemp:Display: Env CWD: C:\Program Files\Epic Games\UE_4.15\Engine\Binaries\DotNET\IOS

[2017.06.20-18.06.00:307][845]LogTemp:Display: BranchPath = ETB118-003/C/Program Files/Epic Games/UE_4.15/Engine/Binaries --- GameBranchPath = ETB118-003/C/Program Files/Epic Games/UE_4.15/Engine/Binaries

[2017.06.20-18.06.00:627][883]LogTemp:Display: IPP ERROR: Application exception: System.IO.DirectoryNotFoundException: Could not find a part of the path 'C:\Users\LabUser\AppData\Local\Apple Computer\MobileDevice\Provisioning Profiles'.

[2017.06.20-18.06.00:627][883]LogTemp:Display:    at System.IO.__Error.WinIOError(Int32 errorCode, String maybeFullPath)

[2017.06.20-18.06.00:627][883]LogTemp:Display:    at System.IO.FileSystemEnumerableIterator`1.CommonInit()

[2017.06.20-18.06.00:627][883]LogTemp:Display:    at System.IO.Directory.EnumerateFiles(String path, String searchPattern)

[2017.06.20-18.06.00:627][883]LogTemp:Display:    at iPhonePackager.CodeSignatureBuilder.FindProvisions(String CFBundleIdentifier)

[2017.06.20-18.06.00:627][883]LogTemp:Display:    at iPhonePackager.Program.Main(String[] args)

[2017.06.20-18.06.57:076][207]LogTemp: Repeting last play command: Selected Viewport
[2017.06.20-18.06.57:103][207]LogBlueprintUserMessages: Early PlayInEditor Detection: Level '/Game/SkaGameAssets/Levels/MainMenu.MainMenu:PersistentLevel' has LevelScriptBlueprint '/Game/SkaGameAssets/Levels/MainMenu.MainMenu:PersistentLevel.MainMenu' with GeneratedClass '/Game/SkaGameAssets/Levels/MainMenu.MainMenu_C' with ClassGeneratedBy '/Game/SkaGameAssets/Levels/MainMenu.MainMenu:PersistentLevel.MainMenu'
[2017.06.20-18.06.57:103][207]LogPlayLevel: PlayLevel: No blueprints needed recompiling
[2017.06.20-18.06.57:103][207]PIE: New page: PIE session: MainMenu (Jun 20, 2017, 10:06:57 AM)
[2017.06.20-18.06.57:103][207]LogPlayLevel: Creating play world package: /Game/SkaGameAssets/Levels/UEDPIE_0_MainMenu
[2017.06.20-18.06.57:104][207]LogPlayLevel: PIE: StaticDuplicateObject took: (0.000923s)
[2017.06.20-18.06.57:105][207]LogAIModule: Creating AISystem for world MainMenu
[2017.06.20-18.06.57:105][207]LogPlayLevel: PIE: World Init took: (0.000650s)
[2017.06.20-18.06.57:105][207]LogPlayLevel: PIE: Created PIE world by copying editor world from /Game/SkaGameAssets/Levels/MainMenu.MainMenu to /Game/SkaGameAssets/Levels/UEDPIE_0_MainMenu.MainMenu (0.001751s)
[2017.06.20-18.06.57:120][207]LogInit: XAudio2 using 'Speakers (Dell AC511 USB SoundBar)' : 2 channels at 44.1 kHz using 16 bits per sample (channel mask 0x3)
[2017.06.20-18.06.57:127][207]LogInit: FAudioDevice initialized.
[2017.06.20-18.06.57:159][207]LogLoad: Game class is 'SideScrollerGameMode_C'
[2017.06.20-18.06.57:160][207]LogWorld: Bringing World /Game/SkaGameAssets/Levels/UEDPIE_0_MainMenu.MainMenu up for play (max tick rate 0) at 2017.06.20-14.06.57
[2017.06.20-18.06.57:160][207]LogWorld: Bringing up level for play took: 0.000736
[2017.06.20-18.06.57:161][207]AnimBlueprint:Warning: Warning SLOTNODE: 'RootMotion' in animation instance class Brad_Anim_BP_C already exists. Remove duplicates from the animation graph for this class.
[2017.06.20-18.06.57:163][207]PIE: Info Play in editor start time for /Game/SkaGameAssets/Levels/UEDPIE_0_MainMenu -0.633
[2017.06.20-18.06.57:163][207]LogBlueprintUserMessages: Late PlayInEditor Detection: Level '/Game/SkaGameAssets/Levels/MainMenu.MainMenu:PersistentLevel' has LevelScriptBlueprint '/Game/SkaGameAssets/Levels/MainMenu.MainMenu:PersistentLevel.MainMenu' with GeneratedClass '/Game/SkaGameAssets/Levels/MainMenu.MainMenu_C' with ClassGeneratedBy '/Game/SkaGameAssets/Levels/MainMenu.MainMenu:PersistentLevel.MainMenu'
[2017.06.20-18.06.57:878][282]LogNet: Browse: /Game/SkaGameAssets/Levels/Graveyard_Test
[2017.06.20-18.06.57:878][282]LogLoadingSplash: Loading begins
[2017.06.20-18.06.57:878][282]LogHMD: FOculusRiftSplash::PushBlackFrame
[2017.06.20-18.06.57:878][282]LogHMD: FOculusRiftSplash::Show
[2017.06.20-18.06.57:878][282]LogLoad: LoadMap: /Game/SkaGameAssets/Levels/Graveyard_Test
[2017.06.20-18.06.57:891][282]Cmd: MEM
[2017.06.20-18.06.57:903][282]LogMemory: Platform Memory Stats for Windows
[2017.06.20-18.06.57:903][282]LogMemory: Process Physical Memory: 1137.35 MB used, 1311.16 MB peak
[2017.06.20-18.06.57:903][282]LogMemory: Process Virtual Memory: 1509.24 MB used, 1772.16 MB peak
[2017.06.20-18.06.57:903][282]LogMemory: Physical Memory: 6682.85 MB used,  26027.17 MB free, 32710.02 MB total
[2017.06.20-18.06.57:903][282]LogMemory: Virtual Memory: 2279.25 MB used,  26027.17 MB free, 134217728.00 MB total
[2017.06.20-18.06.57:903][282]LogMemory: 
[2017.06.20-18.06.57:903][282]Allocator Stats for TBB: (not implemented)
[2017.06.20-18.06.58:482][282]LogStats: FPlatformStackWalk::StackWalkAndDump -  0.043 s
[2017.06.20-18.06.58:482][282]LogOutputDevice:Error: === Handled ensure: ===
[2017.06.20-18.06.58:482][282]LogOutputDevice:Error: 
[2017.06.20-18.06.58:482][282]LogOutputDevice:Error: Ensure condition failed: IsObjectValidForDatabase(AssetObject) [File:D:\Build\++UE4+Release-4.15+Compile\Sync\Engine\Source\Editor\BlueprintGraph\Private\BlueprintActionDatabase.cpp] [Line: 1282]
[2017.06.20-18.06.58:482][282]LogOutputDevice:Error: 
[2017.06.20-18.06.58:482][282]LogOutputDevice:Error: Stack: 
[2017.06.20-18.06.58:482][282]LogOutputDevice:Error: UE4Editor-Core.dll!0x00000000999F95E6
[2017.06.20-18.06.58:482][282]LogOutputDevice:Error: UE4Editor-Core.dll!0x00000000997A9B82
[2017.06.20-18.06.58:482][282]LogOutputDevice:Error: UE4Editor-Core.dll!0x00000000997BB666
[2017.06.20-18.06.58:482][282]LogOutputDevice:Error: UE4Editor-BlueprintGraph.dll!0x00000000931DB7A7
[2017.06.20-18.06.58:482][282]LogOutputDevice:Error: UE4Editor-BlueprintGraph.dll!0x00000000931ABFCD
[2017.06.20-18.06.58:482][282]LogOutputDevice:Error: UE4Editor-CoreUObject.dll!0x0000000099F30DFA
[2017.06.20-18.06.58:482][282]LogOutputDevice:Error: UE4Editor-CoreUObject.dll!0x000000009A16158A
[2017.06.20-18.06.58:482][282]LogOutputDevice:Error: UE4Editor-CoreUObject.dll!0x000000009A174DC0
[2017.06.20-18.06.58:482][282]LogOutputDevice:Error: UE4Editor-CoreUObject.dll!0x000000009A1742B7
[2017.06.20-18.06.58:482][282]LogOutputDevice:Error: UE4Editor-Engine.dll!0x000000009729892D
[2017.06.20-18.06.58:482][282]LogOutputDevice:Error: UE4Editor-Engine.dll!0x000000009724E0AE
[2017.06.20-18.06.58:482][282]LogOutputDevice:Error: UE4Editor-Engine.dll!0x00000000972BC8B0
[2017.06.20-18.06.58:482][282]LogOutputDevice:Error: UE4Editor-UnrealEd.dll!0x00000000946F637F
[2017.06.20-18.06.58:482][282]LogOutputDevice:Error: UE4Editor-UnrealEd.dll!0x0000000094F02196
[2017.06.20-18.06.58:482][282]LogOutputDevice:Error: UE4Editor.exe!0x00000000FE4EDEE3
[2017.06.20-18.06.58:482][282]LogOutputDevice:Error: UE4Editor.exe!0x00000000FE4DEB40
[2017.06.20-18.06.58:482][282]LogOutputDevice:Error: UE4Editor.exe!0x00000000FE4DEBBA
[2017.06.20-18.06.58:482][282]LogOutputDevice:Error: UE4Editor.exe!0x00000000FE4F0A29
[2017.06.20-18.06.58:483][282]LogOutputDevice:Error: UE4Editor.exe!0x00000000FE4F22B6
[2017.06.20-18.06.58:483][282]LogOutputDevice:Error: KERNEL32.DLL!0x00000000CF7A8364
[2017.06.20-18.06.58:483][282]LogOutputDevice:Error: ntdll.dll!0x00000000D06D70D1
[2017.06.20-18.06.58:483][282]LogOutputDevice:Error: 
[2017.06.20-18.06.58:492][282]LogStats:                SubmitErrorReport -  0.000 s
